2024-08-08T09:26:24,935 [main] INFO  a.f.a.t.Tool$ - # APALACHE version: 0.44.11 | build: 5dee24e
2024-08-08T09:26:24,944 [main] INFO  a.f.a.t.t.o.ServerCmd - Starting server on port 8822...
2024-08-08T09:26:28,607 [zio-default-async-5] INFO  a.f.a.i.p.PassChainExecutor$ - PASS #0: SanyParser
2024-08-08T09:26:29,509 [zio-default-async-5] DEBUG a.f.a.i.p.PassChainExecutor$ - PASS #0: SanyParser [OK]
2024-08-08T09:26:29,510 [zio-default-async-5] INFO  a.f.a.i.p.PassChainExecutor$ - PASS #1: TypeCheckerSnowcat
2024-08-08T09:26:29,510 [zio-default-async-5] INFO  a.f.a.t.p.t.EtcTypeCheckerPassImpl -  > Running Snowcat .::.
2024-08-08T09:26:29,850 [zio-default-async-5] INFO  a.f.a.t.p.t.EtcTypeCheckerPassImpl -  > Your types are purrfect!
2024-08-08T09:26:29,850 [zio-default-async-5] INFO  a.f.a.t.p.t.EtcTypeCheckerPassImpl -  > All expressions are typed
2024-08-08T09:26:29,850 [zio-default-async-5] DEBUG a.f.a.i.p.PassChainExecutor$ - PASS #1: TypeCheckerSnowcat [OK]
2024-08-08T09:26:29,851 [zio-default-async-5] INFO  a.f.a.i.p.PassChainExecutor$ - PASS #2: ConfigurationPass
2024-08-08T09:26:29,854 [zio-default-async-5] INFO  a.f.a.t.p.p.ConfigurationPassImpl -   > Set the initialization predicate to q::init
2024-08-08T09:26:29,855 [zio-default-async-5] INFO  a.f.a.t.p.p.ConfigurationPassImpl -   > Set the transition predicate to q::step
2024-08-08T09:26:29,860 [zio-default-async-5] DEBUG a.f.a.i.p.PassChainExecutor$ - PASS #2: ConfigurationPass [OK]
2024-08-08T09:26:29,861 [zio-default-async-5] INFO  a.f.a.i.p.PassChainExecutor$ - PASS #3: DesugarerPass
2024-08-08T09:26:29,861 [zio-default-async-5] INFO  a.f.a.t.p.p.DesugarerPassImpl -   > Desugaring...
2024-08-08T09:26:29,874 [zio-default-async-5] DEBUG a.f.a.i.p.PassChainExecutor$ - PASS #3: DesugarerPass [OK]
2024-08-08T09:26:29,874 [zio-default-async-5] INFO  a.f.a.i.p.PassChainExecutor$ - PASS #4: InlinePass
2024-08-08T09:26:29,875 [zio-default-async-5] INFO  a.f.a.t.p.p.InlinePassImpl - Leaving only relevant operators: CInitPrimed, q::init, q::initPrimed, q::step
2024-08-08T09:26:29,918 [zio-default-async-5] DEBUG a.f.a.i.p.PassChainExecutor$ - PASS #4: InlinePass [OK]
2024-08-08T09:26:29,918 [zio-default-async-5] INFO  a.f.a.i.p.PassChainExecutor$ - PASS #5: TemporalPass
2024-08-08T09:26:29,918 [zio-default-async-5] INFO  a.f.a.t.p.p.TemporalPassImpl -   > Rewriting temporal operators...
2024-08-08T09:26:29,919 [zio-default-async-5] INFO  a.f.a.t.p.p.TemporalPassImpl -   > No temporal property specified, nothing to encode
2024-08-08T09:26:29,919 [zio-default-async-5] DEBUG a.f.a.i.p.PassChainExecutor$ - PASS #5: TemporalPass [OK]
2024-08-08T09:26:29,919 [zio-default-async-5] INFO  a.f.a.i.p.PassChainExecutor$ - PASS #6: InlinePass
2024-08-08T09:26:29,919 [zio-default-async-5] INFO  a.f.a.t.p.p.InlinePassImpl - Leaving only relevant operators: CInitPrimed, q::init, q::initPrimed, q::step
2024-08-08T09:26:29,927 [zio-default-async-5] DEBUG a.f.a.i.p.PassChainExecutor$ - PASS #6: InlinePass [OK]
2024-08-08T09:26:29,927 [zio-default-async-5] INFO  a.f.a.i.p.PassChainExecutor$ - PASS #7: PrimingPass
2024-08-08T09:26:29,930 [zio-default-async-5] INFO  a.f.a.t.p.a.PrimingPassImpl -   > Introducing q::initPrimed for q::init'
2024-08-08T09:26:29,931 [zio-default-async-5] DEBUG a.f.a.i.p.PassChainExecutor$ - PASS #7: PrimingPass [OK]
2024-08-08T09:26:29,932 [zio-default-async-5] INFO  a.f.a.i.p.PassChainExecutor$ - PASS #8: VCGen
2024-08-08T09:26:29,932 [zio-default-async-5] INFO  a.f.a.t.b.p.VCGenPassImpl -   > No invariant given. Only deadlocks will be checked
2024-08-08T09:26:29,932 [zio-default-async-5] DEBUG a.f.a.i.p.PassChainExecutor$ - PASS #8: VCGen [OK]
2024-08-08T09:26:29,932 [zio-default-async-5] INFO  a.f.a.i.p.PassChainExecutor$ - PASS #9: PreprocessingPass
2024-08-08T09:26:29,932 [zio-default-async-5] INFO  a.f.a.t.p.p.PreproPassImpl -   > Before preprocessing: unique renaming
2024-08-08T09:26:29,942 [zio-default-async-5] INFO  a.f.a.t.p.p.PreproPassImpl -  > Applying standard transformations:
2024-08-08T09:26:29,943 [zio-default-async-5] INFO  a.f.a.t.p.p.PreproPassImpl -   > PrimePropagation
2024-08-08T09:26:29,945 [zio-default-async-5] INFO  a.f.a.t.p.p.PreproPassImpl -   > Desugarer
2024-08-08T09:26:29,948 [zio-default-async-5] INFO  a.f.a.t.p.p.PreproPassImpl -   > UniqueRenamer
2024-08-08T09:26:29,953 [zio-default-async-5] INFO  a.f.a.t.p.p.PreproPassImpl -   > Normalizer
2024-08-08T09:26:29,958 [zio-default-async-5] INFO  a.f.a.t.p.p.PreproPassImpl -   > Keramelizer
2024-08-08T09:26:29,965 [zio-default-async-5] INFO  a.f.a.t.p.p.PreproPassImpl -   > After preprocessing: UniqueRenamer
2024-08-08T09:26:29,973 [zio-default-async-5] DEBUG a.f.a.i.p.PassChainExecutor$ - PASS #9: PreprocessingPass [OK]
2024-08-08T09:26:29,973 [zio-default-async-5] INFO  a.f.a.i.p.PassChainExecutor$ - PASS #10: TransitionFinderPass
2024-08-08T09:26:29,989 [zio-default-async-5] INFO  a.f.a.t.p.a.TransitionPassImpl -   > Found 1 initializing transitions
2024-08-08T09:26:30,005 [zio-default-async-5] INFO  a.f.a.t.p.a.TransitionPassImpl -   > Found 3 transitions
2024-08-08T09:26:30,006 [zio-default-async-5] INFO  a.f.a.t.p.a.TransitionPassImpl -   > No constant initializer
2024-08-08T09:26:30,008 [zio-default-async-5] INFO  a.f.a.t.p.a.TransitionPassImpl -   > Applying unique renaming
2024-08-08T09:26:30,012 [zio-default-async-5] DEBUG a.f.a.i.p.PassChainExecutor$ - PASS #10: TransitionFinderPass [OK]
2024-08-08T09:26:30,013 [zio-default-async-5] INFO  a.f.a.i.p.PassChainExecutor$ - PASS #11: OptimizationPass
2024-08-08T09:26:30,023 [zio-default-async-5] INFO  a.f.a.t.p.p.OptPassImpl -  > Applying optimizations:
2024-08-08T09:26:30,024 [zio-default-async-5] INFO  a.f.a.t.p.p.OptPassImpl -   > ConstSimplifier
2024-08-08T09:26:30,029 [zio-default-async-5] INFO  a.f.a.t.p.p.OptPassImpl -   > ExprOptimizer
2024-08-08T09:26:30,032 [zio-default-async-5] INFO  a.f.a.t.p.p.OptPassImpl -   > SetMembershipSimplifier
2024-08-08T09:26:30,034 [zio-default-async-5] INFO  a.f.a.t.p.p.OptPassImpl -   > ConstSimplifier
2024-08-08T09:26:30,038 [zio-default-async-5] DEBUG a.f.a.i.p.PassChainExecutor$ - PASS #11: OptimizationPass [OK]
2024-08-08T09:26:30,038 [zio-default-async-5] INFO  a.f.a.i.p.PassChainExecutor$ - PASS #12: AnalysisPass
2024-08-08T09:26:30,043 [zio-default-async-5] INFO  a.f.a.t.b.p.AnalysisPassImpl -  > Marking skolemizable existentials and sets to be expanded...
2024-08-08T09:26:30,045 [zio-default-async-5] INFO  a.f.a.t.b.p.AnalysisPassImpl -   > Skolemization
2024-08-08T09:26:30,046 [zio-default-async-5] INFO  a.f.a.t.b.p.AnalysisPassImpl -   > Expansion
2024-08-08T09:26:30,052 [zio-default-async-5] INFO  a.f.a.t.b.p.AnalysisPassImpl -   > Remove unused let-in defs
2024-08-08T09:26:30,059 [zio-default-async-5] INFO  a.f.a.t.b.p.AnalysisPassImpl -  > Running analyzers...
2024-08-08T09:26:30,064 [zio-default-async-5] INFO  a.f.a.t.b.p.AnalysisPassImpl -   > Introduced expression grades
2024-08-08T09:26:30,064 [zio-default-async-5] DEBUG a.f.a.i.p.PassChainExecutor$ - PASS #12: AnalysisPass [OK]
2024-08-08T09:26:30,064 [zio-default-async-5] INFO  a.f.a.i.p.PassChainExecutor$ - PASS #13: BoundedChecker
2024-08-08T09:26:30,084 [zio-default-async-5] DEBUG a.f.a.t.b.s.Z3SolverContext - Creating Z3 solver context 0
2024-08-08T09:26:31,657 [zio-default-async-5] DEBUG a.f.a.t.b.t.TransitionExecutorImpl - Step #0, transition #0
2024-08-08T09:26:31,657 [zio-default-async-5] DEBUG a.f.a.t.b.t.TransitionExecutorImpl - Translating to SMT
2024-08-08T09:26:31,786 [zio-default-async-5] DEBUG a.f.a.t.b.SeqModelChecker - Step 0: Transition #0. Is it enabled?
2024-08-08T09:26:31,791 [zio-default-async-5] DEBUG a.f.a.t.b.SeqModelChecker - Step 0: Transition #0 is enabled
2024-08-08T09:26:31,800 [zio-default-async-5] INFO  a.f.a.t.b.t.TransitionExecutorImpl - Step 0: picking a transition out of 1 transition(s)
2024-08-08T09:26:31,805 [zio-default-async-5] DEBUG a.f.a.t.b.t.TransitionExecutorImpl - Step #1, transition #0
2024-08-08T09:26:31,806 [zio-default-async-5] DEBUG a.f.a.t.b.t.TransitionExecutorImpl - Translating to SMT
2024-08-08T09:26:31,912 [zio-default-async-5] DEBUG a.f.a.t.b.SeqModelChecker - Step 1: Transition #0. Is it enabled?
2024-08-08T09:26:31,914 [zio-default-async-5] DEBUG a.f.a.t.b.SeqModelChecker - Step 1: Transition #0 is enabled
2024-08-08T09:26:31,916 [zio-default-async-5] DEBUG a.f.a.t.b.t.TransitionExecutorImpl - Step #1, transition #1
2024-08-08T09:26:31,916 [zio-default-async-5] DEBUG a.f.a.t.b.t.TransitionExecutorImpl - Translating to SMT
2024-08-08T09:26:31,944 [zio-default-async-5] DEBUG a.f.a.t.b.SeqModelChecker - Step 1: Transition #1. Is it enabled?
2024-08-08T09:26:31,945 [zio-default-async-5] DEBUG a.f.a.t.b.SeqModelChecker - Step 1: Transition #1 is enabled
2024-08-08T09:26:31,946 [zio-default-async-5] DEBUG a.f.a.t.b.t.TransitionExecutorImpl - Step #1, transition #2
2024-08-08T09:26:31,946 [zio-default-async-5] DEBUG a.f.a.t.b.t.TransitionExecutorImpl - Translating to SMT
2024-08-08T09:26:32,062 [zio-default-async-5] DEBUG a.f.a.t.b.SeqModelChecker - Step 1: Transition #2. Is it enabled?
2024-08-08T09:26:32,069 [zio-default-async-5] DEBUG a.f.a.t.b.SeqModelChecker - Step 1: Transition #2 is enabled
2024-08-08T09:26:32,072 [zio-default-async-5] INFO  a.f.a.t.b.t.TransitionExecutorImpl - Step 1: picking a transition out of 3 transition(s)
2024-08-08T09:26:32,144 [zio-default-async-5] DEBUG a.f.a.t.b.t.TransitionExecutorImpl - Step #2, transition #0
2024-08-08T09:26:32,144 [zio-default-async-5] DEBUG a.f.a.t.b.t.TransitionExecutorImpl - Translating to SMT
2024-08-08T09:26:32,230 [zio-default-async-5] DEBUG a.f.a.t.b.SeqModelChecker - Step 2: Transition #0. Is it enabled?
2024-08-08T09:26:32,235 [zio-default-async-5] DEBUG a.f.a.t.b.SeqModelChecker - Step 2: Transition #0 is enabled
2024-08-08T09:26:32,237 [zio-default-async-5] DEBUG a.f.a.t.b.t.TransitionExecutorImpl - Step #2, transition #1
2024-08-08T09:26:32,237 [zio-default-async-5] DEBUG a.f.a.t.b.t.TransitionExecutorImpl - Translating to SMT
2024-08-08T09:26:32,264 [zio-default-async-5] DEBUG a.f.a.t.b.SeqModelChecker - Step 2: Transition #1. Is it enabled?
2024-08-08T09:26:32,267 [zio-default-async-5] DEBUG a.f.a.t.b.SeqModelChecker - Step 2: Transition #1 is enabled
2024-08-08T09:26:32,269 [zio-default-async-5] DEBUG a.f.a.t.b.t.TransitionExecutorImpl - Step #2, transition #2
2024-08-08T09:26:32,269 [zio-default-async-5] DEBUG a.f.a.t.b.t.TransitionExecutorImpl - Translating to SMT
2024-08-08T09:26:32,358 [zio-default-async-5] DEBUG a.f.a.t.b.SeqModelChecker - Step 2: Transition #2. Is it enabled?
2024-08-08T09:26:32,364 [zio-default-async-5] DEBUG a.f.a.t.b.SeqModelChecker - Step 2: Transition #2 is enabled
2024-08-08T09:26:32,366 [zio-default-async-5] INFO  a.f.a.t.b.t.TransitionExecutorImpl - Step 2: picking a transition out of 3 transition(s)
2024-08-08T09:26:32,399 [zio-default-async-5] DEBUG a.f.a.t.b.t.TransitionExecutorImpl - Step #3, transition #0
2024-08-08T09:26:32,399 [zio-default-async-5] DEBUG a.f.a.t.b.t.TransitionExecutorImpl - Translating to SMT
2024-08-08T09:26:32,443 [zio-default-async-5] DEBUG a.f.a.t.b.SeqModelChecker - Step 3: Transition #0. Is it enabled?
2024-08-08T09:26:32,450 [zio-default-async-5] DEBUG a.f.a.t.b.SeqModelChecker - Step 3: Transition #0 is enabled
2024-08-08T09:26:32,452 [zio-default-async-5] DEBUG a.f.a.t.b.t.TransitionExecutorImpl - Step #3, transition #1
2024-08-08T09:26:32,453 [zio-default-async-5] DEBUG a.f.a.t.b.t.TransitionExecutorImpl - Translating to SMT
2024-08-08T09:26:32,474 [zio-default-async-5] DEBUG a.f.a.t.b.SeqModelChecker - Step 3: Transition #1. Is it enabled?
2024-08-08T09:26:32,479 [zio-default-async-5] DEBUG a.f.a.t.b.SeqModelChecker - Step 3: Transition #1 is enabled
2024-08-08T09:26:32,482 [zio-default-async-5] DEBUG a.f.a.t.b.t.TransitionExecutorImpl - Step #3, transition #2
2024-08-08T09:26:32,483 [zio-default-async-5] DEBUG a.f.a.t.b.t.TransitionExecutorImpl - Translating to SMT
2024-08-08T09:26:32,588 [zio-default-async-5] DEBUG a.f.a.t.b.SeqModelChecker - Step 3: Transition #2. Is it enabled?
2024-08-08T09:26:32,594 [zio-default-async-5] DEBUG a.f.a.t.b.SeqModelChecker - Step 3: Transition #2 is enabled
2024-08-08T09:26:32,596 [zio-default-async-5] INFO  a.f.a.t.b.t.TransitionExecutorImpl - Step 3: picking a transition out of 3 transition(s)
2024-08-08T09:26:32,620 [zio-default-async-5] DEBUG a.f.a.t.b.s.Z3SolverContext - Disposing Z3 solver context 0
2024-08-08T09:26:32,633 [zio-default-async-5] INFO  a.f.a.t.b.p.BoundedCheckerPassImpl - The outcome is: NoError
2024-08-08T09:26:32,634 [zio-default-async-5] DEBUG a.f.a.i.p.PassChainExecutor$ - PASS #13: BoundedChecker [OK]
