2024-08-08T13:28:49,851 [main] INFO  a.f.a.t.Tool$ - # APALACHE version: 0.44.11 | build: 5dee24e
2024-08-08T13:28:49,886 [main] INFO  a.f.a.t.t.o.ServerCmd - Starting server on port 8822...
2024-08-08T13:28:56,005 [zio-default-async-13] INFO  a.f.a.i.p.PassChainExecutor$ - PASS #0: SanyParser
2024-08-08T13:28:56,006 [zio-default-async-12] INFO  a.f.a.i.p.PassChainExecutor$ - PASS #0: SanyParser
2024-08-08T13:28:56,006 [zio-default-async-11] INFO  a.f.a.i.p.PassChainExecutor$ - PASS #0: SanyParser
2024-08-08T13:28:56,803 [zio-default-async-17] INFO  a.f.a.i.p.PassChainExecutor$ - PASS #0: SanyParser
2024-08-08T13:28:57,102 [zio-default-async-12] DEBUG a.f.a.i.p.PassChainExecutor$ - PASS #0: SanyParser [OK]
2024-08-08T13:28:57,102 [zio-default-async-12] INFO  a.f.a.i.p.PassChainExecutor$ - PASS #1: TypeCheckerSnowcat
2024-08-08T13:28:57,103 [zio-default-async-12] INFO  a.f.a.t.p.t.EtcTypeCheckerPassImpl -  > Running Snowcat .::.
2024-08-08T13:28:57,127 [zio-default-async-17] DEBUG a.f.a.i.p.PassChainExecutor$ - PASS #0: SanyParser [OK]
2024-08-08T13:28:57,127 [zio-default-async-17] INFO  a.f.a.i.p.PassChainExecutor$ - PASS #1: TypeCheckerSnowcat
2024-08-08T13:28:57,128 [zio-default-async-17] INFO  a.f.a.t.p.t.EtcTypeCheckerPassImpl -  > Running Snowcat .::.
2024-08-08T13:28:57,176 [zio-default-async-11] DEBUG a.f.a.i.p.PassChainExecutor$ - PASS #0: SanyParser [OK]
2024-08-08T13:28:57,176 [zio-default-async-11] INFO  a.f.a.i.p.PassChainExecutor$ - PASS #1: TypeCheckerSnowcat
2024-08-08T13:28:57,176 [zio-default-async-11] INFO  a.f.a.t.p.t.EtcTypeCheckerPassImpl -  > Running Snowcat .::.
2024-08-08T13:28:57,251 [zio-default-async-13] DEBUG a.f.a.i.p.PassChainExecutor$ - PASS #0: SanyParser [OK]
2024-08-08T13:28:57,251 [zio-default-async-13] INFO  a.f.a.i.p.PassChainExecutor$ - PASS #1: TypeCheckerSnowcat
2024-08-08T13:28:57,252 [zio-default-async-13] INFO  a.f.a.t.p.t.EtcTypeCheckerPassImpl -  > Running Snowcat .::.
2024-08-08T13:28:57,576 [zio-default-async-21] INFO  a.f.a.i.p.PassChainExecutor$ - PASS #0: SanyParser
2024-08-08T13:28:57,645 [zio-default-async-25] INFO  a.f.a.i.p.PassChainExecutor$ - PASS #0: SanyParser
2024-08-08T13:28:57,684 [zio-default-async-21] DEBUG a.f.a.i.p.PassChainExecutor$ - PASS #0: SanyParser [OK]
2024-08-08T13:28:57,684 [zio-default-async-21] INFO  a.f.a.i.p.PassChainExecutor$ - PASS #1: TypeCheckerSnowcat
2024-08-08T13:28:57,685 [zio-default-async-21] INFO  a.f.a.t.p.t.EtcTypeCheckerPassImpl -  > Running Snowcat .::.
2024-08-08T13:28:57,759 [zio-default-async-25] DEBUG a.f.a.i.p.PassChainExecutor$ - PASS #0: SanyParser [OK]
2024-08-08T13:28:57,760 [zio-default-async-25] INFO  a.f.a.i.p.PassChainExecutor$ - PASS #1: TypeCheckerSnowcat
2024-08-08T13:28:57,760 [zio-default-async-25] INFO  a.f.a.t.p.t.EtcTypeCheckerPassImpl -  > Running Snowcat .::.
2024-08-08T13:28:58,435 [zio-default-async-17] INFO  a.f.a.t.p.t.EtcTypeCheckerPassImpl -  > Your types are purrfect!
2024-08-08T13:28:58,436 [zio-default-async-17] INFO  a.f.a.t.p.t.EtcTypeCheckerPassImpl -  > All expressions are typed
2024-08-08T13:28:58,437 [zio-default-async-17] DEBUG a.f.a.i.p.PassChainExecutor$ - PASS #1: TypeCheckerSnowcat [OK]
2024-08-08T13:28:58,437 [zio-default-async-17] INFO  a.f.a.i.p.PassChainExecutor$ - PASS #2: ConfigurationPass
2024-08-08T13:28:58,456 [zio-default-async-17] INFO  a.f.a.t.p.p.ConfigurationPassImpl -   > Set the initialization predicate to q::init
2024-08-08T13:28:58,457 [zio-default-async-17] INFO  a.f.a.t.p.p.ConfigurationPassImpl -   > Set the transition predicate to q::step
2024-08-08T13:28:58,466 [zio-default-async-17] DEBUG a.f.a.i.p.PassChainExecutor$ - PASS #2: ConfigurationPass [OK]
2024-08-08T13:28:58,466 [zio-default-async-17] INFO  a.f.a.i.p.PassChainExecutor$ - PASS #3: DesugarerPass
2024-08-08T13:28:58,466 [zio-default-async-17] INFO  a.f.a.t.p.p.DesugarerPassImpl -   > Desugaring...
2024-08-08T13:28:58,516 [zio-default-async-17] DEBUG a.f.a.i.p.PassChainExecutor$ - PASS #3: DesugarerPass [OK]
2024-08-08T13:28:58,516 [zio-default-async-17] INFO  a.f.a.i.p.PassChainExecutor$ - PASS #4: InlinePass
2024-08-08T13:28:58,517 [zio-default-async-17] INFO  a.f.a.t.p.p.InlinePassImpl - Leaving only relevant operators: CInitPrimed, q::init, q::initPrimed, q::step
2024-08-08T13:28:58,545 [zio-default-async-12] INFO  a.f.a.t.p.t.EtcTypeCheckerPassImpl -  > Your types are purrfect!
2024-08-08T13:28:58,546 [zio-default-async-12] INFO  a.f.a.t.p.t.EtcTypeCheckerPassImpl -  > All expressions are typed
2024-08-08T13:28:58,547 [zio-default-async-12] DEBUG a.f.a.i.p.PassChainExecutor$ - PASS #1: TypeCheckerSnowcat [OK]
2024-08-08T13:28:58,547 [zio-default-async-12] INFO  a.f.a.i.p.PassChainExecutor$ - PASS #2: ConfigurationPass
2024-08-08T13:28:58,547 [zio-default-async-12] INFO  a.f.a.t.p.p.ConfigurationPassImpl -   > Set the initialization predicate to q::init
2024-08-08T13:28:58,548 [zio-default-async-12] INFO  a.f.a.t.p.p.ConfigurationPassImpl -   > Set the transition predicate to q::step
2024-08-08T13:28:58,551 [zio-default-async-12] DEBUG a.f.a.i.p.PassChainExecutor$ - PASS #2: ConfigurationPass [OK]
2024-08-08T13:28:58,551 [zio-default-async-12] INFO  a.f.a.i.p.PassChainExecutor$ - PASS #3: DesugarerPass
2024-08-08T13:28:58,552 [zio-default-async-12] INFO  a.f.a.t.p.p.DesugarerPassImpl -   > Desugaring...
2024-08-08T13:28:58,560 [zio-default-async-12] DEBUG a.f.a.i.p.PassChainExecutor$ - PASS #3: DesugarerPass [OK]
2024-08-08T13:28:58,560 [zio-default-async-12] INFO  a.f.a.i.p.PassChainExecutor$ - PASS #4: InlinePass
2024-08-08T13:28:58,561 [zio-default-async-12] INFO  a.f.a.t.p.p.InlinePassImpl - Leaving only relevant operators: CInitPrimed, q::init, q::initPrimed, q::step
2024-08-08T13:28:58,600 [zio-default-async-12] DEBUG a.f.a.i.p.PassChainExecutor$ - PASS #4: InlinePass [OK]
2024-08-08T13:28:58,600 [zio-default-async-12] INFO  a.f.a.i.p.PassChainExecutor$ - PASS #5: TemporalPass
2024-08-08T13:28:58,604 [zio-default-async-12] INFO  a.f.a.t.p.p.TemporalPassImpl -   > Rewriting temporal operators...
2024-08-08T13:28:58,604 [zio-default-async-12] INFO  a.f.a.t.p.p.TemporalPassImpl -   > No temporal property specified, nothing to encode
2024-08-08T13:28:58,605 [zio-default-async-12] DEBUG a.f.a.i.p.PassChainExecutor$ - PASS #5: TemporalPass [OK]
2024-08-08T13:28:58,605 [zio-default-async-12] INFO  a.f.a.i.p.PassChainExecutor$ - PASS #6: InlinePass
2024-08-08T13:28:58,605 [zio-default-async-12] INFO  a.f.a.t.p.p.InlinePassImpl - Leaving only relevant operators: CInitPrimed, q::init, q::initPrimed, q::step
2024-08-08T13:28:58,613 [zio-default-async-12] DEBUG a.f.a.i.p.PassChainExecutor$ - PASS #6: InlinePass [OK]
2024-08-08T13:28:58,613 [zio-default-async-12] INFO  a.f.a.i.p.PassChainExecutor$ - PASS #7: PrimingPass
2024-08-08T13:28:58,617 [zio-default-async-12] INFO  a.f.a.t.p.a.PrimingPassImpl -   > Introducing q::initPrimed for q::init'
2024-08-08T13:28:58,618 [zio-default-async-12] DEBUG a.f.a.i.p.PassChainExecutor$ - PASS #7: PrimingPass [OK]
2024-08-08T13:28:58,619 [zio-default-async-12] INFO  a.f.a.i.p.PassChainExecutor$ - PASS #8: VCGen
2024-08-08T13:28:58,619 [zio-default-async-12] INFO  a.f.a.t.b.p.VCGenPassImpl -   > No invariant given. Only deadlocks will be checked
2024-08-08T13:28:58,619 [zio-default-async-12] DEBUG a.f.a.i.p.PassChainExecutor$ - PASS #8: VCGen [OK]
2024-08-08T13:28:58,620 [zio-default-async-12] INFO  a.f.a.i.p.PassChainExecutor$ - PASS #9: PreprocessingPass
2024-08-08T13:28:58,620 [zio-default-async-12] INFO  a.f.a.t.p.p.PreproPassImpl -   > Before preprocessing: unique renaming
2024-08-08T13:28:58,659 [zio-default-async-12] INFO  a.f.a.t.p.p.PreproPassImpl -  > Applying standard transformations:
2024-08-08T13:28:58,660 [zio-default-async-12] INFO  a.f.a.t.p.p.PreproPassImpl -   > PrimePropagation
2024-08-08T13:28:58,662 [zio-default-async-12] INFO  a.f.a.t.p.p.PreproPassImpl -   > Desugarer
2024-08-08T13:28:58,664 [zio-default-async-12] INFO  a.f.a.t.p.p.PreproPassImpl -   > UniqueRenamer
2024-08-08T13:28:58,669 [zio-default-async-12] INFO  a.f.a.t.p.p.PreproPassImpl -   > Normalizer
2024-08-08T13:28:58,668 [zio-default-async-17] DEBUG a.f.a.i.p.PassChainExecutor$ - PASS #4: InlinePass [OK]
2024-08-08T13:28:58,670 [zio-default-async-17] INFO  a.f.a.i.p.PassChainExecutor$ - PASS #5: TemporalPass
2024-08-08T13:28:58,670 [zio-default-async-17] INFO  a.f.a.t.p.p.TemporalPassImpl -   > Rewriting temporal operators...
2024-08-08T13:28:58,670 [zio-default-async-17] INFO  a.f.a.t.p.p.TemporalPassImpl -   > No temporal property specified, nothing to encode
2024-08-08T13:28:58,670 [zio-default-async-17] DEBUG a.f.a.i.p.PassChainExecutor$ - PASS #5: TemporalPass [OK]
2024-08-08T13:28:58,670 [zio-default-async-17] INFO  a.f.a.i.p.PassChainExecutor$ - PASS #6: InlinePass
2024-08-08T13:28:58,671 [zio-default-async-17] INFO  a.f.a.t.p.p.InlinePassImpl - Leaving only relevant operators: CInitPrimed, q::init, q::initPrimed, q::step
2024-08-08T13:28:58,679 [zio-default-async-12] INFO  a.f.a.t.p.p.PreproPassImpl -   > Keramelizer
2024-08-08T13:28:58,689 [zio-default-async-17] DEBUG a.f.a.i.p.PassChainExecutor$ - PASS #6: InlinePass [OK]
2024-08-08T13:28:58,689 [zio-default-async-17] INFO  a.f.a.i.p.PassChainExecutor$ - PASS #7: PrimingPass
2024-08-08T13:28:58,689 [zio-default-async-17] INFO  a.f.a.t.p.a.PrimingPassImpl -   > Introducing q::initPrimed for q::init'
2024-08-08T13:28:58,690 [zio-default-async-17] DEBUG a.f.a.i.p.PassChainExecutor$ - PASS #7: PrimingPass [OK]
2024-08-08T13:28:58,690 [zio-default-async-17] INFO  a.f.a.i.p.PassChainExecutor$ - PASS #8: VCGen
2024-08-08T13:28:58,690 [zio-default-async-17] INFO  a.f.a.t.b.p.VCGenPassImpl -   > No invariant given. Only deadlocks will be checked
2024-08-08T13:28:58,690 [zio-default-async-17] DEBUG a.f.a.i.p.PassChainExecutor$ - PASS #8: VCGen [OK]
2024-08-08T13:28:58,690 [zio-default-async-17] INFO  a.f.a.i.p.PassChainExecutor$ - PASS #9: PreprocessingPass
2024-08-08T13:28:58,691 [zio-default-async-17] INFO  a.f.a.t.p.p.PreproPassImpl -   > Before preprocessing: unique renaming
2024-08-08T13:28:58,691 [zio-default-async-17] INFO  a.f.a.t.p.p.PreproPassImpl -  > Applying standard transformations:
2024-08-08T13:28:58,691 [zio-default-async-17] INFO  a.f.a.t.p.p.PreproPassImpl -   > PrimePropagation
2024-08-08T13:28:58,692 [zio-default-async-12] INFO  a.f.a.t.p.p.PreproPassImpl -   > After preprocessing: UniqueRenamer
2024-08-08T13:28:58,693 [zio-default-async-17] INFO  a.f.a.t.p.p.PreproPassImpl -   > Desugarer
2024-08-08T13:28:58,695 [zio-default-async-17] INFO  a.f.a.t.p.p.PreproPassImpl -   > UniqueRenamer
2024-08-08T13:28:58,708 [zio-default-async-17] INFO  a.f.a.t.p.p.PreproPassImpl -   > Normalizer
2024-08-08T13:28:58,712 [zio-default-async-17] INFO  a.f.a.t.p.p.PreproPassImpl -   > Keramelizer
2024-08-08T13:28:58,737 [zio-default-async-17] INFO  a.f.a.t.p.p.PreproPassImpl -   > After preprocessing: UniqueRenamer
2024-08-08T13:28:58,744 [zio-default-async-12] DEBUG a.f.a.i.p.PassChainExecutor$ - PASS #9: PreprocessingPass [OK]
2024-08-08T13:28:58,745 [zio-default-async-12] INFO  a.f.a.i.p.PassChainExecutor$ - PASS #10: TransitionFinderPass
2024-08-08T13:28:58,748 [zio-default-async-17] DEBUG a.f.a.i.p.PassChainExecutor$ - PASS #9: PreprocessingPass [OK]
2024-08-08T13:28:58,748 [zio-default-async-17] INFO  a.f.a.i.p.PassChainExecutor$ - PASS #10: TransitionFinderPass
2024-08-08T13:28:58,775 [zio-default-async-12] INFO  a.f.a.t.p.a.TransitionPassImpl -   > Found 1 initializing transitions
2024-08-08T13:28:58,775 [zio-default-async-17] INFO  a.f.a.t.p.a.TransitionPassImpl -   > Found 1 initializing transitions
2024-08-08T13:28:58,789 [zio-default-async-12] INFO  a.f.a.t.p.a.TransitionPassImpl -   > Found 4 transitions
2024-08-08T13:28:58,790 [zio-default-async-12] INFO  a.f.a.t.p.a.TransitionPassImpl -   > No constant initializer
2024-08-08T13:28:58,792 [zio-default-async-12] INFO  a.f.a.t.p.a.TransitionPassImpl -   > Applying unique renaming
2024-08-08T13:28:58,795 [zio-default-async-17] INFO  a.f.a.t.p.a.TransitionPassImpl -   > Found 6 transitions
2024-08-08T13:28:58,795 [zio-default-async-17] INFO  a.f.a.t.p.a.TransitionPassImpl -   > No constant initializer
2024-08-08T13:28:58,795 [zio-default-async-17] INFO  a.f.a.t.p.a.TransitionPassImpl -   > Applying unique renaming
2024-08-08T13:28:58,796 [zio-default-async-12] DEBUG a.f.a.i.p.PassChainExecutor$ - PASS #10: TransitionFinderPass [OK]
2024-08-08T13:28:58,797 [zio-default-async-12] INFO  a.f.a.i.p.PassChainExecutor$ - PASS #11: OptimizationPass
2024-08-08T13:28:58,812 [zio-default-async-17] DEBUG a.f.a.i.p.PassChainExecutor$ - PASS #10: TransitionFinderPass [OK]
2024-08-08T13:28:58,813 [zio-default-async-17] INFO  a.f.a.i.p.PassChainExecutor$ - PASS #11: OptimizationPass
2024-08-08T13:28:58,821 [zio-default-async-12] INFO  a.f.a.t.p.p.OptPassImpl -  > Applying optimizations:
2024-08-08T13:28:58,822 [zio-default-async-12] INFO  a.f.a.t.p.p.OptPassImpl -   > ConstSimplifier
2024-08-08T13:28:58,821 [zio-default-async-17] INFO  a.f.a.t.p.p.OptPassImpl -  > Applying optimizations:
2024-08-08T13:28:58,822 [zio-default-async-17] INFO  a.f.a.t.p.p.OptPassImpl -   > ConstSimplifier
2024-08-08T13:28:58,828 [zio-default-async-12] INFO  a.f.a.t.p.p.OptPassImpl -   > ExprOptimizer
2024-08-08T13:28:58,833 [zio-default-async-12] INFO  a.f.a.t.p.p.OptPassImpl -   > SetMembershipSimplifier
2024-08-08T13:28:58,833 [zio-default-async-17] INFO  a.f.a.t.p.p.OptPassImpl -   > ExprOptimizer
2024-08-08T13:28:58,837 [zio-default-async-17] INFO  a.f.a.t.p.p.OptPassImpl -   > SetMembershipSimplifier
2024-08-08T13:28:58,839 [zio-default-async-17] INFO  a.f.a.t.p.p.OptPassImpl -   > ConstSimplifier
2024-08-08T13:28:58,853 [zio-default-async-12] INFO  a.f.a.t.p.p.OptPassImpl -   > ConstSimplifier
2024-08-08T13:28:58,853 [zio-default-async-17] DEBUG a.f.a.i.p.PassChainExecutor$ - PASS #11: OptimizationPass [OK]
2024-08-08T13:28:58,854 [zio-default-async-17] INFO  a.f.a.i.p.PassChainExecutor$ - PASS #12: AnalysisPass
2024-08-08T13:28:58,857 [zio-default-async-12] DEBUG a.f.a.i.p.PassChainExecutor$ - PASS #11: OptimizationPass [OK]
2024-08-08T13:28:58,857 [zio-default-async-12] INFO  a.f.a.i.p.PassChainExecutor$ - PASS #12: AnalysisPass
2024-08-08T13:28:58,859 [zio-default-async-17] INFO  a.f.a.t.b.p.AnalysisPassImpl -  > Marking skolemizable existentials and sets to be expanded...
2024-08-08T13:28:58,860 [zio-default-async-17] INFO  a.f.a.t.b.p.AnalysisPassImpl -   > Skolemization
2024-08-08T13:28:58,861 [zio-default-async-12] INFO  a.f.a.t.b.p.AnalysisPassImpl -  > Marking skolemizable existentials and sets to be expanded...
2024-08-08T13:28:58,861 [zio-default-async-12] INFO  a.f.a.t.b.p.AnalysisPassImpl -   > Skolemization
2024-08-08T13:28:58,865 [zio-default-async-17] INFO  a.f.a.t.b.p.AnalysisPassImpl -   > Expansion
2024-08-08T13:28:58,866 [zio-default-async-12] INFO  a.f.a.t.b.p.AnalysisPassImpl -   > Expansion
2024-08-08T13:28:58,868 [zio-default-async-12] INFO  a.f.a.t.b.p.AnalysisPassImpl -   > Remove unused let-in defs
2024-08-08T13:28:58,869 [zio-default-async-17] INFO  a.f.a.t.b.p.AnalysisPassImpl -   > Remove unused let-in defs
2024-08-08T13:28:58,874 [zio-default-async-12] INFO  a.f.a.t.b.p.AnalysisPassImpl -  > Running analyzers...
2024-08-08T13:28:58,875 [zio-default-async-17] INFO  a.f.a.t.b.p.AnalysisPassImpl -  > Running analyzers...
2024-08-08T13:28:58,879 [zio-default-async-17] INFO  a.f.a.t.b.p.AnalysisPassImpl -   > Introduced expression grades
2024-08-08T13:28:58,879 [zio-default-async-17] DEBUG a.f.a.i.p.PassChainExecutor$ - PASS #12: AnalysisPass [OK]
2024-08-08T13:28:58,879 [zio-default-async-17] INFO  a.f.a.i.p.PassChainExecutor$ - PASS #13: BoundedChecker
2024-08-08T13:28:58,881 [zio-default-async-12] INFO  a.f.a.t.b.p.AnalysisPassImpl -   > Introduced expression grades
2024-08-08T13:28:58,881 [zio-default-async-12] DEBUG a.f.a.i.p.PassChainExecutor$ - PASS #12: AnalysisPass [OK]
2024-08-08T13:28:58,881 [zio-default-async-12] INFO  a.f.a.i.p.PassChainExecutor$ - PASS #13: BoundedChecker
2024-08-08T13:28:58,912 [zio-default-async-12] DEBUG a.f.a.t.b.s.Z3SolverContext - Creating Z3 solver context 0
2024-08-08T13:28:58,913 [zio-default-async-17] DEBUG a.f.a.t.b.s.Z3SolverContext - Creating Z3 solver context 1
2024-08-08T13:28:59,022 [zio-default-async-21] INFO  a.f.a.t.p.t.EtcTypeCheckerPassImpl -  > Your types are purrfect!
2024-08-08T13:28:59,022 [zio-default-async-21] INFO  a.f.a.t.p.t.EtcTypeCheckerPassImpl -  > All expressions are typed
2024-08-08T13:28:59,022 [zio-default-async-21] DEBUG a.f.a.i.p.PassChainExecutor$ - PASS #1: TypeCheckerSnowcat [OK]
2024-08-08T13:28:59,023 [zio-default-async-21] INFO  a.f.a.i.p.PassChainExecutor$ - PASS #2: ConfigurationPass
2024-08-08T13:28:59,023 [zio-default-async-21] INFO  a.f.a.t.p.p.ConfigurationPassImpl -   > Set the initialization predicate to q::init
2024-08-08T13:28:59,023 [zio-default-async-21] INFO  a.f.a.t.p.p.ConfigurationPassImpl -   > Set the transition predicate to q::step
2024-08-08T13:28:59,024 [zio-default-async-21] DEBUG a.f.a.i.p.PassChainExecutor$ - PASS #2: ConfigurationPass [OK]
2024-08-08T13:28:59,024 [zio-default-async-21] INFO  a.f.a.i.p.PassChainExecutor$ - PASS #3: DesugarerPass
2024-08-08T13:28:59,025 [zio-default-async-21] INFO  a.f.a.t.p.p.DesugarerPassImpl -   > Desugaring...
2024-08-08T13:28:59,026 [zio-default-async-21] DEBUG a.f.a.i.p.PassChainExecutor$ - PASS #3: DesugarerPass [OK]
2024-08-08T13:28:59,026 [zio-default-async-21] INFO  a.f.a.i.p.PassChainExecutor$ - PASS #4: InlinePass
2024-08-08T13:28:59,026 [zio-default-async-21] INFO  a.f.a.t.p.p.InlinePassImpl - Leaving only relevant operators: CInitPrimed, q::init, q::initPrimed, q::step
2024-08-08T13:28:59,037 [zio-default-async-21] DEBUG a.f.a.i.p.PassChainExecutor$ - PASS #4: InlinePass [OK]
2024-08-08T13:28:59,037 [zio-default-async-21] INFO  a.f.a.i.p.PassChainExecutor$ - PASS #5: TemporalPass
2024-08-08T13:28:59,037 [zio-default-async-21] INFO  a.f.a.t.p.p.TemporalPassImpl -   > Rewriting temporal operators...
2024-08-08T13:28:59,037 [zio-default-async-21] INFO  a.f.a.t.p.p.TemporalPassImpl -   > No temporal property specified, nothing to encode
2024-08-08T13:28:59,037 [zio-default-async-21] DEBUG a.f.a.i.p.PassChainExecutor$ - PASS #5: TemporalPass [OK]
2024-08-08T13:28:59,037 [zio-default-async-21] INFO  a.f.a.i.p.PassChainExecutor$ - PASS #6: InlinePass
2024-08-08T13:28:59,037 [zio-default-async-21] INFO  a.f.a.t.p.p.InlinePassImpl - Leaving only relevant operators: CInitPrimed, q::init, q::initPrimed, q::step
2024-08-08T13:28:59,042 [zio-default-async-21] DEBUG a.f.a.i.p.PassChainExecutor$ - PASS #6: InlinePass [OK]
2024-08-08T13:28:59,042 [zio-default-async-21] INFO  a.f.a.i.p.PassChainExecutor$ - PASS #7: PrimingPass
2024-08-08T13:28:59,042 [zio-default-async-21] INFO  a.f.a.t.p.a.PrimingPassImpl -   > Introducing q::initPrimed for q::init'
2024-08-08T13:28:59,044 [zio-default-async-21] DEBUG a.f.a.i.p.PassChainExecutor$ - PASS #7: PrimingPass [OK]
2024-08-08T13:28:59,044 [zio-default-async-21] INFO  a.f.a.i.p.PassChainExecutor$ - PASS #8: VCGen
2024-08-08T13:28:59,044 [zio-default-async-21] INFO  a.f.a.t.b.p.VCGenPassImpl -   > No invariant given. Only deadlocks will be checked
2024-08-08T13:28:59,046 [zio-default-async-21] DEBUG a.f.a.i.p.PassChainExecutor$ - PASS #8: VCGen [OK]
2024-08-08T13:28:59,046 [zio-default-async-21] INFO  a.f.a.i.p.PassChainExecutor$ - PASS #9: PreprocessingPass
2024-08-08T13:28:59,046 [zio-default-async-21] INFO  a.f.a.t.p.p.PreproPassImpl -   > Before preprocessing: unique renaming
2024-08-08T13:28:59,046 [zio-default-async-21] INFO  a.f.a.t.p.p.PreproPassImpl -  > Applying standard transformations:
2024-08-08T13:28:59,046 [zio-default-async-21] INFO  a.f.a.t.p.p.PreproPassImpl -   > PrimePropagation
2024-08-08T13:28:59,047 [zio-default-async-21] INFO  a.f.a.t.p.p.PreproPassImpl -   > Desugarer
2024-08-08T13:28:59,048 [zio-default-async-21] INFO  a.f.a.t.p.p.PreproPassImpl -   > UniqueRenamer
2024-08-08T13:28:59,050 [zio-default-async-21] INFO  a.f.a.t.p.p.PreproPassImpl -   > Normalizer
2024-08-08T13:28:59,052 [zio-default-async-21] INFO  a.f.a.t.p.p.PreproPassImpl -   > Keramelizer
2024-08-08T13:28:59,054 [zio-default-async-21] INFO  a.f.a.t.p.p.PreproPassImpl -   > After preprocessing: UniqueRenamer
2024-08-08T13:28:59,057 [zio-default-async-21] DEBUG a.f.a.i.p.PassChainExecutor$ - PASS #9: PreprocessingPass [OK]
2024-08-08T13:28:59,057 [zio-default-async-21] INFO  a.f.a.i.p.PassChainExecutor$ - PASS #10: TransitionFinderPass
2024-08-08T13:28:59,058 [zio-default-async-21] INFO  a.f.a.t.p.a.TransitionPassImpl -   > Found 1 initializing transitions
2024-08-08T13:28:59,073 [zio-default-async-21] INFO  a.f.a.t.p.a.TransitionPassImpl -   > Found 6 transitions
2024-08-08T13:28:59,074 [zio-default-async-21] INFO  a.f.a.t.p.a.TransitionPassImpl -   > No constant initializer
2024-08-08T13:28:59,074 [zio-default-async-21] INFO  a.f.a.t.p.a.TransitionPassImpl -   > Applying unique renaming
2024-08-08T13:28:59,086 [zio-default-async-21] DEBUG a.f.a.i.p.PassChainExecutor$ - PASS #10: TransitionFinderPass [OK]
2024-08-08T13:28:59,086 [zio-default-async-21] INFO  a.f.a.i.p.PassChainExecutor$ - PASS #11: OptimizationPass
2024-08-08T13:28:59,086 [zio-default-async-21] INFO  a.f.a.t.p.p.OptPassImpl -  > Applying optimizations:
2024-08-08T13:28:59,086 [zio-default-async-21] INFO  a.f.a.t.p.p.OptPassImpl -   > ConstSimplifier
2024-08-08T13:28:59,090 [zio-default-async-21] INFO  a.f.a.t.p.p.OptPassImpl -   > ExprOptimizer
2024-08-08T13:28:59,107 [zio-default-async-21] INFO  a.f.a.t.p.p.OptPassImpl -   > SetMembershipSimplifier
2024-08-08T13:28:59,108 [zio-default-async-21] INFO  a.f.a.t.p.p.OptPassImpl -   > ConstSimplifier
2024-08-08T13:28:59,113 [zio-default-async-21] DEBUG a.f.a.i.p.PassChainExecutor$ - PASS #11: OptimizationPass [OK]
2024-08-08T13:28:59,113 [zio-default-async-21] INFO  a.f.a.i.p.PassChainExecutor$ - PASS #12: AnalysisPass
2024-08-08T13:28:59,113 [zio-default-async-21] INFO  a.f.a.t.b.p.AnalysisPassImpl -  > Marking skolemizable existentials and sets to be expanded...
2024-08-08T13:28:59,113 [zio-default-async-21] INFO  a.f.a.t.b.p.AnalysisPassImpl -   > Skolemization
2024-08-08T13:28:59,114 [zio-default-async-21] INFO  a.f.a.t.b.p.AnalysisPassImpl -   > Expansion
2024-08-08T13:28:59,115 [zio-default-async-21] INFO  a.f.a.t.b.p.AnalysisPassImpl -   > Remove unused let-in defs
2024-08-08T13:28:59,116 [zio-default-async-21] INFO  a.f.a.t.b.p.AnalysisPassImpl -  > Running analyzers...
2024-08-08T13:28:59,117 [zio-default-async-21] INFO  a.f.a.t.b.p.AnalysisPassImpl -   > Introduced expression grades
2024-08-08T13:28:59,117 [zio-default-async-21] DEBUG a.f.a.i.p.PassChainExecutor$ - PASS #12: AnalysisPass [OK]
2024-08-08T13:28:59,117 [zio-default-async-21] INFO  a.f.a.i.p.PassChainExecutor$ - PASS #13: BoundedChecker
2024-08-08T13:28:59,118 [zio-default-async-21] DEBUG a.f.a.t.b.s.Z3SolverContext - Creating Z3 solver context 2
2024-08-08T13:28:59,302 [zio-default-async-11] INFO  a.f.a.t.p.t.EtcTypeCheckerPassImpl -  > Your types are purrfect!
2024-08-08T13:28:59,302 [zio-default-async-11] INFO  a.f.a.t.p.t.EtcTypeCheckerPassImpl -  > All expressions are typed
2024-08-08T13:28:59,302 [zio-default-async-11] DEBUG a.f.a.i.p.PassChainExecutor$ - PASS #1: TypeCheckerSnowcat [OK]
2024-08-08T13:28:59,302 [zio-default-async-11] INFO  a.f.a.i.p.PassChainExecutor$ - PASS #2: ConfigurationPass
2024-08-08T13:28:59,303 [zio-default-async-11] INFO  a.f.a.t.p.p.ConfigurationPassImpl -   > Set the initialization predicate to q::init
2024-08-08T13:28:59,303 [zio-default-async-11] INFO  a.f.a.t.p.p.ConfigurationPassImpl -   > Set the transition predicate to q::step
2024-08-08T13:28:59,304 [zio-default-async-11] DEBUG a.f.a.i.p.PassChainExecutor$ - PASS #2: ConfigurationPass [OK]
2024-08-08T13:28:59,304 [zio-default-async-11] INFO  a.f.a.i.p.PassChainExecutor$ - PASS #3: DesugarerPass
2024-08-08T13:28:59,304 [zio-default-async-11] INFO  a.f.a.t.p.p.DesugarerPassImpl -   > Desugaring...
2024-08-08T13:28:59,305 [zio-default-async-11] DEBUG a.f.a.i.p.PassChainExecutor$ - PASS #3: DesugarerPass [OK]
2024-08-08T13:28:59,305 [zio-default-async-11] INFO  a.f.a.i.p.PassChainExecutor$ - PASS #4: InlinePass
2024-08-08T13:28:59,305 [zio-default-async-11] INFO  a.f.a.t.p.p.InlinePassImpl - Leaving only relevant operators: CInitPrimed, q::init, q::initPrimed, q::step
2024-08-08T13:28:59,324 [zio-default-async-11] DEBUG a.f.a.i.p.PassChainExecutor$ - PASS #4: InlinePass [OK]
2024-08-08T13:28:59,324 [zio-default-async-11] INFO  a.f.a.i.p.PassChainExecutor$ - PASS #5: TemporalPass
2024-08-08T13:28:59,324 [zio-default-async-11] INFO  a.f.a.t.p.p.TemporalPassImpl -   > Rewriting temporal operators...
2024-08-08T13:28:59,324 [zio-default-async-11] INFO  a.f.a.t.p.p.TemporalPassImpl -   > No temporal property specified, nothing to encode
2024-08-08T13:28:59,324 [zio-default-async-11] DEBUG a.f.a.i.p.PassChainExecutor$ - PASS #5: TemporalPass [OK]
2024-08-08T13:28:59,325 [zio-default-async-11] INFO  a.f.a.i.p.PassChainExecutor$ - PASS #6: InlinePass
2024-08-08T13:28:59,325 [zio-default-async-11] INFO  a.f.a.t.p.p.InlinePassImpl - Leaving only relevant operators: CInitPrimed, q::init, q::initPrimed, q::step
2024-08-08T13:28:59,333 [zio-default-async-11] DEBUG a.f.a.i.p.PassChainExecutor$ - PASS #6: InlinePass [OK]
2024-08-08T13:28:59,333 [zio-default-async-11] INFO  a.f.a.i.p.PassChainExecutor$ - PASS #7: PrimingPass
2024-08-08T13:28:59,334 [zio-default-async-11] INFO  a.f.a.t.p.a.PrimingPassImpl -   > Introducing q::initPrimed for q::init'
2024-08-08T13:28:59,342 [zio-default-async-11] DEBUG a.f.a.i.p.PassChainExecutor$ - PASS #7: PrimingPass [OK]
2024-08-08T13:28:59,342 [zio-default-async-11] INFO  a.f.a.i.p.PassChainExecutor$ - PASS #8: VCGen
2024-08-08T13:28:59,342 [zio-default-async-11] INFO  a.f.a.t.b.p.VCGenPassImpl -   > No invariant given. Only deadlocks will be checked
2024-08-08T13:28:59,342 [zio-default-async-11] DEBUG a.f.a.i.p.PassChainExecutor$ - PASS #8: VCGen [OK]
2024-08-08T13:28:59,342 [zio-default-async-11] INFO  a.f.a.i.p.PassChainExecutor$ - PASS #9: PreprocessingPass
2024-08-08T13:28:59,342 [zio-default-async-11] INFO  a.f.a.t.p.p.PreproPassImpl -   > Before preprocessing: unique renaming
2024-08-08T13:28:59,342 [zio-default-async-11] INFO  a.f.a.t.p.p.PreproPassImpl -  > Applying standard transformations:
2024-08-08T13:28:59,343 [zio-default-async-11] INFO  a.f.a.t.p.p.PreproPassImpl -   > PrimePropagation
2024-08-08T13:28:59,344 [zio-default-async-11] INFO  a.f.a.t.p.p.PreproPassImpl -   > Desugarer
2024-08-08T13:28:59,345 [zio-default-async-11] INFO  a.f.a.t.p.p.PreproPassImpl -   > UniqueRenamer
2024-08-08T13:28:59,350 [zio-default-async-11] INFO  a.f.a.t.p.p.PreproPassImpl -   > Normalizer
2024-08-08T13:28:59,352 [zio-default-async-11] INFO  a.f.a.t.p.p.PreproPassImpl -   > Keramelizer
2024-08-08T13:28:59,354 [zio-default-async-11] INFO  a.f.a.t.p.p.PreproPassImpl -   > After preprocessing: UniqueRenamer
2024-08-08T13:28:59,356 [zio-default-async-11] DEBUG a.f.a.i.p.PassChainExecutor$ - PASS #9: PreprocessingPass [OK]
2024-08-08T13:28:59,356 [zio-default-async-11] INFO  a.f.a.i.p.PassChainExecutor$ - PASS #10: TransitionFinderPass
2024-08-08T13:28:59,357 [zio-default-async-11] INFO  a.f.a.t.p.a.TransitionPassImpl -   > Found 1 initializing transitions
2024-08-08T13:28:59,361 [zio-default-async-11] INFO  a.f.a.t.p.a.TransitionPassImpl -   > Found 5 transitions
2024-08-08T13:28:59,361 [zio-default-async-11] INFO  a.f.a.t.p.a.TransitionPassImpl -   > No constant initializer
2024-08-08T13:28:59,361 [zio-default-async-11] INFO  a.f.a.t.p.a.TransitionPassImpl -   > Applying unique renaming
2024-08-08T13:28:59,363 [zio-default-async-11] DEBUG a.f.a.i.p.PassChainExecutor$ - PASS #10: TransitionFinderPass [OK]
2024-08-08T13:28:59,363 [zio-default-async-11] INFO  a.f.a.i.p.PassChainExecutor$ - PASS #11: OptimizationPass
2024-08-08T13:28:59,363 [zio-default-async-11] INFO  a.f.a.t.p.p.OptPassImpl -  > Applying optimizations:
2024-08-08T13:28:59,363 [zio-default-async-11] INFO  a.f.a.t.p.p.OptPassImpl -   > ConstSimplifier
2024-08-08T13:28:59,383 [zio-default-async-11] INFO  a.f.a.t.p.p.OptPassImpl -   > ExprOptimizer
2024-08-08T13:28:59,403 [zio-default-async-11] INFO  a.f.a.t.p.p.OptPassImpl -   > SetMembershipSimplifier
2024-08-08T13:28:59,403 [zio-default-async-11] INFO  a.f.a.t.p.p.OptPassImpl -   > ConstSimplifier
2024-08-08T13:28:59,467 [zio-default-async-29] INFO  a.f.a.i.p.PassChainExecutor$ - PASS #0: SanyParser
2024-08-08T13:28:59,516 [zio-default-async-29] DEBUG a.f.a.i.p.PassChainExecutor$ - PASS #0: SanyParser [OK]
2024-08-08T13:28:59,517 [zio-default-async-29] INFO  a.f.a.i.p.PassChainExecutor$ - PASS #1: TypeCheckerSnowcat
2024-08-08T13:28:59,517 [zio-default-async-29] INFO  a.f.a.t.p.t.EtcTypeCheckerPassImpl -  > Running Snowcat .::.
2024-08-08T13:28:59,825 [zio-default-async-25] INFO  a.f.a.t.p.t.EtcTypeCheckerPassImpl -  > Your types are purrfect!
2024-08-08T13:28:59,825 [zio-default-async-25] INFO  a.f.a.t.p.t.EtcTypeCheckerPassImpl -  > All expressions are typed
2024-08-08T13:28:59,825 [zio-default-async-25] DEBUG a.f.a.i.p.PassChainExecutor$ - PASS #1: TypeCheckerSnowcat [OK]
2024-08-08T13:28:59,826 [zio-default-async-25] INFO  a.f.a.i.p.PassChainExecutor$ - PASS #2: ConfigurationPass
2024-08-08T13:28:59,826 [zio-default-async-25] INFO  a.f.a.t.p.p.ConfigurationPassImpl -   > Set the initialization predicate to q::init
2024-08-08T13:28:59,826 [zio-default-async-25] INFO  a.f.a.t.p.p.ConfigurationPassImpl -   > Set the transition predicate to q::step
2024-08-08T13:28:59,828 [zio-default-async-25] DEBUG a.f.a.i.p.PassChainExecutor$ - PASS #2: ConfigurationPass [OK]
2024-08-08T13:28:59,828 [zio-default-async-25] INFO  a.f.a.i.p.PassChainExecutor$ - PASS #3: DesugarerPass
2024-08-08T13:28:59,828 [zio-default-async-25] INFO  a.f.a.t.p.p.DesugarerPassImpl -   > Desugaring...
2024-08-08T13:28:59,830 [zio-default-async-25] DEBUG a.f.a.i.p.PassChainExecutor$ - PASS #3: DesugarerPass [OK]
2024-08-08T13:28:59,831 [zio-default-async-25] INFO  a.f.a.i.p.PassChainExecutor$ - PASS #4: InlinePass
2024-08-08T13:28:59,831 [zio-default-async-25] INFO  a.f.a.t.p.p.InlinePassImpl - Leaving only relevant operators: CInitPrimed, q::init, q::initPrimed, q::step
2024-08-08T13:28:59,910 [zio-default-async-25] DEBUG a.f.a.i.p.PassChainExecutor$ - PASS #4: InlinePass [OK]
2024-08-08T13:28:59,910 [zio-default-async-25] INFO  a.f.a.i.p.PassChainExecutor$ - PASS #5: TemporalPass
2024-08-08T13:28:59,910 [zio-default-async-25] INFO  a.f.a.t.p.p.TemporalPassImpl -   > Rewriting temporal operators...
2024-08-08T13:28:59,910 [zio-default-async-25] INFO  a.f.a.t.p.p.TemporalPassImpl -   > No temporal property specified, nothing to encode
2024-08-08T13:28:59,910 [zio-default-async-25] DEBUG a.f.a.i.p.PassChainExecutor$ - PASS #5: TemporalPass [OK]
2024-08-08T13:28:59,911 [zio-default-async-25] INFO  a.f.a.i.p.PassChainExecutor$ - PASS #6: InlinePass
2024-08-08T13:28:59,911 [zio-default-async-25] INFO  a.f.a.t.p.p.InlinePassImpl - Leaving only relevant operators: CInitPrimed, q::init, q::initPrimed, q::step
2024-08-08T13:28:59,934 [zio-default-async-25] DEBUG a.f.a.i.p.PassChainExecutor$ - PASS #6: InlinePass [OK]
2024-08-08T13:28:59,934 [zio-default-async-25] INFO  a.f.a.i.p.PassChainExecutor$ - PASS #7: PrimingPass
2024-08-08T13:28:59,934 [zio-default-async-25] INFO  a.f.a.t.p.a.PrimingPassImpl -   > Introducing q::initPrimed for q::init'
2024-08-08T13:28:59,935 [zio-default-async-25] DEBUG a.f.a.i.p.PassChainExecutor$ - PASS #7: PrimingPass [OK]
2024-08-08T13:28:59,935 [zio-default-async-25] INFO  a.f.a.i.p.PassChainExecutor$ - PASS #8: VCGen
2024-08-08T13:28:59,935 [zio-default-async-25] INFO  a.f.a.t.b.p.VCGenPassImpl -   > No invariant given. Only deadlocks will be checked
2024-08-08T13:28:59,935 [zio-default-async-25] DEBUG a.f.a.i.p.PassChainExecutor$ - PASS #8: VCGen [OK]
2024-08-08T13:28:59,936 [zio-default-async-25] INFO  a.f.a.i.p.PassChainExecutor$ - PASS #9: PreprocessingPass
2024-08-08T13:28:59,936 [zio-default-async-25] INFO  a.f.a.t.p.p.PreproPassImpl -   > Before preprocessing: unique renaming
2024-08-08T13:28:59,936 [zio-default-async-25] INFO  a.f.a.t.p.p.PreproPassImpl -  > Applying standard transformations:
2024-08-08T13:28:59,936 [zio-default-async-25] INFO  a.f.a.t.p.p.PreproPassImpl -   > PrimePropagation
2024-08-08T13:28:59,946 [zio-default-async-25] INFO  a.f.a.t.p.p.PreproPassImpl -   > Desugarer
2024-08-08T13:28:59,958 [zio-default-async-25] INFO  a.f.a.t.p.p.PreproPassImpl -   > UniqueRenamer
2024-08-08T13:28:59,980 [zio-default-async-25] INFO  a.f.a.t.p.p.PreproPassImpl -   > Normalizer
2024-08-08T13:28:59,985 [zio-default-async-25] INFO  a.f.a.t.p.p.PreproPassImpl -   > Keramelizer
2024-08-08T13:28:59,999 [zio-default-async-29] INFO  a.f.a.t.p.t.EtcTypeCheckerPassImpl -  > Your types are purrfect!
2024-08-08T13:29:00,001 [zio-default-async-29] INFO  a.f.a.t.p.t.EtcTypeCheckerPassImpl -  > All expressions are typed
2024-08-08T13:29:00,001 [zio-default-async-29] DEBUG a.f.a.i.p.PassChainExecutor$ - PASS #1: TypeCheckerSnowcat [OK]
2024-08-08T13:29:00,001 [zio-default-async-29] INFO  a.f.a.i.p.PassChainExecutor$ - PASS #2: ConfigurationPass
2024-08-08T13:29:00,002 [zio-default-async-29] INFO  a.f.a.t.p.p.ConfigurationPassImpl -   > Set the initialization predicate to q::init
2024-08-08T13:29:00,002 [zio-default-async-29] INFO  a.f.a.t.p.p.ConfigurationPassImpl -   > Set the transition predicate to q::step
2024-08-08T13:29:00,003 [zio-default-async-29] DEBUG a.f.a.i.p.PassChainExecutor$ - PASS #2: ConfigurationPass [OK]
2024-08-08T13:29:00,003 [zio-default-async-29] INFO  a.f.a.i.p.PassChainExecutor$ - PASS #3: DesugarerPass
2024-08-08T13:29:00,003 [zio-default-async-29] INFO  a.f.a.t.p.p.DesugarerPassImpl -   > Desugaring...
2024-08-08T13:29:00,005 [zio-default-async-25] INFO  a.f.a.t.p.p.PreproPassImpl -   > After preprocessing: UniqueRenamer
2024-08-08T13:29:00,005 [zio-default-async-29] DEBUG a.f.a.i.p.PassChainExecutor$ - PASS #3: DesugarerPass [OK]
2024-08-08T13:29:00,005 [zio-default-async-29] INFO  a.f.a.i.p.PassChainExecutor$ - PASS #4: InlinePass
2024-08-08T13:29:00,005 [zio-default-async-29] INFO  a.f.a.t.p.p.InlinePassImpl - Leaving only relevant operators: CInitPrimed, q::init, q::initPrimed, q::step
2024-08-08T13:29:00,032 [zio-default-async-25] DEBUG a.f.a.i.p.PassChainExecutor$ - PASS #9: PreprocessingPass [OK]
2024-08-08T13:29:00,033 [zio-default-async-25] INFO  a.f.a.i.p.PassChainExecutor$ - PASS #10: TransitionFinderPass
2024-08-08T13:29:00,033 [zio-default-async-25] INFO  a.f.a.t.p.a.TransitionPassImpl -   > Found 1 initializing transitions
2024-08-08T13:29:00,042 [zio-default-async-25] INFO  a.f.a.t.p.a.TransitionPassImpl -   > Found 2 transitions
2024-08-08T13:29:00,042 [zio-default-async-25] INFO  a.f.a.t.p.a.TransitionPassImpl -   > No constant initializer
2024-08-08T13:29:00,042 [zio-default-async-25] INFO  a.f.a.t.p.a.TransitionPassImpl -   > Applying unique renaming
2024-08-08T13:29:00,047 [zio-default-async-29] DEBUG a.f.a.i.p.PassChainExecutor$ - PASS #4: InlinePass [OK]
2024-08-08T13:29:00,047 [zio-default-async-29] INFO  a.f.a.i.p.PassChainExecutor$ - PASS #5: TemporalPass
2024-08-08T13:29:00,047 [zio-default-async-29] INFO  a.f.a.t.p.p.TemporalPassImpl -   > Rewriting temporal operators...
2024-08-08T13:29:00,048 [zio-default-async-29] INFO  a.f.a.t.p.p.TemporalPassImpl -   > No temporal property specified, nothing to encode
2024-08-08T13:29:00,048 [zio-default-async-29] DEBUG a.f.a.i.p.PassChainExecutor$ - PASS #5: TemporalPass [OK]
2024-08-08T13:29:00,048 [zio-default-async-29] INFO  a.f.a.i.p.PassChainExecutor$ - PASS #6: InlinePass
2024-08-08T13:29:00,048 [zio-default-async-29] INFO  a.f.a.t.p.p.InlinePassImpl - Leaving only relevant operators: CInitPrimed, q::init, q::initPrimed, q::step
2024-08-08T13:29:00,055 [zio-default-async-25] DEBUG a.f.a.i.p.PassChainExecutor$ - PASS #10: TransitionFinderPass [OK]
2024-08-08T13:29:00,055 [zio-default-async-25] INFO  a.f.a.i.p.PassChainExecutor$ - PASS #11: OptimizationPass
2024-08-08T13:29:00,055 [zio-default-async-25] INFO  a.f.a.t.p.p.OptPassImpl -  > Applying optimizations:
2024-08-08T13:29:00,056 [zio-default-async-25] INFO  a.f.a.t.p.p.OptPassImpl -   > ConstSimplifier
2024-08-08T13:29:00,056 [zio-default-async-29] DEBUG a.f.a.i.p.PassChainExecutor$ - PASS #6: InlinePass [OK]
2024-08-08T13:29:00,056 [zio-default-async-29] INFO  a.f.a.i.p.PassChainExecutor$ - PASS #7: PrimingPass
2024-08-08T13:29:00,056 [zio-default-async-29] INFO  a.f.a.t.p.a.PrimingPassImpl -   > Introducing q::initPrimed for q::init'
2024-08-08T13:29:00,057 [zio-default-async-29] DEBUG a.f.a.i.p.PassChainExecutor$ - PASS #7: PrimingPass [OK]
2024-08-08T13:29:00,057 [zio-default-async-29] INFO  a.f.a.i.p.PassChainExecutor$ - PASS #8: VCGen
2024-08-08T13:29:00,057 [zio-default-async-29] INFO  a.f.a.t.b.p.VCGenPassImpl -   > No invariant given. Only deadlocks will be checked
2024-08-08T13:29:00,057 [zio-default-async-29] DEBUG a.f.a.i.p.PassChainExecutor$ - PASS #8: VCGen [OK]
2024-08-08T13:29:00,057 [zio-default-async-29] INFO  a.f.a.i.p.PassChainExecutor$ - PASS #9: PreprocessingPass
2024-08-08T13:29:00,057 [zio-default-async-29] INFO  a.f.a.t.p.p.PreproPassImpl -   > Before preprocessing: unique renaming
2024-08-08T13:29:00,057 [zio-default-async-29] INFO  a.f.a.t.p.p.PreproPassImpl -  > Applying standard transformations:
2024-08-08T13:29:00,057 [zio-default-async-29] INFO  a.f.a.t.p.p.PreproPassImpl -   > PrimePropagation
2024-08-08T13:29:00,058 [zio-default-async-29] INFO  a.f.a.t.p.p.PreproPassImpl -   > Desugarer
2024-08-08T13:29:00,060 [zio-default-async-29] INFO  a.f.a.t.p.p.PreproPassImpl -   > UniqueRenamer
2024-08-08T13:29:00,071 [zio-default-async-29] INFO  a.f.a.t.p.p.PreproPassImpl -   > Normalizer
2024-08-08T13:29:00,073 [zio-default-async-29] INFO  a.f.a.t.p.p.PreproPassImpl -   > Keramelizer
2024-08-08T13:29:00,074 [zio-default-async-25] INFO  a.f.a.t.p.p.OptPassImpl -   > ExprOptimizer
2024-08-08T13:29:00,075 [zio-default-async-29] INFO  a.f.a.t.p.p.PreproPassImpl -   > After preprocessing: UniqueRenamer
2024-08-08T13:29:00,086 [zio-default-async-29] DEBUG a.f.a.i.p.PassChainExecutor$ - PASS #9: PreprocessingPass [OK]
2024-08-08T13:29:00,086 [zio-default-async-29] INFO  a.f.a.i.p.PassChainExecutor$ - PASS #10: TransitionFinderPass
2024-08-08T13:29:00,087 [zio-default-async-25] INFO  a.f.a.t.p.p.OptPassImpl -   > SetMembershipSimplifier
2024-08-08T13:29:00,087 [zio-default-async-29] INFO  a.f.a.t.p.a.TransitionPassImpl -   > Found 1 initializing transitions
2024-08-08T13:29:00,089 [zio-default-async-25] INFO  a.f.a.t.p.p.OptPassImpl -   > ConstSimplifier
2024-08-08T13:29:00,094 [zio-default-async-29] INFO  a.f.a.t.p.a.TransitionPassImpl -   > Found 5 transitions
2024-08-08T13:29:00,094 [zio-default-async-29] INFO  a.f.a.t.p.a.TransitionPassImpl -   > No constant initializer
2024-08-08T13:29:00,094 [zio-default-async-29] INFO  a.f.a.t.p.a.TransitionPassImpl -   > Applying unique renaming
2024-08-08T13:29:00,104 [zio-default-async-29] DEBUG a.f.a.i.p.PassChainExecutor$ - PASS #10: TransitionFinderPass [OK]
2024-08-08T13:29:00,104 [zio-default-async-29] INFO  a.f.a.i.p.PassChainExecutor$ - PASS #11: OptimizationPass
2024-08-08T13:29:00,104 [zio-default-async-25] DEBUG a.f.a.i.p.PassChainExecutor$ - PASS #11: OptimizationPass [OK]
2024-08-08T13:29:00,104 [zio-default-async-29] INFO  a.f.a.t.p.p.OptPassImpl -  > Applying optimizations:
2024-08-08T13:29:00,104 [zio-default-async-25] INFO  a.f.a.i.p.PassChainExecutor$ - PASS #12: AnalysisPass
2024-08-08T13:29:00,104 [zio-default-async-29] INFO  a.f.a.t.p.p.OptPassImpl -   > ConstSimplifier
2024-08-08T13:29:00,104 [zio-default-async-25] INFO  a.f.a.t.b.p.AnalysisPassImpl -  > Marking skolemizable existentials and sets to be expanded...
2024-08-08T13:29:00,104 [zio-default-async-25] INFO  a.f.a.t.b.p.AnalysisPassImpl -   > Skolemization
2024-08-08T13:29:00,105 [zio-default-async-25] INFO  a.f.a.t.b.p.AnalysisPassImpl -   > Expansion
2024-08-08T13:29:00,121 [zio-default-async-25] INFO  a.f.a.t.b.p.AnalysisPassImpl -   > Remove unused let-in defs
2024-08-08T13:29:00,122 [zio-default-async-25] INFO  a.f.a.t.b.p.AnalysisPassImpl -  > Running analyzers...
2024-08-08T13:29:00,122 [zio-default-async-25] INFO  a.f.a.t.b.p.AnalysisPassImpl -   > Introduced expression grades
2024-08-08T13:29:00,122 [zio-default-async-25] DEBUG a.f.a.i.p.PassChainExecutor$ - PASS #12: AnalysisPass [OK]
2024-08-08T13:29:00,123 [zio-default-async-25] INFO  a.f.a.i.p.PassChainExecutor$ - PASS #13: BoundedChecker
2024-08-08T13:29:00,124 [zio-default-async-29] INFO  a.f.a.t.p.p.OptPassImpl -   > ExprOptimizer
2024-08-08T13:29:00,125 [zio-default-async-25] DEBUG a.f.a.t.b.s.Z3SolverContext - Creating Z3 solver context 3
2024-08-08T13:29:00,127 [zio-default-async-29] INFO  a.f.a.t.p.p.OptPassImpl -   > SetMembershipSimplifier
2024-08-08T13:29:00,132 [zio-default-async-29] INFO  a.f.a.t.p.p.OptPassImpl -   > ConstSimplifier
2024-08-08T13:29:00,138 [zio-default-async-29] DEBUG a.f.a.i.p.PassChainExecutor$ - PASS #11: OptimizationPass [OK]
2024-08-08T13:29:00,139 [zio-default-async-29] INFO  a.f.a.i.p.PassChainExecutor$ - PASS #12: AnalysisPass
2024-08-08T13:29:00,139 [zio-default-async-29] INFO  a.f.a.t.b.p.AnalysisPassImpl -  > Marking skolemizable existentials and sets to be expanded...
2024-08-08T13:29:00,139 [zio-default-async-29] INFO  a.f.a.t.b.p.AnalysisPassImpl -   > Skolemization
2024-08-08T13:29:00,139 [zio-default-async-29] INFO  a.f.a.t.b.p.AnalysisPassImpl -   > Expansion
2024-08-08T13:29:00,140 [zio-default-async-29] INFO  a.f.a.t.b.p.AnalysisPassImpl -   > Remove unused let-in defs
2024-08-08T13:29:00,141 [zio-default-async-29] INFO  a.f.a.t.b.p.AnalysisPassImpl -  > Running analyzers...
2024-08-08T13:29:00,142 [zio-default-async-29] INFO  a.f.a.t.b.p.AnalysisPassImpl -   > Introduced expression grades
2024-08-08T13:29:00,142 [zio-default-async-29] DEBUG a.f.a.i.p.PassChainExecutor$ - PASS #12: AnalysisPass [OK]
2024-08-08T13:29:00,143 [zio-default-async-29] INFO  a.f.a.i.p.PassChainExecutor$ - PASS #13: BoundedChecker
2024-08-08T13:29:00,143 [zio-default-async-29] DEBUG a.f.a.t.b.s.Z3SolverContext - Creating Z3 solver context 4
2024-08-08T13:29:00,443 [zio-default-async-1] INFO  a.f.a.i.p.PassChainExecutor$ - PASS #0: SanyParser
2024-08-08T13:29:00,598 [zio-default-async-13] INFO  a.f.a.t.p.t.EtcTypeCheckerPassImpl -  > Your types are purrfect!
2024-08-08T13:29:00,598 [zio-default-async-13] INFO  a.f.a.t.p.t.EtcTypeCheckerPassImpl -  > All expressions are typed
2024-08-08T13:29:00,598 [zio-default-async-13] DEBUG a.f.a.i.p.PassChainExecutor$ - PASS #1: TypeCheckerSnowcat [OK]
2024-08-08T13:29:00,598 [zio-default-async-13] INFO  a.f.a.i.p.PassChainExecutor$ - PASS #2: ConfigurationPass
2024-08-08T13:29:00,712 [zio-default-async-1] DEBUG a.f.a.i.p.PassChainExecutor$ - PASS #0: SanyParser [OK]
2024-08-08T13:29:00,712 [zio-default-async-1] INFO  a.f.a.i.p.PassChainExecutor$ - PASS #1: TypeCheckerSnowcat
2024-08-08T13:29:00,712 [zio-default-async-1] INFO  a.f.a.t.p.t.EtcTypeCheckerPassImpl -  > Running Snowcat .::.
2024-08-08T13:29:00,978 [zio-default-async-11] DEBUG a.f.a.i.p.PassChainExecutor$ - PASS #11: OptimizationPass [OK]
2024-08-08T13:29:00,978 [zio-default-async-11] INFO  a.f.a.i.p.PassChainExecutor$ - PASS #12: AnalysisPass
2024-08-08T13:29:00,978 [zio-default-async-11] INFO  a.f.a.t.b.p.AnalysisPassImpl -  > Marking skolemizable existentials and sets to be expanded...
2024-08-08T13:29:00,978 [zio-default-async-11] INFO  a.f.a.t.b.p.AnalysisPassImpl -   > Skolemization
2024-08-08T13:29:00,979 [zio-default-async-11] INFO  a.f.a.t.b.p.AnalysisPassImpl -   > Expansion
2024-08-08T13:29:00,979 [zio-default-async-11] INFO  a.f.a.t.b.p.AnalysisPassImpl -   > Remove unused let-in defs
2024-08-08T13:29:00,983 [zio-default-async-11] INFO  a.f.a.t.b.p.AnalysisPassImpl -  > Running analyzers...
2024-08-08T13:29:00,984 [zio-default-async-11] INFO  a.f.a.t.b.p.AnalysisPassImpl -   > Introduced expression grades
2024-08-08T13:29:00,984 [zio-default-async-11] DEBUG a.f.a.i.p.PassChainExecutor$ - PASS #12: AnalysisPass [OK]
2024-08-08T13:29:00,984 [zio-default-async-11] INFO  a.f.a.i.p.PassChainExecutor$ - PASS #13: BoundedChecker
2024-08-08T13:29:00,985 [zio-default-async-11] DEBUG a.f.a.t.b.s.Z3SolverContext - Creating Z3 solver context 5
2024-08-08T13:29:01,620 [zio-default-async-13] INFO  a.f.a.t.p.p.ConfigurationPassImpl -   > Set the initialization predicate to q::init
2024-08-08T13:29:01,620 [zio-default-async-13] INFO  a.f.a.t.p.p.ConfigurationPassImpl -   > Set the transition predicate to q::step
2024-08-08T13:29:01,622 [zio-default-async-13] DEBUG a.f.a.i.p.PassChainExecutor$ - PASS #2: ConfigurationPass [OK]
2024-08-08T13:29:01,622 [zio-default-async-13] INFO  a.f.a.i.p.PassChainExecutor$ - PASS #3: DesugarerPass
2024-08-08T13:29:01,622 [zio-default-async-13] INFO  a.f.a.t.p.p.DesugarerPassImpl -   > Desugaring...
2024-08-08T13:29:01,626 [zio-default-async-13] DEBUG a.f.a.i.p.PassChainExecutor$ - PASS #3: DesugarerPass [OK]
2024-08-08T13:29:01,626 [zio-default-async-13] INFO  a.f.a.i.p.PassChainExecutor$ - PASS #4: InlinePass
2024-08-08T13:29:01,626 [zio-default-async-13] INFO  a.f.a.t.p.p.InlinePassImpl - Leaving only relevant operators: CInitPrimed, q::init, q::initPrimed, q::step
2024-08-08T13:29:01,651 [zio-default-async-13] DEBUG a.f.a.i.p.PassChainExecutor$ - PASS #4: InlinePass [OK]
2024-08-08T13:29:01,651 [zio-default-async-13] INFO  a.f.a.i.p.PassChainExecutor$ - PASS #5: TemporalPass
2024-08-08T13:29:01,651 [zio-default-async-13] INFO  a.f.a.t.p.p.TemporalPassImpl -   > Rewriting temporal operators...
2024-08-08T13:29:01,651 [zio-default-async-13] INFO  a.f.a.t.p.p.TemporalPassImpl -   > No temporal property specified, nothing to encode
2024-08-08T13:29:01,651 [zio-default-async-13] DEBUG a.f.a.i.p.PassChainExecutor$ - PASS #5: TemporalPass [OK]
2024-08-08T13:29:01,651 [zio-default-async-13] INFO  a.f.a.i.p.PassChainExecutor$ - PASS #6: InlinePass
2024-08-08T13:29:01,652 [zio-default-async-13] INFO  a.f.a.t.p.p.InlinePassImpl - Leaving only relevant operators: CInitPrimed, q::init, q::initPrimed, q::step
2024-08-08T13:29:01,662 [zio-default-async-13] DEBUG a.f.a.i.p.PassChainExecutor$ - PASS #6: InlinePass [OK]
2024-08-08T13:29:01,663 [zio-default-async-13] INFO  a.f.a.i.p.PassChainExecutor$ - PASS #7: PrimingPass
2024-08-08T13:29:01,663 [zio-default-async-13] INFO  a.f.a.t.p.a.PrimingPassImpl -   > Introducing q::initPrimed for q::init'
2024-08-08T13:29:01,665 [zio-default-async-13] DEBUG a.f.a.i.p.PassChainExecutor$ - PASS #7: PrimingPass [OK]
2024-08-08T13:29:01,665 [zio-default-async-13] INFO  a.f.a.i.p.PassChainExecutor$ - PASS #8: VCGen
2024-08-08T13:29:01,665 [zio-default-async-13] INFO  a.f.a.t.b.p.VCGenPassImpl -   > No invariant given. Only deadlocks will be checked
2024-08-08T13:29:01,665 [zio-default-async-13] DEBUG a.f.a.i.p.PassChainExecutor$ - PASS #8: VCGen [OK]
2024-08-08T13:29:01,665 [zio-default-async-13] INFO  a.f.a.i.p.PassChainExecutor$ - PASS #9: PreprocessingPass
2024-08-08T13:29:01,665 [zio-default-async-13] INFO  a.f.a.t.p.p.PreproPassImpl -   > Before preprocessing: unique renaming
2024-08-08T13:29:01,665 [zio-default-async-13] INFO  a.f.a.t.p.p.PreproPassImpl -  > Applying standard transformations:
2024-08-08T13:29:01,665 [zio-default-async-13] INFO  a.f.a.t.p.p.PreproPassImpl -   > PrimePropagation
2024-08-08T13:29:01,668 [zio-default-async-13] INFO  a.f.a.t.p.p.PreproPassImpl -   > Desugarer
2024-08-08T13:29:01,671 [zio-default-async-13] INFO  a.f.a.t.p.p.PreproPassImpl -   > UniqueRenamer
2024-08-08T13:29:01,680 [zio-default-async-13] INFO  a.f.a.t.p.p.PreproPassImpl -   > Normalizer
2024-08-08T13:29:01,683 [zio-default-async-13] INFO  a.f.a.t.p.p.PreproPassImpl -   > Keramelizer
2024-08-08T13:29:01,686 [zio-default-async-13] INFO  a.f.a.t.p.p.PreproPassImpl -   > After preprocessing: UniqueRenamer
2024-08-08T13:29:01,698 [zio-default-async-13] DEBUG a.f.a.i.p.PassChainExecutor$ - PASS #9: PreprocessingPass [OK]
2024-08-08T13:29:01,698 [zio-default-async-13] INFO  a.f.a.i.p.PassChainExecutor$ - PASS #10: TransitionFinderPass
2024-08-08T13:29:01,707 [zio-default-async-13] INFO  a.f.a.t.p.a.TransitionPassImpl -   > Found 1 initializing transitions
2024-08-08T13:29:01,715 [zio-default-async-13] INFO  a.f.a.t.p.a.TransitionPassImpl -   > Found 6 transitions
2024-08-08T13:29:01,715 [zio-default-async-13] INFO  a.f.a.t.p.a.TransitionPassImpl -   > No constant initializer
2024-08-08T13:29:01,715 [zio-default-async-13] INFO  a.f.a.t.p.a.TransitionPassImpl -   > Applying unique renaming
2024-08-08T13:29:01,738 [zio-default-async-13] DEBUG a.f.a.i.p.PassChainExecutor$ - PASS #10: TransitionFinderPass [OK]
2024-08-08T13:29:01,739 [zio-default-async-13] INFO  a.f.a.i.p.PassChainExecutor$ - PASS #11: OptimizationPass
2024-08-08T13:29:01,739 [zio-default-async-13] INFO  a.f.a.t.p.p.OptPassImpl -  > Applying optimizations:
2024-08-08T13:29:01,739 [zio-default-async-13] INFO  a.f.a.t.p.p.OptPassImpl -   > ConstSimplifier
2024-08-08T13:29:01,750 [zio-default-async-13] INFO  a.f.a.t.p.p.OptPassImpl -   > ExprOptimizer
2024-08-08T13:29:01,761 [zio-default-async-13] INFO  a.f.a.t.p.p.OptPassImpl -   > SetMembershipSimplifier
2024-08-08T13:29:01,762 [zio-default-async-13] INFO  a.f.a.t.p.p.OptPassImpl -   > ConstSimplifier
2024-08-08T13:29:01,769 [zio-default-async-13] DEBUG a.f.a.i.p.PassChainExecutor$ - PASS #11: OptimizationPass [OK]
2024-08-08T13:29:01,770 [zio-default-async-13] INFO  a.f.a.i.p.PassChainExecutor$ - PASS #12: AnalysisPass
2024-08-08T13:29:01,776 [zio-default-async-13] INFO  a.f.a.t.b.p.AnalysisPassImpl -  > Marking skolemizable existentials and sets to be expanded...
2024-08-08T13:29:01,776 [zio-default-async-13] INFO  a.f.a.t.b.p.AnalysisPassImpl -   > Skolemization
2024-08-08T13:29:01,777 [zio-default-async-13] INFO  a.f.a.t.b.p.AnalysisPassImpl -   > Expansion
2024-08-08T13:29:01,785 [zio-default-async-25] DEBUG a.f.a.t.b.t.TransitionExecutorImpl - Step #0, transition #0
2024-08-08T13:29:01,785 [zio-default-async-12] DEBUG a.f.a.t.b.t.TransitionExecutorImpl - Step #0, transition #0
2024-08-08T13:29:01,784 [zio-default-async-29] DEBUG a.f.a.t.b.t.TransitionExecutorImpl - Step #0, transition #0
2024-08-08T13:29:01,785 [zio-default-async-13] INFO  a.f.a.t.b.p.AnalysisPassImpl -   > Remove unused let-in defs
2024-08-08T13:29:01,785 [zio-default-async-29] DEBUG a.f.a.t.b.t.TransitionExecutorImpl - Translating to SMT
2024-08-08T13:29:01,785 [zio-default-async-12] DEBUG a.f.a.t.b.t.TransitionExecutorImpl - Translating to SMT
2024-08-08T13:29:01,786 [zio-default-async-21] DEBUG a.f.a.t.b.t.TransitionExecutorImpl - Step #0, transition #0
2024-08-08T13:29:01,786 [zio-default-async-21] DEBUG a.f.a.t.b.t.TransitionExecutorImpl - Translating to SMT
2024-08-08T13:29:01,785 [zio-default-async-17] DEBUG a.f.a.t.b.t.TransitionExecutorImpl - Step #0, transition #0
2024-08-08T13:29:01,786 [zio-default-async-17] DEBUG a.f.a.t.b.t.TransitionExecutorImpl - Translating to SMT
2024-08-08T13:29:01,785 [zio-default-async-11] DEBUG a.f.a.t.b.t.TransitionExecutorImpl - Step #0, transition #0
2024-08-08T13:29:01,786 [zio-default-async-11] DEBUG a.f.a.t.b.t.TransitionExecutorImpl - Translating to SMT
2024-08-08T13:29:01,786 [zio-default-async-13] INFO  a.f.a.t.b.p.AnalysisPassImpl -  > Running analyzers...
2024-08-08T13:29:01,785 [zio-default-async-25] DEBUG a.f.a.t.b.t.TransitionExecutorImpl - Translating to SMT
2024-08-08T13:29:01,787 [zio-default-async-13] INFO  a.f.a.t.b.p.AnalysisPassImpl -   > Introduced expression grades
2024-08-08T13:29:01,787 [zio-default-async-13] DEBUG a.f.a.i.p.PassChainExecutor$ - PASS #12: AnalysisPass [OK]
2024-08-08T13:29:01,787 [zio-default-async-13] INFO  a.f.a.i.p.PassChainExecutor$ - PASS #13: BoundedChecker
2024-08-08T13:29:01,789 [zio-default-async-13] DEBUG a.f.a.t.b.s.Z3SolverContext - Creating Z3 solver context 6
2024-08-08T13:29:01,852 [zio-default-async-13] DEBUG a.f.a.t.b.t.TransitionExecutorImpl - Step #0, transition #0
2024-08-08T13:29:01,852 [zio-default-async-13] DEBUG a.f.a.t.b.t.TransitionExecutorImpl - Translating to SMT
2024-08-08T13:29:01,873 [zio-default-async-29] DEBUG a.f.a.t.b.SeqModelChecker - Step 0: Transition #0. Is it enabled?
2024-08-08T13:29:01,873 [zio-default-async-11] DEBUG a.f.a.t.b.SeqModelChecker - Step 0: Transition #0. Is it enabled?
2024-08-08T13:29:01,885 [zio-default-async-17] DEBUG a.f.a.t.b.SeqModelChecker - Step 0: Transition #0. Is it enabled?
2024-08-08T13:29:01,890 [zio-default-async-29] DEBUG a.f.a.t.b.SeqModelChecker - Step 0: Transition #0 is enabled
2024-08-08T13:29:01,891 [zio-default-async-17] DEBUG a.f.a.t.b.SeqModelChecker - Step 0: Transition #0 is enabled
2024-08-08T13:29:01,890 [zio-default-async-11] DEBUG a.f.a.t.b.SeqModelChecker - Step 0: Transition #0 is enabled
2024-08-08T13:29:01,898 [zio-default-async-21] DEBUG a.f.a.t.b.SeqModelChecker - Step 0: Transition #0. Is it enabled?
2024-08-08T13:29:01,898 [zio-default-async-29] INFO  a.f.a.t.b.t.TransitionExecutorImpl - Step 0: picking a transition out of 1 transition(s)
2024-08-08T13:29:01,898 [zio-default-async-17] INFO  a.f.a.t.b.t.TransitionExecutorImpl - Step 0: picking a transition out of 1 transition(s)
2024-08-08T13:29:01,898 [zio-default-async-11] INFO  a.f.a.t.b.t.TransitionExecutorImpl - Step 0: picking a transition out of 1 transition(s)
2024-08-08T13:29:01,899 [zio-default-async-21] DEBUG a.f.a.t.b.SeqModelChecker - Step 0: Transition #0 is enabled
2024-08-08T13:29:01,902 [zio-default-async-21] INFO  a.f.a.t.b.t.TransitionExecutorImpl - Step 0: picking a transition out of 1 transition(s)
2024-08-08T13:29:01,908 [zio-default-async-25] DEBUG a.f.a.t.b.SeqModelChecker - Step 0: Transition #0. Is it enabled?
2024-08-08T13:29:01,909 [zio-default-async-25] DEBUG a.f.a.t.b.SeqModelChecker - Step 0: Transition #0 is enabled
2024-08-08T13:29:01,909 [zio-default-async-25] INFO  a.f.a.t.b.t.TransitionExecutorImpl - Step 0: picking a transition out of 1 transition(s)
2024-08-08T13:29:01,915 [zio-default-async-11] DEBUG a.f.a.t.b.t.TransitionExecutorImpl - Step #1, transition #0
2024-08-08T13:29:01,915 [zio-default-async-11] DEBUG a.f.a.t.b.t.TransitionExecutorImpl - Translating to SMT
2024-08-08T13:29:01,915 [zio-default-async-17] DEBUG a.f.a.t.b.t.TransitionExecutorImpl - Step #1, transition #0
2024-08-08T13:29:01,915 [zio-default-async-17] DEBUG a.f.a.t.b.t.TransitionExecutorImpl - Translating to SMT
2024-08-08T13:29:01,915 [zio-default-async-21] DEBUG a.f.a.t.b.t.TransitionExecutorImpl - Step #1, transition #0
2024-08-08T13:29:01,916 [zio-default-async-21] DEBUG a.f.a.t.b.t.TransitionExecutorImpl - Translating to SMT
2024-08-08T13:29:01,916 [zio-default-async-25] DEBUG a.f.a.t.b.t.TransitionExecutorImpl - Step #1, transition #0
2024-08-08T13:29:01,916 [zio-default-async-25] DEBUG a.f.a.t.b.t.TransitionExecutorImpl - Translating to SMT
2024-08-08T13:29:01,915 [zio-default-async-29] DEBUG a.f.a.t.b.t.TransitionExecutorImpl - Step #1, transition #0
2024-08-08T13:29:01,916 [zio-default-async-29] DEBUG a.f.a.t.b.t.TransitionExecutorImpl - Translating to SMT
2024-08-08T13:29:01,922 [zio-default-async-13] DEBUG a.f.a.t.b.SeqModelChecker - Step 0: Transition #0. Is it enabled?
2024-08-08T13:29:01,923 [zio-default-async-29] DEBUG a.f.a.t.b.SeqModelChecker - Step 1: Transition #0. Is it enabled?
2024-08-08T13:29:01,923 [zio-default-async-13] DEBUG a.f.a.t.b.SeqModelChecker - Step 0: Transition #0 is enabled
2024-08-08T13:29:01,923 [zio-default-async-29] INFO  a.f.a.t.b.SeqModelChecker - Step 1: Transition #0 is disabled
2024-08-08T13:29:01,924 [zio-default-async-29] DEBUG a.f.a.t.b.t.TransitionExecutorImpl - Step #1, transition #1
2024-08-08T13:29:01,924 [zio-default-async-29] DEBUG a.f.a.t.b.t.TransitionExecutorImpl - Translating to SMT
2024-08-08T13:29:01,924 [zio-default-async-13] INFO  a.f.a.t.b.t.TransitionExecutorImpl - Step 0: picking a transition out of 1 transition(s)
2024-08-08T13:29:01,925 [zio-default-async-29] DEBUG a.f.a.t.b.SeqModelChecker - Step 1: Transition #1. Is it enabled?
2024-08-08T13:29:01,926 [zio-default-async-29] INFO  a.f.a.t.b.SeqModelChecker - Step 1: Transition #1 is disabled
2024-08-08T13:29:01,927 [zio-default-async-29] DEBUG a.f.a.t.b.t.TransitionExecutorImpl - Step #1, transition #2
2024-08-08T13:29:01,927 [zio-default-async-29] DEBUG a.f.a.t.b.t.TransitionExecutorImpl - Translating to SMT
2024-08-08T13:29:01,934 [zio-default-async-13] DEBUG a.f.a.t.b.t.TransitionExecutorImpl - Step #1, transition #0
2024-08-08T13:29:01,934 [zio-default-async-13] DEBUG a.f.a.t.b.t.TransitionExecutorImpl - Translating to SMT
2024-08-08T13:29:01,939 [zio-default-async-21] DEBUG a.f.a.t.b.SeqModelChecker - Step 1: Transition #0. Is it enabled?
2024-08-08T13:29:01,939 [zio-default-async-21] INFO  a.f.a.t.b.SeqModelChecker - Step 1: Transition #0 is disabled
2024-08-08T13:29:01,940 [zio-default-async-21] DEBUG a.f.a.t.b.t.TransitionExecutorImpl - Step #1, transition #1
2024-08-08T13:29:01,940 [zio-default-async-21] DEBUG a.f.a.t.b.t.TransitionExecutorImpl - Translating to SMT
2024-08-08T13:29:01,951 [zio-default-async-11] DEBUG a.f.a.t.b.SeqModelChecker - Step 1: Transition #0. Is it enabled?
2024-08-08T13:29:01,952 [zio-default-async-11] DEBUG a.f.a.t.b.SeqModelChecker - Step 1: Transition #0 is enabled
2024-08-08T13:29:01,953 [zio-default-async-11] DEBUG a.f.a.t.b.t.TransitionExecutorImpl - Step #1, transition #1
2024-08-08T13:29:01,953 [zio-default-async-11] DEBUG a.f.a.t.b.t.TransitionExecutorImpl - Translating to SMT
2024-08-08T13:29:01,955 [zio-default-async-29] DEBUG a.f.a.t.b.SeqModelChecker - Step 1: Transition #2. Is it enabled?
2024-08-08T13:29:01,957 [zio-default-async-29] INFO  a.f.a.t.b.SeqModelChecker - Step 1: Transition #2 is disabled
2024-08-08T13:29:01,958 [zio-default-async-29] DEBUG a.f.a.t.b.t.TransitionExecutorImpl - Step #1, transition #3
2024-08-08T13:29:01,958 [zio-default-async-29] DEBUG a.f.a.t.b.t.TransitionExecutorImpl - Translating to SMT
2024-08-08T13:29:01,960 [zio-default-async-12] DEBUG a.f.a.t.b.SeqModelChecker - Step 0: Transition #0. Is it enabled?
2024-08-08T13:29:01,961 [zio-default-async-12] DEBUG a.f.a.t.b.SeqModelChecker - Step 0: Transition #0 is enabled
2024-08-08T13:29:01,962 [zio-default-async-12] INFO  a.f.a.t.b.t.TransitionExecutorImpl - Step 0: picking a transition out of 1 transition(s)
2024-08-08T13:29:01,963 [zio-default-async-12] DEBUG a.f.a.t.b.t.TransitionExecutorImpl - Step #1, transition #0
2024-08-08T13:29:01,963 [zio-default-async-12] DEBUG a.f.a.t.b.t.TransitionExecutorImpl - Translating to SMT
2024-08-08T13:29:01,975 [zio-default-async-29] DEBUG a.f.a.t.b.SeqModelChecker - Step 1: Transition #3. Is it enabled?
2024-08-08T13:29:01,976 [zio-default-async-29] DEBUG a.f.a.t.b.SeqModelChecker - Step 1: Transition #3 is enabled
2024-08-08T13:29:01,977 [zio-default-async-29] DEBUG a.f.a.t.b.t.TransitionExecutorImpl - Step #1, transition #4
2024-08-08T13:29:01,977 [zio-default-async-29] DEBUG a.f.a.t.b.t.TransitionExecutorImpl - Translating to SMT
2024-08-08T13:29:01,986 [zio-default-async-12] DEBUG a.f.a.t.b.SeqModelChecker - Step 1: Transition #0. Is it enabled?
2024-08-08T13:29:01,987 [zio-default-async-21] DEBUG a.f.a.t.b.SeqModelChecker - Step 1: Transition #1. Is it enabled?
2024-08-08T13:29:01,987 [zio-default-async-12] DEBUG a.f.a.t.b.SeqModelChecker - Step 1: Transition #0 is enabled
2024-08-08T13:29:01,988 [zio-default-async-21] DEBUG a.f.a.t.b.SeqModelChecker - Step 1: Transition #1 is enabled
2024-08-08T13:29:01,988 [zio-default-async-12] DEBUG a.f.a.t.b.t.TransitionExecutorImpl - Step #1, transition #1
2024-08-08T13:29:01,988 [zio-default-async-12] DEBUG a.f.a.t.b.t.TransitionExecutorImpl - Translating to SMT
2024-08-08T13:29:01,989 [zio-default-async-21] DEBUG a.f.a.t.b.t.TransitionExecutorImpl - Step #1, transition #2
2024-08-08T13:29:01,989 [zio-default-async-21] DEBUG a.f.a.t.b.t.TransitionExecutorImpl - Translating to SMT
2024-08-08T13:29:01,993 [zio-default-async-11] DEBUG a.f.a.t.b.SeqModelChecker - Step 1: Transition #1. Is it enabled?
2024-08-08T13:29:01,994 [zio-default-async-11] INFO  a.f.a.t.b.SeqModelChecker - Step 1: Transition #1 is disabled
2024-08-08T13:29:01,995 [zio-default-async-11] DEBUG a.f.a.t.b.t.TransitionExecutorImpl - Step #1, transition #2
2024-08-08T13:29:01,995 [zio-default-async-11] DEBUG a.f.a.t.b.t.TransitionExecutorImpl - Translating to SMT
2024-08-08T13:29:01,996 [zio-default-async-17] DEBUG a.f.a.t.b.SeqModelChecker - Step 1: Transition #0. Is it enabled?
2024-08-08T13:29:01,997 [zio-default-async-17] DEBUG a.f.a.t.b.SeqModelChecker - Step 1: Transition #0 is enabled
2024-08-08T13:29:01,998 [zio-default-async-17] DEBUG a.f.a.t.b.t.TransitionExecutorImpl - Step #1, transition #1
2024-08-08T13:29:01,998 [zio-default-async-17] DEBUG a.f.a.t.b.t.TransitionExecutorImpl - Translating to SMT
2024-08-08T13:29:02,012 [zio-default-async-11] DEBUG a.f.a.t.b.SeqModelChecker - Step 1: Transition #2. Is it enabled?
2024-08-08T13:29:02,013 [zio-default-async-11] INFO  a.f.a.t.b.SeqModelChecker - Step 1: Transition #2 is disabled
2024-08-08T13:29:02,015 [zio-default-async-11] DEBUG a.f.a.t.b.t.TransitionExecutorImpl - Step #1, transition #3
2024-08-08T13:29:02,015 [zio-default-async-11] DEBUG a.f.a.t.b.t.TransitionExecutorImpl - Translating to SMT
2024-08-08T13:29:02,020 [zio-default-async-29] DEBUG a.f.a.t.b.SeqModelChecker - Step 1: Transition #4. Is it enabled?
2024-08-08T13:29:02,022 [zio-default-async-29] INFO  a.f.a.t.b.SeqModelChecker - Step 1: Transition #4 is disabled
2024-08-08T13:29:02,022 [zio-default-async-29] INFO  a.f.a.t.b.t.TransitionExecutorImpl - Step 1: picking a transition out of 1 transition(s)
2024-08-08T13:29:02,023 [zio-default-async-29] DEBUG a.f.a.t.b.t.TransitionExecutorImpl - Step #2, transition #0
2024-08-08T13:29:02,023 [zio-default-async-29] DEBUG a.f.a.t.b.t.TransitionExecutorImpl - Translating to SMT
2024-08-08T13:29:02,025 [zio-default-async-29] DEBUG a.f.a.t.b.SeqModelChecker - Step 2: Transition #0. Is it enabled?
2024-08-08T13:29:02,025 [zio-default-async-29] INFO  a.f.a.t.b.SeqModelChecker - Step 2: Transition #0 is disabled
2024-08-08T13:29:02,026 [zio-default-async-29] DEBUG a.f.a.t.b.t.TransitionExecutorImpl - Step #2, transition #1
2024-08-08T13:29:02,026 [zio-default-async-29] DEBUG a.f.a.t.b.t.TransitionExecutorImpl - Translating to SMT
2024-08-08T13:29:02,027 [zio-default-async-29] DEBUG a.f.a.t.b.SeqModelChecker - Step 2: Transition #1. Is it enabled?
2024-08-08T13:29:02,027 [zio-default-async-29] INFO  a.f.a.t.b.SeqModelChecker - Step 2: Transition #1 is disabled
2024-08-08T13:29:02,028 [zio-default-async-29] DEBUG a.f.a.t.b.t.TransitionExecutorImpl - Step #2, transition #2
2024-08-08T13:29:02,028 [zio-default-async-29] DEBUG a.f.a.t.b.t.TransitionExecutorImpl - Translating to SMT
2024-08-08T13:29:02,033 [zio-default-async-17] DEBUG a.f.a.t.b.SeqModelChecker - Step 1: Transition #1. Is it enabled?
2024-08-08T13:29:02,037 [zio-default-async-17] DEBUG a.f.a.t.b.SeqModelChecker - Step 1: Transition #1 is enabled
2024-08-08T13:29:02,037 [zio-default-async-21] DEBUG a.f.a.t.b.SeqModelChecker - Step 1: Transition #2. Is it enabled?
2024-08-08T13:29:02,038 [zio-default-async-17] DEBUG a.f.a.t.b.t.TransitionExecutorImpl - Step #1, transition #2
2024-08-08T13:29:02,038 [zio-default-async-17] DEBUG a.f.a.t.b.t.TransitionExecutorImpl - Translating to SMT
2024-08-08T13:29:02,038 [zio-default-async-21] INFO  a.f.a.t.b.SeqModelChecker - Step 1: Transition #2 is disabled
2024-08-08T13:29:02,039 [zio-default-async-21] DEBUG a.f.a.t.b.t.TransitionExecutorImpl - Step #1, transition #3
2024-08-08T13:29:02,039 [zio-default-async-21] DEBUG a.f.a.t.b.t.TransitionExecutorImpl - Translating to SMT
2024-08-08T13:29:02,039 [zio-default-async-12] DEBUG a.f.a.t.b.SeqModelChecker - Step 1: Transition #1. Is it enabled?
2024-08-08T13:29:02,040 [zio-default-async-17] DEBUG a.f.a.t.b.SeqModelChecker - Step 1: Transition #2. Is it enabled?
2024-08-08T13:29:02,040 [zio-default-async-17] INFO  a.f.a.t.b.SeqModelChecker - Step 1: Transition #2 is disabled
2024-08-08T13:29:02,040 [zio-default-async-29] DEBUG a.f.a.t.b.SeqModelChecker - Step 2: Transition #2. Is it enabled?
2024-08-08T13:29:02,041 [zio-default-async-17] DEBUG a.f.a.t.b.t.TransitionExecutorImpl - Step #1, transition #3
2024-08-08T13:29:02,041 [zio-default-async-17] DEBUG a.f.a.t.b.t.TransitionExecutorImpl - Translating to SMT
2024-08-08T13:29:02,041 [zio-default-async-29] DEBUG a.f.a.t.b.SeqModelChecker - Step 2: Transition #2 is enabled
2024-08-08T13:29:02,042 [zio-default-async-29] DEBUG a.f.a.t.b.t.TransitionExecutorImpl - Step #2, transition #3
2024-08-08T13:29:02,042 [zio-default-async-29] DEBUG a.f.a.t.b.t.TransitionExecutorImpl - Translating to SMT
2024-08-08T13:29:02,044 [zio-default-async-12] DEBUG a.f.a.t.b.SeqModelChecker - Step 1: Transition #1 is enabled
2024-08-08T13:29:02,044 [zio-default-async-21] DEBUG a.f.a.t.b.SeqModelChecker - Step 1: Transition #3. Is it enabled?
2024-08-08T13:29:02,045 [zio-default-async-12] DEBUG a.f.a.t.b.t.TransitionExecutorImpl - Step #1, transition #2
2024-08-08T13:29:02,045 [zio-default-async-12] DEBUG a.f.a.t.b.t.TransitionExecutorImpl - Translating to SMT
2024-08-08T13:29:02,045 [zio-default-async-21] DEBUG a.f.a.t.b.SeqModelChecker - Step 1: Transition #3 is enabled
2024-08-08T13:29:02,045 [zio-default-async-11] DEBUG a.f.a.t.b.SeqModelChecker - Step 1: Transition #3. Is it enabled?
2024-08-08T13:29:02,046 [zio-default-async-21] DEBUG a.f.a.t.b.t.TransitionExecutorImpl - Step #1, transition #4
2024-08-08T13:29:02,046 [zio-default-async-21] DEBUG a.f.a.t.b.t.TransitionExecutorImpl - Translating to SMT
2024-08-08T13:29:02,046 [zio-default-async-11] INFO  a.f.a.t.b.SeqModelChecker - Step 1: Transition #3 is disabled
2024-08-08T13:29:02,047 [zio-default-async-11] DEBUG a.f.a.t.b.t.TransitionExecutorImpl - Step #1, transition #4
2024-08-08T13:29:02,047 [zio-default-async-11] DEBUG a.f.a.t.b.t.TransitionExecutorImpl - Translating to SMT
2024-08-08T13:29:02,053 [zio-default-async-11] DEBUG a.f.a.t.b.SeqModelChecker - Step 1: Transition #4. Is it enabled?
2024-08-08T13:29:02,054 [zio-default-async-21] DEBUG a.f.a.t.b.SeqModelChecker - Step 1: Transition #4. Is it enabled?
2024-08-08T13:29:02,055 [zio-default-async-17] DEBUG a.f.a.t.b.SeqModelChecker - Step 1: Transition #3. Is it enabled?
2024-08-08T13:29:02,055 [zio-default-async-17] INFO  a.f.a.t.b.SeqModelChecker - Step 1: Transition #3 is disabled
2024-08-08T13:29:02,055 [zio-default-async-21] INFO  a.f.a.t.b.SeqModelChecker - Step 1: Transition #4 is disabled
2024-08-08T13:29:02,056 [zio-default-async-17] DEBUG a.f.a.t.b.t.TransitionExecutorImpl - Step #1, transition #4
2024-08-08T13:29:02,056 [zio-default-async-17] DEBUG a.f.a.t.b.t.TransitionExecutorImpl - Translating to SMT
2024-08-08T13:29:02,056 [zio-default-async-21] DEBUG a.f.a.t.b.t.TransitionExecutorImpl - Step #1, transition #5
2024-08-08T13:29:02,056 [zio-default-async-21] DEBUG a.f.a.t.b.t.TransitionExecutorImpl - Translating to SMT
2024-08-08T13:29:02,057 [zio-default-async-17] DEBUG a.f.a.t.b.SeqModelChecker - Step 1: Transition #4. Is it enabled?
2024-08-08T13:29:02,058 [zio-default-async-17] INFO  a.f.a.t.b.SeqModelChecker - Step 1: Transition #4 is disabled
2024-08-08T13:29:02,058 [zio-default-async-17] DEBUG a.f.a.t.b.t.TransitionExecutorImpl - Step #1, transition #5
2024-08-08T13:29:02,058 [zio-default-async-17] DEBUG a.f.a.t.b.t.TransitionExecutorImpl - Translating to SMT
2024-08-08T13:29:02,061 [zio-default-async-11] INFO  a.f.a.t.b.SeqModelChecker - Step 1: Transition #4 is disabled
2024-08-08T13:29:02,063 [zio-default-async-11] INFO  a.f.a.t.b.t.TransitionExecutorImpl - Step 1: picking a transition out of 1 transition(s)
2024-08-08T13:29:02,064 [zio-default-async-11] DEBUG a.f.a.t.b.t.TransitionExecutorImpl - Step #2, transition #0
2024-08-08T13:29:02,064 [zio-default-async-11] DEBUG a.f.a.t.b.t.TransitionExecutorImpl - Translating to SMT
2024-08-08T13:29:02,065 [zio-default-async-17] DEBUG a.f.a.t.b.SeqModelChecker - Step 1: Transition #5. Is it enabled?
2024-08-08T13:29:02,066 [zio-default-async-17] INFO  a.f.a.t.b.SeqModelChecker - Step 1: Transition #5 is disabled
2024-08-08T13:29:02,067 [zio-default-async-17] INFO  a.f.a.t.b.t.TransitionExecutorImpl - Step 1: picking a transition out of 2 transition(s)
2024-08-08T13:29:02,093 [zio-default-async-29] DEBUG a.f.a.t.b.SeqModelChecker - Step 2: Transition #3. Is it enabled?
2024-08-08T13:29:02,095 [zio-default-async-29] INFO  a.f.a.t.b.SeqModelChecker - Step 2: Transition #3 is disabled
2024-08-08T13:29:02,095 [zio-default-async-29] DEBUG a.f.a.t.b.t.TransitionExecutorImpl - Step #2, transition #4
2024-08-08T13:29:02,095 [zio-default-async-29] DEBUG a.f.a.t.b.t.TransitionExecutorImpl - Translating to SMT
2024-08-08T13:29:02,108 [zio-default-async-11] DEBUG a.f.a.t.b.SeqModelChecker - Step 2: Transition #0. Is it enabled?
2024-08-08T13:29:02,109 [zio-default-async-29] DEBUG a.f.a.t.b.SeqModelChecker - Step 2: Transition #4. Is it enabled?
2024-08-08T13:29:02,109 [zio-default-async-11] INFO  a.f.a.t.b.SeqModelChecker - Step 2: Transition #0 is disabled
2024-08-08T13:29:02,110 [zio-default-async-11] DEBUG a.f.a.t.b.t.TransitionExecutorImpl - Step #2, transition #1
2024-08-08T13:29:02,110 [zio-default-async-11] DEBUG a.f.a.t.b.t.TransitionExecutorImpl - Translating to SMT
2024-08-08T13:29:02,110 [zio-default-async-29] INFO  a.f.a.t.b.SeqModelChecker - Step 2: Transition #4 is disabled
2024-08-08T13:29:02,111 [zio-default-async-29] INFO  a.f.a.t.b.t.TransitionExecutorImpl - Step 2: picking a transition out of 1 transition(s)
2024-08-08T13:29:02,112 [zio-default-async-29] DEBUG a.f.a.t.b.t.TransitionExecutorImpl - Step #3, transition #0
2024-08-08T13:29:02,112 [zio-default-async-29] DEBUG a.f.a.t.b.t.TransitionExecutorImpl - Translating to SMT
2024-08-08T13:29:02,110 [zio-default-async-17] DEBUG a.f.a.t.b.t.TransitionExecutorImpl - Step #2, transition #0
2024-08-08T13:29:02,113 [zio-default-async-17] DEBUG a.f.a.t.b.t.TransitionExecutorImpl - Translating to SMT
2024-08-08T13:29:02,117 [zio-default-async-29] DEBUG a.f.a.t.b.SeqModelChecker - Step 3: Transition #0. Is it enabled?
2024-08-08T13:29:02,120 [zio-default-async-29] INFO  a.f.a.t.b.SeqModelChecker - Step 3: Transition #0 is disabled
2024-08-08T13:29:02,120 [zio-default-async-29] DEBUG a.f.a.t.b.t.TransitionExecutorImpl - Step #3, transition #1
2024-08-08T13:29:02,120 [zio-default-async-29] DEBUG a.f.a.t.b.t.TransitionExecutorImpl - Translating to SMT
2024-08-08T13:29:02,123 [zio-default-async-21] DEBUG a.f.a.t.b.SeqModelChecker - Step 1: Transition #5. Is it enabled?
2024-08-08T13:29:02,124 [zio-default-async-21] DEBUG a.f.a.t.b.SeqModelChecker - Step 1: Transition #5 is enabled
2024-08-08T13:29:02,126 [zio-default-async-21] INFO  a.f.a.t.b.t.TransitionExecutorImpl - Step 1: picking a transition out of 3 transition(s)
2024-08-08T13:29:02,133 [zio-default-async-29] DEBUG a.f.a.t.b.SeqModelChecker - Step 3: Transition #1. Is it enabled?
2024-08-08T13:29:02,135 [zio-default-async-29] INFO  a.f.a.t.b.SeqModelChecker - Step 3: Transition #1 is disabled
2024-08-08T13:29:02,135 [zio-default-async-29] DEBUG a.f.a.t.b.t.TransitionExecutorImpl - Step #3, transition #2
2024-08-08T13:29:02,135 [zio-default-async-29] DEBUG a.f.a.t.b.t.TransitionExecutorImpl - Translating to SMT
2024-08-08T13:29:02,116 [zio-default-async-12] DEBUG a.f.a.t.b.SeqModelChecker - Step 1: Transition #2. Is it enabled?
2024-08-08T13:29:02,149 [zio-default-async-12] DEBUG a.f.a.t.b.SeqModelChecker - Step 1: Transition #2 is enabled
2024-08-08T13:29:02,151 [zio-default-async-12] DEBUG a.f.a.t.b.t.TransitionExecutorImpl - Step #1, transition #3
2024-08-08T13:29:02,151 [zio-default-async-12] DEBUG a.f.a.t.b.t.TransitionExecutorImpl - Translating to SMT
2024-08-08T13:29:02,156 [zio-default-async-11] DEBUG a.f.a.t.b.SeqModelChecker - Step 2: Transition #1. Is it enabled?
2024-08-08T13:29:02,158 [zio-default-async-11] DEBUG a.f.a.t.b.SeqModelChecker - Step 2: Transition #1 is enabled
2024-08-08T13:29:02,158 [zio-default-async-11] DEBUG a.f.a.t.b.t.TransitionExecutorImpl - Step #2, transition #2
2024-08-08T13:29:02,158 [zio-default-async-11] DEBUG a.f.a.t.b.t.TransitionExecutorImpl - Translating to SMT
2024-08-08T13:29:02,163 [zio-default-async-29] DEBUG a.f.a.t.b.SeqModelChecker - Step 3: Transition #2. Is it enabled?
2024-08-08T13:29:02,164 [zio-default-async-29] DEBUG a.f.a.t.b.SeqModelChecker - Step 3: Transition #2 is enabled
2024-08-08T13:29:02,165 [zio-default-async-29] DEBUG a.f.a.t.b.t.TransitionExecutorImpl - Step #3, transition #3
2024-08-08T13:29:02,165 [zio-default-async-29] DEBUG a.f.a.t.b.t.TransitionExecutorImpl - Translating to SMT
2024-08-08T13:29:02,166 [zio-default-async-11] DEBUG a.f.a.t.b.SeqModelChecker - Step 2: Transition #2. Is it enabled?
2024-08-08T13:29:02,167 [zio-default-async-11] DEBUG a.f.a.t.b.SeqModelChecker - Step 2: Transition #2 is enabled
2024-08-08T13:29:02,167 [zio-default-async-11] DEBUG a.f.a.t.b.t.TransitionExecutorImpl - Step #2, transition #3
2024-08-08T13:29:02,167 [zio-default-async-11] DEBUG a.f.a.t.b.t.TransitionExecutorImpl - Translating to SMT
2024-08-08T13:29:02,174 [zio-default-async-12] DEBUG a.f.a.t.b.SeqModelChecker - Step 1: Transition #3. Is it enabled?
2024-08-08T13:29:02,175 [zio-default-async-12] DEBUG a.f.a.t.b.SeqModelChecker - Step 1: Transition #3 is enabled
2024-08-08T13:29:02,176 [zio-default-async-12] INFO  a.f.a.t.b.t.TransitionExecutorImpl - Step 1: picking a transition out of 4 transition(s)
2024-08-08T13:29:02,181 [zio-default-async-29] DEBUG a.f.a.t.b.SeqModelChecker - Step 3: Transition #3. Is it enabled?
2024-08-08T13:29:02,183 [zio-default-async-29] INFO  a.f.a.t.b.SeqModelChecker - Step 3: Transition #3 is disabled
2024-08-08T13:29:02,184 [zio-default-async-29] DEBUG a.f.a.t.b.t.TransitionExecutorImpl - Step #3, transition #4
2024-08-08T13:29:02,184 [zio-default-async-29] DEBUG a.f.a.t.b.t.TransitionExecutorImpl - Translating to SMT
2024-08-08T13:29:02,188 [zio-default-async-11] DEBUG a.f.a.t.b.SeqModelChecker - Step 2: Transition #3. Is it enabled?
2024-08-08T13:29:02,190 [zio-default-async-21] DEBUG a.f.a.t.b.t.TransitionExecutorImpl - Step #2, transition #0
2024-08-08T13:29:02,190 [zio-default-async-21] DEBUG a.f.a.t.b.t.TransitionExecutorImpl - Translating to SMT
2024-08-08T13:29:02,190 [zio-default-async-11] DEBUG a.f.a.t.b.SeqModelChecker - Step 2: Transition #3 is enabled
2024-08-08T13:29:02,191 [zio-default-async-11] DEBUG a.f.a.t.b.t.TransitionExecutorImpl - Step #2, transition #4
2024-08-08T13:29:02,191 [zio-default-async-11] DEBUG a.f.a.t.b.t.TransitionExecutorImpl - Translating to SMT
2024-08-08T13:29:02,192 [zio-default-async-29] DEBUG a.f.a.t.b.SeqModelChecker - Step 3: Transition #4. Is it enabled?
2024-08-08T13:29:02,193 [zio-default-async-29] INFO  a.f.a.t.b.SeqModelChecker - Step 3: Transition #4 is disabled
2024-08-08T13:29:02,194 [zio-default-async-29] INFO  a.f.a.t.b.t.TransitionExecutorImpl - Step 3: picking a transition out of 1 transition(s)
2024-08-08T13:29:02,194 [zio-default-async-17] DEBUG a.f.a.t.b.SeqModelChecker - Step 2: Transition #0. Is it enabled?
2024-08-08T13:29:02,196 [zio-default-async-11] DEBUG a.f.a.t.b.SeqModelChecker - Step 2: Transition #4. Is it enabled?
2024-08-08T13:29:02,197 [zio-default-async-11] INFO  a.f.a.t.b.SeqModelChecker - Step 2: Transition #4 is disabled
2024-08-08T13:29:02,197 [zio-default-async-29] DEBUG a.f.a.t.b.s.Z3SolverContext - Disposing Z3 solver context 4
2024-08-08T13:29:02,197 [zio-default-async-11] INFO  a.f.a.t.b.t.TransitionExecutorImpl - Step 2: picking a transition out of 3 transition(s)
2024-08-08T13:29:02,202 [zio-default-async-11] DEBUG a.f.a.t.b.t.TransitionExecutorImpl - Step #3, transition #0
2024-08-08T13:29:02,202 [zio-default-async-11] DEBUG a.f.a.t.b.t.TransitionExecutorImpl - Translating to SMT
2024-08-08T13:29:02,203 [zio-default-async-13] DEBUG a.f.a.t.b.SeqModelChecker - Step 1: Transition #0. Is it enabled?
2024-08-08T13:29:02,206 [zio-default-async-13] INFO  a.f.a.t.b.SeqModelChecker - Step 1: Transition #0 is disabled
2024-08-08T13:29:02,207 [zio-default-async-13] DEBUG a.f.a.t.b.t.TransitionExecutorImpl - Step #1, transition #1
2024-08-08T13:29:02,207 [zio-default-async-13] DEBUG a.f.a.t.b.t.TransitionExecutorImpl - Translating to SMT
2024-08-08T13:29:02,208 [zio-default-async-21] DEBUG a.f.a.t.b.SeqModelChecker - Step 2: Transition #0. Is it enabled?
2024-08-08T13:29:02,209 [zio-default-async-17] DEBUG a.f.a.t.b.SeqModelChecker - Step 2: Transition #0 is enabled
2024-08-08T13:29:02,209 [zio-default-async-29] INFO  a.f.a.t.b.p.BoundedCheckerPassImpl - The outcome is: NoError
2024-08-08T13:29:02,209 [zio-default-async-29] DEBUG a.f.a.i.p.PassChainExecutor$ - PASS #13: BoundedChecker [OK]
2024-08-08T13:29:02,209 [zio-default-async-17] DEBUG a.f.a.t.b.t.TransitionExecutorImpl - Step #2, transition #1
2024-08-08T13:29:02,209 [zio-default-async-17] DEBUG a.f.a.t.b.t.TransitionExecutorImpl - Translating to SMT
2024-08-08T13:29:02,209 [zio-default-async-21] DEBUG a.f.a.t.b.SeqModelChecker - Step 2: Transition #0 is enabled
2024-08-08T13:29:02,210 [zio-default-async-21] DEBUG a.f.a.t.b.t.TransitionExecutorImpl - Step #2, transition #1
2024-08-08T13:29:02,210 [zio-default-async-21] DEBUG a.f.a.t.b.t.TransitionExecutorImpl - Translating to SMT
2024-08-08T13:29:02,225 [zio-default-async-12] DEBUG a.f.a.t.b.t.TransitionExecutorImpl - Step #2, transition #0
2024-08-08T13:29:02,225 [zio-default-async-12] DEBUG a.f.a.t.b.t.TransitionExecutorImpl - Translating to SMT
2024-08-08T13:29:02,226 [zio-default-async-11] DEBUG a.f.a.t.b.SeqModelChecker - Step 3: Transition #0. Is it enabled?
2024-08-08T13:29:02,227 [zio-default-async-11] INFO  a.f.a.t.b.SeqModelChecker - Step 3: Transition #0 is disabled
2024-08-08T13:29:02,227 [zio-default-async-11] DEBUG a.f.a.t.b.t.TransitionExecutorImpl - Step #3, transition #1
2024-08-08T13:29:02,227 [zio-default-async-11] DEBUG a.f.a.t.b.t.TransitionExecutorImpl - Translating to SMT
2024-08-08T13:29:02,239 [zio-default-async-11] DEBUG a.f.a.t.b.SeqModelChecker - Step 3: Transition #1. Is it enabled?
2024-08-08T13:29:02,242 [zio-default-async-11] INFO  a.f.a.t.b.SeqModelChecker - Step 3: Transition #1 is disabled
2024-08-08T13:29:02,243 [zio-default-async-11] DEBUG a.f.a.t.b.t.TransitionExecutorImpl - Step #3, transition #2
2024-08-08T13:29:02,243 [zio-default-async-11] DEBUG a.f.a.t.b.t.TransitionExecutorImpl - Translating to SMT
2024-08-08T13:29:02,243 [zio-default-async-21] DEBUG a.f.a.t.b.SeqModelChecker - Step 2: Transition #1. Is it enabled?
2024-08-08T13:29:02,261 [zio-default-async-21] DEBUG a.f.a.t.b.SeqModelChecker - Step 2: Transition #1 is enabled
2024-08-08T13:29:02,262 [zio-default-async-21] DEBUG a.f.a.t.b.t.TransitionExecutorImpl - Step #2, transition #2
2024-08-08T13:29:02,263 [zio-default-async-21] DEBUG a.f.a.t.b.t.TransitionExecutorImpl - Translating to SMT
2024-08-08T13:29:02,267 [zio-default-async-11] DEBUG a.f.a.t.b.SeqModelChecker - Step 3: Transition #2. Is it enabled?
2024-08-08T13:29:02,267 [zio-default-async-12] DEBUG a.f.a.t.b.SeqModelChecker - Step 2: Transition #0. Is it enabled?
2024-08-08T13:29:02,268 [zio-default-async-11] INFO  a.f.a.t.b.SeqModelChecker - Step 3: Transition #2 is disabled
2024-08-08T13:29:02,269 [zio-default-async-11] DEBUG a.f.a.t.b.t.TransitionExecutorImpl - Step #3, transition #3
2024-08-08T13:29:02,269 [zio-default-async-11] DEBUG a.f.a.t.b.t.TransitionExecutorImpl - Translating to SMT
2024-08-08T13:29:02,269 [zio-default-async-12] DEBUG a.f.a.t.b.SeqModelChecker - Step 2: Transition #0 is enabled
2024-08-08T13:29:02,270 [zio-default-async-12] DEBUG a.f.a.t.b.t.TransitionExecutorImpl - Step #2, transition #1
2024-08-08T13:29:02,270 [zio-default-async-12] DEBUG a.f.a.t.b.t.TransitionExecutorImpl - Translating to SMT
2024-08-08T13:29:02,286 [zio-default-async-11] DEBUG a.f.a.t.b.SeqModelChecker - Step 3: Transition #3. Is it enabled?
2024-08-08T13:29:02,288 [zio-default-async-11] INFO  a.f.a.t.b.SeqModelChecker - Step 3: Transition #3 is disabled
2024-08-08T13:29:02,289 [zio-default-async-11] DEBUG a.f.a.t.b.t.TransitionExecutorImpl - Step #3, transition #4
2024-08-08T13:29:02,289 [zio-default-async-11] DEBUG a.f.a.t.b.t.TransitionExecutorImpl - Translating to SMT
2024-08-08T13:29:02,292 [zio-default-async-11] DEBUG a.f.a.t.b.SeqModelChecker - Step 3: Transition #4. Is it enabled?
2024-08-08T13:29:02,293 [zio-default-async-11] DEBUG a.f.a.t.b.SeqModelChecker - Step 3: Transition #4 is enabled
2024-08-08T13:29:02,293 [zio-default-async-11] INFO  a.f.a.t.b.t.TransitionExecutorImpl - Step 3: picking a transition out of 1 transition(s)
2024-08-08T13:29:02,294 [zio-default-async-11] DEBUG a.f.a.t.b.s.Z3SolverContext - Disposing Z3 solver context 5
2024-08-08T13:29:02,299 [zio-default-async-17] DEBUG a.f.a.t.b.SeqModelChecker - Step 2: Transition #1. Is it enabled?
2024-08-08T13:29:02,301 [zio-default-async-21] DEBUG a.f.a.t.b.SeqModelChecker - Step 2: Transition #2. Is it enabled?
2024-08-08T13:29:02,302 [zio-default-async-17] DEBUG a.f.a.t.b.SeqModelChecker - Step 2: Transition #1 is enabled
2024-08-08T13:29:02,303 [zio-default-async-17] DEBUG a.f.a.t.b.t.TransitionExecutorImpl - Step #2, transition #2
2024-08-08T13:29:02,303 [zio-default-async-17] DEBUG a.f.a.t.b.t.TransitionExecutorImpl - Translating to SMT
2024-08-08T13:29:02,304 [zio-default-async-17] DEBUG a.f.a.t.b.SeqModelChecker - Step 2: Transition #2. Is it enabled?
2024-08-08T13:29:02,305 [zio-default-async-12] DEBUG a.f.a.t.b.SeqModelChecker - Step 2: Transition #1. Is it enabled?
2024-08-08T13:29:02,305 [zio-default-async-17] INFO  a.f.a.t.b.SeqModelChecker - Step 2: Transition #2 is disabled
2024-08-08T13:29:02,306 [zio-default-async-17] DEBUG a.f.a.t.b.t.TransitionExecutorImpl - Step #2, transition #3
2024-08-08T13:29:02,306 [zio-default-async-17] DEBUG a.f.a.t.b.t.TransitionExecutorImpl - Translating to SMT
2024-08-08T13:29:02,307 [zio-default-async-12] DEBUG a.f.a.t.b.SeqModelChecker - Step 2: Transition #1 is enabled
2024-08-08T13:29:02,308 [zio-default-async-12] DEBUG a.f.a.t.b.t.TransitionExecutorImpl - Step #2, transition #2
2024-08-08T13:29:02,308 [zio-default-async-12] DEBUG a.f.a.t.b.t.TransitionExecutorImpl - Translating to SMT
2024-08-08T13:29:02,312 [zio-default-async-11] INFO  a.f.a.t.b.p.BoundedCheckerPassImpl - The outcome is: NoError
2024-08-08T13:29:02,313 [zio-default-async-11] DEBUG a.f.a.i.p.PassChainExecutor$ - PASS #13: BoundedChecker [OK]
2024-08-08T13:29:02,316 [zio-default-async-21] INFO  a.f.a.t.b.SeqModelChecker - Step 2: Transition #2 is disabled
2024-08-08T13:29:02,316 [zio-default-async-21] DEBUG a.f.a.t.b.t.TransitionExecutorImpl - Step #2, transition #3
2024-08-08T13:29:02,317 [zio-default-async-21] DEBUG a.f.a.t.b.t.TransitionExecutorImpl - Translating to SMT
2024-08-08T13:29:02,321 [zio-default-async-21] DEBUG a.f.a.t.b.SeqModelChecker - Step 2: Transition #3. Is it enabled?
2024-08-08T13:29:02,322 [zio-default-async-21] DEBUG a.f.a.t.b.SeqModelChecker - Step 2: Transition #3 is enabled
2024-08-08T13:29:02,322 [zio-default-async-21] DEBUG a.f.a.t.b.t.TransitionExecutorImpl - Step #2, transition #4
2024-08-08T13:29:02,323 [zio-default-async-21] DEBUG a.f.a.t.b.t.TransitionExecutorImpl - Translating to SMT
2024-08-08T13:29:02,338 [zio-default-async-21] DEBUG a.f.a.t.b.SeqModelChecker - Step 2: Transition #4. Is it enabled?
2024-08-08T13:29:02,339 [zio-default-async-21] INFO  a.f.a.t.b.SeqModelChecker - Step 2: Transition #4 is disabled
2024-08-08T13:29:02,339 [zio-default-async-17] DEBUG a.f.a.t.b.SeqModelChecker - Step 2: Transition #3. Is it enabled?
2024-08-08T13:29:02,339 [zio-default-async-21] DEBUG a.f.a.t.b.t.TransitionExecutorImpl - Step #2, transition #5
2024-08-08T13:29:02,339 [zio-default-async-21] DEBUG a.f.a.t.b.t.TransitionExecutorImpl - Translating to SMT
2024-08-08T13:29:02,340 [zio-default-async-17] DEBUG a.f.a.t.b.SeqModelChecker - Step 2: Transition #3 is enabled
2024-08-08T13:29:02,340 [zio-default-async-17] DEBUG a.f.a.t.b.t.TransitionExecutorImpl - Step #2, transition #4
2024-08-08T13:29:02,340 [zio-default-async-17] DEBUG a.f.a.t.b.t.TransitionExecutorImpl - Translating to SMT
2024-08-08T13:29:02,341 [zio-default-async-17] DEBUG a.f.a.t.b.SeqModelChecker - Step 2: Transition #4. Is it enabled?
2024-08-08T13:29:02,342 [zio-default-async-17] INFO  a.f.a.t.b.SeqModelChecker - Step 2: Transition #4 is disabled
2024-08-08T13:29:02,342 [zio-default-async-17] DEBUG a.f.a.t.b.t.TransitionExecutorImpl - Step #2, transition #5
2024-08-08T13:29:02,342 [zio-default-async-17] DEBUG a.f.a.t.b.t.TransitionExecutorImpl - Translating to SMT
2024-08-08T13:29:02,346 [zio-default-async-17] DEBUG a.f.a.t.b.SeqModelChecker - Step 2: Transition #5. Is it enabled?
2024-08-08T13:29:02,347 [zio-default-async-17] DEBUG a.f.a.t.b.SeqModelChecker - Step 2: Transition #5 is enabled
2024-08-08T13:29:02,360 [zio-default-async-17] INFO  a.f.a.t.b.t.TransitionExecutorImpl - Step 2: picking a transition out of 4 transition(s)
2024-08-08T13:29:02,364 [zio-default-async-25] DEBUG a.f.a.t.b.SeqModelChecker - Step 1: Transition #0. Is it enabled?
2024-08-08T13:29:02,374 [zio-default-async-17] DEBUG a.f.a.t.b.t.TransitionExecutorImpl - Step #3, transition #0
2024-08-08T13:29:02,374 [zio-default-async-25] DEBUG a.f.a.t.b.SeqModelChecker - Step 1: Transition #0 is enabled
2024-08-08T13:29:02,374 [zio-default-async-17] DEBUG a.f.a.t.b.t.TransitionExecutorImpl - Translating to SMT
2024-08-08T13:29:02,375 [zio-default-async-25] DEBUG a.f.a.t.b.t.TransitionExecutorImpl - Step #1, transition #1
2024-08-08T13:29:02,376 [zio-default-async-25] DEBUG a.f.a.t.b.t.TransitionExecutorImpl - Translating to SMT
2024-08-08T13:29:02,380 [zio-default-async-21] DEBUG a.f.a.t.b.SeqModelChecker - Step 2: Transition #5. Is it enabled?
2024-08-08T13:29:02,380 [zio-default-async-12] DEBUG a.f.a.t.b.SeqModelChecker - Step 2: Transition #2. Is it enabled?
2024-08-08T13:29:02,383 [zio-default-async-21] DEBUG a.f.a.t.b.SeqModelChecker - Step 2: Transition #5 is enabled
2024-08-08T13:29:02,384 [zio-default-async-21] INFO  a.f.a.t.b.t.TransitionExecutorImpl - Step 2: picking a transition out of 4 transition(s)
2024-08-08T13:29:02,387 [zio-default-async-12] DEBUG a.f.a.t.b.SeqModelChecker - Step 2: Transition #2 is enabled
2024-08-08T13:29:02,388 [zio-default-async-12] DEBUG a.f.a.t.b.t.TransitionExecutorImpl - Step #2, transition #3
2024-08-08T13:29:02,388 [zio-default-async-12] DEBUG a.f.a.t.b.t.TransitionExecutorImpl - Translating to SMT
2024-08-08T13:29:02,405 [zio-default-async-12] DEBUG a.f.a.t.b.SeqModelChecker - Step 2: Transition #3. Is it enabled?
2024-08-08T13:29:02,421 [zio-default-async-12] DEBUG a.f.a.t.b.SeqModelChecker - Step 2: Transition #3 is enabled
2024-08-08T13:29:02,423 [zio-default-async-12] INFO  a.f.a.t.b.t.TransitionExecutorImpl - Step 2: picking a transition out of 4 transition(s)
2024-08-08T13:29:02,471 [zio-default-async-21] DEBUG a.f.a.t.b.t.TransitionExecutorImpl - Step #3, transition #0
2024-08-08T13:29:02,471 [zio-default-async-21] DEBUG a.f.a.t.b.t.TransitionExecutorImpl - Translating to SMT
2024-08-08T13:29:02,487 [zio-default-async-21] DEBUG a.f.a.t.b.SeqModelChecker - Step 3: Transition #0. Is it enabled?
2024-08-08T13:29:02,487 [zio-default-async-12] DEBUG a.f.a.t.b.t.TransitionExecutorImpl - Step #3, transition #0
2024-08-08T13:29:02,487 [zio-default-async-12] DEBUG a.f.a.t.b.t.TransitionExecutorImpl - Translating to SMT
2024-08-08T13:29:02,490 [zio-default-async-21] DEBUG a.f.a.t.b.SeqModelChecker - Step 3: Transition #0 is enabled
2024-08-08T13:29:02,491 [zio-default-async-21] DEBUG a.f.a.t.b.t.TransitionExecutorImpl - Step #3, transition #1
2024-08-08T13:29:02,491 [zio-default-async-21] DEBUG a.f.a.t.b.t.TransitionExecutorImpl - Translating to SMT
2024-08-08T13:29:02,504 [zio-default-async-12] DEBUG a.f.a.t.b.SeqModelChecker - Step 3: Transition #0. Is it enabled?
2024-08-08T13:29:02,508 [zio-default-async-12] DEBUG a.f.a.t.b.SeqModelChecker - Step 3: Transition #0 is enabled
2024-08-08T13:29:02,524 [zio-default-async-12] DEBUG a.f.a.t.b.t.TransitionExecutorImpl - Step #3, transition #1
2024-08-08T13:29:02,524 [zio-default-async-12] DEBUG a.f.a.t.b.t.TransitionExecutorImpl - Translating to SMT
2024-08-08T13:29:02,546 [zio-default-async-21] DEBUG a.f.a.t.b.SeqModelChecker - Step 3: Transition #1. Is it enabled?
2024-08-08T13:29:02,548 [zio-default-async-21] DEBUG a.f.a.t.b.SeqModelChecker - Step 3: Transition #1 is enabled
2024-08-08T13:29:02,549 [zio-default-async-21] DEBUG a.f.a.t.b.t.TransitionExecutorImpl - Step #3, transition #2
2024-08-08T13:29:02,549 [zio-default-async-21] DEBUG a.f.a.t.b.t.TransitionExecutorImpl - Translating to SMT
