2024-08-08T09:11:51,135 [main] INFO  a.f.a.t.Tool$ - # APALACHE version: 0.44.11 | build: 5dee24e
2024-08-08T09:11:51,230 [main] INFO  a.f.a.t.t.o.ServerCmd - Starting server on port 8822...
2024-08-08T09:11:58,283 [zio-default-async-9] INFO  a.f.a.i.p.PassChainExecutor$ - PASS #0: SanyParser
2024-08-08T09:11:58,283 [zio-default-async-8] INFO  a.f.a.i.p.PassChainExecutor$ - PASS #0: SanyParser
2024-08-08T09:11:58,283 [zio-default-async-17] INFO  a.f.a.i.p.PassChainExecutor$ - PASS #0: SanyParser
2024-08-08T09:11:58,283 [zio-default-async-13] INFO  a.f.a.i.p.PassChainExecutor$ - PASS #0: SanyParser
2024-08-08T09:11:58,612 [zio-default-async-21] INFO  a.f.a.i.p.PassChainExecutor$ - PASS #0: SanyParser
2024-08-08T09:11:59,222 [zio-default-async-25] INFO  a.f.a.i.p.PassChainExecutor$ - PASS #0: SanyParser
2024-08-08T09:11:59,473 [zio-default-async-9] DEBUG a.f.a.i.p.PassChainExecutor$ - PASS #0: SanyParser [OK]
2024-08-08T09:11:59,473 [zio-default-async-25] DEBUG a.f.a.i.p.PassChainExecutor$ - PASS #0: SanyParser [OK]
2024-08-08T09:11:59,473 [zio-default-async-8] DEBUG a.f.a.i.p.PassChainExecutor$ - PASS #0: SanyParser [OK]
2024-08-08T09:11:59,474 [zio-default-async-25] INFO  a.f.a.i.p.PassChainExecutor$ - PASS #1: TypeCheckerSnowcat
2024-08-08T09:11:59,474 [zio-default-async-9] INFO  a.f.a.i.p.PassChainExecutor$ - PASS #1: TypeCheckerSnowcat
2024-08-08T09:11:59,474 [zio-default-async-8] INFO  a.f.a.i.p.PassChainExecutor$ - PASS #1: TypeCheckerSnowcat
2024-08-08T09:11:59,476 [zio-default-async-25] INFO  a.f.a.t.p.t.EtcTypeCheckerPassImpl -  > Running Snowcat .::.
2024-08-08T09:11:59,477 [zio-default-async-8] INFO  a.f.a.t.p.t.EtcTypeCheckerPassImpl -  > Running Snowcat .::.
2024-08-08T09:11:59,478 [zio-default-async-9] INFO  a.f.a.t.p.t.EtcTypeCheckerPassImpl -  > Running Snowcat .::.
2024-08-08T09:11:59,629 [zio-default-async-21] DEBUG a.f.a.i.p.PassChainExecutor$ - PASS #0: SanyParser [OK]
2024-08-08T09:11:59,629 [zio-default-async-21] INFO  a.f.a.i.p.PassChainExecutor$ - PASS #1: TypeCheckerSnowcat
2024-08-08T09:11:59,629 [zio-default-async-21] INFO  a.f.a.t.p.t.EtcTypeCheckerPassImpl -  > Running Snowcat .::.
2024-08-08T09:11:59,659 [zio-default-async-13] DEBUG a.f.a.i.p.PassChainExecutor$ - PASS #0: SanyParser [OK]
2024-08-08T09:11:59,659 [zio-default-async-13] INFO  a.f.a.i.p.PassChainExecutor$ - PASS #1: TypeCheckerSnowcat
2024-08-08T09:11:59,660 [zio-default-async-13] INFO  a.f.a.t.p.t.EtcTypeCheckerPassImpl -  > Running Snowcat .::.
2024-08-08T09:11:59,688 [zio-default-async-8] INFO  a.f.a.t.p.t.EtcTypeCheckerPassImpl -  > Your types are purrfect!
2024-08-08T09:11:59,689 [zio-default-async-8] INFO  a.f.a.t.p.t.EtcTypeCheckerPassImpl -  > All expressions are typed
2024-08-08T09:11:59,689 [zio-default-async-8] DEBUG a.f.a.i.p.PassChainExecutor$ - PASS #1: TypeCheckerSnowcat [OK]
2024-08-08T09:11:59,690 [zio-default-async-8] INFO  a.f.a.i.p.PassChainExecutor$ - PASS #2: ConfigurationPass
2024-08-08T09:11:59,698 [zio-default-async-8] INFO  a.f.a.t.p.p.ConfigurationPassImpl -   > Set the initialization predicate to q::init
2024-08-08T09:11:59,699 [zio-default-async-8] INFO  a.f.a.t.p.p.ConfigurationPassImpl -   > Set the transition predicate to q::step
2024-08-08T09:11:59,708 [zio-default-async-8] DEBUG a.f.a.i.p.PassChainExecutor$ - PASS #2: ConfigurationPass [OK]
2024-08-08T09:11:59,708 [zio-default-async-8] INFO  a.f.a.i.p.PassChainExecutor$ - PASS #3: DesugarerPass
2024-08-08T09:11:59,708 [zio-default-async-8] INFO  a.f.a.t.p.p.DesugarerPassImpl -   > Desugaring...
2024-08-08T09:11:59,742 [zio-default-async-8] DEBUG a.f.a.i.p.PassChainExecutor$ - PASS #3: DesugarerPass [OK]
2024-08-08T09:11:59,743 [zio-default-async-8] INFO  a.f.a.i.p.PassChainExecutor$ - PASS #4: InlinePass
2024-08-08T09:11:59,745 [zio-default-async-8] INFO  a.f.a.t.p.p.InlinePassImpl - Leaving only relevant operators: CInitPrimed, q::init, q::initPrimed, q::step
2024-08-08T09:11:59,812 [zio-default-async-9] INFO  a.f.a.t.p.t.EtcTypeCheckerPassImpl -  > Your types are purrfect!
2024-08-08T09:11:59,813 [zio-default-async-9] INFO  a.f.a.t.p.t.EtcTypeCheckerPassImpl -  > All expressions are typed
2024-08-08T09:11:59,813 [zio-default-async-9] DEBUG a.f.a.i.p.PassChainExecutor$ - PASS #1: TypeCheckerSnowcat [OK]
2024-08-08T09:11:59,813 [zio-default-async-9] INFO  a.f.a.i.p.PassChainExecutor$ - PASS #2: ConfigurationPass
2024-08-08T09:11:59,814 [zio-default-async-9] INFO  a.f.a.t.p.p.ConfigurationPassImpl -   > Set the initialization predicate to q::init
2024-08-08T09:11:59,814 [zio-default-async-9] INFO  a.f.a.t.p.p.ConfigurationPassImpl -   > Set the transition predicate to q::step
2024-08-08T09:11:59,816 [zio-default-async-9] DEBUG a.f.a.i.p.PassChainExecutor$ - PASS #2: ConfigurationPass [OK]
2024-08-08T09:11:59,816 [zio-default-async-9] INFO  a.f.a.i.p.PassChainExecutor$ - PASS #3: DesugarerPass
2024-08-08T09:11:59,816 [zio-default-async-9] INFO  a.f.a.t.p.p.DesugarerPassImpl -   > Desugaring...
2024-08-08T09:11:59,818 [zio-default-async-9] DEBUG a.f.a.i.p.PassChainExecutor$ - PASS #3: DesugarerPass [OK]
2024-08-08T09:11:59,818 [zio-default-async-9] INFO  a.f.a.i.p.PassChainExecutor$ - PASS #4: InlinePass
2024-08-08T09:11:59,818 [zio-default-async-9] INFO  a.f.a.t.p.p.InlinePassImpl - Leaving only relevant operators: CInitPrimed, q::init, q::initPrimed, q::step
2024-08-08T09:11:59,837 [zio-default-async-8] DEBUG a.f.a.i.p.PassChainExecutor$ - PASS #4: InlinePass [OK]
2024-08-08T09:11:59,837 [zio-default-async-8] INFO  a.f.a.i.p.PassChainExecutor$ - PASS #5: TemporalPass
2024-08-08T09:11:59,838 [zio-default-async-8] INFO  a.f.a.t.p.p.TemporalPassImpl -   > Rewriting temporal operators...
2024-08-08T09:11:59,838 [zio-default-async-8] INFO  a.f.a.t.p.p.TemporalPassImpl -   > No temporal property specified, nothing to encode
2024-08-08T09:11:59,838 [zio-default-async-8] DEBUG a.f.a.i.p.PassChainExecutor$ - PASS #5: TemporalPass [OK]
2024-08-08T09:11:59,838 [zio-default-async-8] INFO  a.f.a.i.p.PassChainExecutor$ - PASS #6: InlinePass
2024-08-08T09:11:59,838 [zio-default-async-8] INFO  a.f.a.t.p.p.InlinePassImpl - Leaving only relevant operators: CInitPrimed, q::init, q::initPrimed, q::step
2024-08-08T09:11:59,857 [zio-default-async-8] DEBUG a.f.a.i.p.PassChainExecutor$ - PASS #6: InlinePass [OK]
2024-08-08T09:11:59,858 [zio-default-async-8] INFO  a.f.a.i.p.PassChainExecutor$ - PASS #7: PrimingPass
2024-08-08T09:11:59,863 [zio-default-async-9] DEBUG a.f.a.i.p.PassChainExecutor$ - PASS #4: InlinePass [OK]
2024-08-08T09:11:59,864 [zio-default-async-9] INFO  a.f.a.i.p.PassChainExecutor$ - PASS #5: TemporalPass
2024-08-08T09:11:59,865 [zio-default-async-9] INFO  a.f.a.t.p.p.TemporalPassImpl -   > Rewriting temporal operators...
2024-08-08T09:11:59,865 [zio-default-async-9] INFO  a.f.a.t.p.p.TemporalPassImpl -   > No temporal property specified, nothing to encode
2024-08-08T09:11:59,866 [zio-default-async-9] DEBUG a.f.a.i.p.PassChainExecutor$ - PASS #5: TemporalPass [OK]
2024-08-08T09:11:59,867 [zio-default-async-9] INFO  a.f.a.i.p.PassChainExecutor$ - PASS #6: InlinePass
2024-08-08T09:11:59,867 [zio-default-async-8] INFO  a.f.a.t.p.a.PrimingPassImpl -   > Introducing q::initPrimed for q::init'
2024-08-08T09:11:59,867 [zio-default-async-9] INFO  a.f.a.t.p.p.InlinePassImpl - Leaving only relevant operators: CInitPrimed, q::init, q::initPrimed, q::step
2024-08-08T09:11:59,868 [zio-default-async-8] DEBUG a.f.a.i.p.PassChainExecutor$ - PASS #7: PrimingPass [OK]
2024-08-08T09:11:59,869 [zio-default-async-8] INFO  a.f.a.i.p.PassChainExecutor$ - PASS #8: VCGen
2024-08-08T09:11:59,869 [zio-default-async-8] INFO  a.f.a.t.b.p.VCGenPassImpl -   > No invariant given. Only deadlocks will be checked
2024-08-08T09:11:59,870 [zio-default-async-8] DEBUG a.f.a.i.p.PassChainExecutor$ - PASS #8: VCGen [OK]
2024-08-08T09:11:59,870 [zio-default-async-17] DEBUG a.f.a.i.p.PassChainExecutor$ - PASS #0: SanyParser [OK]
2024-08-08T09:11:59,870 [zio-default-async-17] INFO  a.f.a.i.p.PassChainExecutor$ - PASS #1: TypeCheckerSnowcat
2024-08-08T09:11:59,870 [zio-default-async-8] INFO  a.f.a.i.p.PassChainExecutor$ - PASS #9: PreprocessingPass
2024-08-08T09:11:59,870 [zio-default-async-17] INFO  a.f.a.t.p.t.EtcTypeCheckerPassImpl -  > Running Snowcat .::.
2024-08-08T09:11:59,870 [zio-default-async-8] INFO  a.f.a.t.p.p.PreproPassImpl -   > Before preprocessing: unique renaming
2024-08-08T09:11:59,871 [zio-default-async-9] DEBUG a.f.a.i.p.PassChainExecutor$ - PASS #6: InlinePass [OK]
2024-08-08T09:11:59,872 [zio-default-async-9] INFO  a.f.a.i.p.PassChainExecutor$ - PASS #7: PrimingPass
2024-08-08T09:11:59,873 [zio-default-async-9] INFO  a.f.a.t.p.a.PrimingPassImpl -   > Introducing q::initPrimed for q::init'
2024-08-08T09:11:59,874 [zio-default-async-9] DEBUG a.f.a.i.p.PassChainExecutor$ - PASS #7: PrimingPass [OK]
2024-08-08T09:11:59,875 [zio-default-async-9] INFO  a.f.a.i.p.PassChainExecutor$ - PASS #8: VCGen
2024-08-08T09:11:59,875 [zio-default-async-9] INFO  a.f.a.t.b.p.VCGenPassImpl -   > No invariant given. Only deadlocks will be checked
2024-08-08T09:11:59,875 [zio-default-async-9] DEBUG a.f.a.i.p.PassChainExecutor$ - PASS #8: VCGen [OK]
2024-08-08T09:11:59,876 [zio-default-async-9] INFO  a.f.a.i.p.PassChainExecutor$ - PASS #9: PreprocessingPass
2024-08-08T09:11:59,876 [zio-default-async-9] INFO  a.f.a.t.p.p.PreproPassImpl -   > Before preprocessing: unique renaming
2024-08-08T09:11:59,888 [zio-default-async-9] INFO  a.f.a.t.p.p.PreproPassImpl -  > Applying standard transformations:
2024-08-08T09:11:59,889 [zio-default-async-8] INFO  a.f.a.t.p.p.PreproPassImpl -  > Applying standard transformations:
2024-08-08T09:11:59,890 [zio-default-async-8] INFO  a.f.a.t.p.p.PreproPassImpl -   > PrimePropagation
2024-08-08T09:11:59,890 [zio-default-async-9] INFO  a.f.a.t.p.p.PreproPassImpl -   > PrimePropagation
2024-08-08T09:11:59,891 [zio-default-async-8] INFO  a.f.a.t.p.p.PreproPassImpl -   > Desugarer
2024-08-08T09:11:59,891 [zio-default-async-9] INFO  a.f.a.t.p.p.PreproPassImpl -   > Desugarer
2024-08-08T09:11:59,892 [zio-default-async-8] INFO  a.f.a.t.p.p.PreproPassImpl -   > UniqueRenamer
2024-08-08T09:11:59,892 [zio-default-async-9] INFO  a.f.a.t.p.p.PreproPassImpl -   > UniqueRenamer
2024-08-08T09:11:59,892 [zio-default-async-8] INFO  a.f.a.t.p.p.PreproPassImpl -   > Normalizer
2024-08-08T09:11:59,894 [zio-default-async-9] INFO  a.f.a.t.p.p.PreproPassImpl -   > Normalizer
2024-08-08T09:11:59,896 [zio-default-async-8] INFO  a.f.a.t.p.p.PreproPassImpl -   > Keramelizer
2024-08-08T09:11:59,896 [zio-default-async-9] INFO  a.f.a.t.p.p.PreproPassImpl -   > Keramelizer
2024-08-08T09:11:59,899 [zio-default-async-8] INFO  a.f.a.t.p.p.PreproPassImpl -   > After preprocessing: UniqueRenamer
2024-08-08T09:11:59,902 [zio-default-async-8] DEBUG a.f.a.i.p.PassChainExecutor$ - PASS #9: PreprocessingPass [OK]
2024-08-08T09:11:59,902 [zio-default-async-9] INFO  a.f.a.t.p.p.PreproPassImpl -   > After preprocessing: UniqueRenamer
2024-08-08T09:11:59,903 [zio-default-async-8] INFO  a.f.a.i.p.PassChainExecutor$ - PASS #10: TransitionFinderPass
2024-08-08T09:11:59,907 [zio-default-async-9] DEBUG a.f.a.i.p.PassChainExecutor$ - PASS #9: PreprocessingPass [OK]
2024-08-08T09:11:59,908 [zio-default-async-9] INFO  a.f.a.i.p.PassChainExecutor$ - PASS #10: TransitionFinderPass
2024-08-08T09:11:59,915 [zio-default-async-8] INFO  a.f.a.t.p.a.TransitionPassImpl -   > Found 1 initializing transitions
2024-08-08T09:11:59,915 [zio-default-async-8] INFO  a.f.a.t.p.a.TransitionPassImpl -   > Found 1 transitions
2024-08-08T09:11:59,934 [zio-default-async-8] INFO  a.f.a.t.p.a.TransitionPassImpl -   > No constant initializer
2024-08-08T09:11:59,948 [zio-default-async-8] INFO  a.f.a.t.p.a.TransitionPassImpl -   > Applying unique renaming
2024-08-08T09:11:59,948 [zio-default-async-9] INFO  a.f.a.t.p.a.TransitionPassImpl -   > Found 1 initializing transitions
2024-08-08T09:11:59,950 [zio-default-async-8] DEBUG a.f.a.i.p.PassChainExecutor$ - PASS #10: TransitionFinderPass [OK]
2024-08-08T09:11:59,950 [zio-default-async-8] INFO  a.f.a.i.p.PassChainExecutor$ - PASS #11: OptimizationPass
2024-08-08T09:11:59,965 [zio-default-async-9] INFO  a.f.a.t.p.a.TransitionPassImpl -   > Found 3 transitions
2024-08-08T09:11:59,966 [zio-default-async-9] INFO  a.f.a.t.p.a.TransitionPassImpl -   > No constant initializer
2024-08-08T09:11:59,973 [zio-default-async-9] INFO  a.f.a.t.p.a.TransitionPassImpl -   > Applying unique renaming
2024-08-08T09:11:59,977 [zio-default-async-9] DEBUG a.f.a.i.p.PassChainExecutor$ - PASS #10: TransitionFinderPass [OK]
2024-08-08T09:11:59,978 [zio-default-async-9] INFO  a.f.a.i.p.PassChainExecutor$ - PASS #11: OptimizationPass
2024-08-08T09:11:59,978 [zio-default-async-8] INFO  a.f.a.t.p.p.OptPassImpl -  > Applying optimizations:
2024-08-08T09:11:59,979 [zio-default-async-9] INFO  a.f.a.t.p.p.OptPassImpl -  > Applying optimizations:
2024-08-08T09:11:59,979 [zio-default-async-9] INFO  a.f.a.t.p.p.OptPassImpl -   > ConstSimplifier
2024-08-08T09:11:59,980 [zio-default-async-8] INFO  a.f.a.t.p.p.OptPassImpl -   > ConstSimplifier
2024-08-08T09:11:59,981 [zio-default-async-8] INFO  a.f.a.t.p.p.OptPassImpl -   > ExprOptimizer
2024-08-08T09:11:59,981 [zio-default-async-8] INFO  a.f.a.t.p.p.OptPassImpl -   > SetMembershipSimplifier
2024-08-08T09:11:59,981 [zio-default-async-8] INFO  a.f.a.t.p.p.OptPassImpl -   > ConstSimplifier
2024-08-08T09:11:59,981 [zio-default-async-8] DEBUG a.f.a.i.p.PassChainExecutor$ - PASS #11: OptimizationPass [OK]
2024-08-08T09:11:59,982 [zio-default-async-8] INFO  a.f.a.i.p.PassChainExecutor$ - PASS #12: AnalysisPass
2024-08-08T09:11:59,982 [zio-default-async-9] INFO  a.f.a.t.p.p.OptPassImpl -   > ExprOptimizer
2024-08-08T09:11:59,983 [zio-default-async-9] INFO  a.f.a.t.p.p.OptPassImpl -   > SetMembershipSimplifier
2024-08-08T09:11:59,986 [zio-default-async-9] INFO  a.f.a.t.p.p.OptPassImpl -   > ConstSimplifier
2024-08-08T09:11:59,987 [zio-default-async-9] DEBUG a.f.a.i.p.PassChainExecutor$ - PASS #11: OptimizationPass [OK]
2024-08-08T09:11:59,987 [zio-default-async-9] INFO  a.f.a.i.p.PassChainExecutor$ - PASS #12: AnalysisPass
2024-08-08T09:11:59,988 [zio-default-async-8] INFO  a.f.a.t.b.p.AnalysisPassImpl -  > Marking skolemizable existentials and sets to be expanded...
2024-08-08T09:11:59,991 [zio-default-async-8] INFO  a.f.a.t.b.p.AnalysisPassImpl -   > Skolemization
2024-08-08T09:11:59,993 [zio-default-async-9] INFO  a.f.a.t.b.p.AnalysisPassImpl -  > Marking skolemizable existentials and sets to be expanded...
2024-08-08T09:11:59,994 [zio-default-async-9] INFO  a.f.a.t.b.p.AnalysisPassImpl -   > Skolemization
2024-08-08T09:11:59,993 [zio-default-async-8] INFO  a.f.a.t.b.p.AnalysisPassImpl -   > Expansion
2024-08-08T09:11:59,995 [zio-default-async-9] INFO  a.f.a.t.b.p.AnalysisPassImpl -   > Expansion
2024-08-08T09:11:59,996 [zio-default-async-8] INFO  a.f.a.t.b.p.AnalysisPassImpl -   > Remove unused let-in defs
2024-08-08T09:11:59,996 [zio-default-async-9] INFO  a.f.a.t.b.p.AnalysisPassImpl -   > Remove unused let-in defs
2024-08-08T09:11:59,998 [zio-default-async-8] INFO  a.f.a.t.b.p.AnalysisPassImpl -  > Running analyzers...
2024-08-08T09:12:00,000 [zio-default-async-9] INFO  a.f.a.t.b.p.AnalysisPassImpl -  > Running analyzers...
2024-08-08T09:12:00,001 [zio-default-async-8] INFO  a.f.a.t.b.p.AnalysisPassImpl -   > Introduced expression grades
2024-08-08T09:12:00,001 [zio-default-async-8] DEBUG a.f.a.i.p.PassChainExecutor$ - PASS #12: AnalysisPass [OK]
2024-08-08T09:12:00,001 [zio-default-async-8] INFO  a.f.a.i.p.PassChainExecutor$ - PASS #13: BoundedChecker
2024-08-08T09:12:00,003 [zio-default-async-9] INFO  a.f.a.t.b.p.AnalysisPassImpl -   > Introduced expression grades
2024-08-08T09:12:00,004 [zio-default-async-9] DEBUG a.f.a.i.p.PassChainExecutor$ - PASS #12: AnalysisPass [OK]
2024-08-08T09:12:00,004 [zio-default-async-9] INFO  a.f.a.i.p.PassChainExecutor$ - PASS #13: BoundedChecker
2024-08-08T09:12:00,021 [zio-default-async-25] INFO  a.f.a.t.p.t.EtcTypeCheckerPassImpl -  > Your types are purrfect!
2024-08-08T09:12:00,030 [zio-default-async-25] INFO  a.f.a.t.p.t.EtcTypeCheckerPassImpl -  > All expressions are typed
2024-08-08T09:12:00,032 [zio-default-async-25] DEBUG a.f.a.i.p.PassChainExecutor$ - PASS #1: TypeCheckerSnowcat [OK]
2024-08-08T09:12:00,033 [zio-default-async-25] INFO  a.f.a.i.p.PassChainExecutor$ - PASS #2: ConfigurationPass
2024-08-08T09:12:00,033 [zio-default-async-25] INFO  a.f.a.t.p.p.ConfigurationPassImpl -   > Set the initialization predicate to q::init
2024-08-08T09:12:00,033 [zio-default-async-25] INFO  a.f.a.t.p.p.ConfigurationPassImpl -   > Set the transition predicate to q::step
2024-08-08T09:12:00,035 [zio-default-async-25] DEBUG a.f.a.i.p.PassChainExecutor$ - PASS #2: ConfigurationPass [OK]
2024-08-08T09:12:00,035 [zio-default-async-25] INFO  a.f.a.i.p.PassChainExecutor$ - PASS #3: DesugarerPass
2024-08-08T09:12:00,035 [zio-default-async-25] INFO  a.f.a.t.p.p.DesugarerPassImpl -   > Desugaring...
2024-08-08T09:12:00,058 [zio-default-async-25] DEBUG a.f.a.i.p.PassChainExecutor$ - PASS #3: DesugarerPass [OK]
2024-08-08T09:12:00,059 [zio-default-async-25] INFO  a.f.a.i.p.PassChainExecutor$ - PASS #4: InlinePass
2024-08-08T09:12:00,059 [zio-default-async-25] INFO  a.f.a.t.p.p.InlinePassImpl - Leaving only relevant operators: CInitPrimed, q::init, q::initPrimed, q::step
2024-08-08T09:12:00,083 [zio-default-async-8] DEBUG a.f.a.t.b.s.Z3SolverContext - Creating Z3 solver context 0
2024-08-08T09:12:00,083 [zio-default-async-9] DEBUG a.f.a.t.b.s.Z3SolverContext - Creating Z3 solver context 1
2024-08-08T09:12:00,090 [zio-default-async-25] DEBUG a.f.a.i.p.PassChainExecutor$ - PASS #4: InlinePass [OK]
2024-08-08T09:12:00,091 [zio-default-async-25] INFO  a.f.a.i.p.PassChainExecutor$ - PASS #5: TemporalPass
2024-08-08T09:12:00,091 [zio-default-async-25] INFO  a.f.a.t.p.p.TemporalPassImpl -   > Rewriting temporal operators...
2024-08-08T09:12:00,091 [zio-default-async-25] INFO  a.f.a.t.p.p.TemporalPassImpl -   > No temporal property specified, nothing to encode
2024-08-08T09:12:00,091 [zio-default-async-25] DEBUG a.f.a.i.p.PassChainExecutor$ - PASS #5: TemporalPass [OK]
2024-08-08T09:12:00,092 [zio-default-async-25] INFO  a.f.a.i.p.PassChainExecutor$ - PASS #6: InlinePass
2024-08-08T09:12:00,092 [zio-default-async-25] INFO  a.f.a.t.p.p.InlinePassImpl - Leaving only relevant operators: CInitPrimed, q::init, q::initPrimed, q::step
2024-08-08T09:12:00,113 [zio-default-async-25] DEBUG a.f.a.i.p.PassChainExecutor$ - PASS #6: InlinePass [OK]
2024-08-08T09:12:00,113 [zio-default-async-25] INFO  a.f.a.i.p.PassChainExecutor$ - PASS #7: PrimingPass
2024-08-08T09:12:00,113 [zio-default-async-25] INFO  a.f.a.t.p.a.PrimingPassImpl -   > Introducing q::initPrimed for q::init'
2024-08-08T09:12:00,114 [zio-default-async-25] DEBUG a.f.a.i.p.PassChainExecutor$ - PASS #7: PrimingPass [OK]
2024-08-08T09:12:00,115 [zio-default-async-25] INFO  a.f.a.i.p.PassChainExecutor$ - PASS #8: VCGen
2024-08-08T09:12:00,115 [zio-default-async-25] INFO  a.f.a.t.b.p.VCGenPassImpl -   > No invariant given. Only deadlocks will be checked
2024-08-08T09:12:00,115 [zio-default-async-25] DEBUG a.f.a.i.p.PassChainExecutor$ - PASS #8: VCGen [OK]
2024-08-08T09:12:00,115 [zio-default-async-25] INFO  a.f.a.i.p.PassChainExecutor$ - PASS #9: PreprocessingPass
2024-08-08T09:12:00,115 [zio-default-async-25] INFO  a.f.a.t.p.p.PreproPassImpl -   > Before preprocessing: unique renaming
2024-08-08T09:12:00,115 [zio-default-async-25] INFO  a.f.a.t.p.p.PreproPassImpl -  > Applying standard transformations:
2024-08-08T09:12:00,116 [zio-default-async-25] INFO  a.f.a.t.p.p.PreproPassImpl -   > PrimePropagation
2024-08-08T09:12:00,116 [zio-default-async-25] INFO  a.f.a.t.p.p.PreproPassImpl -   > Desugarer
2024-08-08T09:12:00,118 [zio-default-async-25] INFO  a.f.a.t.p.p.PreproPassImpl -   > UniqueRenamer
2024-08-08T09:12:00,122 [zio-default-async-25] INFO  a.f.a.t.p.p.PreproPassImpl -   > Normalizer
2024-08-08T09:12:00,124 [zio-default-async-25] INFO  a.f.a.t.p.p.PreproPassImpl -   > Keramelizer
2024-08-08T09:12:00,127 [zio-default-async-25] INFO  a.f.a.t.p.p.PreproPassImpl -   > After preprocessing: UniqueRenamer
2024-08-08T09:12:00,131 [zio-default-async-25] DEBUG a.f.a.i.p.PassChainExecutor$ - PASS #9: PreprocessingPass [OK]
2024-08-08T09:12:00,131 [zio-default-async-25] INFO  a.f.a.i.p.PassChainExecutor$ - PASS #10: TransitionFinderPass
2024-08-08T09:12:00,135 [zio-default-async-25] INFO  a.f.a.t.p.a.TransitionPassImpl -   > Found 1 initializing transitions
2024-08-08T09:12:00,136 [zio-default-async-25] INFO  a.f.a.t.p.a.TransitionPassImpl -   > Found 1 transitions
2024-08-08T09:12:00,136 [zio-default-async-25] INFO  a.f.a.t.p.a.TransitionPassImpl -   > No constant initializer
2024-08-08T09:12:00,137 [zio-default-async-25] INFO  a.f.a.t.p.a.TransitionPassImpl -   > Applying unique renaming
2024-08-08T09:12:00,139 [zio-default-async-25] DEBUG a.f.a.i.p.PassChainExecutor$ - PASS #10: TransitionFinderPass [OK]
2024-08-08T09:12:00,139 [zio-default-async-25] INFO  a.f.a.i.p.PassChainExecutor$ - PASS #11: OptimizationPass
2024-08-08T09:12:00,139 [zio-default-async-25] INFO  a.f.a.t.p.p.OptPassImpl -  > Applying optimizations:
2024-08-08T09:12:00,139 [zio-default-async-25] INFO  a.f.a.t.p.p.OptPassImpl -   > ConstSimplifier
2024-08-08T09:12:00,141 [zio-default-async-25] INFO  a.f.a.t.p.p.OptPassImpl -   > ExprOptimizer
2024-08-08T09:12:00,142 [zio-default-async-25] INFO  a.f.a.t.p.p.OptPassImpl -   > SetMembershipSimplifier
2024-08-08T09:12:00,142 [zio-default-async-25] INFO  a.f.a.t.p.p.OptPassImpl -   > ConstSimplifier
2024-08-08T09:12:00,144 [zio-default-async-25] DEBUG a.f.a.i.p.PassChainExecutor$ - PASS #11: OptimizationPass [OK]
2024-08-08T09:12:00,144 [zio-default-async-25] INFO  a.f.a.i.p.PassChainExecutor$ - PASS #12: AnalysisPass
2024-08-08T09:12:00,144 [zio-default-async-25] INFO  a.f.a.t.b.p.AnalysisPassImpl -  > Marking skolemizable existentials and sets to be expanded...
2024-08-08T09:12:00,144 [zio-default-async-25] INFO  a.f.a.t.b.p.AnalysisPassImpl -   > Skolemization
2024-08-08T09:12:00,144 [zio-default-async-25] INFO  a.f.a.t.b.p.AnalysisPassImpl -   > Expansion
2024-08-08T09:12:00,145 [zio-default-async-25] INFO  a.f.a.t.b.p.AnalysisPassImpl -   > Remove unused let-in defs
2024-08-08T09:12:00,146 [zio-default-async-25] INFO  a.f.a.t.b.p.AnalysisPassImpl -  > Running analyzers...
2024-08-08T09:12:00,146 [zio-default-async-25] INFO  a.f.a.t.b.p.AnalysisPassImpl -   > Introduced expression grades
2024-08-08T09:12:00,146 [zio-default-async-25] DEBUG a.f.a.i.p.PassChainExecutor$ - PASS #12: AnalysisPass [OK]
2024-08-08T09:12:00,147 [zio-default-async-25] INFO  a.f.a.i.p.PassChainExecutor$ - PASS #13: BoundedChecker
2024-08-08T09:12:00,148 [zio-default-async-25] DEBUG a.f.a.t.b.s.Z3SolverContext - Creating Z3 solver context 2
2024-08-08T09:12:00,915 [zio-default-async-29] INFO  a.f.a.i.p.PassChainExecutor$ - PASS #0: SanyParser
2024-08-08T09:12:01,489 [zio-default-async-21] INFO  a.f.a.t.p.t.EtcTypeCheckerPassImpl -  > Your types are purrfect!
2024-08-08T09:12:01,489 [zio-default-async-21] INFO  a.f.a.t.p.t.EtcTypeCheckerPassImpl -  > All expressions are typed
2024-08-08T09:12:01,490 [zio-default-async-21] DEBUG a.f.a.i.p.PassChainExecutor$ - PASS #1: TypeCheckerSnowcat [OK]
2024-08-08T09:12:01,490 [zio-default-async-21] INFO  a.f.a.i.p.PassChainExecutor$ - PASS #2: ConfigurationPass
2024-08-08T09:12:01,491 [zio-default-async-21] INFO  a.f.a.t.p.p.ConfigurationPassImpl -   > Set the initialization predicate to q::init
2024-08-08T09:12:01,492 [zio-default-async-21] INFO  a.f.a.t.p.p.ConfigurationPassImpl -   > Set the transition predicate to q::step
2024-08-08T09:12:01,494 [zio-default-async-21] DEBUG a.f.a.i.p.PassChainExecutor$ - PASS #2: ConfigurationPass [OK]
2024-08-08T09:12:01,495 [zio-default-async-21] INFO  a.f.a.i.p.PassChainExecutor$ - PASS #3: DesugarerPass
2024-08-08T09:12:01,495 [zio-default-async-21] INFO  a.f.a.t.p.p.DesugarerPassImpl -   > Desugaring...
2024-08-08T09:12:01,501 [zio-default-async-21] DEBUG a.f.a.i.p.PassChainExecutor$ - PASS #3: DesugarerPass [OK]
2024-08-08T09:12:01,502 [zio-default-async-21] INFO  a.f.a.i.p.PassChainExecutor$ - PASS #4: InlinePass
2024-08-08T09:12:01,502 [zio-default-async-21] INFO  a.f.a.t.p.p.InlinePassImpl - Leaving only relevant operators: CInitPrimed, q::init, q::initPrimed, q::step
2024-08-08T09:12:01,541 [zio-default-async-21] DEBUG a.f.a.i.p.PassChainExecutor$ - PASS #4: InlinePass [OK]
2024-08-08T09:12:01,542 [zio-default-async-21] INFO  a.f.a.i.p.PassChainExecutor$ - PASS #5: TemporalPass
2024-08-08T09:12:01,542 [zio-default-async-21] INFO  a.f.a.t.p.p.TemporalPassImpl -   > Rewriting temporal operators...
2024-08-08T09:12:01,542 [zio-default-async-21] INFO  a.f.a.t.p.p.TemporalPassImpl -   > No temporal property specified, nothing to encode
2024-08-08T09:12:01,542 [zio-default-async-21] DEBUG a.f.a.i.p.PassChainExecutor$ - PASS #5: TemporalPass [OK]
2024-08-08T09:12:01,542 [zio-default-async-21] INFO  a.f.a.i.p.PassChainExecutor$ - PASS #6: InlinePass
2024-08-08T09:12:01,574 [zio-default-async-21] INFO  a.f.a.t.p.p.InlinePassImpl - Leaving only relevant operators: CInitPrimed, q::init, q::initPrimed, q::step
2024-08-08T09:12:01,602 [zio-default-async-21] DEBUG a.f.a.i.p.PassChainExecutor$ - PASS #6: InlinePass [OK]
2024-08-08T09:12:01,603 [zio-default-async-21] INFO  a.f.a.i.p.PassChainExecutor$ - PASS #7: PrimingPass
2024-08-08T09:12:01,603 [zio-default-async-21] INFO  a.f.a.t.p.a.PrimingPassImpl -   > Introducing q::initPrimed for q::init'
2024-08-08T09:12:01,604 [zio-default-async-21] DEBUG a.f.a.i.p.PassChainExecutor$ - PASS #7: PrimingPass [OK]
2024-08-08T09:12:01,605 [zio-default-async-21] INFO  a.f.a.i.p.PassChainExecutor$ - PASS #8: VCGen
2024-08-08T09:12:01,607 [zio-default-async-21] INFO  a.f.a.t.b.p.VCGenPassImpl -   > No invariant given. Only deadlocks will be checked
2024-08-08T09:12:01,616 [zio-default-async-21] DEBUG a.f.a.i.p.PassChainExecutor$ - PASS #8: VCGen [OK]
2024-08-08T09:12:01,617 [zio-default-async-21] INFO  a.f.a.i.p.PassChainExecutor$ - PASS #9: PreprocessingPass
2024-08-08T09:12:01,617 [zio-default-async-21] INFO  a.f.a.t.p.p.PreproPassImpl -   > Before preprocessing: unique renaming
2024-08-08T09:12:01,617 [zio-default-async-21] INFO  a.f.a.t.p.p.PreproPassImpl -  > Applying standard transformations:
2024-08-08T09:12:01,617 [zio-default-async-21] INFO  a.f.a.t.p.p.PreproPassImpl -   > PrimePropagation
2024-08-08T09:12:01,619 [zio-default-async-21] INFO  a.f.a.t.p.p.PreproPassImpl -   > Desugarer
2024-08-08T09:12:01,622 [zio-default-async-21] INFO  a.f.a.t.p.p.PreproPassImpl -   > UniqueRenamer
2024-08-08T09:12:01,626 [zio-default-async-21] INFO  a.f.a.t.p.p.PreproPassImpl -   > Normalizer
2024-08-08T09:12:01,630 [zio-default-async-21] INFO  a.f.a.t.p.p.PreproPassImpl -   > Keramelizer
2024-08-08T09:12:01,633 [zio-default-async-21] INFO  a.f.a.t.p.p.PreproPassImpl -   > After preprocessing: UniqueRenamer
2024-08-08T09:12:01,656 [zio-default-async-21] DEBUG a.f.a.i.p.PassChainExecutor$ - PASS #9: PreprocessingPass [OK]
2024-08-08T09:12:01,656 [zio-default-async-21] INFO  a.f.a.i.p.PassChainExecutor$ - PASS #10: TransitionFinderPass
2024-08-08T09:12:01,657 [zio-default-async-21] INFO  a.f.a.t.p.a.TransitionPassImpl -   > Found 1 initializing transitions
2024-08-08T09:12:01,693 [zio-default-async-21] INFO  a.f.a.t.p.a.TransitionPassImpl -   > Found 1 transitions
2024-08-08T09:12:01,693 [zio-default-async-21] INFO  a.f.a.t.p.a.TransitionPassImpl -   > No constant initializer
2024-08-08T09:12:01,693 [zio-default-async-21] INFO  a.f.a.t.p.a.TransitionPassImpl -   > Applying unique renaming
2024-08-08T09:12:01,697 [zio-default-async-21] DEBUG a.f.a.i.p.PassChainExecutor$ - PASS #10: TransitionFinderPass [OK]
2024-08-08T09:12:01,697 [zio-default-async-21] INFO  a.f.a.i.p.PassChainExecutor$ - PASS #11: OptimizationPass
2024-08-08T09:12:01,698 [zio-default-async-21] INFO  a.f.a.t.p.p.OptPassImpl -  > Applying optimizations:
2024-08-08T09:12:01,698 [zio-default-async-21] INFO  a.f.a.t.p.p.OptPassImpl -   > ConstSimplifier
2024-08-08T09:12:01,730 [zio-default-async-21] INFO  a.f.a.t.p.p.OptPassImpl -   > ExprOptimizer
2024-08-08T09:12:01,731 [zio-default-async-21] INFO  a.f.a.t.p.p.OptPassImpl -   > SetMembershipSimplifier
2024-08-08T09:12:01,732 [zio-default-async-21] INFO  a.f.a.t.p.p.OptPassImpl -   > ConstSimplifier
2024-08-08T09:12:01,735 [zio-default-async-21] DEBUG a.f.a.i.p.PassChainExecutor$ - PASS #11: OptimizationPass [OK]
2024-08-08T09:12:01,736 [zio-default-async-21] INFO  a.f.a.i.p.PassChainExecutor$ - PASS #12: AnalysisPass
2024-08-08T09:12:01,736 [zio-default-async-21] INFO  a.f.a.t.b.p.AnalysisPassImpl -  > Marking skolemizable existentials and sets to be expanded...
2024-08-08T09:12:01,736 [zio-default-async-21] INFO  a.f.a.t.b.p.AnalysisPassImpl -   > Skolemization
2024-08-08T09:12:01,737 [zio-default-async-21] INFO  a.f.a.t.b.p.AnalysisPassImpl -   > Expansion
2024-08-08T09:12:01,741 [zio-default-async-21] INFO  a.f.a.t.b.p.AnalysisPassImpl -   > Remove unused let-in defs
2024-08-08T09:12:01,756 [zio-default-async-21] INFO  a.f.a.t.b.p.AnalysisPassImpl -  > Running analyzers...
2024-08-08T09:12:01,757 [zio-default-async-21] INFO  a.f.a.t.b.p.AnalysisPassImpl -   > Introduced expression grades
2024-08-08T09:12:01,758 [zio-default-async-21] DEBUG a.f.a.i.p.PassChainExecutor$ - PASS #12: AnalysisPass [OK]
2024-08-08T09:12:01,758 [zio-default-async-21] INFO  a.f.a.i.p.PassChainExecutor$ - PASS #13: BoundedChecker
2024-08-08T09:12:01,760 [zio-default-async-21] DEBUG a.f.a.t.b.s.Z3SolverContext - Creating Z3 solver context 3
2024-08-08T09:12:01,802 [zio-default-async-29] DEBUG a.f.a.i.p.PassChainExecutor$ - PASS #0: SanyParser [OK]
2024-08-08T09:12:01,803 [zio-default-async-29] INFO  a.f.a.i.p.PassChainExecutor$ - PASS #1: TypeCheckerSnowcat
2024-08-08T09:12:01,804 [zio-default-async-29] INFO  a.f.a.t.p.t.EtcTypeCheckerPassImpl -  > Running Snowcat .::.
2024-08-08T09:12:02,585 [zio-default-async-13] INFO  a.f.a.t.p.t.EtcTypeCheckerPassImpl -  > Your types are purrfect!
2024-08-08T09:12:02,586 [zio-default-async-13] INFO  a.f.a.t.p.t.EtcTypeCheckerPassImpl -  > All expressions are typed
2024-08-08T09:12:02,588 [zio-default-async-13] DEBUG a.f.a.i.p.PassChainExecutor$ - PASS #1: TypeCheckerSnowcat [OK]
2024-08-08T09:12:02,589 [zio-default-async-13] INFO  a.f.a.i.p.PassChainExecutor$ - PASS #2: ConfigurationPass
2024-08-08T09:12:02,599 [zio-default-async-13] INFO  a.f.a.t.p.p.ConfigurationPassImpl -   > Set the initialization predicate to q::init
2024-08-08T09:12:02,599 [zio-default-async-13] INFO  a.f.a.t.p.p.ConfigurationPassImpl -   > Set the transition predicate to q::step
2024-08-08T09:12:02,602 [zio-default-async-13] DEBUG a.f.a.i.p.PassChainExecutor$ - PASS #2: ConfigurationPass [OK]
2024-08-08T09:12:02,602 [zio-default-async-13] INFO  a.f.a.i.p.PassChainExecutor$ - PASS #3: DesugarerPass
2024-08-08T09:12:02,602 [zio-default-async-13] INFO  a.f.a.t.p.p.DesugarerPassImpl -   > Desugaring...
2024-08-08T09:12:02,604 [zio-default-async-13] DEBUG a.f.a.i.p.PassChainExecutor$ - PASS #3: DesugarerPass [OK]
2024-08-08T09:12:02,604 [zio-default-async-13] INFO  a.f.a.i.p.PassChainExecutor$ - PASS #4: InlinePass
2024-08-08T09:12:02,605 [zio-default-async-13] INFO  a.f.a.t.p.p.InlinePassImpl - Leaving only relevant operators: CInitPrimed, q::init, q::initPrimed, q::step
2024-08-08T09:12:02,672 [zio-default-async-13] DEBUG a.f.a.i.p.PassChainExecutor$ - PASS #4: InlinePass [OK]
2024-08-08T09:12:02,672 [zio-default-async-13] INFO  a.f.a.i.p.PassChainExecutor$ - PASS #5: TemporalPass
2024-08-08T09:12:02,673 [zio-default-async-13] INFO  a.f.a.t.p.p.TemporalPassImpl -   > Rewriting temporal operators...
2024-08-08T09:12:02,673 [zio-default-async-13] INFO  a.f.a.t.p.p.TemporalPassImpl -   > No temporal property specified, nothing to encode
2024-08-08T09:12:02,679 [zio-default-async-13] DEBUG a.f.a.i.p.PassChainExecutor$ - PASS #5: TemporalPass [OK]
2024-08-08T09:12:02,679 [zio-default-async-13] INFO  a.f.a.i.p.PassChainExecutor$ - PASS #6: InlinePass
2024-08-08T09:12:02,680 [zio-default-async-13] INFO  a.f.a.t.p.p.InlinePassImpl - Leaving only relevant operators: CInitPrimed, q::init, q::initPrimed, q::step
2024-08-08T09:12:02,687 [zio-default-async-13] DEBUG a.f.a.i.p.PassChainExecutor$ - PASS #6: InlinePass [OK]
2024-08-08T09:12:02,688 [zio-default-async-13] INFO  a.f.a.i.p.PassChainExecutor$ - PASS #7: PrimingPass
2024-08-08T09:12:02,688 [zio-default-async-13] INFO  a.f.a.t.p.a.PrimingPassImpl -   > Introducing q::initPrimed for q::init'
2024-08-08T09:12:02,688 [zio-default-async-13] DEBUG a.f.a.i.p.PassChainExecutor$ - PASS #7: PrimingPass [OK]
2024-08-08T09:12:02,688 [zio-default-async-13] INFO  a.f.a.i.p.PassChainExecutor$ - PASS #8: VCGen
2024-08-08T09:12:02,689 [zio-default-async-13] INFO  a.f.a.t.b.p.VCGenPassImpl -   > No invariant given. Only deadlocks will be checked
2024-08-08T09:12:02,690 [zio-default-async-13] DEBUG a.f.a.i.p.PassChainExecutor$ - PASS #8: VCGen [OK]
2024-08-08T09:12:02,690 [zio-default-async-13] INFO  a.f.a.i.p.PassChainExecutor$ - PASS #9: PreprocessingPass
2024-08-08T09:12:02,690 [zio-default-async-13] INFO  a.f.a.t.p.p.PreproPassImpl -   > Before preprocessing: unique renaming
2024-08-08T09:12:02,690 [zio-default-async-13] INFO  a.f.a.t.p.p.PreproPassImpl -  > Applying standard transformations:
2024-08-08T09:12:02,690 [zio-default-async-13] INFO  a.f.a.t.p.p.PreproPassImpl -   > PrimePropagation
2024-08-08T09:12:02,692 [zio-default-async-13] INFO  a.f.a.t.p.p.PreproPassImpl -   > Desugarer
2024-08-08T09:12:02,694 [zio-default-async-13] INFO  a.f.a.t.p.p.PreproPassImpl -   > UniqueRenamer
2024-08-08T09:12:02,699 [zio-default-async-13] INFO  a.f.a.t.p.p.PreproPassImpl -   > Normalizer
2024-08-08T09:12:02,723 [zio-default-async-13] INFO  a.f.a.t.p.p.PreproPassImpl -   > Keramelizer
2024-08-08T09:12:02,748 [zio-default-async-13] INFO  a.f.a.t.p.p.PreproPassImpl -   > After preprocessing: UniqueRenamer
2024-08-08T09:12:02,754 [zio-default-async-13] DEBUG a.f.a.i.p.PassChainExecutor$ - PASS #9: PreprocessingPass [OK]
2024-08-08T09:12:02,755 [zio-default-async-13] INFO  a.f.a.i.p.PassChainExecutor$ - PASS #10: TransitionFinderPass
2024-08-08T09:12:02,755 [zio-default-async-13] INFO  a.f.a.t.p.a.TransitionPassImpl -   > Found 1 initializing transitions
2024-08-08T09:12:02,758 [zio-default-async-13] INFO  a.f.a.t.p.a.TransitionPassImpl -   > Found 2 transitions
2024-08-08T09:12:02,758 [zio-default-async-13] INFO  a.f.a.t.p.a.TransitionPassImpl -   > No constant initializer
2024-08-08T09:12:02,758 [zio-default-async-13] INFO  a.f.a.t.p.a.TransitionPassImpl -   > Applying unique renaming
2024-08-08T09:12:02,763 [zio-default-async-13] DEBUG a.f.a.i.p.PassChainExecutor$ - PASS #10: TransitionFinderPass [OK]
2024-08-08T09:12:02,763 [zio-default-async-13] INFO  a.f.a.i.p.PassChainExecutor$ - PASS #11: OptimizationPass
2024-08-08T09:12:02,763 [zio-default-async-13] INFO  a.f.a.t.p.p.OptPassImpl -  > Applying optimizations:
2024-08-08T09:12:02,763 [zio-default-async-13] INFO  a.f.a.t.p.p.OptPassImpl -   > ConstSimplifier
2024-08-08T09:12:02,770 [zio-default-async-13] INFO  a.f.a.t.p.p.OptPassImpl -   > ExprOptimizer
2024-08-08T09:12:02,783 [zio-default-async-13] INFO  a.f.a.t.p.p.OptPassImpl -   > SetMembershipSimplifier
2024-08-08T09:12:02,785 [zio-default-async-13] INFO  a.f.a.t.p.p.OptPassImpl -   > ConstSimplifier
2024-08-08T09:12:02,807 [zio-default-async-13] DEBUG a.f.a.i.p.PassChainExecutor$ - PASS #11: OptimizationPass [OK]
2024-08-08T09:12:02,807 [zio-default-async-13] INFO  a.f.a.i.p.PassChainExecutor$ - PASS #12: AnalysisPass
2024-08-08T09:12:02,807 [zio-default-async-13] INFO  a.f.a.t.b.p.AnalysisPassImpl -  > Marking skolemizable existentials and sets to be expanded...
2024-08-08T09:12:02,807 [zio-default-async-13] INFO  a.f.a.t.b.p.AnalysisPassImpl -   > Skolemization
2024-08-08T09:12:02,808 [zio-default-async-13] INFO  a.f.a.t.b.p.AnalysisPassImpl -   > Expansion
2024-08-08T09:12:02,815 [zio-default-async-13] INFO  a.f.a.t.b.p.AnalysisPassImpl -   > Remove unused let-in defs
2024-08-08T09:12:02,821 [zio-default-async-13] INFO  a.f.a.t.b.p.AnalysisPassImpl -  > Running analyzers...
2024-08-08T09:12:02,895 [zio-default-async-13] INFO  a.f.a.t.b.p.AnalysisPassImpl -   > Introduced expression grades
2024-08-08T09:12:02,900 [zio-default-async-13] DEBUG a.f.a.i.p.PassChainExecutor$ - PASS #12: AnalysisPass [OK]
2024-08-08T09:12:02,901 [zio-default-async-13] INFO  a.f.a.i.p.PassChainExecutor$ - PASS #13: BoundedChecker
2024-08-08T09:12:02,903 [zio-default-async-13] DEBUG a.f.a.t.b.s.Z3SolverContext - Creating Z3 solver context 4
2024-08-08T09:12:02,992 [zio-default-async-1] INFO  a.f.a.i.p.PassChainExecutor$ - PASS #0: SanyParser
2024-08-08T09:12:03,000 [zio-default-async-1] DEBUG a.f.a.i.p.PassChainExecutor$ - PASS #0: SanyParser [OK]
2024-08-08T09:12:03,001 [zio-default-async-1] INFO  a.f.a.i.p.PassChainExecutor$ - PASS #1: TypeCheckerSnowcat
2024-08-08T09:12:03,001 [zio-default-async-1] INFO  a.f.a.t.p.t.EtcTypeCheckerPassImpl -  > Running Snowcat .::.
2024-08-08T09:12:03,012 [zio-default-async-1] INFO  a.f.a.t.p.t.EtcTypeCheckerPassImpl -  > Your types are purrfect!
2024-08-08T09:12:03,012 [zio-default-async-1] INFO  a.f.a.t.p.t.EtcTypeCheckerPassImpl -  > All expressions are typed
2024-08-08T09:12:03,013 [zio-default-async-1] DEBUG a.f.a.i.p.PassChainExecutor$ - PASS #1: TypeCheckerSnowcat [OK]
2024-08-08T09:12:03,013 [zio-default-async-1] INFO  a.f.a.i.p.PassChainExecutor$ - PASS #2: ConfigurationPass
2024-08-08T09:12:03,013 [zio-default-async-1] INFO  a.f.a.t.p.p.ConfigurationPassImpl -   > Set the initialization predicate to q::init
2024-08-08T09:12:03,013 [zio-default-async-1] INFO  a.f.a.t.p.p.ConfigurationPassImpl -   > Set the transition predicate to q::step
2024-08-08T09:12:03,014 [zio-default-async-1] DEBUG a.f.a.i.p.PassChainExecutor$ - PASS #2: ConfigurationPass [OK]
2024-08-08T09:12:03,015 [zio-default-async-1] INFO  a.f.a.i.p.PassChainExecutor$ - PASS #3: DesugarerPass
2024-08-08T09:12:03,015 [zio-default-async-1] INFO  a.f.a.t.p.p.DesugarerPassImpl -   > Desugaring...
2024-08-08T09:12:03,016 [zio-default-async-1] DEBUG a.f.a.i.p.PassChainExecutor$ - PASS #3: DesugarerPass [OK]
2024-08-08T09:12:03,016 [zio-default-async-1] INFO  a.f.a.i.p.PassChainExecutor$ - PASS #4: InlinePass
2024-08-08T09:12:03,016 [zio-default-async-1] INFO  a.f.a.t.p.p.InlinePassImpl - Leaving only relevant operators: CInitPrimed, q::init, q::initPrimed, q::step
2024-08-08T09:12:03,021 [zio-default-async-1] DEBUG a.f.a.i.p.PassChainExecutor$ - PASS #4: InlinePass [OK]
2024-08-08T09:12:03,021 [zio-default-async-1] INFO  a.f.a.i.p.PassChainExecutor$ - PASS #5: TemporalPass
2024-08-08T09:12:03,021 [zio-default-async-1] INFO  a.f.a.t.p.p.TemporalPassImpl -   > Rewriting temporal operators...
2024-08-08T09:12:03,022 [zio-default-async-1] INFO  a.f.a.t.p.p.TemporalPassImpl -   > No temporal property specified, nothing to encode
2024-08-08T09:12:03,022 [zio-default-async-1] DEBUG a.f.a.i.p.PassChainExecutor$ - PASS #5: TemporalPass [OK]
2024-08-08T09:12:03,022 [zio-default-async-1] INFO  a.f.a.i.p.PassChainExecutor$ - PASS #6: InlinePass
2024-08-08T09:12:03,022 [zio-default-async-1] INFO  a.f.a.t.p.p.InlinePassImpl - Leaving only relevant operators: CInitPrimed, q::init, q::initPrimed, q::step
2024-08-08T09:12:03,023 [zio-default-async-1] DEBUG a.f.a.i.p.PassChainExecutor$ - PASS #6: InlinePass [OK]
2024-08-08T09:12:03,023 [zio-default-async-1] INFO  a.f.a.i.p.PassChainExecutor$ - PASS #7: PrimingPass
2024-08-08T09:12:03,023 [zio-default-async-1] INFO  a.f.a.t.p.a.PrimingPassImpl -   > Introducing q::initPrimed for q::init'
2024-08-08T09:12:03,024 [zio-default-async-1] DEBUG a.f.a.i.p.PassChainExecutor$ - PASS #7: PrimingPass [OK]
2024-08-08T09:12:03,024 [zio-default-async-1] INFO  a.f.a.i.p.PassChainExecutor$ - PASS #8: VCGen
2024-08-08T09:12:03,024 [zio-default-async-1] INFO  a.f.a.t.b.p.VCGenPassImpl -   > No invariant given. Only deadlocks will be checked
2024-08-08T09:12:03,024 [zio-default-async-1] DEBUG a.f.a.i.p.PassChainExecutor$ - PASS #8: VCGen [OK]
2024-08-08T09:12:03,024 [zio-default-async-1] INFO  a.f.a.i.p.PassChainExecutor$ - PASS #9: PreprocessingPass
2024-08-08T09:12:03,024 [zio-default-async-1] INFO  a.f.a.t.p.p.PreproPassImpl -   > Before preprocessing: unique renaming
2024-08-08T09:12:03,024 [zio-default-async-1] INFO  a.f.a.t.p.p.PreproPassImpl -  > Applying standard transformations:
2024-08-08T09:12:03,024 [zio-default-async-1] INFO  a.f.a.t.p.p.PreproPassImpl -   > PrimePropagation
2024-08-08T09:12:03,024 [zio-default-async-1] INFO  a.f.a.t.p.p.PreproPassImpl -   > Desugarer
2024-08-08T09:12:03,025 [zio-default-async-1] INFO  a.f.a.t.p.p.PreproPassImpl -   > UniqueRenamer
2024-08-08T09:12:03,025 [zio-default-async-1] INFO  a.f.a.t.p.p.PreproPassImpl -   > Normalizer
2024-08-08T09:12:03,025 [zio-default-async-1] INFO  a.f.a.t.p.p.PreproPassImpl -   > Keramelizer
2024-08-08T09:12:03,026 [zio-default-async-1] INFO  a.f.a.t.p.p.PreproPassImpl -   > After preprocessing: UniqueRenamer
2024-08-08T09:12:03,028 [zio-default-async-1] DEBUG a.f.a.i.p.PassChainExecutor$ - PASS #9: PreprocessingPass [OK]
2024-08-08T09:12:03,028 [zio-default-async-1] INFO  a.f.a.i.p.PassChainExecutor$ - PASS #10: TransitionFinderPass
2024-08-08T09:12:03,029 [zio-default-async-1] INFO  a.f.a.t.p.a.TransitionPassImpl -   > Found 1 initializing transitions
2024-08-08T09:12:03,029 [zio-default-async-1] INFO  a.f.a.t.p.a.TransitionPassImpl -   > Found 1 transitions
2024-08-08T09:12:03,029 [zio-default-async-1] INFO  a.f.a.t.p.a.TransitionPassImpl -   > No constant initializer
2024-08-08T09:12:03,029 [zio-default-async-1] INFO  a.f.a.t.p.a.TransitionPassImpl -   > Applying unique renaming
2024-08-08T09:12:03,030 [zio-default-async-1] DEBUG a.f.a.i.p.PassChainExecutor$ - PASS #10: TransitionFinderPass [OK]
2024-08-08T09:12:03,030 [zio-default-async-1] INFO  a.f.a.i.p.PassChainExecutor$ - PASS #11: OptimizationPass
2024-08-08T09:12:03,030 [zio-default-async-1] INFO  a.f.a.t.p.p.OptPassImpl -  > Applying optimizations:
2024-08-08T09:12:03,030 [zio-default-async-1] INFO  a.f.a.t.p.p.OptPassImpl -   > ConstSimplifier
2024-08-08T09:12:03,030 [zio-default-async-1] INFO  a.f.a.t.p.p.OptPassImpl -   > ExprOptimizer
2024-08-08T09:12:03,030 [zio-default-async-1] INFO  a.f.a.t.p.p.OptPassImpl -   > SetMembershipSimplifier
2024-08-08T09:12:03,030 [zio-default-async-1] INFO  a.f.a.t.p.p.OptPassImpl -   > ConstSimplifier
2024-08-08T09:12:03,031 [zio-default-async-1] DEBUG a.f.a.i.p.PassChainExecutor$ - PASS #11: OptimizationPass [OK]
2024-08-08T09:12:03,031 [zio-default-async-1] INFO  a.f.a.i.p.PassChainExecutor$ - PASS #12: AnalysisPass
2024-08-08T09:12:03,031 [zio-default-async-1] INFO  a.f.a.t.b.p.AnalysisPassImpl -  > Marking skolemizable existentials and sets to be expanded...
2024-08-08T09:12:03,031 [zio-default-async-1] INFO  a.f.a.t.b.p.AnalysisPassImpl -   > Skolemization
2024-08-08T09:12:03,031 [zio-default-async-1] INFO  a.f.a.t.b.p.AnalysisPassImpl -   > Expansion
2024-08-08T09:12:03,031 [zio-default-async-1] INFO  a.f.a.t.b.p.AnalysisPassImpl -   > Remove unused let-in defs
2024-08-08T09:12:03,898 [zio-default-async-17] INFO  a.f.a.t.p.t.EtcTypeCheckerPassImpl -  > Your types are purrfect!
2024-08-08T09:12:03,899 [zio-default-async-17] INFO  a.f.a.t.p.t.EtcTypeCheckerPassImpl -  > All expressions are typed
2024-08-08T09:12:03,899 [zio-default-async-17] DEBUG a.f.a.i.p.PassChainExecutor$ - PASS #1: TypeCheckerSnowcat [OK]
2024-08-08T09:12:03,899 [zio-default-async-17] INFO  a.f.a.i.p.PassChainExecutor$ - PASS #2: ConfigurationPass
2024-08-08T09:12:03,900 [zio-default-async-17] INFO  a.f.a.t.p.p.ConfigurationPassImpl -   > Set the initialization predicate to q::init
2024-08-08T09:12:03,900 [zio-default-async-17] INFO  a.f.a.t.p.p.ConfigurationPassImpl -   > Set the transition predicate to q::step
2024-08-08T09:12:03,904 [zio-default-async-17] DEBUG a.f.a.i.p.PassChainExecutor$ - PASS #2: ConfigurationPass [OK]
2024-08-08T09:12:03,904 [zio-default-async-17] INFO  a.f.a.i.p.PassChainExecutor$ - PASS #3: DesugarerPass
2024-08-08T09:12:03,904 [zio-default-async-17] INFO  a.f.a.t.p.p.DesugarerPassImpl -   > Desugaring...
2024-08-08T09:12:03,910 [zio-default-async-17] DEBUG a.f.a.i.p.PassChainExecutor$ - PASS #3: DesugarerPass [OK]
2024-08-08T09:12:03,910 [zio-default-async-17] INFO  a.f.a.i.p.PassChainExecutor$ - PASS #4: InlinePass
2024-08-08T09:12:03,910 [zio-default-async-17] INFO  a.f.a.t.p.p.InlinePassImpl - Leaving only relevant operators: CInitPrimed, q::init, q::initPrimed, q::step
2024-08-08T09:12:04,041 [zio-default-async-17] DEBUG a.f.a.i.p.PassChainExecutor$ - PASS #4: InlinePass [OK]
2024-08-08T09:12:04,041 [zio-default-async-17] INFO  a.f.a.i.p.PassChainExecutor$ - PASS #5: TemporalPass
2024-08-08T09:12:04,042 [zio-default-async-17] INFO  a.f.a.t.p.p.TemporalPassImpl -   > Rewriting temporal operators...
2024-08-08T09:12:04,042 [zio-default-async-17] INFO  a.f.a.t.p.p.TemporalPassImpl -   > No temporal property specified, nothing to encode
2024-08-08T09:12:04,042 [zio-default-async-17] DEBUG a.f.a.i.p.PassChainExecutor$ - PASS #5: TemporalPass [OK]
2024-08-08T09:12:04,042 [zio-default-async-17] INFO  a.f.a.i.p.PassChainExecutor$ - PASS #6: InlinePass
2024-08-08T09:12:04,042 [zio-default-async-17] INFO  a.f.a.t.p.p.InlinePassImpl - Leaving only relevant operators: CInitPrimed, q::init, q::initPrimed, q::step
2024-08-08T09:12:04,085 [zio-default-async-17] DEBUG a.f.a.i.p.PassChainExecutor$ - PASS #6: InlinePass [OK]
2024-08-08T09:12:04,085 [zio-default-async-17] INFO  a.f.a.i.p.PassChainExecutor$ - PASS #7: PrimingPass
2024-08-08T09:12:04,085 [zio-default-async-17] INFO  a.f.a.t.p.a.PrimingPassImpl -   > Introducing q::initPrimed for q::init'
2024-08-08T09:12:04,086 [zio-default-async-17] DEBUG a.f.a.i.p.PassChainExecutor$ - PASS #7: PrimingPass [OK]
2024-08-08T09:12:04,086 [zio-default-async-17] INFO  a.f.a.i.p.PassChainExecutor$ - PASS #8: VCGen
2024-08-08T09:12:04,086 [zio-default-async-17] INFO  a.f.a.t.b.p.VCGenPassImpl -   > No invariant given. Only deadlocks will be checked
2024-08-08T09:12:04,086 [zio-default-async-17] DEBUG a.f.a.i.p.PassChainExecutor$ - PASS #8: VCGen [OK]
2024-08-08T09:12:04,087 [zio-default-async-17] INFO  a.f.a.i.p.PassChainExecutor$ - PASS #9: PreprocessingPass
2024-08-08T09:12:04,087 [zio-default-async-17] INFO  a.f.a.t.p.p.PreproPassImpl -   > Before preprocessing: unique renaming
2024-08-08T09:12:04,087 [zio-default-async-17] INFO  a.f.a.t.p.p.PreproPassImpl -  > Applying standard transformations:
2024-08-08T09:12:04,087 [zio-default-async-17] INFO  a.f.a.t.p.p.PreproPassImpl -   > PrimePropagation
2024-08-08T09:12:04,090 [zio-default-async-17] INFO  a.f.a.t.p.p.PreproPassImpl -   > Desugarer
2024-08-08T09:12:04,106 [zio-default-async-17] INFO  a.f.a.t.p.p.PreproPassImpl -   > UniqueRenamer
2024-08-08T09:12:04,135 [zio-default-async-17] INFO  a.f.a.t.p.p.PreproPassImpl -   > Normalizer
2024-08-08T09:12:04,139 [zio-default-async-17] INFO  a.f.a.t.p.p.PreproPassImpl -   > Keramelizer
2024-08-08T09:12:04,152 [zio-default-async-17] INFO  a.f.a.t.p.p.PreproPassImpl -   > After preprocessing: UniqueRenamer
2024-08-08T09:12:04,170 [zio-default-async-17] DEBUG a.f.a.i.p.PassChainExecutor$ - PASS #9: PreprocessingPass [OK]
2024-08-08T09:12:04,171 [zio-default-async-17] INFO  a.f.a.i.p.PassChainExecutor$ - PASS #10: TransitionFinderPass
2024-08-08T09:12:04,191 [zio-default-async-17] INFO  a.f.a.t.p.a.TransitionPassImpl -   > Found 1 initializing transitions
2024-08-08T09:12:04,204 [zio-default-async-17] INFO  a.f.a.t.p.a.TransitionPassImpl -   > Found 3 transitions
2024-08-08T09:12:04,204 [zio-default-async-17] INFO  a.f.a.t.p.a.TransitionPassImpl -   > No constant initializer
2024-08-08T09:12:04,204 [zio-default-async-17] INFO  a.f.a.t.p.a.TransitionPassImpl -   > Applying unique renaming
2024-08-08T09:12:04,222 [zio-default-async-17] DEBUG a.f.a.i.p.PassChainExecutor$ - PASS #10: TransitionFinderPass [OK]
2024-08-08T09:12:04,222 [zio-default-async-17] INFO  a.f.a.i.p.PassChainExecutor$ - PASS #11: OptimizationPass
2024-08-08T09:12:04,222 [zio-default-async-17] INFO  a.f.a.t.p.p.OptPassImpl -  > Applying optimizations:
2024-08-08T09:12:04,222 [zio-default-async-17] INFO  a.f.a.t.p.p.OptPassImpl -   > ConstSimplifier
2024-08-08T09:12:04,242 [zio-default-async-17] INFO  a.f.a.t.p.p.OptPassImpl -   > ExprOptimizer
2024-08-08T09:12:04,259 [zio-default-async-17] INFO  a.f.a.t.p.p.OptPassImpl -   > SetMembershipSimplifier
2024-08-08T09:12:04,262 [zio-default-async-17] INFO  a.f.a.t.p.p.OptPassImpl -   > ConstSimplifier
2024-08-08T09:12:04,279 [zio-default-async-17] DEBUG a.f.a.i.p.PassChainExecutor$ - PASS #11: OptimizationPass [OK]
2024-08-08T09:12:04,279 [zio-default-async-17] INFO  a.f.a.i.p.PassChainExecutor$ - PASS #12: AnalysisPass
2024-08-08T09:12:04,279 [zio-default-async-17] INFO  a.f.a.t.b.p.AnalysisPassImpl -  > Marking skolemizable existentials and sets to be expanded...
2024-08-08T09:12:04,279 [zio-default-async-17] INFO  a.f.a.t.b.p.AnalysisPassImpl -   > Skolemization
2024-08-08T09:12:04,281 [zio-default-async-17] INFO  a.f.a.t.b.p.AnalysisPassImpl -   > Expansion
2024-08-08T09:12:04,291 [zio-default-async-17] INFO  a.f.a.t.b.p.AnalysisPassImpl -   > Remove unused let-in defs
2024-08-08T09:12:04,294 [zio-default-async-17] INFO  a.f.a.t.b.p.AnalysisPassImpl -  > Running analyzers...
2024-08-08T09:12:04,297 [zio-default-async-17] INFO  a.f.a.t.b.p.AnalysisPassImpl -   > Introduced expression grades
2024-08-08T09:12:04,297 [zio-default-async-17] DEBUG a.f.a.i.p.PassChainExecutor$ - PASS #12: AnalysisPass [OK]
2024-08-08T09:12:04,297 [zio-default-async-17] INFO  a.f.a.i.p.PassChainExecutor$ - PASS #13: BoundedChecker
2024-08-08T09:12:04,299 [zio-default-async-17] DEBUG a.f.a.t.b.s.Z3SolverContext - Creating Z3 solver context 5
2024-08-08T09:12:04,691 [zio-default-async-1] INFO  a.f.a.t.b.p.AnalysisPassImpl -  > Running analyzers...
2024-08-08T09:12:04,691 [zio-default-async-1] INFO  a.f.a.t.b.p.AnalysisPassImpl -   > Introduced expression grades
2024-08-08T09:12:04,691 [zio-default-async-1] DEBUG a.f.a.i.p.PassChainExecutor$ - PASS #12: AnalysisPass [OK]
2024-08-08T09:12:04,692 [zio-default-async-1] INFO  a.f.a.i.p.PassChainExecutor$ - PASS #13: BoundedChecker
2024-08-08T09:12:04,692 [zio-default-async-1] DEBUG a.f.a.t.b.s.Z3SolverContext - Creating Z3 solver context 6
2024-08-08T09:12:04,924 [zio-default-async-25] DEBUG a.f.a.t.b.t.TransitionExecutorImpl - Step #0, transition #0
2024-08-08T09:12:04,924 [zio-default-async-1] DEBUG a.f.a.t.b.t.TransitionExecutorImpl - Step #0, transition #0
2024-08-08T09:12:04,924 [zio-default-async-9] DEBUG a.f.a.t.b.t.TransitionExecutorImpl - Step #0, transition #0
2024-08-08T09:12:04,924 [zio-default-async-13] DEBUG a.f.a.t.b.t.TransitionExecutorImpl - Step #0, transition #0
2024-08-08T09:12:04,924 [zio-default-async-21] DEBUG a.f.a.t.b.t.TransitionExecutorImpl - Step #0, transition #0
2024-08-08T09:12:04,924 [zio-default-async-17] DEBUG a.f.a.t.b.t.TransitionExecutorImpl - Step #0, transition #0
2024-08-08T09:12:04,925 [zio-default-async-25] DEBUG a.f.a.t.b.t.TransitionExecutorImpl - Translating to SMT
2024-08-08T09:12:04,925 [zio-default-async-1] DEBUG a.f.a.t.b.t.TransitionExecutorImpl - Translating to SMT
2024-08-08T09:12:04,925 [zio-default-async-9] DEBUG a.f.a.t.b.t.TransitionExecutorImpl - Translating to SMT
2024-08-08T09:12:04,925 [zio-default-async-13] DEBUG a.f.a.t.b.t.TransitionExecutorImpl - Translating to SMT
2024-08-08T09:12:04,925 [zio-default-async-21] DEBUG a.f.a.t.b.t.TransitionExecutorImpl - Translating to SMT
2024-08-08T09:12:04,925 [zio-default-async-17] DEBUG a.f.a.t.b.t.TransitionExecutorImpl - Translating to SMT
2024-08-08T09:12:04,932 [zio-default-async-8] DEBUG a.f.a.t.b.t.TransitionExecutorImpl - Step #0, transition #0
2024-08-08T09:12:04,932 [zio-default-async-8] DEBUG a.f.a.t.b.t.TransitionExecutorImpl - Translating to SMT
2024-08-08T09:12:05,005 [zio-default-async-8] DEBUG a.f.a.t.b.SeqModelChecker - Step 0: Transition #0. Is it enabled?
2024-08-08T09:12:05,005 [zio-default-async-1] DEBUG a.f.a.t.b.SeqModelChecker - Step 0: Transition #0. Is it enabled?
2024-08-08T09:12:05,006 [zio-default-async-9] DEBUG a.f.a.t.b.SeqModelChecker - Step 0: Transition #0. Is it enabled?
2024-08-08T09:12:05,013 [zio-default-async-1] DEBUG a.f.a.t.b.SeqModelChecker - Step 0: Transition #0 is enabled
2024-08-08T09:12:05,013 [zio-default-async-8] DEBUG a.f.a.t.b.SeqModelChecker - Step 0: Transition #0 is enabled
2024-08-08T09:12:05,013 [zio-default-async-9] DEBUG a.f.a.t.b.SeqModelChecker - Step 0: Transition #0 is enabled
2024-08-08T09:12:05,032 [zio-default-async-8] INFO  a.f.a.t.b.t.TransitionExecutorImpl - Step 0: picking a transition out of 1 transition(s)
2024-08-08T09:12:05,033 [zio-default-async-9] INFO  a.f.a.t.b.t.TransitionExecutorImpl - Step 0: picking a transition out of 1 transition(s)
2024-08-08T09:12:05,033 [zio-default-async-1] INFO  a.f.a.t.b.t.TransitionExecutorImpl - Step 0: picking a transition out of 1 transition(s)
2024-08-08T09:12:05,043 [zio-default-async-9] DEBUG a.f.a.t.b.t.TransitionExecutorImpl - Step #1, transition #0
2024-08-08T09:12:05,043 [zio-default-async-1] DEBUG a.f.a.t.b.t.TransitionExecutorImpl - Step #1, transition #0
2024-08-08T09:12:05,043 [zio-default-async-8] DEBUG a.f.a.t.b.t.TransitionExecutorImpl - Step #1, transition #0
2024-08-08T09:12:05,043 [zio-default-async-9] DEBUG a.f.a.t.b.t.TransitionExecutorImpl - Translating to SMT
2024-08-08T09:12:05,043 [zio-default-async-1] DEBUG a.f.a.t.b.t.TransitionExecutorImpl - Translating to SMT
2024-08-08T09:12:05,043 [zio-default-async-8] DEBUG a.f.a.t.b.t.TransitionExecutorImpl - Translating to SMT
2024-08-08T09:12:05,043 [zio-default-async-1] DEBUG a.f.a.t.b.SeqModelChecker - Step 1: Transition #0. Is it enabled?
2024-08-08T09:12:05,043 [zio-default-async-8] DEBUG a.f.a.t.b.SeqModelChecker - Step 1: Transition #0. Is it enabled?
2024-08-08T09:12:05,044 [zio-default-async-1] DEBUG a.f.a.t.b.SeqModelChecker - Step 1: Transition #0 is enabled
2024-08-08T09:12:05,044 [zio-default-async-8] DEBUG a.f.a.t.b.SeqModelChecker - Step 1: Transition #0 is enabled
2024-08-08T09:12:05,044 [zio-default-async-21] DEBUG a.f.a.t.b.SeqModelChecker - Step 0: Transition #0. Is it enabled?
2024-08-08T09:12:05,044 [zio-default-async-8] INFO  a.f.a.t.b.t.TransitionExecutorImpl - Step 1: picking a transition out of 1 transition(s)
2024-08-08T09:12:05,044 [zio-default-async-1] INFO  a.f.a.t.b.t.TransitionExecutorImpl - Step 1: picking a transition out of 1 transition(s)
2024-08-08T09:12:05,045 [zio-default-async-21] DEBUG a.f.a.t.b.SeqModelChecker - Step 0: Transition #0 is enabled
2024-08-08T09:12:05,045 [zio-default-async-8] DEBUG a.f.a.t.b.t.TransitionExecutorImpl - Step #2, transition #0
2024-08-08T09:12:05,045 [zio-default-async-8] DEBUG a.f.a.t.b.t.TransitionExecutorImpl - Translating to SMT
2024-08-08T09:12:05,045 [zio-default-async-1] DEBUG a.f.a.t.b.t.TransitionExecutorImpl - Step #2, transition #0
2024-08-08T09:12:05,045 [zio-default-async-1] DEBUG a.f.a.t.b.t.TransitionExecutorImpl - Translating to SMT
2024-08-08T09:12:05,045 [zio-default-async-8] DEBUG a.f.a.t.b.SeqModelChecker - Step 2: Transition #0. Is it enabled?
2024-08-08T09:12:05,046 [zio-default-async-21] INFO  a.f.a.t.b.t.TransitionExecutorImpl - Step 0: picking a transition out of 1 transition(s)
2024-08-08T09:12:05,046 [zio-default-async-1] DEBUG a.f.a.t.b.SeqModelChecker - Step 2: Transition #0. Is it enabled?
2024-08-08T09:12:05,046 [zio-default-async-8] DEBUG a.f.a.t.b.SeqModelChecker - Step 2: Transition #0 is enabled
2024-08-08T09:12:05,046 [zio-default-async-1] DEBUG a.f.a.t.b.SeqModelChecker - Step 2: Transition #0 is enabled
2024-08-08T09:12:05,046 [zio-default-async-8] INFO  a.f.a.t.b.t.TransitionExecutorImpl - Step 2: picking a transition out of 1 transition(s)
2024-08-08T09:12:05,047 [zio-default-async-21] DEBUG a.f.a.t.b.t.TransitionExecutorImpl - Step #1, transition #0
2024-08-08T09:12:05,047 [zio-default-async-21] DEBUG a.f.a.t.b.t.TransitionExecutorImpl - Translating to SMT
2024-08-08T09:12:05,047 [zio-default-async-1] INFO  a.f.a.t.b.t.TransitionExecutorImpl - Step 2: picking a transition out of 1 transition(s)
2024-08-08T09:12:05,047 [zio-default-async-8] DEBUG a.f.a.t.b.t.TransitionExecutorImpl - Step #3, transition #0
2024-08-08T09:12:05,047 [zio-default-async-8] DEBUG a.f.a.t.b.t.TransitionExecutorImpl - Translating to SMT
2024-08-08T09:12:05,047 [zio-default-async-8] DEBUG a.f.a.t.b.SeqModelChecker - Step 3: Transition #0. Is it enabled?
2024-08-08T09:12:05,048 [zio-default-async-8] DEBUG a.f.a.t.b.SeqModelChecker - Step 3: Transition #0 is enabled
2024-08-08T09:12:05,048 [zio-default-async-8] INFO  a.f.a.t.b.t.TransitionExecutorImpl - Step 3: picking a transition out of 1 transition(s)
2024-08-08T09:12:05,048 [zio-default-async-1] DEBUG a.f.a.t.b.t.TransitionExecutorImpl - Step #3, transition #0
2024-08-08T09:12:05,048 [zio-default-async-1] DEBUG a.f.a.t.b.t.TransitionExecutorImpl - Translating to SMT
2024-08-08T09:12:05,048 [zio-default-async-1] DEBUG a.f.a.t.b.SeqModelChecker - Step 3: Transition #0. Is it enabled?
2024-08-08T09:12:05,048 [zio-default-async-9] DEBUG a.f.a.t.b.SeqModelChecker - Step 1: Transition #0. Is it enabled?
2024-08-08T09:12:05,048 [zio-default-async-1] DEBUG a.f.a.t.b.SeqModelChecker - Step 3: Transition #0 is enabled
2024-08-08T09:12:05,048 [zio-default-async-8] DEBUG a.f.a.t.b.s.Z3SolverContext - Disposing Z3 solver context 0
2024-08-08T09:12:05,048 [zio-default-async-9] INFO  a.f.a.t.b.SeqModelChecker - Step 1: Transition #0 is disabled
2024-08-08T09:12:05,049 [zio-default-async-1] INFO  a.f.a.t.b.t.TransitionExecutorImpl - Step 3: picking a transition out of 1 transition(s)
2024-08-08T09:12:05,049 [zio-default-async-9] DEBUG a.f.a.t.b.t.TransitionExecutorImpl - Step #1, transition #1
2024-08-08T09:12:05,049 [zio-default-async-9] DEBUG a.f.a.t.b.t.TransitionExecutorImpl - Translating to SMT
2024-08-08T09:12:05,049 [zio-default-async-1] DEBUG a.f.a.t.b.s.Z3SolverContext - Disposing Z3 solver context 6
2024-08-08T09:12:05,052 [zio-default-async-9] DEBUG a.f.a.t.b.SeqModelChecker - Step 1: Transition #1. Is it enabled?
2024-08-08T09:12:05,053 [zio-default-async-17] DEBUG a.f.a.t.b.SeqModelChecker - Step 0: Transition #0. Is it enabled?
2024-08-08T09:12:05,053 [zio-default-async-9] INFO  a.f.a.t.b.SeqModelChecker - Step 1: Transition #1 is disabled
2024-08-08T09:12:05,053 [zio-default-async-9] DEBUG a.f.a.t.b.t.TransitionExecutorImpl - Step #1, transition #2
2024-08-08T09:12:05,053 [zio-default-async-9] DEBUG a.f.a.t.b.t.TransitionExecutorImpl - Translating to SMT
2024-08-08T09:12:05,053 [zio-default-async-17] DEBUG a.f.a.t.b.SeqModelChecker - Step 0: Transition #0 is enabled
2024-08-08T09:12:05,055 [zio-default-async-17] INFO  a.f.a.t.b.t.TransitionExecutorImpl - Step 0: picking a transition out of 1 transition(s)
2024-08-08T09:12:05,055 [zio-default-async-25] DEBUG a.f.a.t.b.SeqModelChecker - Step 0: Transition #0. Is it enabled?
2024-08-08T09:12:05,058 [zio-default-async-25] DEBUG a.f.a.t.b.SeqModelChecker - Step 0: Transition #0 is enabled
2024-08-08T09:12:05,059 [zio-default-async-17] DEBUG a.f.a.t.b.t.TransitionExecutorImpl - Step #1, transition #0
2024-08-08T09:12:05,059 [zio-default-async-17] DEBUG a.f.a.t.b.t.TransitionExecutorImpl - Translating to SMT
2024-08-08T09:12:05,059 [zio-default-async-25] INFO  a.f.a.t.b.t.TransitionExecutorImpl - Step 0: picking a transition out of 1 transition(s)
2024-08-08T09:12:05,060 [zio-default-async-25] DEBUG a.f.a.t.b.t.TransitionExecutorImpl - Step #1, transition #0
2024-08-08T09:12:05,061 [zio-default-async-25] DEBUG a.f.a.t.b.t.TransitionExecutorImpl - Translating to SMT
2024-08-08T09:12:05,061 [zio-default-async-9] DEBUG a.f.a.t.b.SeqModelChecker - Step 1: Transition #2. Is it enabled?
2024-08-08T09:12:05,061 [zio-default-async-9] DEBUG a.f.a.t.b.SeqModelChecker - Step 1: Transition #2 is enabled
2024-08-08T09:12:05,062 [zio-default-async-9] INFO  a.f.a.t.b.t.TransitionExecutorImpl - Step 1: picking a transition out of 1 transition(s)
2024-08-08T09:12:05,062 [zio-default-async-9] DEBUG a.f.a.t.b.t.TransitionExecutorImpl - Step #2, transition #0
2024-08-08T09:12:05,063 [zio-default-async-9] DEBUG a.f.a.t.b.t.TransitionExecutorImpl - Translating to SMT
2024-08-08T09:12:05,064 [zio-default-async-9] DEBUG a.f.a.t.b.SeqModelChecker - Step 2: Transition #0. Is it enabled?
2024-08-08T09:12:05,065 [zio-default-async-9] DEBUG a.f.a.t.b.SeqModelChecker - Step 2: Transition #0 is enabled
2024-08-08T09:12:05,066 [zio-default-async-9] DEBUG a.f.a.t.b.t.TransitionExecutorImpl - Step #2, transition #1
2024-08-08T09:12:05,066 [zio-default-async-9] DEBUG a.f.a.t.b.t.TransitionExecutorImpl - Translating to SMT
2024-08-08T09:12:05,068 [zio-default-async-9] DEBUG a.f.a.t.b.SeqModelChecker - Step 2: Transition #1. Is it enabled?
2024-08-08T09:12:05,069 [zio-default-async-9] INFO  a.f.a.t.b.SeqModelChecker - Step 2: Transition #1 is disabled
2024-08-08T09:12:05,069 [zio-default-async-25] DEBUG a.f.a.t.b.SeqModelChecker - Step 1: Transition #0. Is it enabled?
2024-08-08T09:12:05,069 [zio-default-async-9] DEBUG a.f.a.t.b.t.TransitionExecutorImpl - Step #2, transition #2
2024-08-08T09:12:05,069 [zio-default-async-9] DEBUG a.f.a.t.b.t.TransitionExecutorImpl - Translating to SMT
2024-08-08T09:12:05,070 [zio-default-async-25] DEBUG a.f.a.t.b.SeqModelChecker - Step 1: Transition #0 is enabled
2024-08-08T09:12:05,070 [zio-default-async-25] INFO  a.f.a.t.b.t.TransitionExecutorImpl - Step 1: picking a transition out of 1 transition(s)
2024-08-08T09:12:05,071 [zio-default-async-9] DEBUG a.f.a.t.b.SeqModelChecker - Step 2: Transition #2. Is it enabled?
2024-08-08T09:12:05,071 [zio-default-async-9] DEBUG a.f.a.t.b.SeqModelChecker - Step 2: Transition #2 is enabled
2024-08-08T09:12:05,071 [zio-default-async-25] DEBUG a.f.a.t.b.t.TransitionExecutorImpl - Step #2, transition #0
2024-08-08T09:12:05,071 [zio-default-async-25] DEBUG a.f.a.t.b.t.TransitionExecutorImpl - Translating to SMT
2024-08-08T09:12:05,072 [zio-default-async-9] INFO  a.f.a.t.b.t.TransitionExecutorImpl - Step 2: picking a transition out of 2 transition(s)
2024-08-08T09:12:05,072 [zio-default-async-13] DEBUG a.f.a.t.b.SeqModelChecker - Step 0: Transition #0. Is it enabled?
2024-08-08T09:12:05,074 [zio-default-async-8] INFO  a.f.a.t.b.p.BoundedCheckerPassImpl - The outcome is: NoError
2024-08-08T09:12:05,074 [zio-default-async-8] DEBUG a.f.a.i.p.PassChainExecutor$ - PASS #13: BoundedChecker [OK]
2024-08-08T09:12:05,075 [zio-default-async-13] DEBUG a.f.a.t.b.SeqModelChecker - Step 0: Transition #0 is enabled
2024-08-08T09:12:05,075 [zio-default-async-13] INFO  a.f.a.t.b.t.TransitionExecutorImpl - Step 0: picking a transition out of 1 transition(s)
2024-08-08T09:12:05,076 [zio-default-async-13] DEBUG a.f.a.t.b.t.TransitionExecutorImpl - Step #1, transition #0
2024-08-08T09:12:05,076 [zio-default-async-13] DEBUG a.f.a.t.b.t.TransitionExecutorImpl - Translating to SMT
2024-08-08T09:12:05,077 [zio-default-async-1] INFO  a.f.a.t.b.p.BoundedCheckerPassImpl - The outcome is: NoError
2024-08-08T09:12:05,077 [zio-default-async-1] DEBUG a.f.a.i.p.PassChainExecutor$ - PASS #13: BoundedChecker [OK]
2024-08-08T09:12:05,078 [zio-default-async-9] DEBUG a.f.a.t.b.t.TransitionExecutorImpl - Step #3, transition #0
2024-08-08T09:12:05,079 [zio-default-async-9] DEBUG a.f.a.t.b.t.TransitionExecutorImpl - Translating to SMT
2024-08-08T09:12:05,081 [zio-default-async-9] DEBUG a.f.a.t.b.SeqModelChecker - Step 3: Transition #0. Is it enabled?
2024-08-08T09:12:05,082 [zio-default-async-9] INFO  a.f.a.t.b.SeqModelChecker - Step 3: Transition #0 is disabled
2024-08-08T09:12:05,082 [zio-default-async-25] DEBUG a.f.a.t.b.SeqModelChecker - Step 2: Transition #0. Is it enabled?
2024-08-08T09:12:05,082 [zio-default-async-9] DEBUG a.f.a.t.b.t.TransitionExecutorImpl - Step #3, transition #1
2024-08-08T09:12:05,082 [zio-default-async-9] DEBUG a.f.a.t.b.t.TransitionExecutorImpl - Translating to SMT
2024-08-08T09:12:05,083 [zio-default-async-25] DEBUG a.f.a.t.b.SeqModelChecker - Step 2: Transition #0 is enabled
2024-08-08T09:12:05,083 [zio-default-async-25] INFO  a.f.a.t.b.t.TransitionExecutorImpl - Step 2: picking a transition out of 1 transition(s)
2024-08-08T09:12:05,085 [zio-default-async-25] DEBUG a.f.a.t.b.t.TransitionExecutorImpl - Step #3, transition #0
2024-08-08T09:12:05,085 [zio-default-async-25] DEBUG a.f.a.t.b.t.TransitionExecutorImpl - Translating to SMT
2024-08-08T09:12:05,087 [zio-default-async-9] DEBUG a.f.a.t.b.SeqModelChecker - Step 3: Transition #1. Is it enabled?
2024-08-08T09:12:05,088 [zio-default-async-9] DEBUG a.f.a.t.b.SeqModelChecker - Step 3: Transition #1 is enabled
2024-08-08T09:12:05,088 [zio-default-async-9] DEBUG a.f.a.t.b.t.TransitionExecutorImpl - Step #3, transition #2
2024-08-08T09:12:05,088 [zio-default-async-9] DEBUG a.f.a.t.b.t.TransitionExecutorImpl - Translating to SMT
2024-08-08T09:12:05,092 [zio-default-async-9] DEBUG a.f.a.t.b.SeqModelChecker - Step 3: Transition #2. Is it enabled?
2024-08-08T09:12:05,093 [zio-default-async-9] DEBUG a.f.a.t.b.SeqModelChecker - Step 3: Transition #2 is enabled
2024-08-08T09:12:05,094 [zio-default-async-25] DEBUG a.f.a.t.b.SeqModelChecker - Step 3: Transition #0. Is it enabled?
2024-08-08T09:12:05,094 [zio-default-async-9] INFO  a.f.a.t.b.t.TransitionExecutorImpl - Step 3: picking a transition out of 2 transition(s)
2024-08-08T09:12:05,095 [zio-default-async-25] DEBUG a.f.a.t.b.SeqModelChecker - Step 3: Transition #0 is enabled
2024-08-08T09:12:05,096 [zio-default-async-25] INFO  a.f.a.t.b.t.TransitionExecutorImpl - Step 3: picking a transition out of 1 transition(s)
2024-08-08T09:12:05,097 [zio-default-async-25] DEBUG a.f.a.t.b.s.Z3SolverContext - Disposing Z3 solver context 2
2024-08-08T09:12:05,097 [zio-default-async-9] DEBUG a.f.a.t.b.s.Z3SolverContext - Disposing Z3 solver context 1
2024-08-08T09:12:05,107 [zio-default-async-9] INFO  a.f.a.t.b.p.BoundedCheckerPassImpl - The outcome is: NoError
2024-08-08T09:12:05,108 [zio-default-async-9] DEBUG a.f.a.i.p.PassChainExecutor$ - PASS #13: BoundedChecker [OK]
2024-08-08T09:12:05,113 [zio-default-async-25] INFO  a.f.a.t.b.p.BoundedCheckerPassImpl - The outcome is: NoError
2024-08-08T09:12:05,113 [zio-default-async-25] DEBUG a.f.a.i.p.PassChainExecutor$ - PASS #13: BoundedChecker [OK]
2024-08-08T09:12:05,365 [zio-default-async-21] DEBUG a.f.a.t.b.SeqModelChecker - Step 1: Transition #0. Is it enabled?
2024-08-08T09:12:05,371 [zio-default-async-21] DEBUG a.f.a.t.b.SeqModelChecker - Step 1: Transition #0 is enabled
2024-08-08T09:12:05,373 [zio-default-async-21] INFO  a.f.a.t.b.t.TransitionExecutorImpl - Step 1: picking a transition out of 1 transition(s)
2024-08-08T09:12:05,375 [zio-default-async-21] DEBUG a.f.a.t.b.t.TransitionExecutorImpl - Step #2, transition #0
2024-08-08T09:12:05,376 [zio-default-async-21] DEBUG a.f.a.t.b.t.TransitionExecutorImpl - Translating to SMT
