2024-08-08T13:30:29,209 [main] INFO  a.f.a.t.Tool$ - # APALACHE version: 0.44.11 | build: 5dee24e
2024-08-08T13:30:29,217 [main] INFO  a.f.a.t.t.o.ServerCmd - Starting server on port 8822...
2024-08-08T13:30:33,059 [zio-default-async-5] INFO  a.f.a.i.p.PassChainExecutor$ - PASS #0: SanyParser
2024-08-08T13:30:34,004 [zio-default-async-5] DEBUG a.f.a.i.p.PassChainExecutor$ - PASS #0: SanyParser [OK]
2024-08-08T13:30:34,005 [zio-default-async-5] INFO  a.f.a.i.p.PassChainExecutor$ - PASS #1: TypeCheckerSnowcat
2024-08-08T13:30:34,005 [zio-default-async-5] INFO  a.f.a.t.p.t.EtcTypeCheckerPassImpl -  > Running Snowcat .::.
2024-08-08T13:30:36,223 [zio-default-async-5] INFO  a.f.a.t.p.t.EtcTypeCheckerPassImpl -  > Your types are purrfect!
2024-08-08T13:30:36,224 [zio-default-async-5] INFO  a.f.a.t.p.t.EtcTypeCheckerPassImpl -  > All expressions are typed
2024-08-08T13:30:36,224 [zio-default-async-5] DEBUG a.f.a.i.p.PassChainExecutor$ - PASS #1: TypeCheckerSnowcat [OK]
2024-08-08T13:30:36,225 [zio-default-async-5] INFO  a.f.a.i.p.PassChainExecutor$ - PASS #2: ConfigurationPass
2024-08-08T13:30:36,230 [zio-default-async-5] INFO  a.f.a.t.p.p.ConfigurationPassImpl -   > Set the initialization predicate to q::init
2024-08-08T13:30:36,230 [zio-default-async-5] INFO  a.f.a.t.p.p.ConfigurationPassImpl -   > Set the transition predicate to q::step
2024-08-08T13:30:36,231 [zio-default-async-5] INFO  a.f.a.t.p.p.ConfigurationPassImpl -   > Set an invariant to q::inv
2024-08-08T13:30:36,240 [zio-default-async-5] DEBUG a.f.a.i.p.PassChainExecutor$ - PASS #2: ConfigurationPass [OK]
2024-08-08T13:30:36,240 [zio-default-async-5] INFO  a.f.a.i.p.PassChainExecutor$ - PASS #3: DesugarerPass
2024-08-08T13:30:36,240 [zio-default-async-5] INFO  a.f.a.t.p.p.DesugarerPassImpl -   > Desugaring...
2024-08-08T13:30:36,256 [zio-default-async-5] DEBUG a.f.a.i.p.PassChainExecutor$ - PASS #3: DesugarerPass [OK]
2024-08-08T13:30:36,256 [zio-default-async-5] INFO  a.f.a.i.p.PassChainExecutor$ - PASS #4: InlinePass
2024-08-08T13:30:36,257 [zio-default-async-5] INFO  a.f.a.t.p.p.InlinePassImpl - Leaving only relevant operators: CInitPrimed, q::init, q::initPrimed, q::inv, q::step
2024-08-08T13:30:36,375 [zio-default-async-5] DEBUG a.f.a.i.p.PassChainExecutor$ - PASS #4: InlinePass [OK]
2024-08-08T13:30:36,375 [zio-default-async-5] INFO  a.f.a.i.p.PassChainExecutor$ - PASS #5: TemporalPass
2024-08-08T13:30:36,375 [zio-default-async-5] INFO  a.f.a.t.p.p.TemporalPassImpl -   > Rewriting temporal operators...
2024-08-08T13:30:36,375 [zio-default-async-5] INFO  a.f.a.t.p.p.TemporalPassImpl -   > No temporal property specified, nothing to encode
2024-08-08T13:30:36,376 [zio-default-async-5] DEBUG a.f.a.i.p.PassChainExecutor$ - PASS #5: TemporalPass [OK]
2024-08-08T13:30:36,376 [zio-default-async-5] INFO  a.f.a.i.p.PassChainExecutor$ - PASS #6: InlinePass
2024-08-08T13:30:36,376 [zio-default-async-5] INFO  a.f.a.t.p.p.InlinePassImpl - Leaving only relevant operators: CInitPrimed, q::init, q::initPrimed, q::inv, q::step
2024-08-08T13:30:36,396 [zio-default-async-5] DEBUG a.f.a.i.p.PassChainExecutor$ - PASS #6: InlinePass [OK]
2024-08-08T13:30:36,396 [zio-default-async-5] INFO  a.f.a.i.p.PassChainExecutor$ - PASS #7: PrimingPass
2024-08-08T13:30:36,398 [zio-default-async-5] INFO  a.f.a.t.p.a.PrimingPassImpl -   > Introducing q::initPrimed for q::init'
2024-08-08T13:30:36,400 [zio-default-async-5] DEBUG a.f.a.i.p.PassChainExecutor$ - PASS #7: PrimingPass [OK]
2024-08-08T13:30:36,400 [zio-default-async-5] INFO  a.f.a.i.p.PassChainExecutor$ - PASS #8: VCGen
2024-08-08T13:30:36,401 [zio-default-async-5] INFO  a.f.a.t.b.p.VCGenPassImpl -   > Producing verification conditions from the invariant q::inv
2024-08-08T13:30:36,411 [zio-default-async-5] INFO  a.f.a.t.b.VCGenerator -   > VCGen produced 1 verification condition(s)
2024-08-08T13:30:36,413 [zio-default-async-5] DEBUG a.f.a.i.p.PassChainExecutor$ - PASS #8: VCGen [OK]
2024-08-08T13:30:36,413 [zio-default-async-5] INFO  a.f.a.i.p.PassChainExecutor$ - PASS #9: PreprocessingPass
2024-08-08T13:30:36,414 [zio-default-async-5] INFO  a.f.a.t.p.p.PreproPassImpl -   > Before preprocessing: unique renaming
2024-08-08T13:30:36,422 [zio-default-async-5] INFO  a.f.a.t.p.p.PreproPassImpl -  > Applying standard transformations:
2024-08-08T13:30:36,423 [zio-default-async-5] INFO  a.f.a.t.p.p.PreproPassImpl -   > PrimePropagation
2024-08-08T13:30:36,427 [zio-default-async-5] INFO  a.f.a.t.p.p.PreproPassImpl -   > Desugarer
2024-08-08T13:30:36,433 [zio-default-async-5] INFO  a.f.a.t.p.p.PreproPassImpl -   > UniqueRenamer
2024-08-08T13:30:36,452 [zio-default-async-5] INFO  a.f.a.t.p.p.PreproPassImpl -   > Normalizer
2024-08-08T13:30:36,466 [zio-default-async-5] INFO  a.f.a.t.p.p.PreproPassImpl -   > Keramelizer
2024-08-08T13:30:36,493 [zio-default-async-5] INFO  a.f.a.t.p.p.PreproPassImpl -   > After preprocessing: UniqueRenamer
2024-08-08T13:30:36,526 [zio-default-async-5] DEBUG a.f.a.i.p.PassChainExecutor$ - PASS #9: PreprocessingPass [OK]
2024-08-08T13:30:36,527 [zio-default-async-5] INFO  a.f.a.i.p.PassChainExecutor$ - PASS #10: TransitionFinderPass
2024-08-08T13:30:36,546 [zio-default-async-5] INFO  a.f.a.t.p.a.TransitionPassImpl -   > Found 1 initializing transitions
2024-08-08T13:30:36,570 [zio-default-async-5] INFO  a.f.a.t.p.a.TransitionPassImpl -   > Found 11 transitions
2024-08-08T13:30:36,572 [zio-default-async-5] INFO  a.f.a.t.p.a.TransitionPassImpl -   > No constant initializer
2024-08-08T13:30:36,573 [zio-default-async-5] INFO  a.f.a.t.p.a.TransitionPassImpl -   > Applying unique renaming
2024-08-08T13:30:36,590 [zio-default-async-5] DEBUG a.f.a.i.p.PassChainExecutor$ - PASS #10: TransitionFinderPass [OK]
2024-08-08T13:30:36,590 [zio-default-async-5] INFO  a.f.a.i.p.PassChainExecutor$ - PASS #11: OptimizationPass
2024-08-08T13:30:36,598 [zio-default-async-5] INFO  a.f.a.t.p.p.OptPassImpl -  > Applying optimizations:
2024-08-08T13:30:36,599 [zio-default-async-5] INFO  a.f.a.t.p.p.OptPassImpl -   > ConstSimplifier
2024-08-08T13:30:36,617 [zio-default-async-5] INFO  a.f.a.t.p.p.OptPassImpl -   > ExprOptimizer
2024-08-08T13:30:36,635 [zio-default-async-5] INFO  a.f.a.t.p.p.OptPassImpl -   > SetMembershipSimplifier
2024-08-08T13:30:36,641 [zio-default-async-5] INFO  a.f.a.t.p.p.OptPassImpl -   > ConstSimplifier
2024-08-08T13:30:36,660 [zio-default-async-5] DEBUG a.f.a.i.p.PassChainExecutor$ - PASS #11: OptimizationPass [OK]
2024-08-08T13:30:36,660 [zio-default-async-5] INFO  a.f.a.i.p.PassChainExecutor$ - PASS #12: AnalysisPass
2024-08-08T13:30:36,665 [zio-default-async-5] INFO  a.f.a.t.b.p.AnalysisPassImpl -  > Marking skolemizable existentials and sets to be expanded...
2024-08-08T13:30:36,665 [zio-default-async-5] INFO  a.f.a.t.b.p.AnalysisPassImpl -   > Skolemization
2024-08-08T13:30:36,668 [zio-default-async-5] INFO  a.f.a.t.b.p.AnalysisPassImpl -   > Expansion
2024-08-08T13:30:36,677 [zio-default-async-5] INFO  a.f.a.t.b.p.AnalysisPassImpl -   > Remove unused let-in defs
2024-08-08T13:30:36,688 [zio-default-async-5] INFO  a.f.a.t.b.p.AnalysisPassImpl -  > Running analyzers...
2024-08-08T13:30:36,693 [zio-default-async-5] INFO  a.f.a.t.b.p.AnalysisPassImpl -   > Introduced expression grades
2024-08-08T13:30:36,694 [zio-default-async-5] DEBUG a.f.a.i.p.PassChainExecutor$ - PASS #12: AnalysisPass [OK]
2024-08-08T13:30:36,694 [zio-default-async-5] INFO  a.f.a.i.p.PassChainExecutor$ - PASS #13: BoundedChecker
2024-08-08T13:30:36,715 [zio-default-async-5] DEBUG a.f.a.t.b.s.Z3SolverContext - Creating Z3 solver context 0
2024-08-08T13:30:37,892 [zio-default-async-5] DEBUG a.f.a.t.b.t.TransitionExecutorImpl - Step #0, transition #0
2024-08-08T13:30:37,892 [zio-default-async-5] DEBUG a.f.a.t.b.t.TransitionExecutorImpl - Translating to SMT
2024-08-08T13:30:38,400 [zio-default-async-5] DEBUG a.f.a.t.b.SeqModelChecker - Step 0: Transition #0. Is it enabled?
2024-08-08T13:30:38,408 [zio-default-async-5] DEBUG a.f.a.t.b.SeqModelChecker - Step 0: Transition #0 is enabled
2024-08-08T13:30:38,409 [zio-default-async-5] INFO  a.f.a.t.b.SeqModelChecker - State 0: Checking 1 state invariants
2024-08-08T13:30:38,410 [zio-default-async-5] DEBUG a.f.a.t.b.SeqModelChecker - State 0: Checking state invariant 0
2024-08-08T13:30:38,439 [zio-default-async-5] INFO  a.f.a.t.b.SeqModelChecker - State 0: state invariant 0 holds.
2024-08-08T13:30:38,446 [zio-default-async-5] INFO  a.f.a.t.b.t.TransitionExecutorImpl - Step 0: picking a transition out of 1 transition(s)
2024-08-08T13:30:38,448 [zio-default-async-5] DEBUG a.f.a.t.b.t.TransitionExecutorImpl - Step #1, transition #0
2024-08-08T13:30:38,448 [zio-default-async-5] DEBUG a.f.a.t.b.t.TransitionExecutorImpl - Translating to SMT
2024-08-08T13:30:39,064 [zio-default-async-5] DEBUG a.f.a.t.b.SeqModelChecker - Step 1: Transition #0. Is it enabled?
2024-08-08T13:30:39,078 [zio-default-async-5] DEBUG a.f.a.t.b.SeqModelChecker - Step 1: Transition #0 is enabled
2024-08-08T13:30:39,081 [zio-default-async-5] DEBUG a.f.a.t.b.t.TransitionExecutorImpl - Step #1, transition #1
2024-08-08T13:30:39,081 [zio-default-async-5] DEBUG a.f.a.t.b.t.TransitionExecutorImpl - Translating to SMT
2024-08-08T13:30:39,289 [zio-default-async-5] DEBUG a.f.a.t.b.SeqModelChecker - Step 1: Transition #1. Is it enabled?
2024-08-08T13:30:39,295 [zio-default-async-5] INFO  a.f.a.t.b.SeqModelChecker - Step 1: Transition #1 is disabled
2024-08-08T13:30:39,299 [zio-default-async-5] DEBUG a.f.a.t.b.t.TransitionExecutorImpl - Step #1, transition #2
2024-08-08T13:30:39,299 [zio-default-async-5] DEBUG a.f.a.t.b.t.TransitionExecutorImpl - Translating to SMT
2024-08-08T13:30:39,409 [zio-default-async-5] DEBUG a.f.a.t.b.SeqModelChecker - Step 1: Transition #2. Is it enabled?
2024-08-08T13:30:39,414 [zio-default-async-5] INFO  a.f.a.t.b.SeqModelChecker - Step 1: Transition #2 is disabled
2024-08-08T13:30:39,416 [zio-default-async-5] DEBUG a.f.a.t.b.t.TransitionExecutorImpl - Step #1, transition #3
2024-08-08T13:30:39,416 [zio-default-async-5] DEBUG a.f.a.t.b.t.TransitionExecutorImpl - Translating to SMT
2024-08-08T13:30:39,595 [zio-default-async-5] DEBUG a.f.a.t.b.SeqModelChecker - Step 1: Transition #3. Is it enabled?
2024-08-08T13:30:39,600 [zio-default-async-5] INFO  a.f.a.t.b.SeqModelChecker - Step 1: Transition #3 is disabled
2024-08-08T13:30:39,602 [zio-default-async-5] DEBUG a.f.a.t.b.t.TransitionExecutorImpl - Step #1, transition #4
2024-08-08T13:30:39,602 [zio-default-async-5] DEBUG a.f.a.t.b.t.TransitionExecutorImpl - Translating to SMT
2024-08-08T13:30:39,741 [zio-default-async-5] DEBUG a.f.a.t.b.SeqModelChecker - Step 1: Transition #4. Is it enabled?
2024-08-08T13:30:39,747 [zio-default-async-5] INFO  a.f.a.t.b.SeqModelChecker - Step 1: Transition #4 is disabled
2024-08-08T13:30:39,749 [zio-default-async-5] DEBUG a.f.a.t.b.t.TransitionExecutorImpl - Step #1, transition #5
2024-08-08T13:30:39,749 [zio-default-async-5] DEBUG a.f.a.t.b.t.TransitionExecutorImpl - Translating to SMT
2024-08-08T13:30:39,878 [zio-default-async-5] DEBUG a.f.a.t.b.SeqModelChecker - Step 1: Transition #5. Is it enabled?
2024-08-08T13:30:39,885 [zio-default-async-5] INFO  a.f.a.t.b.SeqModelChecker - Step 1: Transition #5 is disabled
2024-08-08T13:30:39,887 [zio-default-async-5] DEBUG a.f.a.t.b.t.TransitionExecutorImpl - Step #1, transition #6
2024-08-08T13:30:39,887 [zio-default-async-5] DEBUG a.f.a.t.b.t.TransitionExecutorImpl - Translating to SMT
2024-08-08T13:30:40,064 [zio-default-async-5] DEBUG a.f.a.t.b.SeqModelChecker - Step 1: Transition #6. Is it enabled?
2024-08-08T13:30:40,072 [zio-default-async-5] INFO  a.f.a.t.b.SeqModelChecker - Step 1: Transition #6 is disabled
2024-08-08T13:30:40,074 [zio-default-async-5] DEBUG a.f.a.t.b.t.TransitionExecutorImpl - Step #1, transition #7
2024-08-08T13:30:40,074 [zio-default-async-5] DEBUG a.f.a.t.b.t.TransitionExecutorImpl - Translating to SMT
2024-08-08T13:30:40,165 [zio-default-async-5] DEBUG a.f.a.t.b.SeqModelChecker - Step 1: Transition #7. Is it enabled?
2024-08-08T13:30:40,168 [zio-default-async-5] INFO  a.f.a.t.b.SeqModelChecker - Step 1: Transition #7 is disabled
2024-08-08T13:30:40,170 [zio-default-async-5] DEBUG a.f.a.t.b.t.TransitionExecutorImpl - Step #1, transition #8
2024-08-08T13:30:40,170 [zio-default-async-5] DEBUG a.f.a.t.b.t.TransitionExecutorImpl - Translating to SMT
2024-08-08T13:30:40,331 [zio-default-async-5] DEBUG a.f.a.t.b.SeqModelChecker - Step 1: Transition #8. Is it enabled?
2024-08-08T13:30:40,337 [zio-default-async-5] INFO  a.f.a.t.b.SeqModelChecker - Step 1: Transition #8 is disabled
2024-08-08T13:30:40,339 [zio-default-async-5] DEBUG a.f.a.t.b.t.TransitionExecutorImpl - Step #1, transition #9
2024-08-08T13:30:40,339 [zio-default-async-5] DEBUG a.f.a.t.b.t.TransitionExecutorImpl - Translating to SMT
2024-08-08T13:30:40,367 [zio-default-async-5] DEBUG a.f.a.t.b.SeqModelChecker - Step 1: Transition #9. Is it enabled?
2024-08-08T13:30:40,369 [zio-default-async-5] INFO  a.f.a.t.b.SeqModelChecker - Step 1: Transition #9 is disabled
2024-08-08T13:30:40,370 [zio-default-async-5] DEBUG a.f.a.t.b.t.TransitionExecutorImpl - Step #1, transition #10
2024-08-08T13:30:40,370 [zio-default-async-5] DEBUG a.f.a.t.b.t.TransitionExecutorImpl - Translating to SMT
2024-08-08T13:30:40,426 [zio-default-async-5] DEBUG a.f.a.t.b.SeqModelChecker - Step 1: Transition #10. Is it enabled?
2024-08-08T13:30:40,428 [zio-default-async-5] DEBUG a.f.a.t.b.SeqModelChecker - Step 1: Transition #10 is enabled
2024-08-08T13:30:40,429 [zio-default-async-5] INFO  a.f.a.t.b.t.TransitionExecutorImpl - Step 1: picking a transition out of 2 transition(s)
2024-08-08T13:30:40,752 [zio-default-async-5] DEBUG a.f.a.t.b.t.TransitionExecutorImpl - Step #2, transition #0
2024-08-08T13:30:40,752 [zio-default-async-5] DEBUG a.f.a.t.b.t.TransitionExecutorImpl - Translating to SMT
2024-08-08T13:30:41,308 [zio-default-async-5] DEBUG a.f.a.t.b.SeqModelChecker - Step 2: Transition #0. Is it enabled?
2024-08-08T13:30:41,354 [zio-default-async-5] DEBUG a.f.a.t.b.SeqModelChecker - Step 2: Transition #0 is enabled
2024-08-08T13:30:41,357 [zio-default-async-5] DEBUG a.f.a.t.b.t.TransitionExecutorImpl - Step #2, transition #1
2024-08-08T13:30:41,357 [zio-default-async-5] DEBUG a.f.a.t.b.t.TransitionExecutorImpl - Translating to SMT
2024-08-08T13:30:41,534 [zio-default-async-5] DEBUG a.f.a.t.b.SeqModelChecker - Step 2: Transition #1. Is it enabled?
2024-08-08T13:30:41,560 [zio-default-async-5] INFO  a.f.a.t.b.SeqModelChecker - Step 2: Transition #1 is disabled
2024-08-08T13:30:41,564 [zio-default-async-5] DEBUG a.f.a.t.b.t.TransitionExecutorImpl - Step #2, transition #2
2024-08-08T13:30:41,565 [zio-default-async-5] DEBUG a.f.a.t.b.t.TransitionExecutorImpl - Translating to SMT
2024-08-08T13:30:41,668 [zio-default-async-5] DEBUG a.f.a.t.b.SeqModelChecker - Step 2: Transition #2. Is it enabled?
2024-08-08T13:30:41,684 [zio-default-async-5] INFO  a.f.a.t.b.SeqModelChecker - Step 2: Transition #2 is disabled
2024-08-08T13:30:41,687 [zio-default-async-5] DEBUG a.f.a.t.b.t.TransitionExecutorImpl - Step #2, transition #3
2024-08-08T13:30:41,687 [zio-default-async-5] DEBUG a.f.a.t.b.t.TransitionExecutorImpl - Translating to SMT
2024-08-08T13:30:41,932 [zio-default-async-5] DEBUG a.f.a.t.b.SeqModelChecker - Step 2: Transition #3. Is it enabled?
2024-08-08T13:30:41,956 [zio-default-async-5] DEBUG a.f.a.t.b.SeqModelChecker - Step 2: Transition #3 is enabled
2024-08-08T13:30:41,959 [zio-default-async-5] DEBUG a.f.a.t.b.t.TransitionExecutorImpl - Step #2, transition #4
2024-08-08T13:30:41,959 [zio-default-async-5] DEBUG a.f.a.t.b.t.TransitionExecutorImpl - Translating to SMT
2024-08-08T13:30:42,180 [zio-default-async-5] DEBUG a.f.a.t.b.SeqModelChecker - Step 2: Transition #4. Is it enabled?
2024-08-08T13:30:42,210 [zio-default-async-5] INFO  a.f.a.t.b.SeqModelChecker - Step 2: Transition #4 is disabled
2024-08-08T13:30:42,214 [zio-default-async-5] DEBUG a.f.a.t.b.t.TransitionExecutorImpl - Step #2, transition #5
2024-08-08T13:30:42,214 [zio-default-async-5] DEBUG a.f.a.t.b.t.TransitionExecutorImpl - Translating to SMT
2024-08-08T13:30:42,415 [zio-default-async-5] DEBUG a.f.a.t.b.SeqModelChecker - Step 2: Transition #5. Is it enabled?
2024-08-08T13:30:42,451 [zio-default-async-5] INFO  a.f.a.t.b.SeqModelChecker - Step 2: Transition #5 is disabled
2024-08-08T13:30:42,454 [zio-default-async-5] DEBUG a.f.a.t.b.t.TransitionExecutorImpl - Step #2, transition #6
2024-08-08T13:30:42,455 [zio-default-async-5] DEBUG a.f.a.t.b.t.TransitionExecutorImpl - Translating to SMT
2024-08-08T13:30:42,710 [zio-default-async-5] DEBUG a.f.a.t.b.SeqModelChecker - Step 2: Transition #6. Is it enabled?
2024-08-08T13:30:42,732 [zio-default-async-5] INFO  a.f.a.t.b.SeqModelChecker - Step 2: Transition #6 is disabled
2024-08-08T13:30:42,736 [zio-default-async-5] DEBUG a.f.a.t.b.t.TransitionExecutorImpl - Step #2, transition #7
2024-08-08T13:30:42,736 [zio-default-async-5] DEBUG a.f.a.t.b.t.TransitionExecutorImpl - Translating to SMT
2024-08-08T13:30:42,814 [zio-default-async-5] DEBUG a.f.a.t.b.SeqModelChecker - Step 2: Transition #7. Is it enabled?
2024-08-08T13:30:42,826 [zio-default-async-5] INFO  a.f.a.t.b.SeqModelChecker - Step 2: Transition #7 is disabled
2024-08-08T13:30:42,829 [zio-default-async-5] DEBUG a.f.a.t.b.t.TransitionExecutorImpl - Step #2, transition #8
2024-08-08T13:30:42,829 [zio-default-async-5] DEBUG a.f.a.t.b.t.TransitionExecutorImpl - Translating to SMT
2024-08-08T13:30:43,072 [zio-default-async-5] DEBUG a.f.a.t.b.SeqModelChecker - Step 2: Transition #8. Is it enabled?
2024-08-08T13:30:43,094 [zio-default-async-5] INFO  a.f.a.t.b.SeqModelChecker - Step 2: Transition #8 is disabled
2024-08-08T13:30:43,097 [zio-default-async-5] DEBUG a.f.a.t.b.t.TransitionExecutorImpl - Step #2, transition #9
2024-08-08T13:30:43,097 [zio-default-async-5] DEBUG a.f.a.t.b.t.TransitionExecutorImpl - Translating to SMT
2024-08-08T13:30:43,127 [zio-default-async-5] DEBUG a.f.a.t.b.SeqModelChecker - Step 2: Transition #9. Is it enabled?
2024-08-08T13:30:43,130 [zio-default-async-5] INFO  a.f.a.t.b.SeqModelChecker - Step 2: Transition #9 is disabled
2024-08-08T13:30:43,131 [zio-default-async-5] DEBUG a.f.a.t.b.t.TransitionExecutorImpl - Step #2, transition #10
2024-08-08T13:30:43,131 [zio-default-async-5] DEBUG a.f.a.t.b.t.TransitionExecutorImpl - Translating to SMT
2024-08-08T13:30:43,202 [zio-default-async-5] DEBUG a.f.a.t.b.SeqModelChecker - Step 2: Transition #10. Is it enabled?
2024-08-08T13:30:43,361 [zio-default-async-5] DEBUG a.f.a.t.b.SeqModelChecker - Step 2: Transition #10 is enabled
2024-08-08T13:30:43,365 [zio-default-async-5] INFO  a.f.a.t.b.t.TransitionExecutorImpl - Step 2: picking a transition out of 3 transition(s)
2024-08-08T13:30:43,841 [zio-default-async-5] DEBUG a.f.a.t.b.t.TransitionExecutorImpl - Step #3, transition #0
2024-08-08T13:30:43,841 [zio-default-async-5] DEBUG a.f.a.t.b.t.TransitionExecutorImpl - Translating to SMT
2024-08-08T13:30:44,391 [zio-default-async-5] DEBUG a.f.a.t.b.SeqModelChecker - Step 3: Transition #0. Is it enabled?
2024-08-08T13:30:44,456 [zio-default-async-5] DEBUG a.f.a.t.b.SeqModelChecker - Step 3: Transition #0 is enabled
2024-08-08T13:30:44,463 [zio-default-async-5] DEBUG a.f.a.t.b.t.TransitionExecutorImpl - Step #3, transition #1
2024-08-08T13:30:44,463 [zio-default-async-5] DEBUG a.f.a.t.b.t.TransitionExecutorImpl - Translating to SMT
2024-08-08T13:30:44,768 [zio-default-async-5] DEBUG a.f.a.t.b.SeqModelChecker - Step 3: Transition #1. Is it enabled?
2024-08-08T13:30:45,157 [zio-default-async-5] INFO  a.f.a.t.b.SeqModelChecker - Step 3: Transition #1 is disabled
2024-08-08T13:30:45,165 [zio-default-async-5] DEBUG a.f.a.t.b.t.TransitionExecutorImpl - Step #3, transition #2
2024-08-08T13:30:45,165 [zio-default-async-5] DEBUG a.f.a.t.b.t.TransitionExecutorImpl - Translating to SMT
2024-08-08T13:30:45,254 [zio-default-async-5] DEBUG a.f.a.t.b.SeqModelChecker - Step 3: Transition #2. Is it enabled?
2024-08-08T13:30:45,496 [zio-default-async-5] INFO  a.f.a.t.b.SeqModelChecker - Step 3: Transition #2 is disabled
2024-08-08T13:30:45,501 [zio-default-async-5] DEBUG a.f.a.t.b.t.TransitionExecutorImpl - Step #3, transition #3
2024-08-08T13:30:45,501 [zio-default-async-5] DEBUG a.f.a.t.b.t.TransitionExecutorImpl - Translating to SMT
2024-08-08T13:30:45,750 [zio-default-async-5] DEBUG a.f.a.t.b.SeqModelChecker - Step 3: Transition #3. Is it enabled?
2024-08-08T13:30:45,910 [zio-default-async-5] DEBUG a.f.a.t.b.SeqModelChecker - Step 3: Transition #3 is enabled
2024-08-08T13:30:45,917 [zio-default-async-5] DEBUG a.f.a.t.b.t.TransitionExecutorImpl - Step #3, transition #4
2024-08-08T13:30:45,917 [zio-default-async-5] DEBUG a.f.a.t.b.t.TransitionExecutorImpl - Translating to SMT
2024-08-08T13:30:46,132 [zio-default-async-5] DEBUG a.f.a.t.b.SeqModelChecker - Step 3: Transition #4. Is it enabled?
2024-08-08T13:30:46,508 [zio-default-async-5] INFO  a.f.a.t.b.SeqModelChecker - Step 3: Transition #4 is disabled
2024-08-08T13:30:46,517 [zio-default-async-5] DEBUG a.f.a.t.b.t.TransitionExecutorImpl - Step #3, transition #5
2024-08-08T13:30:46,517 [zio-default-async-5] DEBUG a.f.a.t.b.t.TransitionExecutorImpl - Translating to SMT
2024-08-08T13:30:46,743 [zio-default-async-5] DEBUG a.f.a.t.b.SeqModelChecker - Step 3: Transition #5. Is it enabled?
2024-08-08T13:30:46,820 [zio-default-async-5] INFO  a.f.a.t.b.SeqModelChecker - Step 3: Transition #5 is disabled
2024-08-08T13:30:46,825 [zio-default-async-5] DEBUG a.f.a.t.b.t.TransitionExecutorImpl - Step #3, transition #6
2024-08-08T13:30:46,825 [zio-default-async-5] DEBUG a.f.a.t.b.t.TransitionExecutorImpl - Translating to SMT
2024-08-08T13:30:47,096 [zio-default-async-5] DEBUG a.f.a.t.b.SeqModelChecker - Step 3: Transition #6. Is it enabled?
2024-08-08T13:30:47,240 [zio-default-async-5] INFO  a.f.a.t.b.SeqModelChecker - Step 3: Transition #6 is disabled
2024-08-08T13:30:47,250 [zio-default-async-5] DEBUG a.f.a.t.b.t.TransitionExecutorImpl - Step #3, transition #7
2024-08-08T13:30:47,250 [zio-default-async-5] DEBUG a.f.a.t.b.t.TransitionExecutorImpl - Translating to SMT
2024-08-08T13:30:47,336 [zio-default-async-5] DEBUG a.f.a.t.b.SeqModelChecker - Step 3: Transition #7. Is it enabled?
2024-08-08T13:30:47,538 [zio-default-async-5] DEBUG a.f.a.t.b.SeqModelChecker - Step 3: Transition #7 is enabled
2024-08-08T13:30:47,546 [zio-default-async-5] DEBUG a.f.a.t.b.t.TransitionExecutorImpl - Step #3, transition #8
2024-08-08T13:30:47,546 [zio-default-async-5] DEBUG a.f.a.t.b.t.TransitionExecutorImpl - Translating to SMT
2024-08-08T13:30:47,837 [zio-default-async-5] DEBUG a.f.a.t.b.SeqModelChecker - Step 3: Transition #8. Is it enabled?
2024-08-08T13:30:47,863 [zio-default-async-5] INFO  a.f.a.t.b.SeqModelChecker - Step 3: Transition #8 is disabled
2024-08-08T13:30:47,868 [zio-default-async-5] DEBUG a.f.a.t.b.t.TransitionExecutorImpl - Step #3, transition #9
2024-08-08T13:30:47,868 [zio-default-async-5] DEBUG a.f.a.t.b.t.TransitionExecutorImpl - Translating to SMT
2024-08-08T13:30:47,895 [zio-default-async-5] DEBUG a.f.a.t.b.SeqModelChecker - Step 3: Transition #9. Is it enabled?
2024-08-08T13:30:47,898 [zio-default-async-5] INFO  a.f.a.t.b.SeqModelChecker - Step 3: Transition #9 is disabled
2024-08-08T13:30:47,900 [zio-default-async-5] DEBUG a.f.a.t.b.t.TransitionExecutorImpl - Step #3, transition #10
2024-08-08T13:30:47,900 [zio-default-async-5] DEBUG a.f.a.t.b.t.TransitionExecutorImpl - Translating to SMT
2024-08-08T13:30:47,976 [zio-default-async-5] DEBUG a.f.a.t.b.SeqModelChecker - Step 3: Transition #10. Is it enabled?
2024-08-08T13:30:48,116 [zio-default-async-5] DEBUG a.f.a.t.b.SeqModelChecker - Step 3: Transition #10 is enabled
2024-08-08T13:30:48,123 [zio-default-async-5] INFO  a.f.a.t.b.t.TransitionExecutorImpl - Step 3: picking a transition out of 4 transition(s)
2024-08-08T13:30:48,618 [zio-default-async-5] DEBUG a.f.a.t.b.s.Z3SolverContext - Disposing Z3 solver context 0
2024-08-08T13:30:48,682 [zio-default-async-5] INFO  a.f.a.t.b.p.BoundedCheckerPassImpl - The outcome is: NoError
2024-08-08T13:30:48,683 [zio-default-async-5] DEBUG a.f.a.i.p.PassChainExecutor$ - PASS #13: BoundedChecker [OK]
