2024-08-08T13:04:57,206 [main] INFO  a.f.a.t.Tool$ - # APALACHE version: 0.44.11 | build: 5dee24e
2024-08-08T13:04:57,217 [main] INFO  a.f.a.t.t.o.ServerCmd - Starting server on port 8822...
2024-08-08T13:04:59,799 [zio-default-async-5] INFO  a.f.a.i.p.PassChainExecutor$ - PASS #0: SanyParser
2024-08-08T13:05:00,003 [zio-default-async-9] INFO  a.f.a.i.p.PassChainExecutor$ - PASS #0: SanyParser
2024-08-08T13:05:00,519 [zio-default-async-9] DEBUG a.f.a.i.p.PassChainExecutor$ - PASS #0: SanyParser [OK]
2024-08-08T13:05:00,520 [zio-default-async-9] INFO  a.f.a.i.p.PassChainExecutor$ - PASS #1: TypeCheckerSnowcat
2024-08-08T13:05:00,521 [zio-default-async-9] INFO  a.f.a.t.p.t.EtcTypeCheckerPassImpl -  > Running Snowcat .::.
2024-08-08T13:05:00,568 [zio-default-async-5] DEBUG a.f.a.i.p.PassChainExecutor$ - PASS #0: SanyParser [OK]
2024-08-08T13:05:00,568 [zio-default-async-5] INFO  a.f.a.i.p.PassChainExecutor$ - PASS #1: TypeCheckerSnowcat
2024-08-08T13:05:00,569 [zio-default-async-5] INFO  a.f.a.t.p.t.EtcTypeCheckerPassImpl -  > Running Snowcat .::.
2024-08-08T13:05:00,915 [zio-default-async-9] INFO  a.f.a.t.p.t.EtcTypeCheckerPassImpl -  > Your types are purrfect!
2024-08-08T13:05:00,916 [zio-default-async-9] INFO  a.f.a.t.p.t.EtcTypeCheckerPassImpl -  > All expressions are typed
2024-08-08T13:05:00,916 [zio-default-async-9] DEBUG a.f.a.i.p.PassChainExecutor$ - PASS #1: TypeCheckerSnowcat [OK]
2024-08-08T13:05:00,917 [zio-default-async-9] INFO  a.f.a.i.p.PassChainExecutor$ - PASS #2: ConfigurationPass
2024-08-08T13:05:00,923 [zio-default-async-9] INFO  a.f.a.t.p.p.ConfigurationPassImpl -   > Set the initialization predicate to q::init
2024-08-08T13:05:00,924 [zio-default-async-9] INFO  a.f.a.t.p.p.ConfigurationPassImpl -   > Set the transition predicate to q::step
2024-08-08T13:05:00,933 [zio-default-async-9] DEBUG a.f.a.i.p.PassChainExecutor$ - PASS #2: ConfigurationPass [OK]
2024-08-08T13:05:00,933 [zio-default-async-9] INFO  a.f.a.i.p.PassChainExecutor$ - PASS #3: DesugarerPass
2024-08-08T13:05:00,933 [zio-default-async-9] INFO  a.f.a.t.p.p.DesugarerPassImpl -   > Desugaring...
2024-08-08T13:05:00,951 [zio-default-async-9] DEBUG a.f.a.i.p.PassChainExecutor$ - PASS #3: DesugarerPass [OK]
2024-08-08T13:05:00,952 [zio-default-async-9] INFO  a.f.a.i.p.PassChainExecutor$ - PASS #4: InlinePass
2024-08-08T13:05:00,952 [zio-default-async-9] INFO  a.f.a.t.p.p.InlinePassImpl - Leaving only relevant operators: CInitPrimed, q::init, q::initPrimed, q::step
2024-08-08T13:05:00,995 [zio-default-async-13] INFO  a.f.a.i.p.PassChainExecutor$ - PASS #0: SanyParser
2024-08-08T13:05:01,003 [zio-default-async-9] DEBUG a.f.a.i.p.PassChainExecutor$ - PASS #4: InlinePass [OK]
2024-08-08T13:05:01,003 [zio-default-async-9] INFO  a.f.a.i.p.PassChainExecutor$ - PASS #5: TemporalPass
2024-08-08T13:05:01,003 [zio-default-async-9] INFO  a.f.a.t.p.p.TemporalPassImpl -   > Rewriting temporal operators...
2024-08-08T13:05:01,003 [zio-default-async-9] INFO  a.f.a.t.p.p.TemporalPassImpl -   > No temporal property specified, nothing to encode
2024-08-08T13:05:01,003 [zio-default-async-9] DEBUG a.f.a.i.p.PassChainExecutor$ - PASS #5: TemporalPass [OK]
2024-08-08T13:05:01,004 [zio-default-async-9] INFO  a.f.a.i.p.PassChainExecutor$ - PASS #6: InlinePass
2024-08-08T13:05:01,004 [zio-default-async-9] INFO  a.f.a.t.p.p.InlinePassImpl - Leaving only relevant operators: CInitPrimed, q::init, q::initPrimed, q::step
2024-08-08T13:05:01,010 [zio-default-async-9] DEBUG a.f.a.i.p.PassChainExecutor$ - PASS #6: InlinePass [OK]
2024-08-08T13:05:01,010 [zio-default-async-9] INFO  a.f.a.i.p.PassChainExecutor$ - PASS #7: PrimingPass
2024-08-08T13:05:01,014 [zio-default-async-9] INFO  a.f.a.t.p.a.PrimingPassImpl -   > Introducing q::initPrimed for q::init'
2024-08-08T13:05:01,018 [zio-default-async-9] DEBUG a.f.a.i.p.PassChainExecutor$ - PASS #7: PrimingPass [OK]
2024-08-08T13:05:01,018 [zio-default-async-9] INFO  a.f.a.i.p.PassChainExecutor$ - PASS #8: VCGen
2024-08-08T13:05:01,018 [zio-default-async-9] INFO  a.f.a.t.b.p.VCGenPassImpl -   > No invariant given. Only deadlocks will be checked
2024-08-08T13:05:01,018 [zio-default-async-9] DEBUG a.f.a.i.p.PassChainExecutor$ - PASS #8: VCGen [OK]
2024-08-08T13:05:01,019 [zio-default-async-9] INFO  a.f.a.i.p.PassChainExecutor$ - PASS #9: PreprocessingPass
2024-08-08T13:05:01,019 [zio-default-async-9] INFO  a.f.a.t.p.p.PreproPassImpl -   > Before preprocessing: unique renaming
2024-08-08T13:05:01,031 [zio-default-async-9] INFO  a.f.a.t.p.p.PreproPassImpl -  > Applying standard transformations:
2024-08-08T13:05:01,032 [zio-default-async-9] INFO  a.f.a.t.p.p.PreproPassImpl -   > PrimePropagation
2024-08-08T13:05:01,034 [zio-default-async-9] INFO  a.f.a.t.p.p.PreproPassImpl -   > Desugarer
2024-08-08T13:05:01,036 [zio-default-async-9] INFO  a.f.a.t.p.p.PreproPassImpl -   > UniqueRenamer
2024-08-08T13:05:01,042 [zio-default-async-9] INFO  a.f.a.t.p.p.PreproPassImpl -   > Normalizer
2024-08-08T13:05:01,048 [zio-default-async-9] INFO  a.f.a.t.p.p.PreproPassImpl -   > Keramelizer
2024-08-08T13:05:01,053 [zio-default-async-5] INFO  a.f.a.t.p.t.EtcTypeCheckerPassImpl -  > Your types are purrfect!
2024-08-08T13:05:01,054 [zio-default-async-5] INFO  a.f.a.t.p.t.EtcTypeCheckerPassImpl -  > All expressions are typed
2024-08-08T13:05:01,054 [zio-default-async-5] DEBUG a.f.a.i.p.PassChainExecutor$ - PASS #1: TypeCheckerSnowcat [OK]
2024-08-08T13:05:01,054 [zio-default-async-5] INFO  a.f.a.i.p.PassChainExecutor$ - PASS #2: ConfigurationPass
2024-08-08T13:05:01,055 [zio-default-async-5] INFO  a.f.a.t.p.p.ConfigurationPassImpl -   > Set the initialization predicate to q::init
2024-08-08T13:05:01,055 [zio-default-async-5] INFO  a.f.a.t.p.p.ConfigurationPassImpl -   > Set the transition predicate to q::step
2024-08-08T13:05:01,056 [zio-default-async-5] DEBUG a.f.a.i.p.PassChainExecutor$ - PASS #2: ConfigurationPass [OK]
2024-08-08T13:05:01,056 [zio-default-async-5] INFO  a.f.a.i.p.PassChainExecutor$ - PASS #3: DesugarerPass
2024-08-08T13:05:01,057 [zio-default-async-5] INFO  a.f.a.t.p.p.DesugarerPassImpl -   > Desugaring...
2024-08-08T13:05:01,059 [zio-default-async-9] INFO  a.f.a.t.p.p.PreproPassImpl -   > After preprocessing: UniqueRenamer
2024-08-08T13:05:01,059 [zio-default-async-5] DEBUG a.f.a.i.p.PassChainExecutor$ - PASS #3: DesugarerPass [OK]
2024-08-08T13:05:01,059 [zio-default-async-5] INFO  a.f.a.i.p.PassChainExecutor$ - PASS #4: InlinePass
2024-08-08T13:05:01,059 [zio-default-async-5] INFO  a.f.a.t.p.p.InlinePassImpl - Leaving only relevant operators: CInitPrimed, q::init, q::initPrimed, q::step
2024-08-08T13:05:01,067 [zio-default-async-9] DEBUG a.f.a.i.p.PassChainExecutor$ - PASS #9: PreprocessingPass [OK]
2024-08-08T13:05:01,067 [zio-default-async-9] INFO  a.f.a.i.p.PassChainExecutor$ - PASS #10: TransitionFinderPass
2024-08-08T13:05:01,078 [zio-default-async-5] DEBUG a.f.a.i.p.PassChainExecutor$ - PASS #4: InlinePass [OK]
2024-08-08T13:05:01,079 [zio-default-async-5] INFO  a.f.a.i.p.PassChainExecutor$ - PASS #5: TemporalPass
2024-08-08T13:05:01,079 [zio-default-async-5] INFO  a.f.a.t.p.p.TemporalPassImpl -   > Rewriting temporal operators...
2024-08-08T13:05:01,079 [zio-default-async-5] INFO  a.f.a.t.p.p.TemporalPassImpl -   > No temporal property specified, nothing to encode
2024-08-08T13:05:01,079 [zio-default-async-5] DEBUG a.f.a.i.p.PassChainExecutor$ - PASS #5: TemporalPass [OK]
2024-08-08T13:05:01,080 [zio-default-async-5] INFO  a.f.a.i.p.PassChainExecutor$ - PASS #6: InlinePass
2024-08-08T13:05:01,080 [zio-default-async-5] INFO  a.f.a.t.p.p.InlinePassImpl - Leaving only relevant operators: CInitPrimed, q::init, q::initPrimed, q::step
2024-08-08T13:05:01,085 [zio-default-async-5] DEBUG a.f.a.i.p.PassChainExecutor$ - PASS #6: InlinePass [OK]
2024-08-08T13:05:01,086 [zio-default-async-5] INFO  a.f.a.i.p.PassChainExecutor$ - PASS #7: PrimingPass
2024-08-08T13:05:01,086 [zio-default-async-5] INFO  a.f.a.t.p.a.PrimingPassImpl -   > Introducing q::initPrimed for q::init'
2024-08-08T13:05:01,087 [zio-default-async-5] DEBUG a.f.a.i.p.PassChainExecutor$ - PASS #7: PrimingPass [OK]
2024-08-08T13:05:01,088 [zio-default-async-5] INFO  a.f.a.i.p.PassChainExecutor$ - PASS #8: VCGen
2024-08-08T13:05:01,088 [zio-default-async-5] INFO  a.f.a.t.b.p.VCGenPassImpl -   > No invariant given. Only deadlocks will be checked
2024-08-08T13:05:01,088 [zio-default-async-9] INFO  a.f.a.t.p.a.TransitionPassImpl -   > Found 1 initializing transitions
2024-08-08T13:05:01,088 [zio-default-async-5] DEBUG a.f.a.i.p.PassChainExecutor$ - PASS #8: VCGen [OK]
2024-08-08T13:05:01,089 [zio-default-async-5] INFO  a.f.a.i.p.PassChainExecutor$ - PASS #9: PreprocessingPass
2024-08-08T13:05:01,089 [zio-default-async-5] INFO  a.f.a.t.p.p.PreproPassImpl -   > Before preprocessing: unique renaming
2024-08-08T13:05:01,089 [zio-default-async-5] INFO  a.f.a.t.p.p.PreproPassImpl -  > Applying standard transformations:
2024-08-08T13:05:01,089 [zio-default-async-5] INFO  a.f.a.t.p.p.PreproPassImpl -   > PrimePropagation
2024-08-08T13:05:01,091 [zio-default-async-5] INFO  a.f.a.t.p.p.PreproPassImpl -   > Desugarer
2024-08-08T13:05:01,094 [zio-default-async-5] INFO  a.f.a.t.p.p.PreproPassImpl -   > UniqueRenamer
2024-08-08T13:05:01,099 [zio-default-async-5] INFO  a.f.a.t.p.p.PreproPassImpl -   > Normalizer
2024-08-08T13:05:01,102 [zio-default-async-5] INFO  a.f.a.t.p.p.PreproPassImpl -   > Keramelizer
2024-08-08T13:05:01,103 [zio-default-async-9] INFO  a.f.a.t.p.a.TransitionPassImpl -   > Found 4 transitions
2024-08-08T13:05:01,104 [zio-default-async-9] INFO  a.f.a.t.p.a.TransitionPassImpl -   > No constant initializer
2024-08-08T13:05:01,105 [zio-default-async-9] INFO  a.f.a.t.p.a.TransitionPassImpl -   > Applying unique renaming
2024-08-08T13:05:01,108 [zio-default-async-5] INFO  a.f.a.t.p.p.PreproPassImpl -   > After preprocessing: UniqueRenamer
2024-08-08T13:05:01,108 [zio-default-async-9] DEBUG a.f.a.i.p.PassChainExecutor$ - PASS #10: TransitionFinderPass [OK]
2024-08-08T13:05:01,109 [zio-default-async-9] INFO  a.f.a.i.p.PassChainExecutor$ - PASS #11: OptimizationPass
2024-08-08T13:05:01,116 [zio-default-async-5] DEBUG a.f.a.i.p.PassChainExecutor$ - PASS #9: PreprocessingPass [OK]
2024-08-08T13:05:01,116 [zio-default-async-5] INFO  a.f.a.i.p.PassChainExecutor$ - PASS #10: TransitionFinderPass
2024-08-08T13:05:01,118 [zio-default-async-5] INFO  a.f.a.t.p.a.TransitionPassImpl -   > Found 1 initializing transitions
2024-08-08T13:05:01,120 [zio-default-async-5] INFO  a.f.a.t.p.a.TransitionPassImpl -   > Found 1 transitions
2024-08-08T13:05:01,120 [zio-default-async-5] INFO  a.f.a.t.p.a.TransitionPassImpl -   > No constant initializer
2024-08-08T13:05:01,120 [zio-default-async-9] INFO  a.f.a.t.p.p.OptPassImpl -  > Applying optimizations:
2024-08-08T13:05:01,120 [zio-default-async-5] INFO  a.f.a.t.p.a.TransitionPassImpl -   > Applying unique renaming
2024-08-08T13:05:01,121 [zio-default-async-9] INFO  a.f.a.t.p.p.OptPassImpl -   > ConstSimplifier
2024-08-08T13:05:01,124 [zio-default-async-5] DEBUG a.f.a.i.p.PassChainExecutor$ - PASS #10: TransitionFinderPass [OK]
2024-08-08T13:05:01,124 [zio-default-async-5] INFO  a.f.a.i.p.PassChainExecutor$ - PASS #11: OptimizationPass
2024-08-08T13:05:01,124 [zio-default-async-5] INFO  a.f.a.t.p.p.OptPassImpl -  > Applying optimizations:
2024-08-08T13:05:01,124 [zio-default-async-5] INFO  a.f.a.t.p.p.OptPassImpl -   > ConstSimplifier
2024-08-08T13:05:01,126 [zio-default-async-9] INFO  a.f.a.t.p.p.OptPassImpl -   > ExprOptimizer
2024-08-08T13:05:01,129 [zio-default-async-5] INFO  a.f.a.t.p.p.OptPassImpl -   > ExprOptimizer
2024-08-08T13:05:01,131 [zio-default-async-9] INFO  a.f.a.t.p.p.OptPassImpl -   > SetMembershipSimplifier
2024-08-08T13:05:01,132 [zio-default-async-5] INFO  a.f.a.t.p.p.OptPassImpl -   > SetMembershipSimplifier
2024-08-08T13:05:01,133 [zio-default-async-9] INFO  a.f.a.t.p.p.OptPassImpl -   > ConstSimplifier
2024-08-08T13:05:01,133 [zio-default-async-5] INFO  a.f.a.t.p.p.OptPassImpl -   > ConstSimplifier
2024-08-08T13:05:01,136 [zio-default-async-9] DEBUG a.f.a.i.p.PassChainExecutor$ - PASS #11: OptimizationPass [OK]
2024-08-08T13:05:01,136 [zio-default-async-5] DEBUG a.f.a.i.p.PassChainExecutor$ - PASS #11: OptimizationPass [OK]
2024-08-08T13:05:01,136 [zio-default-async-9] INFO  a.f.a.i.p.PassChainExecutor$ - PASS #12: AnalysisPass
2024-08-08T13:05:01,136 [zio-default-async-5] INFO  a.f.a.i.p.PassChainExecutor$ - PASS #12: AnalysisPass
2024-08-08T13:05:01,142 [zio-default-async-9] INFO  a.f.a.t.b.p.AnalysisPassImpl -  > Marking skolemizable existentials and sets to be expanded...
2024-08-08T13:05:01,143 [zio-default-async-9] INFO  a.f.a.t.b.p.AnalysisPassImpl -   > Skolemization
2024-08-08T13:05:01,144 [zio-default-async-5] INFO  a.f.a.t.b.p.AnalysisPassImpl -  > Marking skolemizable existentials and sets to be expanded...
2024-08-08T13:05:01,144 [zio-default-async-5] INFO  a.f.a.t.b.p.AnalysisPassImpl -   > Skolemization
2024-08-08T13:05:01,145 [zio-default-async-9] INFO  a.f.a.t.b.p.AnalysisPassImpl -   > Expansion
2024-08-08T13:05:01,145 [zio-default-async-5] INFO  a.f.a.t.b.p.AnalysisPassImpl -   > Expansion
2024-08-08T13:05:01,151 [zio-default-async-5] INFO  a.f.a.t.b.p.AnalysisPassImpl -   > Remove unused let-in defs
2024-08-08T13:05:01,152 [zio-default-async-9] INFO  a.f.a.t.b.p.AnalysisPassImpl -   > Remove unused let-in defs
2024-08-08T13:05:01,157 [zio-default-async-9] INFO  a.f.a.t.b.p.AnalysisPassImpl -  > Running analyzers...
2024-08-08T13:05:01,159 [zio-default-async-5] INFO  a.f.a.t.b.p.AnalysisPassImpl -  > Running analyzers...
2024-08-08T13:05:01,171 [zio-default-async-5] INFO  a.f.a.t.b.p.AnalysisPassImpl -   > Introduced expression grades
2024-08-08T13:05:01,172 [zio-default-async-5] DEBUG a.f.a.i.p.PassChainExecutor$ - PASS #12: AnalysisPass [OK]
2024-08-08T13:05:01,172 [zio-default-async-5] INFO  a.f.a.i.p.PassChainExecutor$ - PASS #13: BoundedChecker
2024-08-08T13:05:01,172 [zio-default-async-9] INFO  a.f.a.t.b.p.AnalysisPassImpl -   > Introduced expression grades
2024-08-08T13:05:01,173 [zio-default-async-9] DEBUG a.f.a.i.p.PassChainExecutor$ - PASS #12: AnalysisPass [OK]
2024-08-08T13:05:01,173 [zio-default-async-9] INFO  a.f.a.i.p.PassChainExecutor$ - PASS #13: BoundedChecker
2024-08-08T13:05:01,204 [zio-default-async-9] DEBUG a.f.a.t.b.s.Z3SolverContext - Creating Z3 solver context 0
2024-08-08T13:05:01,205 [zio-default-async-5] DEBUG a.f.a.t.b.s.Z3SolverContext - Creating Z3 solver context 1
2024-08-08T13:05:01,585 [zio-default-async-13] DEBUG a.f.a.i.p.PassChainExecutor$ - PASS #0: SanyParser [OK]
2024-08-08T13:05:01,586 [zio-default-async-13] INFO  a.f.a.i.p.PassChainExecutor$ - PASS #1: TypeCheckerSnowcat
2024-08-08T13:05:01,586 [zio-default-async-13] INFO  a.f.a.t.p.t.EtcTypeCheckerPassImpl -  > Running Snowcat .::.
2024-08-08T13:05:02,806 [zio-default-async-9] DEBUG a.f.a.t.b.t.TransitionExecutorImpl - Step #0, transition #0
2024-08-08T13:05:02,806 [zio-default-async-5] DEBUG a.f.a.t.b.t.TransitionExecutorImpl - Step #0, transition #0
2024-08-08T13:05:02,806 [zio-default-async-5] DEBUG a.f.a.t.b.t.TransitionExecutorImpl - Translating to SMT
2024-08-08T13:05:02,806 [zio-default-async-9] DEBUG a.f.a.t.b.t.TransitionExecutorImpl - Translating to SMT
2024-08-08T13:05:02,911 [zio-default-async-9] DEBUG a.f.a.t.b.SeqModelChecker - Step 0: Transition #0. Is it enabled?
2024-08-08T13:05:02,916 [zio-default-async-9] DEBUG a.f.a.t.b.SeqModelChecker - Step 0: Transition #0 is enabled
2024-08-08T13:05:02,923 [zio-default-async-9] INFO  a.f.a.t.b.t.TransitionExecutorImpl - Step 0: picking a transition out of 1 transition(s)
2024-08-08T13:05:02,925 [zio-default-async-9] DEBUG a.f.a.t.b.t.TransitionExecutorImpl - Step #1, transition #0
2024-08-08T13:05:02,925 [zio-default-async-9] DEBUG a.f.a.t.b.t.TransitionExecutorImpl - Translating to SMT
2024-08-08T13:05:02,929 [zio-default-async-9] DEBUG a.f.a.t.b.SeqModelChecker - Step 1: Transition #0. Is it enabled?
2024-08-08T13:05:02,929 [zio-default-async-9] DEBUG a.f.a.t.b.SeqModelChecker - Step 1: Transition #0 is enabled
2024-08-08T13:05:02,931 [zio-default-async-9] DEBUG a.f.a.t.b.t.TransitionExecutorImpl - Step #1, transition #1
2024-08-08T13:05:02,931 [zio-default-async-9] DEBUG a.f.a.t.b.t.TransitionExecutorImpl - Translating to SMT
2024-08-08T13:05:02,933 [zio-default-async-9] DEBUG a.f.a.t.b.SeqModelChecker - Step 1: Transition #1. Is it enabled?
2024-08-08T13:05:02,934 [zio-default-async-9] DEBUG a.f.a.t.b.SeqModelChecker - Step 1: Transition #1 is enabled
2024-08-08T13:05:02,935 [zio-default-async-9] DEBUG a.f.a.t.b.t.TransitionExecutorImpl - Step #1, transition #2
2024-08-08T13:05:02,935 [zio-default-async-9] DEBUG a.f.a.t.b.t.TransitionExecutorImpl - Translating to SMT
2024-08-08T13:05:02,973 [zio-default-async-9] DEBUG a.f.a.t.b.SeqModelChecker - Step 1: Transition #2. Is it enabled?
2024-08-08T13:05:02,975 [zio-default-async-9] DEBUG a.f.a.t.b.SeqModelChecker - Step 1: Transition #2 is enabled
2024-08-08T13:05:02,976 [zio-default-async-9] DEBUG a.f.a.t.b.t.TransitionExecutorImpl - Step #1, transition #3
2024-08-08T13:05:02,976 [zio-default-async-9] DEBUG a.f.a.t.b.t.TransitionExecutorImpl - Translating to SMT
2024-08-08T13:05:02,989 [zio-default-async-9] DEBUG a.f.a.t.b.SeqModelChecker - Step 1: Transition #3. Is it enabled?
2024-08-08T13:05:02,990 [zio-default-async-9] DEBUG a.f.a.t.b.SeqModelChecker - Step 1: Transition #3 is enabled
2024-08-08T13:05:02,991 [zio-default-async-9] INFO  a.f.a.t.b.t.TransitionExecutorImpl - Step 1: picking a transition out of 4 transition(s)
2024-08-08T13:05:03,012 [zio-default-async-9] DEBUG a.f.a.t.b.t.TransitionExecutorImpl - Step #2, transition #0
2024-08-08T13:05:03,012 [zio-default-async-9] DEBUG a.f.a.t.b.t.TransitionExecutorImpl - Translating to SMT
2024-08-08T13:05:03,023 [zio-default-async-9] DEBUG a.f.a.t.b.SeqModelChecker - Step 2: Transition #0. Is it enabled?
2024-08-08T13:05:03,024 [zio-default-async-9] DEBUG a.f.a.t.b.SeqModelChecker - Step 2: Transition #0 is enabled
2024-08-08T13:05:03,026 [zio-default-async-9] DEBUG a.f.a.t.b.t.TransitionExecutorImpl - Step #2, transition #1
2024-08-08T13:05:03,026 [zio-default-async-9] DEBUG a.f.a.t.b.t.TransitionExecutorImpl - Translating to SMT
2024-08-08T13:05:03,028 [zio-default-async-9] DEBUG a.f.a.t.b.SeqModelChecker - Step 2: Transition #1. Is it enabled?
2024-08-08T13:05:03,029 [zio-default-async-9] DEBUG a.f.a.t.b.SeqModelChecker - Step 2: Transition #1 is enabled
2024-08-08T13:05:03,029 [zio-default-async-9] DEBUG a.f.a.t.b.t.TransitionExecutorImpl - Step #2, transition #2
2024-08-08T13:05:03,029 [zio-default-async-9] DEBUG a.f.a.t.b.t.TransitionExecutorImpl - Translating to SMT
2024-08-08T13:05:03,053 [zio-default-async-9] DEBUG a.f.a.t.b.SeqModelChecker - Step 2: Transition #2. Is it enabled?
2024-08-08T13:05:03,055 [zio-default-async-9] DEBUG a.f.a.t.b.SeqModelChecker - Step 2: Transition #2 is enabled
2024-08-08T13:05:03,056 [zio-default-async-9] DEBUG a.f.a.t.b.t.TransitionExecutorImpl - Step #2, transition #3
2024-08-08T13:05:03,056 [zio-default-async-9] DEBUG a.f.a.t.b.t.TransitionExecutorImpl - Translating to SMT
2024-08-08T13:05:03,067 [zio-default-async-9] DEBUG a.f.a.t.b.SeqModelChecker - Step 2: Transition #3. Is it enabled?
2024-08-08T13:05:03,068 [zio-default-async-9] DEBUG a.f.a.t.b.SeqModelChecker - Step 2: Transition #3 is enabled
2024-08-08T13:05:03,069 [zio-default-async-9] INFO  a.f.a.t.b.t.TransitionExecutorImpl - Step 2: picking a transition out of 4 transition(s)
2024-08-08T13:05:03,083 [zio-default-async-9] DEBUG a.f.a.t.b.t.TransitionExecutorImpl - Step #3, transition #0
2024-08-08T13:05:03,083 [zio-default-async-9] DEBUG a.f.a.t.b.t.TransitionExecutorImpl - Translating to SMT
2024-08-08T13:05:03,085 [zio-default-async-9] DEBUG a.f.a.t.b.SeqModelChecker - Step 3: Transition #0. Is it enabled?
2024-08-08T13:05:03,086 [zio-default-async-9] DEBUG a.f.a.t.b.SeqModelChecker - Step 3: Transition #0 is enabled
2024-08-08T13:05:03,086 [zio-default-async-9] DEBUG a.f.a.t.b.t.TransitionExecutorImpl - Step #3, transition #1
2024-08-08T13:05:03,087 [zio-default-async-9] DEBUG a.f.a.t.b.t.TransitionExecutorImpl - Translating to SMT
2024-08-08T13:05:03,094 [zio-default-async-9] DEBUG a.f.a.t.b.SeqModelChecker - Step 3: Transition #1. Is it enabled?
2024-08-08T13:05:03,095 [zio-default-async-9] DEBUG a.f.a.t.b.SeqModelChecker - Step 3: Transition #1 is enabled
2024-08-08T13:05:03,096 [zio-default-async-9] DEBUG a.f.a.t.b.t.TransitionExecutorImpl - Step #3, transition #2
2024-08-08T13:05:03,096 [zio-default-async-9] DEBUG a.f.a.t.b.t.TransitionExecutorImpl - Translating to SMT
2024-08-08T13:05:03,118 [zio-default-async-9] DEBUG a.f.a.t.b.SeqModelChecker - Step 3: Transition #2. Is it enabled?
2024-08-08T13:05:03,120 [zio-default-async-9] DEBUG a.f.a.t.b.SeqModelChecker - Step 3: Transition #2 is enabled
2024-08-08T13:05:03,121 [zio-default-async-9] DEBUG a.f.a.t.b.t.TransitionExecutorImpl - Step #3, transition #3
2024-08-08T13:05:03,121 [zio-default-async-9] DEBUG a.f.a.t.b.t.TransitionExecutorImpl - Translating to SMT
2024-08-08T13:05:03,128 [zio-default-async-9] DEBUG a.f.a.t.b.SeqModelChecker - Step 3: Transition #3. Is it enabled?
2024-08-08T13:05:03,131 [zio-default-async-9] DEBUG a.f.a.t.b.SeqModelChecker - Step 3: Transition #3 is enabled
2024-08-08T13:05:03,132 [zio-default-async-9] INFO  a.f.a.t.b.t.TransitionExecutorImpl - Step 3: picking a transition out of 4 transition(s)
2024-08-08T13:05:03,142 [zio-default-async-9] DEBUG a.f.a.t.b.s.Z3SolverContext - Disposing Z3 solver context 0
2024-08-08T13:05:03,149 [zio-default-async-9] INFO  a.f.a.t.b.p.BoundedCheckerPassImpl - The outcome is: NoError
2024-08-08T13:05:03,149 [zio-default-async-9] DEBUG a.f.a.i.p.PassChainExecutor$ - PASS #13: BoundedChecker [OK]
2024-08-08T13:05:03,818 [zio-default-async-5] DEBUG a.f.a.t.b.SeqModelChecker - Step 0: Transition #0. Is it enabled?
2024-08-08T13:05:03,835 [zio-default-async-5] DEBUG a.f.a.t.b.SeqModelChecker - Step 0: Transition #0 is enabled
2024-08-08T13:05:03,837 [zio-default-async-5] INFO  a.f.a.t.b.t.TransitionExecutorImpl - Step 0: picking a transition out of 1 transition(s)
2024-08-08T13:05:03,838 [zio-default-async-5] DEBUG a.f.a.t.b.t.TransitionExecutorImpl - Step #1, transition #0
2024-08-08T13:05:03,838 [zio-default-async-5] DEBUG a.f.a.t.b.t.TransitionExecutorImpl - Translating to SMT
2024-08-08T13:05:03,900 [zio-default-async-5] DEBUG a.f.a.t.b.SeqModelChecker - Step 1: Transition #0. Is it enabled?
2024-08-08T13:05:03,902 [zio-default-async-5] DEBUG a.f.a.t.b.SeqModelChecker - Step 1: Transition #0 is enabled
2024-08-08T13:05:03,903 [zio-default-async-5] INFO  a.f.a.t.b.t.TransitionExecutorImpl - Step 1: picking a transition out of 1 transition(s)
2024-08-08T13:05:03,904 [zio-default-async-5] DEBUG a.f.a.t.b.t.TransitionExecutorImpl - Step #2, transition #0
2024-08-08T13:05:03,904 [zio-default-async-5] DEBUG a.f.a.t.b.t.TransitionExecutorImpl - Translating to SMT
2024-08-08T13:05:03,928 [zio-default-async-5] DEBUG a.f.a.t.b.SeqModelChecker - Step 2: Transition #0. Is it enabled?
2024-08-08T13:05:03,930 [zio-default-async-5] DEBUG a.f.a.t.b.SeqModelChecker - Step 2: Transition #0 is enabled
2024-08-08T13:05:03,931 [zio-default-async-5] INFO  a.f.a.t.b.t.TransitionExecutorImpl - Step 2: picking a transition out of 1 transition(s)
2024-08-08T13:05:03,932 [zio-default-async-5] DEBUG a.f.a.t.b.t.TransitionExecutorImpl - Step #3, transition #0
2024-08-08T13:05:03,932 [zio-default-async-5] DEBUG a.f.a.t.b.t.TransitionExecutorImpl - Translating to SMT
2024-08-08T13:05:03,959 [zio-default-async-5] DEBUG a.f.a.t.b.SeqModelChecker - Step 3: Transition #0. Is it enabled?
2024-08-08T13:05:03,961 [zio-default-async-5] DEBUG a.f.a.t.b.SeqModelChecker - Step 3: Transition #0 is enabled
2024-08-08T13:05:03,962 [zio-default-async-5] INFO  a.f.a.t.b.t.TransitionExecutorImpl - Step 3: picking a transition out of 1 transition(s)
2024-08-08T13:05:03,962 [zio-default-async-5] DEBUG a.f.a.t.b.s.Z3SolverContext - Disposing Z3 solver context 1
2024-08-08T13:05:03,970 [zio-default-async-5] INFO  a.f.a.t.b.p.BoundedCheckerPassImpl - The outcome is: NoError
2024-08-08T13:05:03,971 [zio-default-async-5] DEBUG a.f.a.i.p.PassChainExecutor$ - PASS #13: BoundedChecker [OK]
