2024-08-08T09:25:21,994 [main] INFO  a.f.a.t.Tool$ - # APALACHE version: 0.44.11 | build: 5dee24e
2024-08-08T09:25:22,024 [main] INFO  a.f.a.t.t.o.ServerCmd - Starting server on port 8822...
2024-08-08T09:25:28,928 [zio-default-async-13] INFO  a.f.a.i.p.PassChainExecutor$ - PASS #0: SanyParser
2024-08-08T09:25:28,929 [zio-default-async-11] INFO  a.f.a.i.p.PassChainExecutor$ - PASS #0: SanyParser
2024-08-08T09:25:28,928 [zio-default-async-12] INFO  a.f.a.i.p.PassChainExecutor$ - PASS #0: SanyParser
2024-08-08T09:25:30,435 [zio-default-async-13] DEBUG a.f.a.i.p.PassChainExecutor$ - PASS #0: SanyParser [OK]
2024-08-08T09:25:30,437 [zio-default-async-13] INFO  a.f.a.i.p.PassChainExecutor$ - PASS #1: TypeCheckerSnowcat
2024-08-08T09:25:30,437 [zio-default-async-13] INFO  a.f.a.t.p.t.EtcTypeCheckerPassImpl -  > Running Snowcat .::.
2024-08-08T09:25:30,684 [zio-default-async-13] INFO  a.f.a.t.p.t.EtcTypeCheckerPassImpl -  > Your types are purrfect!
2024-08-08T09:25:30,684 [zio-default-async-13] INFO  a.f.a.t.p.t.EtcTypeCheckerPassImpl -  > All expressions are typed
2024-08-08T09:25:30,685 [zio-default-async-13] DEBUG a.f.a.i.p.PassChainExecutor$ - PASS #1: TypeCheckerSnowcat [OK]
2024-08-08T09:25:30,685 [zio-default-async-13] INFO  a.f.a.i.p.PassChainExecutor$ - PASS #2: ConfigurationPass
2024-08-08T09:25:30,694 [zio-default-async-13] INFO  a.f.a.t.p.p.ConfigurationPassImpl -   > Set the initialization predicate to q::init
2024-08-08T09:25:30,696 [zio-default-async-13] INFO  a.f.a.t.p.p.ConfigurationPassImpl -   > Set the transition predicate to q::step
2024-08-08T09:25:30,705 [zio-default-async-13] DEBUG a.f.a.i.p.PassChainExecutor$ - PASS #2: ConfigurationPass [OK]
2024-08-08T09:25:30,705 [zio-default-async-13] INFO  a.f.a.i.p.PassChainExecutor$ - PASS #3: DesugarerPass
2024-08-08T09:25:30,706 [zio-default-async-13] INFO  a.f.a.t.p.p.DesugarerPassImpl -   > Desugaring...
2024-08-08T09:25:30,757 [zio-default-async-13] DEBUG a.f.a.i.p.PassChainExecutor$ - PASS #3: DesugarerPass [OK]
2024-08-08T09:25:30,758 [zio-default-async-13] INFO  a.f.a.i.p.PassChainExecutor$ - PASS #4: InlinePass
2024-08-08T09:25:30,759 [zio-default-async-13] INFO  a.f.a.t.p.p.InlinePassImpl - Leaving only relevant operators: CInitPrimed, q::init, q::initPrimed, q::step
2024-08-08T09:25:30,876 [zio-default-async-17] INFO  a.f.a.i.p.PassChainExecutor$ - PASS #0: SanyParser
2024-08-08T09:25:30,887 [zio-default-async-21] INFO  a.f.a.i.p.PassChainExecutor$ - PASS #0: SanyParser
2024-08-08T09:25:30,893 [zio-default-async-13] DEBUG a.f.a.i.p.PassChainExecutor$ - PASS #4: InlinePass [OK]
2024-08-08T09:25:30,895 [zio-default-async-13] INFO  a.f.a.i.p.PassChainExecutor$ - PASS #5: TemporalPass
2024-08-08T09:25:30,895 [zio-default-async-13] INFO  a.f.a.t.p.p.TemporalPassImpl -   > Rewriting temporal operators...
2024-08-08T09:25:30,895 [zio-default-async-12] DEBUG a.f.a.i.p.PassChainExecutor$ - PASS #0: SanyParser [OK]
2024-08-08T09:25:30,897 [zio-default-async-13] INFO  a.f.a.t.p.p.TemporalPassImpl -   > No temporal property specified, nothing to encode
2024-08-08T09:25:30,897 [zio-default-async-12] INFO  a.f.a.i.p.PassChainExecutor$ - PASS #1: TypeCheckerSnowcat
2024-08-08T09:25:30,898 [zio-default-async-12] INFO  a.f.a.t.p.t.EtcTypeCheckerPassImpl -  > Running Snowcat .::.
2024-08-08T09:25:30,898 [zio-default-async-13] DEBUG a.f.a.i.p.PassChainExecutor$ - PASS #5: TemporalPass [OK]
2024-08-08T09:25:30,898 [zio-default-async-13] INFO  a.f.a.i.p.PassChainExecutor$ - PASS #6: InlinePass
2024-08-08T09:25:30,898 [zio-default-async-13] INFO  a.f.a.t.p.p.InlinePassImpl - Leaving only relevant operators: CInitPrimed, q::init, q::initPrimed, q::step
2024-08-08T09:25:30,906 [zio-default-async-13] DEBUG a.f.a.i.p.PassChainExecutor$ - PASS #6: InlinePass [OK]
2024-08-08T09:25:30,907 [zio-default-async-13] INFO  a.f.a.i.p.PassChainExecutor$ - PASS #7: PrimingPass
2024-08-08T09:25:30,913 [zio-default-async-13] INFO  a.f.a.t.p.a.PrimingPassImpl -   > Introducing q::initPrimed for q::init'
2024-08-08T09:25:30,915 [zio-default-async-13] DEBUG a.f.a.i.p.PassChainExecutor$ - PASS #7: PrimingPass [OK]
2024-08-08T09:25:30,915 [zio-default-async-13] INFO  a.f.a.i.p.PassChainExecutor$ - PASS #8: VCGen
2024-08-08T09:25:30,915 [zio-default-async-13] INFO  a.f.a.t.b.p.VCGenPassImpl -   > No invariant given. Only deadlocks will be checked
2024-08-08T09:25:30,916 [zio-default-async-13] DEBUG a.f.a.i.p.PassChainExecutor$ - PASS #8: VCGen [OK]
2024-08-08T09:25:30,916 [zio-default-async-13] INFO  a.f.a.i.p.PassChainExecutor$ - PASS #9: PreprocessingPass
2024-08-08T09:25:30,916 [zio-default-async-13] INFO  a.f.a.t.p.p.PreproPassImpl -   > Before preprocessing: unique renaming
2024-08-08T09:25:30,944 [zio-default-async-21] DEBUG a.f.a.i.p.PassChainExecutor$ - PASS #0: SanyParser [OK]
2024-08-08T09:25:30,945 [zio-default-async-21] INFO  a.f.a.i.p.PassChainExecutor$ - PASS #1: TypeCheckerSnowcat
2024-08-08T09:25:30,945 [zio-default-async-21] INFO  a.f.a.t.p.t.EtcTypeCheckerPassImpl -  > Running Snowcat .::.
2024-08-08T09:25:30,989 [zio-default-async-13] INFO  a.f.a.t.p.p.PreproPassImpl -  > Applying standard transformations:
2024-08-08T09:25:30,991 [zio-default-async-13] INFO  a.f.a.t.p.p.PreproPassImpl -   > PrimePropagation
2024-08-08T09:25:30,994 [zio-default-async-13] INFO  a.f.a.t.p.p.PreproPassImpl -   > Desugarer
2024-08-08T09:25:30,996 [zio-default-async-13] INFO  a.f.a.t.p.p.PreproPassImpl -   > UniqueRenamer
2024-08-08T09:25:30,997 [zio-default-async-13] INFO  a.f.a.t.p.p.PreproPassImpl -   > Normalizer
2024-08-08T09:25:31,000 [zio-default-async-13] INFO  a.f.a.t.p.p.PreproPassImpl -   > Keramelizer
2024-08-08T09:25:31,003 [zio-default-async-13] INFO  a.f.a.t.p.p.PreproPassImpl -   > After preprocessing: UniqueRenamer
2024-08-08T09:25:31,020 [zio-default-async-13] DEBUG a.f.a.i.p.PassChainExecutor$ - PASS #9: PreprocessingPass [OK]
2024-08-08T09:25:31,020 [zio-default-async-13] INFO  a.f.a.i.p.PassChainExecutor$ - PASS #10: TransitionFinderPass
2024-08-08T09:25:31,040 [zio-default-async-13] INFO  a.f.a.t.p.a.TransitionPassImpl -   > Found 1 initializing transitions
2024-08-08T09:25:31,040 [zio-default-async-13] INFO  a.f.a.t.p.a.TransitionPassImpl -   > Found 1 transitions
2024-08-08T09:25:31,041 [zio-default-async-13] INFO  a.f.a.t.p.a.TransitionPassImpl -   > No constant initializer
2024-08-08T09:25:31,043 [zio-default-async-13] INFO  a.f.a.t.p.a.TransitionPassImpl -   > Applying unique renaming
2024-08-08T09:25:31,049 [zio-default-async-13] DEBUG a.f.a.i.p.PassChainExecutor$ - PASS #10: TransitionFinderPass [OK]
2024-08-08T09:25:31,049 [zio-default-async-13] INFO  a.f.a.i.p.PassChainExecutor$ - PASS #11: OptimizationPass
2024-08-08T09:25:31,076 [zio-default-async-13] INFO  a.f.a.t.p.p.OptPassImpl -  > Applying optimizations:
2024-08-08T09:25:31,077 [zio-default-async-13] INFO  a.f.a.t.p.p.OptPassImpl -   > ConstSimplifier
2024-08-08T09:25:31,078 [zio-default-async-13] INFO  a.f.a.t.p.p.OptPassImpl -   > ExprOptimizer
2024-08-08T09:25:31,079 [zio-default-async-13] INFO  a.f.a.t.p.p.OptPassImpl -   > SetMembershipSimplifier
2024-08-08T09:25:31,080 [zio-default-async-13] INFO  a.f.a.t.p.p.OptPassImpl -   > ConstSimplifier
2024-08-08T09:25:31,088 [zio-default-async-13] DEBUG a.f.a.i.p.PassChainExecutor$ - PASS #11: OptimizationPass [OK]
2024-08-08T09:25:31,089 [zio-default-async-13] INFO  a.f.a.i.p.PassChainExecutor$ - PASS #12: AnalysisPass
2024-08-08T09:25:31,096 [zio-default-async-13] INFO  a.f.a.t.b.p.AnalysisPassImpl -  > Marking skolemizable existentials and sets to be expanded...
2024-08-08T09:25:31,123 [zio-default-async-13] INFO  a.f.a.t.b.p.AnalysisPassImpl -   > Skolemization
2024-08-08T09:25:31,125 [zio-default-async-13] INFO  a.f.a.t.b.p.AnalysisPassImpl -   > Expansion
2024-08-08T09:25:31,127 [zio-default-async-13] INFO  a.f.a.t.b.p.AnalysisPassImpl -   > Remove unused let-in defs
2024-08-08T09:25:31,134 [zio-default-async-13] INFO  a.f.a.t.b.p.AnalysisPassImpl -  > Running analyzers...
2024-08-08T09:25:31,138 [zio-default-async-13] INFO  a.f.a.t.b.p.AnalysisPassImpl -   > Introduced expression grades
2024-08-08T09:25:31,138 [zio-default-async-13] DEBUG a.f.a.i.p.PassChainExecutor$ - PASS #12: AnalysisPass [OK]
2024-08-08T09:25:31,139 [zio-default-async-13] INFO  a.f.a.i.p.PassChainExecutor$ - PASS #13: BoundedChecker
2024-08-08T09:25:31,236 [zio-default-async-13] DEBUG a.f.a.t.b.s.Z3SolverContext - Creating Z3 solver context 0
2024-08-08T09:25:31,289 [zio-default-async-25] INFO  a.f.a.i.p.PassChainExecutor$ - PASS #0: SanyParser
2024-08-08T09:25:31,302 [zio-default-async-25] DEBUG a.f.a.i.p.PassChainExecutor$ - PASS #0: SanyParser [OK]
2024-08-08T09:25:31,303 [zio-default-async-25] INFO  a.f.a.i.p.PassChainExecutor$ - PASS #1: TypeCheckerSnowcat
2024-08-08T09:25:31,303 [zio-default-async-25] INFO  a.f.a.t.p.t.EtcTypeCheckerPassImpl -  > Running Snowcat .::.
2024-08-08T09:25:31,366 [zio-default-async-17] DEBUG a.f.a.i.p.PassChainExecutor$ - PASS #0: SanyParser [OK]
2024-08-08T09:25:31,367 [zio-default-async-17] INFO  a.f.a.i.p.PassChainExecutor$ - PASS #1: TypeCheckerSnowcat
2024-08-08T09:25:31,367 [zio-default-async-17] INFO  a.f.a.t.p.t.EtcTypeCheckerPassImpl -  > Running Snowcat .::.
2024-08-08T09:25:31,378 [zio-default-async-11] DEBUG a.f.a.i.p.PassChainExecutor$ - PASS #0: SanyParser [OK]
2024-08-08T09:25:31,378 [zio-default-async-11] INFO  a.f.a.i.p.PassChainExecutor$ - PASS #1: TypeCheckerSnowcat
2024-08-08T09:25:31,378 [zio-default-async-11] INFO  a.f.a.t.p.t.EtcTypeCheckerPassImpl -  > Running Snowcat .::.
2024-08-08T09:25:31,652 [zio-default-async-25] INFO  a.f.a.t.p.t.EtcTypeCheckerPassImpl -  > Your types are purrfect!
2024-08-08T09:25:31,652 [zio-default-async-25] INFO  a.f.a.t.p.t.EtcTypeCheckerPassImpl -  > All expressions are typed
2024-08-08T09:25:31,653 [zio-default-async-25] DEBUG a.f.a.i.p.PassChainExecutor$ - PASS #1: TypeCheckerSnowcat [OK]
2024-08-08T09:25:31,653 [zio-default-async-25] INFO  a.f.a.i.p.PassChainExecutor$ - PASS #2: ConfigurationPass
2024-08-08T09:25:31,654 [zio-default-async-25] INFO  a.f.a.t.p.p.ConfigurationPassImpl -   > Set the initialization predicate to q::init
2024-08-08T09:25:31,654 [zio-default-async-25] INFO  a.f.a.t.p.p.ConfigurationPassImpl -   > Set the transition predicate to q::step
2024-08-08T09:25:31,656 [zio-default-async-25] DEBUG a.f.a.i.p.PassChainExecutor$ - PASS #2: ConfigurationPass [OK]
2024-08-08T09:25:31,656 [zio-default-async-25] INFO  a.f.a.i.p.PassChainExecutor$ - PASS #3: DesugarerPass
2024-08-08T09:25:31,657 [zio-default-async-25] INFO  a.f.a.t.p.p.DesugarerPassImpl -   > Desugaring...
2024-08-08T09:25:31,671 [zio-default-async-25] DEBUG a.f.a.i.p.PassChainExecutor$ - PASS #3: DesugarerPass [OK]
2024-08-08T09:25:31,672 [zio-default-async-25] INFO  a.f.a.i.p.PassChainExecutor$ - PASS #4: InlinePass
2024-08-08T09:25:31,694 [zio-default-async-25] INFO  a.f.a.t.p.p.InlinePassImpl - Leaving only relevant operators: CInitPrimed, q::init, q::initPrimed, q::step
2024-08-08T09:25:31,736 [zio-default-async-25] DEBUG a.f.a.i.p.PassChainExecutor$ - PASS #4: InlinePass [OK]
2024-08-08T09:25:31,736 [zio-default-async-25] INFO  a.f.a.i.p.PassChainExecutor$ - PASS #5: TemporalPass
2024-08-08T09:25:31,736 [zio-default-async-25] INFO  a.f.a.t.p.p.TemporalPassImpl -   > Rewriting temporal operators...
2024-08-08T09:25:31,736 [zio-default-async-25] INFO  a.f.a.t.p.p.TemporalPassImpl -   > No temporal property specified, nothing to encode
2024-08-08T09:25:31,737 [zio-default-async-25] DEBUG a.f.a.i.p.PassChainExecutor$ - PASS #5: TemporalPass [OK]
2024-08-08T09:25:31,737 [zio-default-async-25] INFO  a.f.a.i.p.PassChainExecutor$ - PASS #6: InlinePass
2024-08-08T09:25:31,737 [zio-default-async-25] INFO  a.f.a.t.p.p.InlinePassImpl - Leaving only relevant operators: CInitPrimed, q::init, q::initPrimed, q::step
2024-08-08T09:25:31,760 [zio-default-async-25] DEBUG a.f.a.i.p.PassChainExecutor$ - PASS #6: InlinePass [OK]
2024-08-08T09:25:31,760 [zio-default-async-25] INFO  a.f.a.i.p.PassChainExecutor$ - PASS #7: PrimingPass
2024-08-08T09:25:31,760 [zio-default-async-25] INFO  a.f.a.t.p.a.PrimingPassImpl -   > Introducing q::initPrimed for q::init'
2024-08-08T09:25:31,763 [zio-default-async-25] DEBUG a.f.a.i.p.PassChainExecutor$ - PASS #7: PrimingPass [OK]
2024-08-08T09:25:31,763 [zio-default-async-25] INFO  a.f.a.i.p.PassChainExecutor$ - PASS #8: VCGen
2024-08-08T09:25:31,764 [zio-default-async-25] INFO  a.f.a.t.b.p.VCGenPassImpl -   > No invariant given. Only deadlocks will be checked
2024-08-08T09:25:31,765 [zio-default-async-25] DEBUG a.f.a.i.p.PassChainExecutor$ - PASS #8: VCGen [OK]
2024-08-08T09:25:31,765 [zio-default-async-25] INFO  a.f.a.i.p.PassChainExecutor$ - PASS #9: PreprocessingPass
2024-08-08T09:25:31,766 [zio-default-async-25] INFO  a.f.a.t.p.p.PreproPassImpl -   > Before preprocessing: unique renaming
2024-08-08T09:25:31,766 [zio-default-async-25] INFO  a.f.a.t.p.p.PreproPassImpl -  > Applying standard transformations:
2024-08-08T09:25:31,766 [zio-default-async-25] INFO  a.f.a.t.p.p.PreproPassImpl -   > PrimePropagation
2024-08-08T09:25:31,767 [zio-default-async-25] INFO  a.f.a.t.p.p.PreproPassImpl -   > Desugarer
2024-08-08T09:25:31,768 [zio-default-async-25] INFO  a.f.a.t.p.p.PreproPassImpl -   > UniqueRenamer
2024-08-08T09:25:31,771 [zio-default-async-25] INFO  a.f.a.t.p.p.PreproPassImpl -   > Normalizer
2024-08-08T09:25:31,774 [zio-default-async-25] INFO  a.f.a.t.p.p.PreproPassImpl -   > Keramelizer
2024-08-08T09:25:31,777 [zio-default-async-25] INFO  a.f.a.t.p.p.PreproPassImpl -   > After preprocessing: UniqueRenamer
2024-08-08T09:25:31,818 [zio-default-async-25] DEBUG a.f.a.i.p.PassChainExecutor$ - PASS #9: PreprocessingPass [OK]
2024-08-08T09:25:31,830 [zio-default-async-25] INFO  a.f.a.i.p.PassChainExecutor$ - PASS #10: TransitionFinderPass
2024-08-08T09:25:31,876 [zio-default-async-25] INFO  a.f.a.t.p.a.TransitionPassImpl -   > Found 1 initializing transitions
2024-08-08T09:25:31,885 [zio-default-async-25] INFO  a.f.a.t.p.a.TransitionPassImpl -   > Found 1 transitions
2024-08-08T09:25:31,885 [zio-default-async-25] INFO  a.f.a.t.p.a.TransitionPassImpl -   > No constant initializer
2024-08-08T09:25:31,885 [zio-default-async-25] INFO  a.f.a.t.p.a.TransitionPassImpl -   > Applying unique renaming
2024-08-08T09:25:31,888 [zio-default-async-25] DEBUG a.f.a.i.p.PassChainExecutor$ - PASS #10: TransitionFinderPass [OK]
2024-08-08T09:25:31,888 [zio-default-async-25] INFO  a.f.a.i.p.PassChainExecutor$ - PASS #11: OptimizationPass
2024-08-08T09:25:31,889 [zio-default-async-25] INFO  a.f.a.t.p.p.OptPassImpl -  > Applying optimizations:
2024-08-08T09:25:31,889 [zio-default-async-25] INFO  a.f.a.t.p.p.OptPassImpl -   > ConstSimplifier
2024-08-08T09:25:31,894 [zio-default-async-25] INFO  a.f.a.t.p.p.OptPassImpl -   > ExprOptimizer
2024-08-08T09:25:31,896 [zio-default-async-25] INFO  a.f.a.t.p.p.OptPassImpl -   > SetMembershipSimplifier
2024-08-08T09:25:31,898 [zio-default-async-25] INFO  a.f.a.t.p.p.OptPassImpl -   > ConstSimplifier
2024-08-08T09:25:31,900 [zio-default-async-25] DEBUG a.f.a.i.p.PassChainExecutor$ - PASS #11: OptimizationPass [OK]
2024-08-08T09:25:31,901 [zio-default-async-25] INFO  a.f.a.i.p.PassChainExecutor$ - PASS #12: AnalysisPass
2024-08-08T09:25:31,901 [zio-default-async-25] INFO  a.f.a.t.b.p.AnalysisPassImpl -  > Marking skolemizable existentials and sets to be expanded...
2024-08-08T09:25:31,901 [zio-default-async-25] INFO  a.f.a.t.b.p.AnalysisPassImpl -   > Skolemization
2024-08-08T09:25:31,902 [zio-default-async-25] INFO  a.f.a.t.b.p.AnalysisPassImpl -   > Expansion
2024-08-08T09:25:31,903 [zio-default-async-25] INFO  a.f.a.t.b.p.AnalysisPassImpl -   > Remove unused let-in defs
2024-08-08T09:25:31,905 [zio-default-async-25] INFO  a.f.a.t.b.p.AnalysisPassImpl -  > Running analyzers...
2024-08-08T09:25:31,907 [zio-default-async-25] INFO  a.f.a.t.b.p.AnalysisPassImpl -   > Introduced expression grades
2024-08-08T09:25:31,908 [zio-default-async-25] DEBUG a.f.a.i.p.PassChainExecutor$ - PASS #12: AnalysisPass [OK]
2024-08-08T09:25:31,933 [zio-default-async-25] INFO  a.f.a.i.p.PassChainExecutor$ - PASS #13: BoundedChecker
2024-08-08T09:25:31,937 [zio-default-async-25] DEBUG a.f.a.t.b.s.Z3SolverContext - Creating Z3 solver context 1
2024-08-08T09:25:32,739 [zio-default-async-21] INFO  a.f.a.t.p.t.EtcTypeCheckerPassImpl -  > Your types are purrfect!
2024-08-08T09:25:32,740 [zio-default-async-21] INFO  a.f.a.t.p.t.EtcTypeCheckerPassImpl -  > All expressions are typed
2024-08-08T09:25:32,740 [zio-default-async-21] DEBUG a.f.a.i.p.PassChainExecutor$ - PASS #1: TypeCheckerSnowcat [OK]
2024-08-08T09:25:32,740 [zio-default-async-21] INFO  a.f.a.i.p.PassChainExecutor$ - PASS #2: ConfigurationPass
2024-08-08T09:25:32,742 [zio-default-async-21] INFO  a.f.a.t.p.p.ConfigurationPassImpl -   > Set the initialization predicate to q::init
2024-08-08T09:25:32,742 [zio-default-async-21] INFO  a.f.a.t.p.p.ConfigurationPassImpl -   > Set the transition predicate to q::step
2024-08-08T09:25:32,748 [zio-default-async-21] DEBUG a.f.a.i.p.PassChainExecutor$ - PASS #2: ConfigurationPass [OK]
2024-08-08T09:25:32,748 [zio-default-async-21] INFO  a.f.a.i.p.PassChainExecutor$ - PASS #3: DesugarerPass
2024-08-08T09:25:32,748 [zio-default-async-21] INFO  a.f.a.t.p.p.DesugarerPassImpl -   > Desugaring...
2024-08-08T09:25:32,762 [zio-default-async-21] DEBUG a.f.a.i.p.PassChainExecutor$ - PASS #3: DesugarerPass [OK]
2024-08-08T09:25:32,763 [zio-default-async-21] INFO  a.f.a.i.p.PassChainExecutor$ - PASS #4: InlinePass
2024-08-08T09:25:32,763 [zio-default-async-21] INFO  a.f.a.t.p.p.InlinePassImpl - Leaving only relevant operators: CInitPrimed, q::init, q::initPrimed, q::step
2024-08-08T09:25:32,847 [zio-default-async-21] DEBUG a.f.a.i.p.PassChainExecutor$ - PASS #4: InlinePass [OK]
2024-08-08T09:25:32,848 [zio-default-async-21] INFO  a.f.a.i.p.PassChainExecutor$ - PASS #5: TemporalPass
2024-08-08T09:25:32,848 [zio-default-async-21] INFO  a.f.a.t.p.p.TemporalPassImpl -   > Rewriting temporal operators...
2024-08-08T09:25:32,848 [zio-default-async-21] INFO  a.f.a.t.p.p.TemporalPassImpl -   > No temporal property specified, nothing to encode
2024-08-08T09:25:32,848 [zio-default-async-21] DEBUG a.f.a.i.p.PassChainExecutor$ - PASS #5: TemporalPass [OK]
2024-08-08T09:25:32,848 [zio-default-async-21] INFO  a.f.a.i.p.PassChainExecutor$ - PASS #6: InlinePass
2024-08-08T09:25:32,849 [zio-default-async-21] INFO  a.f.a.t.p.p.InlinePassImpl - Leaving only relevant operators: CInitPrimed, q::init, q::initPrimed, q::step
2024-08-08T09:25:32,856 [zio-default-async-21] DEBUG a.f.a.i.p.PassChainExecutor$ - PASS #6: InlinePass [OK]
2024-08-08T09:25:32,856 [zio-default-async-21] INFO  a.f.a.i.p.PassChainExecutor$ - PASS #7: PrimingPass
2024-08-08T09:25:32,856 [zio-default-async-21] INFO  a.f.a.t.p.a.PrimingPassImpl -   > Introducing q::initPrimed for q::init'
2024-08-08T09:25:32,857 [zio-default-async-21] DEBUG a.f.a.i.p.PassChainExecutor$ - PASS #7: PrimingPass [OK]
2024-08-08T09:25:32,858 [zio-default-async-21] INFO  a.f.a.i.p.PassChainExecutor$ - PASS #8: VCGen
2024-08-08T09:25:32,858 [zio-default-async-21] INFO  a.f.a.t.b.p.VCGenPassImpl -   > No invariant given. Only deadlocks will be checked
2024-08-08T09:25:32,858 [zio-default-async-21] DEBUG a.f.a.i.p.PassChainExecutor$ - PASS #8: VCGen [OK]
2024-08-08T09:25:32,858 [zio-default-async-21] INFO  a.f.a.i.p.PassChainExecutor$ - PASS #9: PreprocessingPass
2024-08-08T09:25:32,859 [zio-default-async-21] INFO  a.f.a.t.p.p.PreproPassImpl -   > Before preprocessing: unique renaming
2024-08-08T09:25:32,859 [zio-default-async-21] INFO  a.f.a.t.p.p.PreproPassImpl -  > Applying standard transformations:
2024-08-08T09:25:32,859 [zio-default-async-21] INFO  a.f.a.t.p.p.PreproPassImpl -   > PrimePropagation
2024-08-08T09:25:32,866 [zio-default-async-21] INFO  a.f.a.t.p.p.PreproPassImpl -   > Desugarer
2024-08-08T09:25:32,869 [zio-default-async-21] INFO  a.f.a.t.p.p.PreproPassImpl -   > UniqueRenamer
2024-08-08T09:25:32,880 [zio-default-async-21] INFO  a.f.a.t.p.p.PreproPassImpl -   > Normalizer
2024-08-08T09:25:32,885 [zio-default-async-21] INFO  a.f.a.t.p.p.PreproPassImpl -   > Keramelizer
2024-08-08T09:25:32,900 [zio-default-async-21] INFO  a.f.a.t.p.p.PreproPassImpl -   > After preprocessing: UniqueRenamer
2024-08-08T09:25:32,907 [zio-default-async-21] DEBUG a.f.a.i.p.PassChainExecutor$ - PASS #9: PreprocessingPass [OK]
2024-08-08T09:25:32,908 [zio-default-async-21] INFO  a.f.a.i.p.PassChainExecutor$ - PASS #10: TransitionFinderPass
2024-08-08T09:25:32,908 [zio-default-async-21] INFO  a.f.a.t.p.a.TransitionPassImpl -   > Found 1 initializing transitions
2024-08-08T09:25:32,924 [zio-default-async-21] INFO  a.f.a.t.p.a.TransitionPassImpl -   > Found 1 transitions
2024-08-08T09:25:32,925 [zio-default-async-21] INFO  a.f.a.t.p.a.TransitionPassImpl -   > No constant initializer
2024-08-08T09:25:32,925 [zio-default-async-21] INFO  a.f.a.t.p.a.TransitionPassImpl -   > Applying unique renaming
2024-08-08T09:25:32,959 [zio-default-async-21] DEBUG a.f.a.i.p.PassChainExecutor$ - PASS #10: TransitionFinderPass [OK]
2024-08-08T09:25:32,960 [zio-default-async-21] INFO  a.f.a.i.p.PassChainExecutor$ - PASS #11: OptimizationPass
2024-08-08T09:25:32,960 [zio-default-async-21] INFO  a.f.a.t.p.p.OptPassImpl -  > Applying optimizations:
2024-08-08T09:25:32,960 [zio-default-async-21] INFO  a.f.a.t.p.p.OptPassImpl -   > ConstSimplifier
2024-08-08T09:25:32,966 [zio-default-async-21] INFO  a.f.a.t.p.p.OptPassImpl -   > ExprOptimizer
2024-08-08T09:25:32,969 [zio-default-async-21] INFO  a.f.a.t.p.p.OptPassImpl -   > SetMembershipSimplifier
2024-08-08T09:25:32,970 [zio-default-async-21] INFO  a.f.a.t.p.p.OptPassImpl -   > ConstSimplifier
2024-08-08T09:25:32,972 [zio-default-async-21] DEBUG a.f.a.i.p.PassChainExecutor$ - PASS #11: OptimizationPass [OK]
2024-08-08T09:25:32,973 [zio-default-async-21] INFO  a.f.a.i.p.PassChainExecutor$ - PASS #12: AnalysisPass
2024-08-08T09:25:32,973 [zio-default-async-21] INFO  a.f.a.t.b.p.AnalysisPassImpl -  > Marking skolemizable existentials and sets to be expanded...
2024-08-08T09:25:32,973 [zio-default-async-21] INFO  a.f.a.t.b.p.AnalysisPassImpl -   > Skolemization
2024-08-08T09:25:32,974 [zio-default-async-21] INFO  a.f.a.t.b.p.AnalysisPassImpl -   > Expansion
2024-08-08T09:25:32,982 [zio-default-async-21] INFO  a.f.a.t.b.p.AnalysisPassImpl -   > Remove unused let-in defs
2024-08-08T09:25:32,989 [zio-default-async-21] INFO  a.f.a.t.b.p.AnalysisPassImpl -  > Running analyzers...
2024-08-08T09:25:32,991 [zio-default-async-21] INFO  a.f.a.t.b.p.AnalysisPassImpl -   > Introduced expression grades
2024-08-08T09:25:32,992 [zio-default-async-21] DEBUG a.f.a.i.p.PassChainExecutor$ - PASS #12: AnalysisPass [OK]
2024-08-08T09:25:32,992 [zio-default-async-21] INFO  a.f.a.i.p.PassChainExecutor$ - PASS #13: BoundedChecker
2024-08-08T09:25:32,999 [zio-default-async-21] DEBUG a.f.a.t.b.s.Z3SolverContext - Creating Z3 solver context 2
2024-08-08T09:25:33,920 [zio-default-async-12] INFO  a.f.a.t.p.t.EtcTypeCheckerPassImpl -  > Your types are purrfect!
2024-08-08T09:25:33,921 [zio-default-async-12] INFO  a.f.a.t.p.t.EtcTypeCheckerPassImpl -  > All expressions are typed
2024-08-08T09:25:33,921 [zio-default-async-12] DEBUG a.f.a.i.p.PassChainExecutor$ - PASS #1: TypeCheckerSnowcat [OK]
2024-08-08T09:25:33,922 [zio-default-async-12] INFO  a.f.a.i.p.PassChainExecutor$ - PASS #2: ConfigurationPass
2024-08-08T09:25:33,922 [zio-default-async-12] INFO  a.f.a.t.p.p.ConfigurationPassImpl -   > Set the initialization predicate to q::init
2024-08-08T09:25:33,924 [zio-default-async-12] INFO  a.f.a.t.p.p.ConfigurationPassImpl -   > Set the transition predicate to q::step
2024-08-08T09:25:33,936 [zio-default-async-12] DEBUG a.f.a.i.p.PassChainExecutor$ - PASS #2: ConfigurationPass [OK]
2024-08-08T09:25:33,936 [zio-default-async-12] INFO  a.f.a.i.p.PassChainExecutor$ - PASS #3: DesugarerPass
2024-08-08T09:25:33,937 [zio-default-async-12] INFO  a.f.a.t.p.p.DesugarerPassImpl -   > Desugaring...
2024-08-08T09:25:33,940 [zio-default-async-12] DEBUG a.f.a.i.p.PassChainExecutor$ - PASS #3: DesugarerPass [OK]
2024-08-08T09:25:33,941 [zio-default-async-12] INFO  a.f.a.i.p.PassChainExecutor$ - PASS #4: InlinePass
2024-08-08T09:25:33,941 [zio-default-async-12] INFO  a.f.a.t.p.p.InlinePassImpl - Leaving only relevant operators: CInitPrimed, q::init, q::initPrimed, q::step
2024-08-08T09:25:34,009 [zio-default-async-12] DEBUG a.f.a.i.p.PassChainExecutor$ - PASS #4: InlinePass [OK]
2024-08-08T09:25:34,009 [zio-default-async-12] INFO  a.f.a.i.p.PassChainExecutor$ - PASS #5: TemporalPass
2024-08-08T09:25:34,009 [zio-default-async-12] INFO  a.f.a.t.p.p.TemporalPassImpl -   > Rewriting temporal operators...
2024-08-08T09:25:34,009 [zio-default-async-12] INFO  a.f.a.t.p.p.TemporalPassImpl -   > No temporal property specified, nothing to encode
2024-08-08T09:25:34,009 [zio-default-async-12] DEBUG a.f.a.i.p.PassChainExecutor$ - PASS #5: TemporalPass [OK]
2024-08-08T09:25:34,010 [zio-default-async-12] INFO  a.f.a.i.p.PassChainExecutor$ - PASS #6: InlinePass
2024-08-08T09:25:34,010 [zio-default-async-12] INFO  a.f.a.t.p.p.InlinePassImpl - Leaving only relevant operators: CInitPrimed, q::init, q::initPrimed, q::step
2024-08-08T09:25:34,036 [zio-default-async-12] DEBUG a.f.a.i.p.PassChainExecutor$ - PASS #6: InlinePass [OK]
2024-08-08T09:25:34,036 [zio-default-async-12] INFO  a.f.a.i.p.PassChainExecutor$ - PASS #7: PrimingPass
2024-08-08T09:25:34,036 [zio-default-async-12] INFO  a.f.a.t.p.a.PrimingPassImpl -   > Introducing q::initPrimed for q::init'
2024-08-08T09:25:34,037 [zio-default-async-12] DEBUG a.f.a.i.p.PassChainExecutor$ - PASS #7: PrimingPass [OK]
2024-08-08T09:25:34,037 [zio-default-async-12] INFO  a.f.a.i.p.PassChainExecutor$ - PASS #8: VCGen
2024-08-08T09:25:34,037 [zio-default-async-12] INFO  a.f.a.t.b.p.VCGenPassImpl -   > No invariant given. Only deadlocks will be checked
2024-08-08T09:25:34,038 [zio-default-async-12] DEBUG a.f.a.i.p.PassChainExecutor$ - PASS #8: VCGen [OK]
2024-08-08T09:25:34,038 [zio-default-async-12] INFO  a.f.a.i.p.PassChainExecutor$ - PASS #9: PreprocessingPass
2024-08-08T09:25:34,038 [zio-default-async-12] INFO  a.f.a.t.p.p.PreproPassImpl -   > Before preprocessing: unique renaming
2024-08-08T09:25:34,038 [zio-default-async-12] INFO  a.f.a.t.p.p.PreproPassImpl -  > Applying standard transformations:
2024-08-08T09:25:34,038 [zio-default-async-12] INFO  a.f.a.t.p.p.PreproPassImpl -   > PrimePropagation
2024-08-08T09:25:34,040 [zio-default-async-12] INFO  a.f.a.t.p.p.PreproPassImpl -   > Desugarer
2024-08-08T09:25:34,050 [zio-default-async-12] INFO  a.f.a.t.p.p.PreproPassImpl -   > UniqueRenamer
2024-08-08T09:25:34,068 [zio-default-async-12] INFO  a.f.a.t.p.p.PreproPassImpl -   > Normalizer
2024-08-08T09:25:34,072 [zio-default-async-12] INFO  a.f.a.t.p.p.PreproPassImpl -   > Keramelizer
2024-08-08T09:25:34,083 [zio-default-async-12] INFO  a.f.a.t.p.p.PreproPassImpl -   > After preprocessing: UniqueRenamer
2024-08-08T09:25:34,090 [zio-default-async-12] DEBUG a.f.a.i.p.PassChainExecutor$ - PASS #9: PreprocessingPass [OK]
2024-08-08T09:25:34,091 [zio-default-async-12] INFO  a.f.a.i.p.PassChainExecutor$ - PASS #10: TransitionFinderPass
2024-08-08T09:25:34,106 [zio-default-async-12] INFO  a.f.a.t.p.a.TransitionPassImpl -   > Found 1 initializing transitions
2024-08-08T09:25:34,132 [zio-default-async-12] INFO  a.f.a.t.p.a.TransitionPassImpl -   > Found 2 transitions
2024-08-08T09:25:34,133 [zio-default-async-12] INFO  a.f.a.t.p.a.TransitionPassImpl -   > No constant initializer
2024-08-08T09:25:34,133 [zio-default-async-12] INFO  a.f.a.t.p.a.TransitionPassImpl -   > Applying unique renaming
2024-08-08T09:25:34,149 [zio-default-async-12] DEBUG a.f.a.i.p.PassChainExecutor$ - PASS #10: TransitionFinderPass [OK]
2024-08-08T09:25:34,150 [zio-default-async-12] INFO  a.f.a.i.p.PassChainExecutor$ - PASS #11: OptimizationPass
2024-08-08T09:25:34,150 [zio-default-async-12] INFO  a.f.a.t.p.p.OptPassImpl -  > Applying optimizations:
2024-08-08T09:25:34,150 [zio-default-async-12] INFO  a.f.a.t.p.p.OptPassImpl -   > ConstSimplifier
2024-08-08T09:25:34,196 [zio-default-async-12] INFO  a.f.a.t.p.p.OptPassImpl -   > ExprOptimizer
2024-08-08T09:25:34,207 [zio-default-async-12] INFO  a.f.a.t.p.p.OptPassImpl -   > SetMembershipSimplifier
2024-08-08T09:25:34,210 [zio-default-async-12] INFO  a.f.a.t.p.p.OptPassImpl -   > ConstSimplifier
2024-08-08T09:25:34,218 [zio-default-async-12] DEBUG a.f.a.i.p.PassChainExecutor$ - PASS #11: OptimizationPass [OK]
2024-08-08T09:25:34,618 [zio-default-async-12] INFO  a.f.a.i.p.PassChainExecutor$ - PASS #12: AnalysisPass
2024-08-08T09:25:34,618 [zio-default-async-12] INFO  a.f.a.t.b.p.AnalysisPassImpl -  > Marking skolemizable existentials and sets to be expanded...
2024-08-08T09:25:34,618 [zio-default-async-12] INFO  a.f.a.t.b.p.AnalysisPassImpl -   > Skolemization
2024-08-08T09:25:34,619 [zio-default-async-12] INFO  a.f.a.t.b.p.AnalysisPassImpl -   > Expansion
2024-08-08T09:25:34,624 [zio-default-async-12] INFO  a.f.a.t.b.p.AnalysisPassImpl -   > Remove unused let-in defs
2024-08-08T09:25:34,626 [zio-default-async-12] INFO  a.f.a.t.b.p.AnalysisPassImpl -  > Running analyzers...
2024-08-08T09:25:34,627 [zio-default-async-12] INFO  a.f.a.t.b.p.AnalysisPassImpl -   > Introduced expression grades
2024-08-08T09:25:34,628 [zio-default-async-12] DEBUG a.f.a.i.p.PassChainExecutor$ - PASS #12: AnalysisPass [OK]
2024-08-08T09:25:34,628 [zio-default-async-12] INFO  a.f.a.i.p.PassChainExecutor$ - PASS #13: BoundedChecker
2024-08-08T09:25:34,631 [zio-default-async-12] DEBUG a.f.a.t.b.s.Z3SolverContext - Creating Z3 solver context 3
2024-08-08T09:25:35,035 [zio-default-async-17] INFO  a.f.a.t.p.t.EtcTypeCheckerPassImpl -  > Your types are purrfect!
2024-08-08T09:25:35,035 [zio-default-async-17] INFO  a.f.a.t.p.t.EtcTypeCheckerPassImpl -  > All expressions are typed
2024-08-08T09:25:35,035 [zio-default-async-17] DEBUG a.f.a.i.p.PassChainExecutor$ - PASS #1: TypeCheckerSnowcat [OK]
2024-08-08T09:25:35,036 [zio-default-async-17] INFO  a.f.a.i.p.PassChainExecutor$ - PASS #2: ConfigurationPass
2024-08-08T09:25:35,036 [zio-default-async-17] INFO  a.f.a.t.p.p.ConfigurationPassImpl -   > Set the initialization predicate to q::init
2024-08-08T09:25:35,036 [zio-default-async-17] INFO  a.f.a.t.p.p.ConfigurationPassImpl -   > Set the transition predicate to q::step
2024-08-08T09:25:35,038 [zio-default-async-17] DEBUG a.f.a.i.p.PassChainExecutor$ - PASS #2: ConfigurationPass [OK]
2024-08-08T09:25:35,039 [zio-default-async-17] INFO  a.f.a.i.p.PassChainExecutor$ - PASS #3: DesugarerPass
2024-08-08T09:25:35,039 [zio-default-async-17] INFO  a.f.a.t.p.p.DesugarerPassImpl -   > Desugaring...
2024-08-08T09:25:35,044 [zio-default-async-17] DEBUG a.f.a.i.p.PassChainExecutor$ - PASS #3: DesugarerPass [OK]
2024-08-08T09:25:35,044 [zio-default-async-17] INFO  a.f.a.i.p.PassChainExecutor$ - PASS #4: InlinePass
2024-08-08T09:25:35,045 [zio-default-async-17] INFO  a.f.a.t.p.p.InlinePassImpl - Leaving only relevant operators: CInitPrimed, q::init, q::initPrimed, q::step
2024-08-08T09:25:35,209 [zio-default-async-17] DEBUG a.f.a.i.p.PassChainExecutor$ - PASS #4: InlinePass [OK]
2024-08-08T09:25:35,209 [zio-default-async-17] INFO  a.f.a.i.p.PassChainExecutor$ - PASS #5: TemporalPass
2024-08-08T09:25:35,209 [zio-default-async-17] INFO  a.f.a.t.p.p.TemporalPassImpl -   > Rewriting temporal operators...
2024-08-08T09:25:35,209 [zio-default-async-17] INFO  a.f.a.t.p.p.TemporalPassImpl -   > No temporal property specified, nothing to encode
2024-08-08T09:25:35,209 [zio-default-async-17] DEBUG a.f.a.i.p.PassChainExecutor$ - PASS #5: TemporalPass [OK]
2024-08-08T09:25:35,209 [zio-default-async-17] INFO  a.f.a.i.p.PassChainExecutor$ - PASS #6: InlinePass
2024-08-08T09:25:35,210 [zio-default-async-17] INFO  a.f.a.t.p.p.InlinePassImpl - Leaving only relevant operators: CInitPrimed, q::init, q::initPrimed, q::step
2024-08-08T09:25:35,245 [zio-default-async-17] DEBUG a.f.a.i.p.PassChainExecutor$ - PASS #6: InlinePass [OK]
2024-08-08T09:25:35,246 [zio-default-async-17] INFO  a.f.a.i.p.PassChainExecutor$ - PASS #7: PrimingPass
2024-08-08T09:25:35,246 [zio-default-async-17] INFO  a.f.a.t.p.a.PrimingPassImpl -   > Introducing q::initPrimed for q::init'
2024-08-08T09:25:35,247 [zio-default-async-17] DEBUG a.f.a.i.p.PassChainExecutor$ - PASS #7: PrimingPass [OK]
2024-08-08T09:25:35,248 [zio-default-async-17] INFO  a.f.a.i.p.PassChainExecutor$ - PASS #8: VCGen
2024-08-08T09:25:35,248 [zio-default-async-17] INFO  a.f.a.t.b.p.VCGenPassImpl -   > No invariant given. Only deadlocks will be checked
2024-08-08T09:25:35,248 [zio-default-async-17] DEBUG a.f.a.i.p.PassChainExecutor$ - PASS #8: VCGen [OK]
2024-08-08T09:25:35,248 [zio-default-async-17] INFO  a.f.a.i.p.PassChainExecutor$ - PASS #9: PreprocessingPass
2024-08-08T09:25:35,249 [zio-default-async-17] INFO  a.f.a.t.p.p.PreproPassImpl -   > Before preprocessing: unique renaming
2024-08-08T09:25:35,249 [zio-default-async-17] INFO  a.f.a.t.p.p.PreproPassImpl -  > Applying standard transformations:
2024-08-08T09:25:35,249 [zio-default-async-17] INFO  a.f.a.t.p.p.PreproPassImpl -   > PrimePropagation
2024-08-08T09:25:35,253 [zio-default-async-17] INFO  a.f.a.t.p.p.PreproPassImpl -   > Desugarer
2024-08-08T09:25:35,283 [zio-default-async-17] INFO  a.f.a.t.p.p.PreproPassImpl -   > UniqueRenamer
2024-08-08T09:25:35,315 [zio-default-async-17] INFO  a.f.a.t.p.p.PreproPassImpl -   > Normalizer
2024-08-08T09:25:35,319 [zio-default-async-17] INFO  a.f.a.t.p.p.PreproPassImpl -   > Keramelizer
2024-08-08T09:25:35,333 [zio-default-async-17] INFO  a.f.a.t.p.p.PreproPassImpl -   > After preprocessing: UniqueRenamer
2024-08-08T09:25:35,358 [zio-default-async-17] DEBUG a.f.a.i.p.PassChainExecutor$ - PASS #9: PreprocessingPass [OK]
2024-08-08T09:25:35,358 [zio-default-async-17] INFO  a.f.a.i.p.PassChainExecutor$ - PASS #10: TransitionFinderPass
2024-08-08T09:25:35,359 [zio-default-async-17] INFO  a.f.a.t.p.a.TransitionPassImpl -   > Found 1 initializing transitions
2024-08-08T09:25:35,371 [zio-default-async-17] INFO  a.f.a.t.p.a.TransitionPassImpl -   > Found 3 transitions
2024-08-08T09:25:35,371 [zio-default-async-17] INFO  a.f.a.t.p.a.TransitionPassImpl -   > No constant initializer
2024-08-08T09:25:35,372 [zio-default-async-17] INFO  a.f.a.t.p.a.TransitionPassImpl -   > Applying unique renaming
2024-08-08T09:25:35,405 [zio-default-async-17] DEBUG a.f.a.i.p.PassChainExecutor$ - PASS #10: TransitionFinderPass [OK]
2024-08-08T09:25:35,406 [zio-default-async-17] INFO  a.f.a.i.p.PassChainExecutor$ - PASS #11: OptimizationPass
2024-08-08T09:25:35,406 [zio-default-async-17] INFO  a.f.a.t.p.p.OptPassImpl -  > Applying optimizations:
2024-08-08T09:25:35,406 [zio-default-async-17] INFO  a.f.a.t.p.p.OptPassImpl -   > ConstSimplifier
2024-08-08T09:25:35,417 [zio-default-async-17] INFO  a.f.a.t.p.p.OptPassImpl -   > ExprOptimizer
2024-08-08T09:25:35,423 [zio-default-async-17] INFO  a.f.a.t.p.p.OptPassImpl -   > SetMembershipSimplifier
2024-08-08T09:25:35,429 [zio-default-async-17] INFO  a.f.a.t.p.p.OptPassImpl -   > ConstSimplifier
2024-08-08T09:25:35,452 [zio-default-async-17] DEBUG a.f.a.i.p.PassChainExecutor$ - PASS #11: OptimizationPass [OK]
2024-08-08T09:25:35,453 [zio-default-async-17] INFO  a.f.a.i.p.PassChainExecutor$ - PASS #12: AnalysisPass
2024-08-08T09:25:35,457 [zio-default-async-17] INFO  a.f.a.t.b.p.AnalysisPassImpl -  > Marking skolemizable existentials and sets to be expanded...
2024-08-08T09:25:35,457 [zio-default-async-17] INFO  a.f.a.t.b.p.AnalysisPassImpl -   > Skolemization
2024-08-08T09:25:35,458 [zio-default-async-17] INFO  a.f.a.t.b.p.AnalysisPassImpl -   > Expansion
2024-08-08T09:25:35,466 [zio-default-async-17] INFO  a.f.a.t.b.p.AnalysisPassImpl -   > Remove unused let-in defs
2024-08-08T09:25:35,475 [zio-default-async-17] INFO  a.f.a.t.b.p.AnalysisPassImpl -  > Running analyzers...
2024-08-08T09:25:35,477 [zio-default-async-17] INFO  a.f.a.t.b.p.AnalysisPassImpl -   > Introduced expression grades
2024-08-08T09:25:35,478 [zio-default-async-17] DEBUG a.f.a.i.p.PassChainExecutor$ - PASS #12: AnalysisPass [OK]
2024-08-08T09:25:35,478 [zio-default-async-17] INFO  a.f.a.i.p.PassChainExecutor$ - PASS #13: BoundedChecker
2024-08-08T09:25:35,480 [zio-default-async-17] DEBUG a.f.a.t.b.s.Z3SolverContext - Creating Z3 solver context 4
2024-08-08T09:25:35,702 [zio-default-async-29] INFO  a.f.a.i.p.PassChainExecutor$ - PASS #0: SanyParser
2024-08-08T09:25:35,720 [zio-default-async-1] INFO  a.f.a.i.p.PassChainExecutor$ - PASS #0: SanyParser
2024-08-08T09:25:35,728 [zio-default-async-1] DEBUG a.f.a.i.p.PassChainExecutor$ - PASS #0: SanyParser [OK]
2024-08-08T09:25:35,728 [zio-default-async-29] DEBUG a.f.a.i.p.PassChainExecutor$ - PASS #0: SanyParser [OK]
2024-08-08T09:25:35,728 [zio-default-async-1] INFO  a.f.a.i.p.PassChainExecutor$ - PASS #1: TypeCheckerSnowcat
2024-08-08T09:25:35,728 [zio-default-async-29] INFO  a.f.a.i.p.PassChainExecutor$ - PASS #1: TypeCheckerSnowcat
2024-08-08T09:25:35,728 [zio-default-async-1] INFO  a.f.a.t.p.t.EtcTypeCheckerPassImpl -  > Running Snowcat .::.
2024-08-08T09:25:35,728 [zio-default-async-29] INFO  a.f.a.t.p.t.EtcTypeCheckerPassImpl -  > Running Snowcat .::.
2024-08-08T09:25:35,758 [zio-default-async-1] INFO  a.f.a.t.p.t.EtcTypeCheckerPassImpl -  > Your types are purrfect!
2024-08-08T09:25:35,758 [zio-default-async-1] INFO  a.f.a.t.p.t.EtcTypeCheckerPassImpl -  > All expressions are typed
2024-08-08T09:25:35,758 [zio-default-async-1] DEBUG a.f.a.i.p.PassChainExecutor$ - PASS #1: TypeCheckerSnowcat [OK]
2024-08-08T09:25:35,758 [zio-default-async-1] INFO  a.f.a.i.p.PassChainExecutor$ - PASS #2: ConfigurationPass
2024-08-08T09:25:35,759 [zio-default-async-1] INFO  a.f.a.t.p.p.ConfigurationPassImpl -   > Set the initialization predicate to q::init
2024-08-08T09:25:35,759 [zio-default-async-1] INFO  a.f.a.t.p.p.ConfigurationPassImpl -   > Set the transition predicate to q::step
2024-08-08T09:25:35,760 [zio-default-async-1] DEBUG a.f.a.i.p.PassChainExecutor$ - PASS #2: ConfigurationPass [OK]
2024-08-08T09:25:35,760 [zio-default-async-1] INFO  a.f.a.i.p.PassChainExecutor$ - PASS #3: DesugarerPass
2024-08-08T09:25:35,760 [zio-default-async-1] INFO  a.f.a.t.p.p.DesugarerPassImpl -   > Desugaring...
2024-08-08T09:25:35,763 [zio-default-async-1] DEBUG a.f.a.i.p.PassChainExecutor$ - PASS #3: DesugarerPass [OK]
2024-08-08T09:25:35,764 [zio-default-async-1] INFO  a.f.a.i.p.PassChainExecutor$ - PASS #4: InlinePass
2024-08-08T09:25:35,764 [zio-default-async-1] INFO  a.f.a.t.p.p.InlinePassImpl - Leaving only relevant operators: CInitPrimed, q::init, q::initPrimed, q::step
2024-08-08T09:25:35,768 [zio-default-async-1] DEBUG a.f.a.i.p.PassChainExecutor$ - PASS #4: InlinePass [OK]
2024-08-08T09:25:35,768 [zio-default-async-1] INFO  a.f.a.i.p.PassChainExecutor$ - PASS #5: TemporalPass
2024-08-08T09:25:35,768 [zio-default-async-1] INFO  a.f.a.t.p.p.TemporalPassImpl -   > Rewriting temporal operators...
2024-08-08T09:25:35,768 [zio-default-async-1] INFO  a.f.a.t.p.p.TemporalPassImpl -   > No temporal property specified, nothing to encode
2024-08-08T09:25:35,768 [zio-default-async-1] DEBUG a.f.a.i.p.PassChainExecutor$ - PASS #5: TemporalPass [OK]
2024-08-08T09:25:35,769 [zio-default-async-1] INFO  a.f.a.i.p.PassChainExecutor$ - PASS #6: InlinePass
2024-08-08T09:25:35,773 [zio-default-async-17] DEBUG a.f.a.t.b.t.TransitionExecutorImpl - Step #0, transition #0
2024-08-08T09:25:35,773 [zio-default-async-21] DEBUG a.f.a.t.b.t.TransitionExecutorImpl - Step #0, transition #0
2024-08-08T09:25:35,773 [zio-default-async-1] INFO  a.f.a.t.p.p.InlinePassImpl - Leaving only relevant operators: CInitPrimed, q::init, q::initPrimed, q::step
2024-08-08T09:25:35,775 [zio-default-async-21] DEBUG a.f.a.t.b.t.TransitionExecutorImpl - Translating to SMT
2024-08-08T09:25:35,775 [zio-default-async-12] DEBUG a.f.a.t.b.t.TransitionExecutorImpl - Step #0, transition #0
2024-08-08T09:25:35,775 [zio-default-async-12] DEBUG a.f.a.t.b.t.TransitionExecutorImpl - Translating to SMT
2024-08-08T09:25:35,775 [zio-default-async-17] DEBUG a.f.a.t.b.t.TransitionExecutorImpl - Translating to SMT
2024-08-08T09:25:35,774 [zio-default-async-25] DEBUG a.f.a.t.b.t.TransitionExecutorImpl - Step #0, transition #0
2024-08-08T09:25:35,775 [zio-default-async-25] DEBUG a.f.a.t.b.t.TransitionExecutorImpl - Translating to SMT
2024-08-08T09:25:35,774 [zio-default-async-13] DEBUG a.f.a.t.b.t.TransitionExecutorImpl - Step #0, transition #0
2024-08-08T09:25:35,775 [zio-default-async-13] DEBUG a.f.a.t.b.t.TransitionExecutorImpl - Translating to SMT
2024-08-08T09:25:35,776 [zio-default-async-1] DEBUG a.f.a.i.p.PassChainExecutor$ - PASS #6: InlinePass [OK]
2024-08-08T09:25:35,776 [zio-default-async-1] INFO  a.f.a.i.p.PassChainExecutor$ - PASS #7: PrimingPass
2024-08-08T09:25:35,776 [zio-default-async-1] INFO  a.f.a.t.p.a.PrimingPassImpl -   > Introducing q::initPrimed for q::init'
2024-08-08T09:25:35,777 [zio-default-async-1] DEBUG a.f.a.i.p.PassChainExecutor$ - PASS #7: PrimingPass [OK]
2024-08-08T09:25:35,777 [zio-default-async-1] INFO  a.f.a.i.p.PassChainExecutor$ - PASS #8: VCGen
2024-08-08T09:25:35,777 [zio-default-async-1] INFO  a.f.a.t.b.p.VCGenPassImpl -   > No invariant given. Only deadlocks will be checked
2024-08-08T09:25:35,777 [zio-default-async-1] DEBUG a.f.a.i.p.PassChainExecutor$ - PASS #8: VCGen [OK]
2024-08-08T09:25:35,777 [zio-default-async-1] INFO  a.f.a.i.p.PassChainExecutor$ - PASS #9: PreprocessingPass
2024-08-08T09:25:35,777 [zio-default-async-1] INFO  a.f.a.t.p.p.PreproPassImpl -   > Before preprocessing: unique renaming
2024-08-08T09:25:35,777 [zio-default-async-1] INFO  a.f.a.t.p.p.PreproPassImpl -  > Applying standard transformations:
2024-08-08T09:25:35,777 [zio-default-async-1] INFO  a.f.a.t.p.p.PreproPassImpl -   > PrimePropagation
2024-08-08T09:25:35,777 [zio-default-async-1] INFO  a.f.a.t.p.p.PreproPassImpl -   > Desugarer
2024-08-08T09:25:35,778 [zio-default-async-1] INFO  a.f.a.t.p.p.PreproPassImpl -   > UniqueRenamer
2024-08-08T09:25:35,778 [zio-default-async-1] INFO  a.f.a.t.p.p.PreproPassImpl -   > Normalizer
2024-08-08T09:25:35,779 [zio-default-async-1] INFO  a.f.a.t.p.p.PreproPassImpl -   > Keramelizer
2024-08-08T09:25:35,779 [zio-default-async-1] INFO  a.f.a.t.p.p.PreproPassImpl -   > After preprocessing: UniqueRenamer
2024-08-08T09:25:35,780 [zio-default-async-1] DEBUG a.f.a.i.p.PassChainExecutor$ - PASS #9: PreprocessingPass [OK]
2024-08-08T09:25:35,780 [zio-default-async-1] INFO  a.f.a.i.p.PassChainExecutor$ - PASS #10: TransitionFinderPass
2024-08-08T09:25:35,780 [zio-default-async-1] INFO  a.f.a.t.p.a.TransitionPassImpl -   > Found 1 initializing transitions
2024-08-08T09:25:35,781 [zio-default-async-1] INFO  a.f.a.t.p.a.TransitionPassImpl -   > Found 3 transitions
2024-08-08T09:25:35,781 [zio-default-async-1] INFO  a.f.a.t.p.a.TransitionPassImpl -   > No constant initializer
2024-08-08T09:25:35,781 [zio-default-async-1] INFO  a.f.a.t.p.a.TransitionPassImpl -   > Applying unique renaming
2024-08-08T09:25:35,782 [zio-default-async-1] DEBUG a.f.a.i.p.PassChainExecutor$ - PASS #10: TransitionFinderPass [OK]
2024-08-08T09:25:35,782 [zio-default-async-1] INFO  a.f.a.i.p.PassChainExecutor$ - PASS #11: OptimizationPass
2024-08-08T09:25:35,782 [zio-default-async-1] INFO  a.f.a.t.p.p.OptPassImpl -  > Applying optimizations:
2024-08-08T09:25:35,782 [zio-default-async-1] INFO  a.f.a.t.p.p.OptPassImpl -   > ConstSimplifier
2024-08-08T09:25:35,783 [zio-default-async-1] INFO  a.f.a.t.p.p.OptPassImpl -   > ExprOptimizer
2024-08-08T09:25:35,783 [zio-default-async-1] INFO  a.f.a.t.p.p.OptPassImpl -   > SetMembershipSimplifier
2024-08-08T09:25:35,784 [zio-default-async-1] INFO  a.f.a.t.p.p.OptPassImpl -   > ConstSimplifier
2024-08-08T09:25:35,784 [zio-default-async-1] DEBUG a.f.a.i.p.PassChainExecutor$ - PASS #11: OptimizationPass [OK]
2024-08-08T09:25:35,785 [zio-default-async-1] INFO  a.f.a.i.p.PassChainExecutor$ - PASS #12: AnalysisPass
2024-08-08T09:25:35,785 [zio-default-async-1] INFO  a.f.a.t.b.p.AnalysisPassImpl -  > Marking skolemizable existentials and sets to be expanded...
2024-08-08T09:25:35,785 [zio-default-async-1] INFO  a.f.a.t.b.p.AnalysisPassImpl -   > Skolemization
2024-08-08T09:25:35,785 [zio-default-async-1] INFO  a.f.a.t.b.p.AnalysisPassImpl -   > Expansion
2024-08-08T09:25:35,785 [zio-default-async-1] INFO  a.f.a.t.b.p.AnalysisPassImpl -   > Remove unused let-in defs
2024-08-08T09:25:35,785 [zio-default-async-1] INFO  a.f.a.t.b.p.AnalysisPassImpl -  > Running analyzers...
2024-08-08T09:25:35,787 [zio-default-async-1] INFO  a.f.a.t.b.p.AnalysisPassImpl -   > Introduced expression grades
2024-08-08T09:25:35,787 [zio-default-async-1] DEBUG a.f.a.i.p.PassChainExecutor$ - PASS #12: AnalysisPass [OK]
2024-08-08T09:25:35,787 [zio-default-async-1] INFO  a.f.a.i.p.PassChainExecutor$ - PASS #13: BoundedChecker
2024-08-08T09:25:35,788 [zio-default-async-1] DEBUG a.f.a.t.b.s.Z3SolverContext - Creating Z3 solver context 5
2024-08-08T09:25:35,831 [zio-default-async-1] DEBUG a.f.a.t.b.t.TransitionExecutorImpl - Step #0, transition #0
2024-08-08T09:25:35,831 [zio-default-async-1] DEBUG a.f.a.t.b.t.TransitionExecutorImpl - Translating to SMT
2024-08-08T09:25:35,877 [zio-default-async-13] DEBUG a.f.a.t.b.SeqModelChecker - Step 0: Transition #0. Is it enabled?
2024-08-08T09:25:35,880 [zio-default-async-1] DEBUG a.f.a.t.b.SeqModelChecker - Step 0: Transition #0. Is it enabled?
2024-08-08T09:25:35,883 [zio-default-async-13] DEBUG a.f.a.t.b.SeqModelChecker - Step 0: Transition #0 is enabled
2024-08-08T09:25:35,883 [zio-default-async-1] DEBUG a.f.a.t.b.SeqModelChecker - Step 0: Transition #0 is enabled
2024-08-08T09:25:35,892 [zio-default-async-13] INFO  a.f.a.t.b.t.TransitionExecutorImpl - Step 0: picking a transition out of 1 transition(s)
2024-08-08T09:25:35,892 [zio-default-async-1] INFO  a.f.a.t.b.t.TransitionExecutorImpl - Step 0: picking a transition out of 1 transition(s)
2024-08-08T09:25:35,905 [zio-default-async-13] DEBUG a.f.a.t.b.t.TransitionExecutorImpl - Step #1, transition #0
2024-08-08T09:25:35,905 [zio-default-async-13] DEBUG a.f.a.t.b.t.TransitionExecutorImpl - Translating to SMT
2024-08-08T09:25:35,905 [zio-default-async-1] DEBUG a.f.a.t.b.t.TransitionExecutorImpl - Step #1, transition #0
2024-08-08T09:25:35,906 [zio-default-async-13] DEBUG a.f.a.t.b.SeqModelChecker - Step 1: Transition #0. Is it enabled?
2024-08-08T09:25:35,906 [zio-default-async-1] DEBUG a.f.a.t.b.t.TransitionExecutorImpl - Translating to SMT
2024-08-08T09:25:35,906 [zio-default-async-13] DEBUG a.f.a.t.b.SeqModelChecker - Step 1: Transition #0 is enabled
2024-08-08T09:25:35,907 [zio-default-async-13] INFO  a.f.a.t.b.t.TransitionExecutorImpl - Step 1: picking a transition out of 1 transition(s)
2024-08-08T09:25:35,908 [zio-default-async-13] DEBUG a.f.a.t.b.t.TransitionExecutorImpl - Step #2, transition #0
2024-08-08T09:25:35,908 [zio-default-async-13] DEBUG a.f.a.t.b.t.TransitionExecutorImpl - Translating to SMT
2024-08-08T09:25:35,908 [zio-default-async-13] DEBUG a.f.a.t.b.SeqModelChecker - Step 2: Transition #0. Is it enabled?
2024-08-08T09:25:35,908 [zio-default-async-21] DEBUG a.f.a.t.b.SeqModelChecker - Step 0: Transition #0. Is it enabled?
2024-08-08T09:25:35,908 [zio-default-async-13] DEBUG a.f.a.t.b.SeqModelChecker - Step 2: Transition #0 is enabled
2024-08-08T09:25:35,909 [zio-default-async-13] INFO  a.f.a.t.b.t.TransitionExecutorImpl - Step 2: picking a transition out of 1 transition(s)
2024-08-08T09:25:35,909 [zio-default-async-21] DEBUG a.f.a.t.b.SeqModelChecker - Step 0: Transition #0 is enabled
2024-08-08T09:25:35,909 [zio-default-async-13] DEBUG a.f.a.t.b.t.TransitionExecutorImpl - Step #3, transition #0
2024-08-08T09:25:35,910 [zio-default-async-13] DEBUG a.f.a.t.b.t.TransitionExecutorImpl - Translating to SMT
2024-08-08T09:25:35,910 [zio-default-async-13] DEBUG a.f.a.t.b.SeqModelChecker - Step 3: Transition #0. Is it enabled?
2024-08-08T09:25:35,910 [zio-default-async-13] DEBUG a.f.a.t.b.SeqModelChecker - Step 3: Transition #0 is enabled
2024-08-08T09:25:35,910 [zio-default-async-21] INFO  a.f.a.t.b.t.TransitionExecutorImpl - Step 0: picking a transition out of 1 transition(s)
2024-08-08T09:25:35,910 [zio-default-async-13] INFO  a.f.a.t.b.t.TransitionExecutorImpl - Step 3: picking a transition out of 1 transition(s)
2024-08-08T09:25:35,911 [zio-default-async-1] DEBUG a.f.a.t.b.SeqModelChecker - Step 1: Transition #0. Is it enabled?
2024-08-08T09:25:35,911 [zio-default-async-13] DEBUG a.f.a.t.b.s.Z3SolverContext - Disposing Z3 solver context 0
2024-08-08T09:25:35,912 [zio-default-async-21] DEBUG a.f.a.t.b.t.TransitionExecutorImpl - Step #1, transition #0
2024-08-08T09:25:35,912 [zio-default-async-1] INFO  a.f.a.t.b.SeqModelChecker - Step 1: Transition #0 is disabled
2024-08-08T09:25:35,912 [zio-default-async-21] DEBUG a.f.a.t.b.t.TransitionExecutorImpl - Translating to SMT
2024-08-08T09:25:35,912 [zio-default-async-1] DEBUG a.f.a.t.b.t.TransitionExecutorImpl - Step #1, transition #1
2024-08-08T09:25:35,912 [zio-default-async-1] DEBUG a.f.a.t.b.t.TransitionExecutorImpl - Translating to SMT
2024-08-08T09:25:35,916 [zio-default-async-1] DEBUG a.f.a.t.b.SeqModelChecker - Step 1: Transition #1. Is it enabled?
2024-08-08T09:25:35,917 [zio-default-async-1] INFO  a.f.a.t.b.SeqModelChecker - Step 1: Transition #1 is disabled
2024-08-08T09:25:35,917 [zio-default-async-17] DEBUG a.f.a.t.b.SeqModelChecker - Step 0: Transition #0. Is it enabled?
2024-08-08T09:25:35,917 [zio-default-async-1] DEBUG a.f.a.t.b.t.TransitionExecutorImpl - Step #1, transition #2
2024-08-08T09:25:35,917 [zio-default-async-1] DEBUG a.f.a.t.b.t.TransitionExecutorImpl - Translating to SMT
2024-08-08T09:25:35,919 [zio-default-async-17] DEBUG a.f.a.t.b.SeqModelChecker - Step 0: Transition #0 is enabled
2024-08-08T09:25:35,921 [zio-default-async-13] INFO  a.f.a.t.b.p.BoundedCheckerPassImpl - The outcome is: NoError
2024-08-08T09:25:35,921 [zio-default-async-17] INFO  a.f.a.t.b.t.TransitionExecutorImpl - Step 0: picking a transition out of 1 transition(s)
2024-08-08T09:25:35,921 [zio-default-async-13] DEBUG a.f.a.i.p.PassChainExecutor$ - PASS #13: BoundedChecker [OK]
2024-08-08T09:25:35,923 [zio-default-async-17] DEBUG a.f.a.t.b.t.TransitionExecutorImpl - Step #1, transition #0
2024-08-08T09:25:35,923 [zio-default-async-17] DEBUG a.f.a.t.b.t.TransitionExecutorImpl - Translating to SMT
2024-08-08T09:25:35,924 [zio-default-async-25] DEBUG a.f.a.t.b.SeqModelChecker - Step 0: Transition #0. Is it enabled?
2024-08-08T09:25:35,924 [zio-default-async-1] DEBUG a.f.a.t.b.SeqModelChecker - Step 1: Transition #2. Is it enabled?
2024-08-08T09:25:35,925 [zio-default-async-1] DEBUG a.f.a.t.b.SeqModelChecker - Step 1: Transition #2 is enabled
2024-08-08T09:25:35,926 [zio-default-async-1] INFO  a.f.a.t.b.t.TransitionExecutorImpl - Step 1: picking a transition out of 1 transition(s)
2024-08-08T09:25:35,926 [zio-default-async-25] DEBUG a.f.a.t.b.SeqModelChecker - Step 0: Transition #0 is enabled
2024-08-08T09:25:35,927 [zio-default-async-25] INFO  a.f.a.t.b.t.TransitionExecutorImpl - Step 0: picking a transition out of 1 transition(s)
2024-08-08T09:25:35,927 [zio-default-async-1] DEBUG a.f.a.t.b.t.TransitionExecutorImpl - Step #2, transition #0
2024-08-08T09:25:35,927 [zio-default-async-1] DEBUG a.f.a.t.b.t.TransitionExecutorImpl - Translating to SMT
2024-08-08T09:25:35,929 [zio-default-async-25] DEBUG a.f.a.t.b.t.TransitionExecutorImpl - Step #1, transition #0
2024-08-08T09:25:35,929 [zio-default-async-25] DEBUG a.f.a.t.b.t.TransitionExecutorImpl - Translating to SMT
2024-08-08T09:25:35,929 [zio-default-async-1] DEBUG a.f.a.t.b.SeqModelChecker - Step 2: Transition #0. Is it enabled?
2024-08-08T09:25:35,930 [zio-default-async-1] DEBUG a.f.a.t.b.SeqModelChecker - Step 2: Transition #0 is enabled
2024-08-08T09:25:35,931 [zio-default-async-1] DEBUG a.f.a.t.b.t.TransitionExecutorImpl - Step #2, transition #1
2024-08-08T09:25:35,931 [zio-default-async-1] DEBUG a.f.a.t.b.t.TransitionExecutorImpl - Translating to SMT
2024-08-08T09:25:35,933 [zio-default-async-1] DEBUG a.f.a.t.b.SeqModelChecker - Step 2: Transition #1. Is it enabled?
2024-08-08T09:25:35,934 [zio-default-async-1] INFO  a.f.a.t.b.SeqModelChecker - Step 2: Transition #1 is disabled
2024-08-08T09:25:35,935 [zio-default-async-1] DEBUG a.f.a.t.b.t.TransitionExecutorImpl - Step #2, transition #2
2024-08-08T09:25:35,935 [zio-default-async-1] DEBUG a.f.a.t.b.t.TransitionExecutorImpl - Translating to SMT
2024-08-08T09:25:35,936 [zio-default-async-1] DEBUG a.f.a.t.b.SeqModelChecker - Step 2: Transition #2. Is it enabled?
2024-08-08T09:25:35,937 [zio-default-async-1] DEBUG a.f.a.t.b.SeqModelChecker - Step 2: Transition #2 is enabled
2024-08-08T09:25:35,937 [zio-default-async-12] DEBUG a.f.a.t.b.SeqModelChecker - Step 0: Transition #0. Is it enabled?
2024-08-08T09:25:35,937 [zio-default-async-25] DEBUG a.f.a.t.b.SeqModelChecker - Step 1: Transition #0. Is it enabled?
2024-08-08T09:25:35,938 [zio-default-async-1] INFO  a.f.a.t.b.t.TransitionExecutorImpl - Step 2: picking a transition out of 2 transition(s)
2024-08-08T09:25:35,938 [zio-default-async-25] DEBUG a.f.a.t.b.SeqModelChecker - Step 1: Transition #0 is enabled
2024-08-08T09:25:35,938 [zio-default-async-12] DEBUG a.f.a.t.b.SeqModelChecker - Step 0: Transition #0 is enabled
2024-08-08T09:25:35,939 [zio-default-async-12] INFO  a.f.a.t.b.t.TransitionExecutorImpl - Step 0: picking a transition out of 1 transition(s)
2024-08-08T09:25:35,939 [zio-default-async-25] INFO  a.f.a.t.b.t.TransitionExecutorImpl - Step 1: picking a transition out of 1 transition(s)
2024-08-08T09:25:35,940 [zio-default-async-25] DEBUG a.f.a.t.b.t.TransitionExecutorImpl - Step #2, transition #0
2024-08-08T09:25:35,940 [zio-default-async-25] DEBUG a.f.a.t.b.t.TransitionExecutorImpl - Translating to SMT
2024-08-08T09:25:35,941 [zio-default-async-12] DEBUG a.f.a.t.b.t.TransitionExecutorImpl - Step #1, transition #0
2024-08-08T09:25:35,941 [zio-default-async-12] DEBUG a.f.a.t.b.t.TransitionExecutorImpl - Translating to SMT
2024-08-08T09:25:35,943 [zio-default-async-1] DEBUG a.f.a.t.b.t.TransitionExecutorImpl - Step #3, transition #0
2024-08-08T09:25:35,944 [zio-default-async-1] DEBUG a.f.a.t.b.t.TransitionExecutorImpl - Translating to SMT
2024-08-08T09:25:35,945 [zio-default-async-1] DEBUG a.f.a.t.b.SeqModelChecker - Step 3: Transition #0. Is it enabled?
2024-08-08T09:25:35,948 [zio-default-async-1] INFO  a.f.a.t.b.SeqModelChecker - Step 3: Transition #0 is disabled
2024-08-08T09:25:35,949 [zio-default-async-1] DEBUG a.f.a.t.b.t.TransitionExecutorImpl - Step #3, transition #1
2024-08-08T09:25:35,949 [zio-default-async-1] DEBUG a.f.a.t.b.t.TransitionExecutorImpl - Translating to SMT
2024-08-08T09:25:35,950 [zio-default-async-25] DEBUG a.f.a.t.b.SeqModelChecker - Step 2: Transition #0. Is it enabled?
2024-08-08T09:25:35,951 [zio-default-async-1] DEBUG a.f.a.t.b.SeqModelChecker - Step 3: Transition #1. Is it enabled?
2024-08-08T09:25:35,951 [zio-default-async-25] DEBUG a.f.a.t.b.SeqModelChecker - Step 2: Transition #0 is enabled
2024-08-08T09:25:35,951 [zio-default-async-1] DEBUG a.f.a.t.b.SeqModelChecker - Step 3: Transition #1 is enabled
2024-08-08T09:25:35,952 [zio-default-async-25] INFO  a.f.a.t.b.t.TransitionExecutorImpl - Step 2: picking a transition out of 1 transition(s)
2024-08-08T09:25:35,952 [zio-default-async-1] DEBUG a.f.a.t.b.t.TransitionExecutorImpl - Step #3, transition #2
2024-08-08T09:25:35,952 [zio-default-async-1] DEBUG a.f.a.t.b.t.TransitionExecutorImpl - Translating to SMT
2024-08-08T09:25:35,953 [zio-default-async-25] DEBUG a.f.a.t.b.t.TransitionExecutorImpl - Step #3, transition #0
2024-08-08T09:25:35,953 [zio-default-async-25] DEBUG a.f.a.t.b.t.TransitionExecutorImpl - Translating to SMT
2024-08-08T09:25:35,953 [zio-default-async-1] DEBUG a.f.a.t.b.SeqModelChecker - Step 3: Transition #2. Is it enabled?
2024-08-08T09:25:35,954 [zio-default-async-1] DEBUG a.f.a.t.b.SeqModelChecker - Step 3: Transition #2 is enabled
2024-08-08T09:25:35,955 [zio-default-async-1] INFO  a.f.a.t.b.t.TransitionExecutorImpl - Step 3: picking a transition out of 2 transition(s)
2024-08-08T09:25:35,958 [zio-default-async-1] DEBUG a.f.a.t.b.s.Z3SolverContext - Disposing Z3 solver context 5
2024-08-08T09:25:35,958 [zio-default-async-25] DEBUG a.f.a.t.b.SeqModelChecker - Step 3: Transition #0. Is it enabled?
2024-08-08T09:25:35,960 [zio-default-async-25] DEBUG a.f.a.t.b.SeqModelChecker - Step 3: Transition #0 is enabled
2024-08-08T09:25:35,962 [zio-default-async-25] INFO  a.f.a.t.b.t.TransitionExecutorImpl - Step 3: picking a transition out of 1 transition(s)
2024-08-08T09:25:35,963 [zio-default-async-25] DEBUG a.f.a.t.b.s.Z3SolverContext - Disposing Z3 solver context 1
2024-08-08T09:25:35,982 [zio-default-async-1] INFO  a.f.a.t.b.p.BoundedCheckerPassImpl - The outcome is: NoError
2024-08-08T09:25:35,988 [zio-default-async-25] INFO  a.f.a.t.b.p.BoundedCheckerPassImpl - The outcome is: NoError
2024-08-08T09:25:35,987 [zio-default-async-1] DEBUG a.f.a.i.p.PassChainExecutor$ - PASS #13: BoundedChecker [OK]
2024-08-08T09:25:35,989 [zio-default-async-25] DEBUG a.f.a.i.p.PassChainExecutor$ - PASS #13: BoundedChecker [OK]
2024-08-08T09:25:36,219 [zio-default-async-21] DEBUG a.f.a.t.b.SeqModelChecker - Step 1: Transition #0. Is it enabled?
2024-08-08T09:25:36,227 [zio-default-async-21] DEBUG a.f.a.t.b.SeqModelChecker - Step 1: Transition #0 is enabled
2024-08-08T09:25:36,233 [zio-default-async-21] INFO  a.f.a.t.b.t.TransitionExecutorImpl - Step 1: picking a transition out of 1 transition(s)
2024-08-08T09:25:36,234 [zio-default-async-21] DEBUG a.f.a.t.b.t.TransitionExecutorImpl - Step #2, transition #0
2024-08-08T09:25:36,234 [zio-default-async-21] DEBUG a.f.a.t.b.t.TransitionExecutorImpl - Translating to SMT
