2024-08-08T13:04:39,424 [main] INFO  a.f.a.t.Tool$ - # APALACHE version: 0.44.11 | build: 5dee24e
2024-08-08T13:04:39,442 [main] INFO  a.f.a.t.t.o.ServerCmd - Starting server on port 8822...
2024-08-08T13:04:42,910 [zio-default-async-5] INFO  a.f.a.i.p.PassChainExecutor$ - PASS #0: SanyParser
2024-08-08T13:04:43,614 [zio-default-async-9] INFO  a.f.a.i.p.PassChainExecutor$ - PASS #0: SanyParser
2024-08-08T13:04:43,823 [zio-default-async-5] DEBUG a.f.a.i.p.PassChainExecutor$ - PASS #0: SanyParser [OK]
2024-08-08T13:04:43,824 [zio-default-async-5] INFO  a.f.a.i.p.PassChainExecutor$ - PASS #1: TypeCheckerSnowcat
2024-08-08T13:04:43,824 [zio-default-async-5] INFO  a.f.a.t.p.t.EtcTypeCheckerPassImpl -  > Running Snowcat .::.
2024-08-08T13:04:43,879 [zio-default-async-9] DEBUG a.f.a.i.p.PassChainExecutor$ - PASS #0: SanyParser [OK]
2024-08-08T13:04:43,880 [zio-default-async-9] INFO  a.f.a.i.p.PassChainExecutor$ - PASS #1: TypeCheckerSnowcat
2024-08-08T13:04:43,880 [zio-default-async-9] INFO  a.f.a.t.p.t.EtcTypeCheckerPassImpl -  > Running Snowcat .::.
2024-08-08T13:04:43,901 [zio-default-async-13] INFO  a.f.a.i.p.PassChainExecutor$ - PASS #0: SanyParser
2024-08-08T13:04:44,013 [zio-default-async-5] INFO  a.f.a.t.p.t.EtcTypeCheckerPassImpl -  > Your types are purrfect!
2024-08-08T13:04:44,013 [zio-default-async-5] INFO  a.f.a.t.p.t.EtcTypeCheckerPassImpl -  > All expressions are typed
2024-08-08T13:04:44,013 [zio-default-async-5] DEBUG a.f.a.i.p.PassChainExecutor$ - PASS #1: TypeCheckerSnowcat [OK]
2024-08-08T13:04:44,014 [zio-default-async-5] INFO  a.f.a.i.p.PassChainExecutor$ - PASS #2: ConfigurationPass
2024-08-08T13:04:44,020 [zio-default-async-5] INFO  a.f.a.t.p.p.ConfigurationPassImpl -   > Set the initialization predicate to q::init
2024-08-08T13:04:44,020 [zio-default-async-5] INFO  a.f.a.t.p.p.ConfigurationPassImpl -   > Set the transition predicate to q::step
2024-08-08T13:04:44,029 [zio-default-async-5] DEBUG a.f.a.i.p.PassChainExecutor$ - PASS #2: ConfigurationPass [OK]
2024-08-08T13:04:44,029 [zio-default-async-5] INFO  a.f.a.i.p.PassChainExecutor$ - PASS #3: DesugarerPass
2024-08-08T13:04:44,029 [zio-default-async-5] INFO  a.f.a.t.p.p.DesugarerPassImpl -   > Desugaring...
2024-08-08T13:04:44,037 [zio-default-async-5] DEBUG a.f.a.i.p.PassChainExecutor$ - PASS #3: DesugarerPass [OK]
2024-08-08T13:04:44,038 [zio-default-async-5] INFO  a.f.a.i.p.PassChainExecutor$ - PASS #4: InlinePass
2024-08-08T13:04:44,039 [zio-default-async-5] INFO  a.f.a.t.p.p.InlinePassImpl - Leaving only relevant operators: CInitPrimed, q::init, q::initPrimed, q::step
2024-08-08T13:04:44,079 [zio-default-async-5] DEBUG a.f.a.i.p.PassChainExecutor$ - PASS #4: InlinePass [OK]
2024-08-08T13:04:44,079 [zio-default-async-5] INFO  a.f.a.i.p.PassChainExecutor$ - PASS #5: TemporalPass
2024-08-08T13:04:44,080 [zio-default-async-5] INFO  a.f.a.t.p.p.TemporalPassImpl -   > Rewriting temporal operators...
2024-08-08T13:04:44,080 [zio-default-async-5] INFO  a.f.a.t.p.p.TemporalPassImpl -   > No temporal property specified, nothing to encode
2024-08-08T13:04:44,080 [zio-default-async-5] DEBUG a.f.a.i.p.PassChainExecutor$ - PASS #5: TemporalPass [OK]
2024-08-08T13:04:44,080 [zio-default-async-5] INFO  a.f.a.i.p.PassChainExecutor$ - PASS #6: InlinePass
2024-08-08T13:04:44,081 [zio-default-async-5] INFO  a.f.a.t.p.p.InlinePassImpl - Leaving only relevant operators: CInitPrimed, q::init, q::initPrimed, q::step
2024-08-08T13:04:44,084 [zio-default-async-5] DEBUG a.f.a.i.p.PassChainExecutor$ - PASS #6: InlinePass [OK]
2024-08-08T13:04:44,084 [zio-default-async-5] INFO  a.f.a.i.p.PassChainExecutor$ - PASS #7: PrimingPass
2024-08-08T13:04:44,087 [zio-default-async-5] INFO  a.f.a.t.p.a.PrimingPassImpl -   > Introducing q::initPrimed for q::init'
2024-08-08T13:04:44,090 [zio-default-async-5] DEBUG a.f.a.i.p.PassChainExecutor$ - PASS #7: PrimingPass [OK]
2024-08-08T13:04:44,090 [zio-default-async-5] INFO  a.f.a.i.p.PassChainExecutor$ - PASS #8: VCGen
2024-08-08T13:04:44,090 [zio-default-async-5] INFO  a.f.a.t.b.p.VCGenPassImpl -   > No invariant given. Only deadlocks will be checked
2024-08-08T13:04:44,091 [zio-default-async-5] DEBUG a.f.a.i.p.PassChainExecutor$ - PASS #8: VCGen [OK]
2024-08-08T13:04:44,091 [zio-default-async-5] INFO  a.f.a.i.p.PassChainExecutor$ - PASS #9: PreprocessingPass
2024-08-08T13:04:44,091 [zio-default-async-5] INFO  a.f.a.t.p.p.PreproPassImpl -   > Before preprocessing: unique renaming
2024-08-08T13:04:44,109 [zio-default-async-5] INFO  a.f.a.t.p.p.PreproPassImpl -  > Applying standard transformations:
2024-08-08T13:04:44,110 [zio-default-async-5] INFO  a.f.a.t.p.p.PreproPassImpl -   > PrimePropagation
2024-08-08T13:04:44,117 [zio-default-async-5] INFO  a.f.a.t.p.p.PreproPassImpl -   > Desugarer
2024-08-08T13:04:44,118 [zio-default-async-5] INFO  a.f.a.t.p.p.PreproPassImpl -   > UniqueRenamer
2024-08-08T13:04:44,120 [zio-default-async-5] INFO  a.f.a.t.p.p.PreproPassImpl -   > Normalizer
2024-08-08T13:04:44,123 [zio-default-async-5] INFO  a.f.a.t.p.p.PreproPassImpl -   > Keramelizer
2024-08-08T13:04:44,132 [zio-default-async-5] INFO  a.f.a.t.p.p.PreproPassImpl -   > After preprocessing: UniqueRenamer
2024-08-08T13:04:44,136 [zio-default-async-5] DEBUG a.f.a.i.p.PassChainExecutor$ - PASS #9: PreprocessingPass [OK]
2024-08-08T13:04:44,136 [zio-default-async-5] INFO  a.f.a.i.p.PassChainExecutor$ - PASS #10: TransitionFinderPass
2024-08-08T13:04:44,151 [zio-default-async-9] INFO  a.f.a.t.p.t.EtcTypeCheckerPassImpl -  > Your types are purrfect!
2024-08-08T13:04:44,152 [zio-default-async-9] INFO  a.f.a.t.p.t.EtcTypeCheckerPassImpl -  > All expressions are typed
2024-08-08T13:04:44,152 [zio-default-async-9] DEBUG a.f.a.i.p.PassChainExecutor$ - PASS #1: TypeCheckerSnowcat [OK]
2024-08-08T13:04:44,152 [zio-default-async-9] INFO  a.f.a.i.p.PassChainExecutor$ - PASS #2: ConfigurationPass
2024-08-08T13:04:44,154 [zio-default-async-9] INFO  a.f.a.t.p.p.ConfigurationPassImpl -   > Set the initialization predicate to q::init
2024-08-08T13:04:44,154 [zio-default-async-9] INFO  a.f.a.t.p.p.ConfigurationPassImpl -   > Set the transition predicate to q::step
2024-08-08T13:04:44,156 [zio-default-async-9] DEBUG a.f.a.i.p.PassChainExecutor$ - PASS #2: ConfigurationPass [OK]
2024-08-08T13:04:44,156 [zio-default-async-9] INFO  a.f.a.i.p.PassChainExecutor$ - PASS #3: DesugarerPass
2024-08-08T13:04:44,156 [zio-default-async-9] INFO  a.f.a.t.p.p.DesugarerPassImpl -   > Desugaring...
2024-08-08T13:04:44,159 [zio-default-async-5] INFO  a.f.a.t.p.a.TransitionPassImpl -   > Found 1 initializing transitions
2024-08-08T13:04:44,167 [zio-default-async-9] DEBUG a.f.a.i.p.PassChainExecutor$ - PASS #3: DesugarerPass [OK]
2024-08-08T13:04:44,167 [zio-default-async-9] INFO  a.f.a.i.p.PassChainExecutor$ - PASS #4: InlinePass
2024-08-08T13:04:44,167 [zio-default-async-9] INFO  a.f.a.t.p.p.InlinePassImpl - Leaving only relevant operators: CInitPrimed, q::init, q::initPrimed, q::step
2024-08-08T13:04:44,180 [zio-default-async-5] INFO  a.f.a.t.p.a.TransitionPassImpl -   > Found 2 transitions
2024-08-08T13:04:44,180 [zio-default-async-9] DEBUG a.f.a.i.p.PassChainExecutor$ - PASS #4: InlinePass [OK]
2024-08-08T13:04:44,180 [zio-default-async-9] INFO  a.f.a.i.p.PassChainExecutor$ - PASS #5: TemporalPass
2024-08-08T13:04:44,180 [zio-default-async-9] INFO  a.f.a.t.p.p.TemporalPassImpl -   > Rewriting temporal operators...
2024-08-08T13:04:44,180 [zio-default-async-9] INFO  a.f.a.t.p.p.TemporalPassImpl -   > No temporal property specified, nothing to encode
2024-08-08T13:04:44,181 [zio-default-async-9] DEBUG a.f.a.i.p.PassChainExecutor$ - PASS #5: TemporalPass [OK]
2024-08-08T13:04:44,181 [zio-default-async-9] INFO  a.f.a.i.p.PassChainExecutor$ - PASS #6: InlinePass
2024-08-08T13:04:44,181 [zio-default-async-9] INFO  a.f.a.t.p.p.InlinePassImpl - Leaving only relevant operators: CInitPrimed, q::init, q::initPrimed, q::step
2024-08-08T13:04:44,182 [zio-default-async-5] INFO  a.f.a.t.p.a.TransitionPassImpl -   > No constant initializer
2024-08-08T13:04:44,184 [zio-default-async-9] DEBUG a.f.a.i.p.PassChainExecutor$ - PASS #6: InlinePass [OK]
2024-08-08T13:04:44,184 [zio-default-async-5] INFO  a.f.a.t.p.a.TransitionPassImpl -   > Applying unique renaming
2024-08-08T13:04:44,184 [zio-default-async-9] INFO  a.f.a.i.p.PassChainExecutor$ - PASS #7: PrimingPass
2024-08-08T13:04:44,185 [zio-default-async-9] INFO  a.f.a.t.p.a.PrimingPassImpl -   > Introducing q::initPrimed for q::init'
2024-08-08T13:04:44,185 [zio-default-async-9] DEBUG a.f.a.i.p.PassChainExecutor$ - PASS #7: PrimingPass [OK]
2024-08-08T13:04:44,185 [zio-default-async-5] DEBUG a.f.a.i.p.PassChainExecutor$ - PASS #10: TransitionFinderPass [OK]
2024-08-08T13:04:44,186 [zio-default-async-9] INFO  a.f.a.i.p.PassChainExecutor$ - PASS #8: VCGen
2024-08-08T13:04:44,186 [zio-default-async-9] INFO  a.f.a.t.b.p.VCGenPassImpl -   > No invariant given. Only deadlocks will be checked
2024-08-08T13:04:44,186 [zio-default-async-5] INFO  a.f.a.i.p.PassChainExecutor$ - PASS #11: OptimizationPass
2024-08-08T13:04:44,186 [zio-default-async-9] DEBUG a.f.a.i.p.PassChainExecutor$ - PASS #8: VCGen [OK]
2024-08-08T13:04:44,186 [zio-default-async-9] INFO  a.f.a.i.p.PassChainExecutor$ - PASS #9: PreprocessingPass
2024-08-08T13:04:44,186 [zio-default-async-9] INFO  a.f.a.t.p.p.PreproPassImpl -   > Before preprocessing: unique renaming
2024-08-08T13:04:44,187 [zio-default-async-9] INFO  a.f.a.t.p.p.PreproPassImpl -  > Applying standard transformations:
2024-08-08T13:04:44,187 [zio-default-async-9] INFO  a.f.a.t.p.p.PreproPassImpl -   > PrimePropagation
2024-08-08T13:04:44,187 [zio-default-async-9] INFO  a.f.a.t.p.p.PreproPassImpl -   > Desugarer
2024-08-08T13:04:44,188 [zio-default-async-9] INFO  a.f.a.t.p.p.PreproPassImpl -   > UniqueRenamer
2024-08-08T13:04:44,189 [zio-default-async-9] INFO  a.f.a.t.p.p.PreproPassImpl -   > Normalizer
2024-08-08T13:04:44,191 [zio-default-async-9] INFO  a.f.a.t.p.p.PreproPassImpl -   > Keramelizer
2024-08-08T13:04:44,193 [zio-default-async-9] INFO  a.f.a.t.p.p.PreproPassImpl -   > After preprocessing: UniqueRenamer
2024-08-08T13:04:44,196 [zio-default-async-9] DEBUG a.f.a.i.p.PassChainExecutor$ - PASS #9: PreprocessingPass [OK]
2024-08-08T13:04:44,197 [zio-default-async-9] INFO  a.f.a.i.p.PassChainExecutor$ - PASS #10: TransitionFinderPass
2024-08-08T13:04:44,198 [zio-default-async-5] INFO  a.f.a.t.p.p.OptPassImpl -  > Applying optimizations:
2024-08-08T13:04:44,199 [zio-default-async-5] INFO  a.f.a.t.p.p.OptPassImpl -   > ConstSimplifier
2024-08-08T13:04:44,203 [zio-default-async-5] INFO  a.f.a.t.p.p.OptPassImpl -   > ExprOptimizer
2024-08-08T13:04:44,204 [zio-default-async-5] INFO  a.f.a.t.p.p.OptPassImpl -   > SetMembershipSimplifier
2024-08-08T13:04:44,206 [zio-default-async-5] INFO  a.f.a.t.p.p.OptPassImpl -   > ConstSimplifier
2024-08-08T13:04:44,207 [zio-default-async-5] DEBUG a.f.a.i.p.PassChainExecutor$ - PASS #11: OptimizationPass [OK]
2024-08-08T13:04:44,197 [zio-default-async-9] INFO  a.f.a.t.p.a.TransitionPassImpl -   > Found 1 initializing transitions
2024-08-08T13:04:44,209 [zio-default-async-5] INFO  a.f.a.i.p.PassChainExecutor$ - PASS #12: AnalysisPass
2024-08-08T13:04:44,209 [zio-default-async-9] INFO  a.f.a.t.p.a.TransitionPassImpl -   > Found 4 transitions
2024-08-08T13:04:44,209 [zio-default-async-9] INFO  a.f.a.t.p.a.TransitionPassImpl -   > No constant initializer
2024-08-08T13:04:44,209 [zio-default-async-9] INFO  a.f.a.t.p.a.TransitionPassImpl -   > Applying unique renaming
2024-08-08T13:04:44,211 [zio-default-async-9] DEBUG a.f.a.i.p.PassChainExecutor$ - PASS #10: TransitionFinderPass [OK]
2024-08-08T13:04:44,211 [zio-default-async-9] INFO  a.f.a.i.p.PassChainExecutor$ - PASS #11: OptimizationPass
2024-08-08T13:04:44,211 [zio-default-async-9] INFO  a.f.a.t.p.p.OptPassImpl -  > Applying optimizations:
2024-08-08T13:04:44,211 [zio-default-async-9] INFO  a.f.a.t.p.p.OptPassImpl -   > ConstSimplifier
2024-08-08T13:04:44,214 [zio-default-async-5] INFO  a.f.a.t.b.p.AnalysisPassImpl -  > Marking skolemizable existentials and sets to be expanded...
2024-08-08T13:04:44,215 [zio-default-async-5] INFO  a.f.a.t.b.p.AnalysisPassImpl -   > Skolemization
2024-08-08T13:04:44,215 [zio-default-async-9] INFO  a.f.a.t.p.p.OptPassImpl -   > ExprOptimizer
2024-08-08T13:04:44,216 [zio-default-async-5] INFO  a.f.a.t.b.p.AnalysisPassImpl -   > Expansion
2024-08-08T13:04:44,217 [zio-default-async-9] INFO  a.f.a.t.p.p.OptPassImpl -   > SetMembershipSimplifier
2024-08-08T13:04:44,217 [zio-default-async-5] INFO  a.f.a.t.b.p.AnalysisPassImpl -   > Remove unused let-in defs
2024-08-08T13:04:44,219 [zio-default-async-9] INFO  a.f.a.t.p.p.OptPassImpl -   > ConstSimplifier
2024-08-08T13:04:44,220 [zio-default-async-9] DEBUG a.f.a.i.p.PassChainExecutor$ - PASS #11: OptimizationPass [OK]
2024-08-08T13:04:44,220 [zio-default-async-9] INFO  a.f.a.i.p.PassChainExecutor$ - PASS #12: AnalysisPass
2024-08-08T13:04:44,221 [zio-default-async-9] INFO  a.f.a.t.b.p.AnalysisPassImpl -  > Marking skolemizable existentials and sets to be expanded...
2024-08-08T13:04:44,221 [zio-default-async-13] DEBUG a.f.a.i.p.PassChainExecutor$ - PASS #0: SanyParser [OK]
2024-08-08T13:04:44,221 [zio-default-async-9] INFO  a.f.a.t.b.p.AnalysisPassImpl -   > Skolemization
2024-08-08T13:04:44,221 [zio-default-async-9] INFO  a.f.a.t.b.p.AnalysisPassImpl -   > Expansion
2024-08-08T13:04:44,222 [zio-default-async-5] INFO  a.f.a.t.b.p.AnalysisPassImpl -  > Running analyzers...
2024-08-08T13:04:44,222 [zio-default-async-9] INFO  a.f.a.t.b.p.AnalysisPassImpl -   > Remove unused let-in defs
2024-08-08T13:04:44,222 [zio-default-async-9] INFO  a.f.a.t.b.p.AnalysisPassImpl -  > Running analyzers...
2024-08-08T13:04:44,222 [zio-default-async-13] INFO  a.f.a.i.p.PassChainExecutor$ - PASS #1: TypeCheckerSnowcat
2024-08-08T13:04:44,223 [zio-default-async-13] INFO  a.f.a.t.p.t.EtcTypeCheckerPassImpl -  > Running Snowcat .::.
2024-08-08T13:04:44,226 [zio-default-async-5] INFO  a.f.a.t.b.p.AnalysisPassImpl -   > Introduced expression grades
2024-08-08T13:04:44,226 [zio-default-async-5] DEBUG a.f.a.i.p.PassChainExecutor$ - PASS #12: AnalysisPass [OK]
2024-08-08T13:04:44,226 [zio-default-async-5] INFO  a.f.a.i.p.PassChainExecutor$ - PASS #13: BoundedChecker
2024-08-08T13:04:44,231 [zio-default-async-9] INFO  a.f.a.t.b.p.AnalysisPassImpl -   > Introduced expression grades
2024-08-08T13:04:44,232 [zio-default-async-9] DEBUG a.f.a.i.p.PassChainExecutor$ - PASS #12: AnalysisPass [OK]
2024-08-08T13:04:44,232 [zio-default-async-9] INFO  a.f.a.i.p.PassChainExecutor$ - PASS #13: BoundedChecker
2024-08-08T13:04:44,255 [zio-default-async-5] DEBUG a.f.a.t.b.s.Z3SolverContext - Creating Z3 solver context 0
2024-08-08T13:04:44,257 [zio-default-async-9] DEBUG a.f.a.t.b.s.Z3SolverContext - Creating Z3 solver context 1
2024-08-08T13:04:44,729 [zio-default-async-17] INFO  a.f.a.i.p.PassChainExecutor$ - PASS #0: SanyParser
2024-08-08T13:04:44,790 [zio-default-async-17] DEBUG a.f.a.i.p.PassChainExecutor$ - PASS #0: SanyParser [OK]
2024-08-08T13:04:44,791 [zio-default-async-17] INFO  a.f.a.i.p.PassChainExecutor$ - PASS #1: TypeCheckerSnowcat
2024-08-08T13:04:44,791 [zio-default-async-17] INFO  a.f.a.t.p.t.EtcTypeCheckerPassImpl -  > Running Snowcat .::.
2024-08-08T13:04:44,985 [zio-default-async-17] INFO  a.f.a.t.p.t.EtcTypeCheckerPassImpl -  > Your types are purrfect!
2024-08-08T13:04:44,985 [zio-default-async-17] INFO  a.f.a.t.p.t.EtcTypeCheckerPassImpl -  > All expressions are typed
2024-08-08T13:04:44,986 [zio-default-async-17] DEBUG a.f.a.i.p.PassChainExecutor$ - PASS #1: TypeCheckerSnowcat [OK]
2024-08-08T13:04:44,986 [zio-default-async-17] INFO  a.f.a.i.p.PassChainExecutor$ - PASS #2: ConfigurationPass
2024-08-08T13:04:44,987 [zio-default-async-17] INFO  a.f.a.t.p.p.ConfigurationPassImpl -   > Set the initialization predicate to q::init
2024-08-08T13:04:44,987 [zio-default-async-17] INFO  a.f.a.t.p.p.ConfigurationPassImpl -   > Set the transition predicate to q::step
2024-08-08T13:04:44,988 [zio-default-async-17] DEBUG a.f.a.i.p.PassChainExecutor$ - PASS #2: ConfigurationPass [OK]
2024-08-08T13:04:44,989 [zio-default-async-17] INFO  a.f.a.i.p.PassChainExecutor$ - PASS #3: DesugarerPass
2024-08-08T13:04:44,989 [zio-default-async-17] INFO  a.f.a.t.p.p.DesugarerPassImpl -   > Desugaring...
2024-08-08T13:04:44,993 [zio-default-async-17] DEBUG a.f.a.i.p.PassChainExecutor$ - PASS #3: DesugarerPass [OK]
2024-08-08T13:04:44,994 [zio-default-async-17] INFO  a.f.a.i.p.PassChainExecutor$ - PASS #4: InlinePass
2024-08-08T13:04:44,994 [zio-default-async-17] INFO  a.f.a.t.p.p.InlinePassImpl - Leaving only relevant operators: CInitPrimed, q::init, q::initPrimed, q::step
2024-08-08T13:04:45,020 [zio-default-async-17] DEBUG a.f.a.i.p.PassChainExecutor$ - PASS #4: InlinePass [OK]
2024-08-08T13:04:45,020 [zio-default-async-17] INFO  a.f.a.i.p.PassChainExecutor$ - PASS #5: TemporalPass
2024-08-08T13:04:45,020 [zio-default-async-17] INFO  a.f.a.t.p.p.TemporalPassImpl -   > Rewriting temporal operators...
2024-08-08T13:04:45,020 [zio-default-async-17] INFO  a.f.a.t.p.p.TemporalPassImpl -   > No temporal property specified, nothing to encode
2024-08-08T13:04:45,020 [zio-default-async-17] DEBUG a.f.a.i.p.PassChainExecutor$ - PASS #5: TemporalPass [OK]
2024-08-08T13:04:45,021 [zio-default-async-17] INFO  a.f.a.i.p.PassChainExecutor$ - PASS #6: InlinePass
2024-08-08T13:04:45,021 [zio-default-async-17] INFO  a.f.a.t.p.p.InlinePassImpl - Leaving only relevant operators: CInitPrimed, q::init, q::initPrimed, q::step
2024-08-08T13:04:45,026 [zio-default-async-17] DEBUG a.f.a.i.p.PassChainExecutor$ - PASS #6: InlinePass [OK]
2024-08-08T13:04:45,026 [zio-default-async-17] INFO  a.f.a.i.p.PassChainExecutor$ - PASS #7: PrimingPass
2024-08-08T13:04:45,027 [zio-default-async-17] INFO  a.f.a.t.p.a.PrimingPassImpl -   > Introducing q::initPrimed for q::init'
2024-08-08T13:04:45,027 [zio-default-async-17] DEBUG a.f.a.i.p.PassChainExecutor$ - PASS #7: PrimingPass [OK]
2024-08-08T13:04:45,028 [zio-default-async-17] INFO  a.f.a.i.p.PassChainExecutor$ - PASS #8: VCGen
2024-08-08T13:04:45,028 [zio-default-async-17] INFO  a.f.a.t.b.p.VCGenPassImpl -   > No invariant given. Only deadlocks will be checked
2024-08-08T13:04:45,028 [zio-default-async-17] DEBUG a.f.a.i.p.PassChainExecutor$ - PASS #8: VCGen [OK]
2024-08-08T13:04:45,028 [zio-default-async-17] INFO  a.f.a.i.p.PassChainExecutor$ - PASS #9: PreprocessingPass
2024-08-08T13:04:45,028 [zio-default-async-17] INFO  a.f.a.t.p.p.PreproPassImpl -   > Before preprocessing: unique renaming
2024-08-08T13:04:45,028 [zio-default-async-17] INFO  a.f.a.t.p.p.PreproPassImpl -  > Applying standard transformations:
2024-08-08T13:04:45,028 [zio-default-async-17] INFO  a.f.a.t.p.p.PreproPassImpl -   > PrimePropagation
2024-08-08T13:04:45,030 [zio-default-async-17] INFO  a.f.a.t.p.p.PreproPassImpl -   > Desugarer
2024-08-08T13:04:45,032 [zio-default-async-17] INFO  a.f.a.t.p.p.PreproPassImpl -   > UniqueRenamer
2024-08-08T13:04:45,035 [zio-default-async-17] INFO  a.f.a.t.p.p.PreproPassImpl -   > Normalizer
2024-08-08T13:04:45,039 [zio-default-async-17] INFO  a.f.a.t.p.p.PreproPassImpl -   > Keramelizer
2024-08-08T13:04:45,049 [zio-default-async-17] INFO  a.f.a.t.p.p.PreproPassImpl -   > After preprocessing: UniqueRenamer
2024-08-08T13:04:45,056 [zio-default-async-17] DEBUG a.f.a.i.p.PassChainExecutor$ - PASS #9: PreprocessingPass [OK]
2024-08-08T13:04:45,056 [zio-default-async-17] INFO  a.f.a.i.p.PassChainExecutor$ - PASS #10: TransitionFinderPass
2024-08-08T13:04:45,057 [zio-default-async-17] INFO  a.f.a.t.p.a.TransitionPassImpl -   > Found 1 initializing transitions
2024-08-08T13:04:45,066 [zio-default-async-17] INFO  a.f.a.t.p.a.TransitionPassImpl -   > Found 2 transitions
2024-08-08T13:04:45,066 [zio-default-async-17] INFO  a.f.a.t.p.a.TransitionPassImpl -   > No constant initializer
2024-08-08T13:04:45,066 [zio-default-async-17] INFO  a.f.a.t.p.a.TransitionPassImpl -   > Applying unique renaming
2024-08-08T13:04:45,070 [zio-default-async-17] DEBUG a.f.a.i.p.PassChainExecutor$ - PASS #10: TransitionFinderPass [OK]
2024-08-08T13:04:45,070 [zio-default-async-17] INFO  a.f.a.i.p.PassChainExecutor$ - PASS #11: OptimizationPass
2024-08-08T13:04:45,071 [zio-default-async-17] INFO  a.f.a.t.p.p.OptPassImpl -  > Applying optimizations:
2024-08-08T13:04:45,071 [zio-default-async-17] INFO  a.f.a.t.p.p.OptPassImpl -   > ConstSimplifier
2024-08-08T13:04:45,075 [zio-default-async-17] INFO  a.f.a.t.p.p.OptPassImpl -   > ExprOptimizer
2024-08-08T13:04:45,085 [zio-default-async-17] INFO  a.f.a.t.p.p.OptPassImpl -   > SetMembershipSimplifier
2024-08-08T13:04:45,087 [zio-default-async-17] INFO  a.f.a.t.p.p.OptPassImpl -   > ConstSimplifier
2024-08-08T13:04:45,090 [zio-default-async-17] DEBUG a.f.a.i.p.PassChainExecutor$ - PASS #11: OptimizationPass [OK]
2024-08-08T13:04:45,093 [zio-default-async-17] INFO  a.f.a.i.p.PassChainExecutor$ - PASS #12: AnalysisPass
2024-08-08T13:04:45,093 [zio-default-async-17] INFO  a.f.a.t.b.p.AnalysisPassImpl -  > Marking skolemizable existentials and sets to be expanded...
2024-08-08T13:04:45,094 [zio-default-async-17] INFO  a.f.a.t.b.p.AnalysisPassImpl -   > Skolemization
2024-08-08T13:04:45,094 [zio-default-async-17] INFO  a.f.a.t.b.p.AnalysisPassImpl -   > Expansion
2024-08-08T13:04:45,097 [zio-default-async-17] INFO  a.f.a.t.b.p.AnalysisPassImpl -   > Remove unused let-in defs
2024-08-08T13:04:45,107 [zio-default-async-17] INFO  a.f.a.t.b.p.AnalysisPassImpl -  > Running analyzers...
2024-08-08T13:04:45,109 [zio-default-async-17] INFO  a.f.a.t.b.p.AnalysisPassImpl -   > Introduced expression grades
2024-08-08T13:04:45,109 [zio-default-async-17] DEBUG a.f.a.i.p.PassChainExecutor$ - PASS #12: AnalysisPass [OK]
2024-08-08T13:04:45,109 [zio-default-async-17] INFO  a.f.a.i.p.PassChainExecutor$ - PASS #13: BoundedChecker
2024-08-08T13:04:45,110 [zio-default-async-17] DEBUG a.f.a.t.b.s.Z3SolverContext - Creating Z3 solver context 2
2024-08-08T13:04:45,295 [zio-default-async-13] INFO  a.f.a.t.p.t.EtcTypeCheckerPassImpl -  > Your types are purrfect!
2024-08-08T13:04:45,295 [zio-default-async-13] INFO  a.f.a.t.p.t.EtcTypeCheckerPassImpl -  > All expressions are typed
2024-08-08T13:04:45,296 [zio-default-async-13] DEBUG a.f.a.i.p.PassChainExecutor$ - PASS #1: TypeCheckerSnowcat [OK]
2024-08-08T13:04:45,296 [zio-default-async-13] INFO  a.f.a.i.p.PassChainExecutor$ - PASS #2: ConfigurationPass
2024-08-08T13:04:45,296 [zio-default-async-13] INFO  a.f.a.t.p.p.ConfigurationPassImpl -   > Set the initialization predicate to q::init
2024-08-08T13:04:45,296 [zio-default-async-13] INFO  a.f.a.t.p.p.ConfigurationPassImpl -   > Set the transition predicate to q::step
2024-08-08T13:04:45,300 [zio-default-async-13] DEBUG a.f.a.i.p.PassChainExecutor$ - PASS #2: ConfigurationPass [OK]
2024-08-08T13:04:45,300 [zio-default-async-13] INFO  a.f.a.i.p.PassChainExecutor$ - PASS #3: DesugarerPass
2024-08-08T13:04:45,300 [zio-default-async-13] INFO  a.f.a.t.p.p.DesugarerPassImpl -   > Desugaring...
2024-08-08T13:04:45,306 [zio-default-async-13] DEBUG a.f.a.i.p.PassChainExecutor$ - PASS #3: DesugarerPass [OK]
2024-08-08T13:04:45,306 [zio-default-async-13] INFO  a.f.a.i.p.PassChainExecutor$ - PASS #4: InlinePass
2024-08-08T13:04:45,306 [zio-default-async-13] INFO  a.f.a.t.p.p.InlinePassImpl - Leaving only relevant operators: CInitPrimed, q::init, q::initPrimed, q::step
2024-08-08T13:04:45,374 [zio-default-async-13] DEBUG a.f.a.i.p.PassChainExecutor$ - PASS #4: InlinePass [OK]
2024-08-08T13:04:45,374 [zio-default-async-13] INFO  a.f.a.i.p.PassChainExecutor$ - PASS #5: TemporalPass
2024-08-08T13:04:45,374 [zio-default-async-13] INFO  a.f.a.t.p.p.TemporalPassImpl -   > Rewriting temporal operators...
2024-08-08T13:04:45,375 [zio-default-async-13] INFO  a.f.a.t.p.p.TemporalPassImpl -   > No temporal property specified, nothing to encode
2024-08-08T13:04:45,375 [zio-default-async-13] DEBUG a.f.a.i.p.PassChainExecutor$ - PASS #5: TemporalPass [OK]
2024-08-08T13:04:45,375 [zio-default-async-13] INFO  a.f.a.i.p.PassChainExecutor$ - PASS #6: InlinePass
2024-08-08T13:04:45,375 [zio-default-async-13] INFO  a.f.a.t.p.p.InlinePassImpl - Leaving only relevant operators: CInitPrimed, q::init, q::initPrimed, q::step
2024-08-08T13:04:45,393 [zio-default-async-13] DEBUG a.f.a.i.p.PassChainExecutor$ - PASS #6: InlinePass [OK]
2024-08-08T13:04:45,394 [zio-default-async-13] INFO  a.f.a.i.p.PassChainExecutor$ - PASS #7: PrimingPass
2024-08-08T13:04:45,394 [zio-default-async-13] INFO  a.f.a.t.p.a.PrimingPassImpl -   > Introducing q::initPrimed for q::init'
2024-08-08T13:04:45,395 [zio-default-async-13] DEBUG a.f.a.i.p.PassChainExecutor$ - PASS #7: PrimingPass [OK]
2024-08-08T13:04:45,395 [zio-default-async-13] INFO  a.f.a.i.p.PassChainExecutor$ - PASS #8: VCGen
2024-08-08T13:04:45,395 [zio-default-async-13] INFO  a.f.a.t.b.p.VCGenPassImpl -   > No invariant given. Only deadlocks will be checked
2024-08-08T13:04:45,395 [zio-default-async-13] DEBUG a.f.a.i.p.PassChainExecutor$ - PASS #8: VCGen [OK]
2024-08-08T13:04:45,395 [zio-default-async-13] INFO  a.f.a.i.p.PassChainExecutor$ - PASS #9: PreprocessingPass
2024-08-08T13:04:45,396 [zio-default-async-13] INFO  a.f.a.t.p.p.PreproPassImpl -   > Before preprocessing: unique renaming
2024-08-08T13:04:45,396 [zio-default-async-13] INFO  a.f.a.t.p.p.PreproPassImpl -  > Applying standard transformations:
2024-08-08T13:04:45,396 [zio-default-async-13] INFO  a.f.a.t.p.p.PreproPassImpl -   > PrimePropagation
2024-08-08T13:04:45,398 [zio-default-async-13] INFO  a.f.a.t.p.p.PreproPassImpl -   > Desugarer
2024-08-08T13:04:45,404 [zio-default-async-13] INFO  a.f.a.t.p.p.PreproPassImpl -   > UniqueRenamer
2024-08-08T13:04:45,418 [zio-default-async-13] INFO  a.f.a.t.p.p.PreproPassImpl -   > Normalizer
2024-08-08T13:04:45,427 [zio-default-async-13] INFO  a.f.a.t.p.p.PreproPassImpl -   > Keramelizer
2024-08-08T13:04:45,445 [zio-default-async-13] INFO  a.f.a.t.p.p.PreproPassImpl -   > After preprocessing: UniqueRenamer
2024-08-08T13:04:45,472 [zio-default-async-13] DEBUG a.f.a.i.p.PassChainExecutor$ - PASS #9: PreprocessingPass [OK]
2024-08-08T13:04:45,472 [zio-default-async-13] INFO  a.f.a.i.p.PassChainExecutor$ - PASS #10: TransitionFinderPass
2024-08-08T13:04:45,473 [zio-default-async-13] INFO  a.f.a.t.p.a.TransitionPassImpl -   > Found 1 initializing transitions
2024-08-08T13:04:45,491 [zio-default-async-13] INFO  a.f.a.t.p.a.TransitionPassImpl -   > Found 8 transitions
2024-08-08T13:04:45,491 [zio-default-async-13] INFO  a.f.a.t.p.a.TransitionPassImpl -   > No constant initializer
2024-08-08T13:04:45,492 [zio-default-async-13] INFO  a.f.a.t.p.a.TransitionPassImpl -   > Applying unique renaming
2024-08-08T13:04:45,518 [zio-default-async-13] DEBUG a.f.a.i.p.PassChainExecutor$ - PASS #10: TransitionFinderPass [OK]
2024-08-08T13:04:45,518 [zio-default-async-13] INFO  a.f.a.i.p.PassChainExecutor$ - PASS #11: OptimizationPass
2024-08-08T13:04:45,518 [zio-default-async-13] INFO  a.f.a.t.p.p.OptPassImpl -  > Applying optimizations:
2024-08-08T13:04:45,518 [zio-default-async-13] INFO  a.f.a.t.p.p.OptPassImpl -   > ConstSimplifier
2024-08-08T13:04:45,572 [zio-default-async-13] INFO  a.f.a.t.p.p.OptPassImpl -   > ExprOptimizer
2024-08-08T13:04:45,596 [zio-default-async-13] INFO  a.f.a.t.p.p.OptPassImpl -   > SetMembershipSimplifier
2024-08-08T13:04:45,603 [zio-default-async-13] INFO  a.f.a.t.p.p.OptPassImpl -   > ConstSimplifier
2024-08-08T13:04:45,647 [zio-default-async-13] DEBUG a.f.a.i.p.PassChainExecutor$ - PASS #11: OptimizationPass [OK]
2024-08-08T13:04:45,647 [zio-default-async-13] INFO  a.f.a.i.p.PassChainExecutor$ - PASS #12: AnalysisPass
2024-08-08T13:04:45,648 [zio-default-async-13] INFO  a.f.a.t.b.p.AnalysisPassImpl -  > Marking skolemizable existentials and sets to be expanded...
2024-08-08T13:04:45,648 [zio-default-async-13] INFO  a.f.a.t.b.p.AnalysisPassImpl -   > Skolemization
2024-08-08T13:04:45,650 [zio-default-async-13] INFO  a.f.a.t.b.p.AnalysisPassImpl -   > Expansion
2024-08-08T13:04:45,665 [zio-default-async-13] INFO  a.f.a.t.b.p.AnalysisPassImpl -   > Remove unused let-in defs
2024-08-08T13:04:45,673 [zio-default-async-13] INFO  a.f.a.t.b.p.AnalysisPassImpl -  > Running analyzers...
2024-08-08T13:04:45,684 [zio-default-async-13] INFO  a.f.a.t.b.p.AnalysisPassImpl -   > Introduced expression grades
2024-08-08T13:04:46,097 [zio-default-async-13] DEBUG a.f.a.i.p.PassChainExecutor$ - PASS #12: AnalysisPass [OK]
2024-08-08T13:04:46,098 [zio-default-async-13] INFO  a.f.a.i.p.PassChainExecutor$ - PASS #13: BoundedChecker
2024-08-08T13:04:46,102 [zio-default-async-13] DEBUG a.f.a.t.b.s.Z3SolverContext - Creating Z3 solver context 3
2024-08-08T13:04:46,224 [zio-default-async-5] DEBUG a.f.a.t.b.t.TransitionExecutorImpl - Step #0, transition #0
2024-08-08T13:04:46,224 [zio-default-async-9] DEBUG a.f.a.t.b.t.TransitionExecutorImpl - Step #0, transition #0
2024-08-08T13:04:46,224 [zio-default-async-17] DEBUG a.f.a.t.b.t.TransitionExecutorImpl - Step #0, transition #0
2024-08-08T13:04:46,224 [zio-default-async-13] DEBUG a.f.a.t.b.t.TransitionExecutorImpl - Step #0, transition #0
2024-08-08T13:04:46,225 [zio-default-async-9] DEBUG a.f.a.t.b.t.TransitionExecutorImpl - Translating to SMT
2024-08-08T13:04:46,225 [zio-default-async-5] DEBUG a.f.a.t.b.t.TransitionExecutorImpl - Translating to SMT
2024-08-08T13:04:46,225 [zio-default-async-17] DEBUG a.f.a.t.b.t.TransitionExecutorImpl - Translating to SMT
2024-08-08T13:04:46,225 [zio-default-async-13] DEBUG a.f.a.t.b.t.TransitionExecutorImpl - Translating to SMT
2024-08-08T13:04:46,298 [zio-default-async-5] DEBUG a.f.a.t.b.SeqModelChecker - Step 0: Transition #0. Is it enabled?
2024-08-08T13:04:46,298 [zio-default-async-9] DEBUG a.f.a.t.b.SeqModelChecker - Step 0: Transition #0. Is it enabled?
2024-08-08T13:04:46,303 [zio-default-async-9] DEBUG a.f.a.t.b.SeqModelChecker - Step 0: Transition #0 is enabled
2024-08-08T13:04:46,303 [zio-default-async-5] DEBUG a.f.a.t.b.SeqModelChecker - Step 0: Transition #0 is enabled
2024-08-08T13:04:46,307 [zio-default-async-17] DEBUG a.f.a.t.b.SeqModelChecker - Step 0: Transition #0. Is it enabled?
2024-08-08T13:04:46,308 [zio-default-async-17] DEBUG a.f.a.t.b.SeqModelChecker - Step 0: Transition #0 is enabled
2024-08-08T13:04:46,312 [zio-default-async-9] INFO  a.f.a.t.b.t.TransitionExecutorImpl - Step 0: picking a transition out of 1 transition(s)
2024-08-08T13:04:46,312 [zio-default-async-5] INFO  a.f.a.t.b.t.TransitionExecutorImpl - Step 0: picking a transition out of 1 transition(s)
2024-08-08T13:04:46,312 [zio-default-async-17] INFO  a.f.a.t.b.t.TransitionExecutorImpl - Step 0: picking a transition out of 1 transition(s)
2024-08-08T13:04:46,327 [zio-default-async-9] DEBUG a.f.a.t.b.t.TransitionExecutorImpl - Step #1, transition #0
2024-08-08T13:04:46,327 [zio-default-async-9] DEBUG a.f.a.t.b.t.TransitionExecutorImpl - Translating to SMT
2024-08-08T13:04:46,328 [zio-default-async-5] DEBUG a.f.a.t.b.t.TransitionExecutorImpl - Step #1, transition #0
2024-08-08T13:04:46,328 [zio-default-async-5] DEBUG a.f.a.t.b.t.TransitionExecutorImpl - Translating to SMT
2024-08-08T13:04:46,329 [zio-default-async-17] DEBUG a.f.a.t.b.t.TransitionExecutorImpl - Step #1, transition #0
2024-08-08T13:04:46,329 [zio-default-async-17] DEBUG a.f.a.t.b.t.TransitionExecutorImpl - Translating to SMT
2024-08-08T13:04:46,330 [zio-default-async-9] DEBUG a.f.a.t.b.SeqModelChecker - Step 1: Transition #0. Is it enabled?
2024-08-08T13:04:46,331 [zio-default-async-5] DEBUG a.f.a.t.b.SeqModelChecker - Step 1: Transition #0. Is it enabled?
2024-08-08T13:04:46,331 [zio-default-async-9] DEBUG a.f.a.t.b.SeqModelChecker - Step 1: Transition #0 is enabled
2024-08-08T13:04:46,331 [zio-default-async-5] DEBUG a.f.a.t.b.SeqModelChecker - Step 1: Transition #0 is enabled
2024-08-08T13:04:46,333 [zio-default-async-13] DEBUG a.f.a.t.b.SeqModelChecker - Step 0: Transition #0. Is it enabled?
2024-08-08T13:04:46,334 [zio-default-async-5] DEBUG a.f.a.t.b.t.TransitionExecutorImpl - Step #1, transition #1
2024-08-08T13:04:46,334 [zio-default-async-5] DEBUG a.f.a.t.b.t.TransitionExecutorImpl - Translating to SMT
2024-08-08T13:04:46,333 [zio-default-async-9] DEBUG a.f.a.t.b.t.TransitionExecutorImpl - Step #1, transition #1
2024-08-08T13:04:46,335 [zio-default-async-13] DEBUG a.f.a.t.b.SeqModelChecker - Step 0: Transition #0 is enabled
2024-08-08T13:04:46,335 [zio-default-async-9] DEBUG a.f.a.t.b.t.TransitionExecutorImpl - Translating to SMT
2024-08-08T13:04:46,336 [zio-default-async-13] INFO  a.f.a.t.b.t.TransitionExecutorImpl - Step 0: picking a transition out of 1 transition(s)
2024-08-08T13:04:46,338 [zio-default-async-13] DEBUG a.f.a.t.b.t.TransitionExecutorImpl - Step #1, transition #0
2024-08-08T13:04:46,338 [zio-default-async-13] DEBUG a.f.a.t.b.t.TransitionExecutorImpl - Translating to SMT
2024-08-08T13:04:46,339 [zio-default-async-5] DEBUG a.f.a.t.b.SeqModelChecker - Step 1: Transition #1. Is it enabled?
2024-08-08T13:04:46,339 [zio-default-async-5] INFO  a.f.a.t.b.SeqModelChecker - Step 1: Transition #1 is disabled
2024-08-08T13:04:46,340 [zio-default-async-5] INFO  a.f.a.t.b.t.TransitionExecutorImpl - Step 1: picking a transition out of 1 transition(s)
2024-08-08T13:04:46,341 [zio-default-async-5] DEBUG a.f.a.t.b.t.TransitionExecutorImpl - Step #2, transition #0
2024-08-08T13:04:46,342 [zio-default-async-5] DEBUG a.f.a.t.b.t.TransitionExecutorImpl - Translating to SMT
2024-08-08T13:04:46,343 [zio-default-async-17] DEBUG a.f.a.t.b.SeqModelChecker - Step 1: Transition #0. Is it enabled?
2024-08-08T13:04:46,344 [zio-default-async-5] DEBUG a.f.a.t.b.SeqModelChecker - Step 2: Transition #0. Is it enabled?
2024-08-08T13:04:46,345 [zio-default-async-5] INFO  a.f.a.t.b.SeqModelChecker - Step 2: Transition #0 is disabled
2024-08-08T13:04:46,344 [zio-default-async-9] DEBUG a.f.a.t.b.SeqModelChecker - Step 1: Transition #1. Is it enabled?
2024-08-08T13:04:46,347 [zio-default-async-5] DEBUG a.f.a.t.b.t.TransitionExecutorImpl - Step #2, transition #1
2024-08-08T13:04:46,347 [zio-default-async-9] INFO  a.f.a.t.b.SeqModelChecker - Step 1: Transition #1 is disabled
2024-08-08T13:04:46,347 [zio-default-async-5] DEBUG a.f.a.t.b.t.TransitionExecutorImpl - Translating to SMT
2024-08-08T13:04:46,347 [zio-default-async-9] DEBUG a.f.a.t.b.t.TransitionExecutorImpl - Step #1, transition #2
2024-08-08T13:04:46,347 [zio-default-async-9] DEBUG a.f.a.t.b.t.TransitionExecutorImpl - Translating to SMT
2024-08-08T13:04:46,344 [zio-default-async-17] INFO  a.f.a.t.b.SeqModelChecker - Step 1: Transition #0 is disabled
2024-08-08T13:04:46,349 [zio-default-async-5] DEBUG a.f.a.t.b.SeqModelChecker - Step 2: Transition #1. Is it enabled?
2024-08-08T13:04:46,350 [zio-default-async-5] DEBUG a.f.a.t.b.SeqModelChecker - Step 2: Transition #1 is enabled
2024-08-08T13:04:46,350 [zio-default-async-9] DEBUG a.f.a.t.b.SeqModelChecker - Step 1: Transition #2. Is it enabled?
2024-08-08T13:04:46,350 [zio-default-async-17] DEBUG a.f.a.t.b.t.TransitionExecutorImpl - Step #1, transition #1
2024-08-08T13:04:46,350 [zio-default-async-17] DEBUG a.f.a.t.b.t.TransitionExecutorImpl - Translating to SMT
2024-08-08T13:04:46,351 [zio-default-async-5] INFO  a.f.a.t.b.t.TransitionExecutorImpl - Step 2: picking a transition out of 1 transition(s)
2024-08-08T13:04:46,351 [zio-default-async-9] INFO  a.f.a.t.b.SeqModelChecker - Step 1: Transition #2 is disabled
2024-08-08T13:04:46,351 [zio-default-async-9] DEBUG a.f.a.t.b.t.TransitionExecutorImpl - Step #1, transition #3
2024-08-08T13:04:46,351 [zio-default-async-9] DEBUG a.f.a.t.b.t.TransitionExecutorImpl - Translating to SMT
2024-08-08T13:04:46,352 [zio-default-async-5] DEBUG a.f.a.t.b.t.TransitionExecutorImpl - Step #3, transition #0
2024-08-08T13:04:46,352 [zio-default-async-5] DEBUG a.f.a.t.b.t.TransitionExecutorImpl - Translating to SMT
2024-08-08T13:04:46,353 [zio-default-async-5] DEBUG a.f.a.t.b.SeqModelChecker - Step 3: Transition #0. Is it enabled?
2024-08-08T13:04:46,354 [zio-default-async-5] INFO  a.f.a.t.b.SeqModelChecker - Step 3: Transition #0 is disabled
2024-08-08T13:04:46,354 [zio-default-async-5] DEBUG a.f.a.t.b.t.TransitionExecutorImpl - Step #3, transition #1
2024-08-08T13:04:46,354 [zio-default-async-5] DEBUG a.f.a.t.b.t.TransitionExecutorImpl - Translating to SMT
2024-08-08T13:04:46,354 [zio-default-async-9] DEBUG a.f.a.t.b.SeqModelChecker - Step 1: Transition #3. Is it enabled?
2024-08-08T13:04:46,355 [zio-default-async-9] INFO  a.f.a.t.b.SeqModelChecker - Step 1: Transition #3 is disabled
2024-08-08T13:04:46,356 [zio-default-async-9] INFO  a.f.a.t.b.t.TransitionExecutorImpl - Step 1: picking a transition out of 1 transition(s)
2024-08-08T13:04:46,356 [zio-default-async-5] DEBUG a.f.a.t.b.SeqModelChecker - Step 3: Transition #1. Is it enabled?
2024-08-08T13:04:46,357 [zio-default-async-9] DEBUG a.f.a.t.b.t.TransitionExecutorImpl - Step #2, transition #0
2024-08-08T13:04:46,357 [zio-default-async-5] DEBUG a.f.a.t.b.SeqModelChecker - Step 3: Transition #1 is enabled
2024-08-08T13:04:46,357 [zio-default-async-9] DEBUG a.f.a.t.b.t.TransitionExecutorImpl - Translating to SMT
2024-08-08T13:04:46,358 [zio-default-async-5] INFO  a.f.a.t.b.t.TransitionExecutorImpl - Step 3: picking a transition out of 1 transition(s)
2024-08-08T13:04:46,360 [zio-default-async-9] DEBUG a.f.a.t.b.SeqModelChecker - Step 2: Transition #0. Is it enabled?
2024-08-08T13:04:46,359 [zio-default-async-5] DEBUG a.f.a.t.b.s.Z3SolverContext - Disposing Z3 solver context 0
2024-08-08T13:04:46,360 [zio-default-async-9] INFO  a.f.a.t.b.SeqModelChecker - Step 2: Transition #0 is disabled
2024-08-08T13:04:46,361 [zio-default-async-9] DEBUG a.f.a.t.b.t.TransitionExecutorImpl - Step #2, transition #1
2024-08-08T13:04:46,361 [zio-default-async-9] DEBUG a.f.a.t.b.t.TransitionExecutorImpl - Translating to SMT
2024-08-08T13:04:46,363 [zio-default-async-9] DEBUG a.f.a.t.b.SeqModelChecker - Step 2: Transition #1. Is it enabled?
2024-08-08T13:04:46,364 [zio-default-async-9] DEBUG a.f.a.t.b.SeqModelChecker - Step 2: Transition #1 is enabled
2024-08-08T13:04:46,364 [zio-default-async-9] DEBUG a.f.a.t.b.t.TransitionExecutorImpl - Step #2, transition #2
2024-08-08T13:04:46,364 [zio-default-async-9] DEBUG a.f.a.t.b.t.TransitionExecutorImpl - Translating to SMT
2024-08-08T13:04:46,365 [zio-default-async-9] DEBUG a.f.a.t.b.SeqModelChecker - Step 2: Transition #2. Is it enabled?
2024-08-08T13:04:46,366 [zio-default-async-9] DEBUG a.f.a.t.b.SeqModelChecker - Step 2: Transition #2 is enabled
2024-08-08T13:04:46,367 [zio-default-async-9] DEBUG a.f.a.t.b.t.TransitionExecutorImpl - Step #2, transition #3
2024-08-08T13:04:46,367 [zio-default-async-9] DEBUG a.f.a.t.b.t.TransitionExecutorImpl - Translating to SMT
2024-08-08T13:04:46,369 [zio-default-async-9] DEBUG a.f.a.t.b.SeqModelChecker - Step 2: Transition #3. Is it enabled?
2024-08-08T13:04:46,370 [zio-default-async-9] INFO  a.f.a.t.b.SeqModelChecker - Step 2: Transition #3 is disabled
2024-08-08T13:04:46,371 [zio-default-async-9] INFO  a.f.a.t.b.t.TransitionExecutorImpl - Step 2: picking a transition out of 2 transition(s)
2024-08-08T13:04:46,379 [zio-default-async-5] INFO  a.f.a.t.b.p.BoundedCheckerPassImpl - The outcome is: NoError
2024-08-08T13:04:46,380 [zio-default-async-5] DEBUG a.f.a.i.p.PassChainExecutor$ - PASS #13: BoundedChecker [OK]
2024-08-08T13:04:46,381 [zio-default-async-9] DEBUG a.f.a.t.b.t.TransitionExecutorImpl - Step #3, transition #0
2024-08-08T13:04:46,381 [zio-default-async-9] DEBUG a.f.a.t.b.t.TransitionExecutorImpl - Translating to SMT
2024-08-08T13:04:46,383 [zio-default-async-9] DEBUG a.f.a.t.b.SeqModelChecker - Step 3: Transition #0. Is it enabled?
2024-08-08T13:04:46,384 [zio-default-async-9] DEBUG a.f.a.t.b.SeqModelChecker - Step 3: Transition #0 is enabled
2024-08-08T13:04:46,384 [zio-default-async-9] DEBUG a.f.a.t.b.t.TransitionExecutorImpl - Step #3, transition #1
2024-08-08T13:04:46,384 [zio-default-async-9] DEBUG a.f.a.t.b.t.TransitionExecutorImpl - Translating to SMT
2024-08-08T13:04:46,386 [zio-default-async-9] DEBUG a.f.a.t.b.SeqModelChecker - Step 3: Transition #1. Is it enabled?
2024-08-08T13:04:46,388 [zio-default-async-9] DEBUG a.f.a.t.b.SeqModelChecker - Step 3: Transition #1 is enabled
2024-08-08T13:04:46,388 [zio-default-async-9] DEBUG a.f.a.t.b.t.TransitionExecutorImpl - Step #3, transition #2
2024-08-08T13:04:46,388 [zio-default-async-9] DEBUG a.f.a.t.b.t.TransitionExecutorImpl - Translating to SMT
2024-08-08T13:04:46,389 [zio-default-async-9] DEBUG a.f.a.t.b.SeqModelChecker - Step 3: Transition #2. Is it enabled?
2024-08-08T13:04:46,390 [zio-default-async-9] DEBUG a.f.a.t.b.SeqModelChecker - Step 3: Transition #2 is enabled
2024-08-08T13:04:46,395 [zio-default-async-9] DEBUG a.f.a.t.b.t.TransitionExecutorImpl - Step #3, transition #3
2024-08-08T13:04:46,395 [zio-default-async-9] DEBUG a.f.a.t.b.t.TransitionExecutorImpl - Translating to SMT
2024-08-08T13:04:46,399 [zio-default-async-9] DEBUG a.f.a.t.b.SeqModelChecker - Step 3: Transition #3. Is it enabled?
2024-08-08T13:04:46,399 [zio-default-async-9] INFO  a.f.a.t.b.SeqModelChecker - Step 3: Transition #3 is disabled
2024-08-08T13:04:46,400 [zio-default-async-9] INFO  a.f.a.t.b.t.TransitionExecutorImpl - Step 3: picking a transition out of 3 transition(s)
2024-08-08T13:04:46,406 [zio-default-async-9] DEBUG a.f.a.t.b.s.Z3SolverContext - Disposing Z3 solver context 1
2024-08-08T13:04:46,418 [zio-default-async-9] INFO  a.f.a.t.b.p.BoundedCheckerPassImpl - The outcome is: NoError
2024-08-08T13:04:46,418 [zio-default-async-9] DEBUG a.f.a.i.p.PassChainExecutor$ - PASS #13: BoundedChecker [OK]
2024-08-08T13:04:46,470 [zio-default-async-17] DEBUG a.f.a.t.b.SeqModelChecker - Step 1: Transition #1. Is it enabled?
2024-08-08T13:04:46,473 [zio-default-async-17] DEBUG a.f.a.t.b.SeqModelChecker - Step 1: Transition #1 is enabled
2024-08-08T13:04:46,474 [zio-default-async-17] INFO  a.f.a.t.b.t.TransitionExecutorImpl - Step 1: picking a transition out of 1 transition(s)
2024-08-08T13:04:46,475 [zio-default-async-17] DEBUG a.f.a.t.b.t.TransitionExecutorImpl - Step #2, transition #0
2024-08-08T13:04:46,475 [zio-default-async-17] DEBUG a.f.a.t.b.t.TransitionExecutorImpl - Translating to SMT
2024-08-08T13:04:46,482 [zio-default-async-17] DEBUG a.f.a.t.b.SeqModelChecker - Step 2: Transition #0. Is it enabled?
2024-08-08T13:04:46,483 [zio-default-async-17] INFO  a.f.a.t.b.SeqModelChecker - Step 2: Transition #0 is disabled
2024-08-08T13:04:46,484 [zio-default-async-17] DEBUG a.f.a.t.b.t.TransitionExecutorImpl - Step #2, transition #1
2024-08-08T13:04:46,484 [zio-default-async-17] DEBUG a.f.a.t.b.t.TransitionExecutorImpl - Translating to SMT
2024-08-08T13:04:46,546 [zio-default-async-17] DEBUG a.f.a.t.b.SeqModelChecker - Step 2: Transition #1. Is it enabled?
2024-08-08T13:04:46,548 [zio-default-async-17] DEBUG a.f.a.t.b.SeqModelChecker - Step 2: Transition #1 is enabled
2024-08-08T13:04:46,549 [zio-default-async-17] INFO  a.f.a.t.b.t.TransitionExecutorImpl - Step 2: picking a transition out of 1 transition(s)
2024-08-08T13:04:46,550 [zio-default-async-17] DEBUG a.f.a.t.b.t.TransitionExecutorImpl - Step #3, transition #0
2024-08-08T13:04:46,550 [zio-default-async-17] DEBUG a.f.a.t.b.t.TransitionExecutorImpl - Translating to SMT
2024-08-08T13:04:46,552 [zio-default-async-17] DEBUG a.f.a.t.b.SeqModelChecker - Step 3: Transition #0. Is it enabled?
2024-08-08T13:04:46,553 [zio-default-async-17] INFO  a.f.a.t.b.SeqModelChecker - Step 3: Transition #0 is disabled
2024-08-08T13:04:46,554 [zio-default-async-17] DEBUG a.f.a.t.b.t.TransitionExecutorImpl - Step #3, transition #1
2024-08-08T13:04:46,554 [zio-default-async-17] DEBUG a.f.a.t.b.t.TransitionExecutorImpl - Translating to SMT
2024-08-08T13:04:46,599 [zio-default-async-17] DEBUG a.f.a.t.b.SeqModelChecker - Step 3: Transition #1. Is it enabled?
2024-08-08T13:04:46,601 [zio-default-async-17] DEBUG a.f.a.t.b.SeqModelChecker - Step 3: Transition #1 is enabled
2024-08-08T13:04:46,602 [zio-default-async-17] INFO  a.f.a.t.b.t.TransitionExecutorImpl - Step 3: picking a transition out of 1 transition(s)
2024-08-08T13:04:46,603 [zio-default-async-17] DEBUG a.f.a.t.b.s.Z3SolverContext - Disposing Z3 solver context 2
2024-08-08T13:04:46,612 [zio-default-async-17] INFO  a.f.a.t.b.p.BoundedCheckerPassImpl - The outcome is: NoError
2024-08-08T13:04:46,612 [zio-default-async-17] DEBUG a.f.a.i.p.PassChainExecutor$ - PASS #13: BoundedChecker [OK]
2024-08-08T13:04:46,919 [zio-default-async-13] DEBUG a.f.a.t.b.SeqModelChecker - Step 1: Transition #0. Is it enabled?
2024-08-08T13:04:46,927 [zio-default-async-13] INFO  a.f.a.t.b.SeqModelChecker - Step 1: Transition #0 is disabled
2024-08-08T13:04:46,929 [zio-default-async-13] DEBUG a.f.a.t.b.t.TransitionExecutorImpl - Step #1, transition #1
2024-08-08T13:04:46,929 [zio-default-async-13] DEBUG a.f.a.t.b.t.TransitionExecutorImpl - Translating to SMT
2024-08-08T13:04:47,218 [zio-default-async-13] DEBUG a.f.a.t.b.SeqModelChecker - Step 1: Transition #1. Is it enabled?
2024-08-08T13:04:47,226 [zio-default-async-13] INFO  a.f.a.t.b.SeqModelChecker - Step 1: Transition #1 is disabled
2024-08-08T13:04:47,228 [zio-default-async-13] DEBUG a.f.a.t.b.t.TransitionExecutorImpl - Step #1, transition #2
2024-08-08T13:04:47,228 [zio-default-async-13] DEBUG a.f.a.t.b.t.TransitionExecutorImpl - Translating to SMT
2024-08-08T13:04:47,298 [zio-default-async-30] INFO  a.f.a.i.p.PassChainExecutor$ - PASS #0: SanyParser
2024-08-08T13:04:47,321 [zio-default-async-30] DEBUG a.f.a.i.p.PassChainExecutor$ - PASS #0: SanyParser [OK]
2024-08-08T13:04:47,321 [zio-default-async-30] INFO  a.f.a.i.p.PassChainExecutor$ - PASS #1: TypeCheckerSnowcat
2024-08-08T13:04:47,321 [zio-default-async-30] INFO  a.f.a.t.p.t.EtcTypeCheckerPassImpl -  > Running Snowcat .::.
2024-08-08T13:04:47,459 [zio-default-async-30] INFO  a.f.a.t.p.t.EtcTypeCheckerPassImpl -  > Your types are purrfect!
2024-08-08T13:04:47,459 [zio-default-async-30] INFO  a.f.a.t.p.t.EtcTypeCheckerPassImpl -  > All expressions are typed
2024-08-08T13:04:47,460 [zio-default-async-30] DEBUG a.f.a.i.p.PassChainExecutor$ - PASS #1: TypeCheckerSnowcat [OK]
2024-08-08T13:04:47,460 [zio-default-async-30] INFO  a.f.a.i.p.PassChainExecutor$ - PASS #2: ConfigurationPass
2024-08-08T13:04:47,460 [zio-default-async-30] INFO  a.f.a.t.p.p.ConfigurationPassImpl -   > Set the initialization predicate to q::init
2024-08-08T13:04:47,460 [zio-default-async-30] INFO  a.f.a.t.p.p.ConfigurationPassImpl -   > Set the transition predicate to q::step
2024-08-08T13:04:47,461 [zio-default-async-30] DEBUG a.f.a.i.p.PassChainExecutor$ - PASS #2: ConfigurationPass [OK]
2024-08-08T13:04:47,461 [zio-default-async-30] INFO  a.f.a.i.p.PassChainExecutor$ - PASS #3: DesugarerPass
2024-08-08T13:04:47,461 [zio-default-async-30] INFO  a.f.a.t.p.p.DesugarerPassImpl -   > Desugaring...
2024-08-08T13:04:47,462 [zio-default-async-30] DEBUG a.f.a.i.p.PassChainExecutor$ - PASS #3: DesugarerPass [OK]
2024-08-08T13:04:47,462 [zio-default-async-30] INFO  a.f.a.i.p.PassChainExecutor$ - PASS #4: InlinePass
2024-08-08T13:04:47,462 [zio-default-async-30] INFO  a.f.a.t.p.p.InlinePassImpl - Leaving only relevant operators: CInitPrimed, q::init, q::initPrimed, q::step
2024-08-08T13:04:47,468 [zio-default-async-30] DEBUG a.f.a.i.p.PassChainExecutor$ - PASS #4: InlinePass [OK]
2024-08-08T13:04:47,468 [zio-default-async-30] INFO  a.f.a.i.p.PassChainExecutor$ - PASS #5: TemporalPass
2024-08-08T13:04:47,468 [zio-default-async-30] INFO  a.f.a.t.p.p.TemporalPassImpl -   > Rewriting temporal operators...
2024-08-08T13:04:47,468 [zio-default-async-30] INFO  a.f.a.t.p.p.TemporalPassImpl -   > No temporal property specified, nothing to encode
2024-08-08T13:04:47,469 [zio-default-async-30] DEBUG a.f.a.i.p.PassChainExecutor$ - PASS #5: TemporalPass [OK]
2024-08-08T13:04:47,469 [zio-default-async-30] INFO  a.f.a.i.p.PassChainExecutor$ - PASS #6: InlinePass
2024-08-08T13:04:47,469 [zio-default-async-30] INFO  a.f.a.t.p.p.InlinePassImpl - Leaving only relevant operators: CInitPrimed, q::init, q::initPrimed, q::step
2024-08-08T13:04:47,472 [zio-default-async-30] DEBUG a.f.a.i.p.PassChainExecutor$ - PASS #6: InlinePass [OK]
2024-08-08T13:04:47,472 [zio-default-async-30] INFO  a.f.a.i.p.PassChainExecutor$ - PASS #7: PrimingPass
2024-08-08T13:04:47,473 [zio-default-async-30] INFO  a.f.a.t.p.a.PrimingPassImpl -   > Introducing q::initPrimed for q::init'
2024-08-08T13:04:47,473 [zio-default-async-30] DEBUG a.f.a.i.p.PassChainExecutor$ - PASS #7: PrimingPass [OK]
2024-08-08T13:04:47,473 [zio-default-async-30] INFO  a.f.a.i.p.PassChainExecutor$ - PASS #8: VCGen
2024-08-08T13:04:47,473 [zio-default-async-30] INFO  a.f.a.t.b.p.VCGenPassImpl -   > No invariant given. Only deadlocks will be checked
2024-08-08T13:04:47,473 [zio-default-async-30] DEBUG a.f.a.i.p.PassChainExecutor$ - PASS #8: VCGen [OK]
2024-08-08T13:04:47,474 [zio-default-async-30] INFO  a.f.a.i.p.PassChainExecutor$ - PASS #9: PreprocessingPass
2024-08-08T13:04:47,474 [zio-default-async-30] INFO  a.f.a.t.p.p.PreproPassImpl -   > Before preprocessing: unique renaming
2024-08-08T13:04:47,474 [zio-default-async-30] INFO  a.f.a.t.p.p.PreproPassImpl -  > Applying standard transformations:
2024-08-08T13:04:47,474 [zio-default-async-30] INFO  a.f.a.t.p.p.PreproPassImpl -   > PrimePropagation
2024-08-08T13:04:47,474 [zio-default-async-30] INFO  a.f.a.t.p.p.PreproPassImpl -   > Desugarer
2024-08-08T13:04:47,475 [zio-default-async-30] INFO  a.f.a.t.p.p.PreproPassImpl -   > UniqueRenamer
2024-08-08T13:04:47,477 [zio-default-async-30] INFO  a.f.a.t.p.p.PreproPassImpl -   > Normalizer
2024-08-08T13:04:47,479 [zio-default-async-30] INFO  a.f.a.t.p.p.PreproPassImpl -   > Keramelizer
2024-08-08T13:04:47,483 [zio-default-async-30] INFO  a.f.a.t.p.p.PreproPassImpl -   > After preprocessing: UniqueRenamer
2024-08-08T13:04:47,486 [zio-default-async-30] DEBUG a.f.a.i.p.PassChainExecutor$ - PASS #9: PreprocessingPass [OK]
2024-08-08T13:04:47,486 [zio-default-async-30] INFO  a.f.a.i.p.PassChainExecutor$ - PASS #10: TransitionFinderPass
2024-08-08T13:04:47,487 [zio-default-async-30] INFO  a.f.a.t.p.a.TransitionPassImpl -   > Found 1 initializing transitions
2024-08-08T13:04:47,489 [zio-default-async-30] INFO  a.f.a.t.p.a.TransitionPassImpl -   > Found 4 transitions
2024-08-08T13:04:47,490 [zio-default-async-30] INFO  a.f.a.t.p.a.TransitionPassImpl -   > No constant initializer
2024-08-08T13:04:47,490 [zio-default-async-30] INFO  a.f.a.t.p.a.TransitionPassImpl -   > Applying unique renaming
2024-08-08T13:04:47,493 [zio-default-async-30] DEBUG a.f.a.i.p.PassChainExecutor$ - PASS #10: TransitionFinderPass [OK]
2024-08-08T13:04:47,493 [zio-default-async-30] INFO  a.f.a.i.p.PassChainExecutor$ - PASS #11: OptimizationPass
2024-08-08T13:04:47,493 [zio-default-async-30] INFO  a.f.a.t.p.p.OptPassImpl -  > Applying optimizations:
2024-08-08T13:04:47,493 [zio-default-async-30] INFO  a.f.a.t.p.p.OptPassImpl -   > ConstSimplifier
2024-08-08T13:04:47,496 [zio-default-async-30] INFO  a.f.a.t.p.p.OptPassImpl -   > ExprOptimizer
2024-08-08T13:04:47,500 [zio-default-async-30] INFO  a.f.a.t.p.p.OptPassImpl -   > SetMembershipSimplifier
2024-08-08T13:04:47,500 [zio-default-async-30] INFO  a.f.a.t.p.p.OptPassImpl -   > ConstSimplifier
2024-08-08T13:04:47,504 [zio-default-async-30] DEBUG a.f.a.i.p.PassChainExecutor$ - PASS #11: OptimizationPass [OK]
2024-08-08T13:04:47,504 [zio-default-async-30] INFO  a.f.a.i.p.PassChainExecutor$ - PASS #12: AnalysisPass
2024-08-08T13:04:47,504 [zio-default-async-30] INFO  a.f.a.t.b.p.AnalysisPassImpl -  > Marking skolemizable existentials and sets to be expanded...
2024-08-08T13:04:47,504 [zio-default-async-30] INFO  a.f.a.t.b.p.AnalysisPassImpl -   > Skolemization
2024-08-08T13:04:47,505 [zio-default-async-30] INFO  a.f.a.t.b.p.AnalysisPassImpl -   > Expansion
2024-08-08T13:04:47,507 [zio-default-async-30] INFO  a.f.a.t.b.p.AnalysisPassImpl -   > Remove unused let-in defs
2024-08-08T13:04:47,508 [zio-default-async-30] INFO  a.f.a.t.b.p.AnalysisPassImpl -  > Running analyzers...
2024-08-08T13:04:47,509 [zio-default-async-30] INFO  a.f.a.t.b.p.AnalysisPassImpl -   > Introduced expression grades
2024-08-08T13:04:47,509 [zio-default-async-30] DEBUG a.f.a.i.p.PassChainExecutor$ - PASS #12: AnalysisPass [OK]
2024-08-08T13:04:47,509 [zio-default-async-30] INFO  a.f.a.i.p.PassChainExecutor$ - PASS #13: BoundedChecker
2024-08-08T13:04:47,509 [zio-default-async-30] DEBUG a.f.a.t.b.s.Z3SolverContext - Creating Z3 solver context 4
2024-08-08T13:04:47,542 [zio-default-async-30] DEBUG a.f.a.t.b.t.TransitionExecutorImpl - Step #0, transition #0
2024-08-08T13:04:47,542 [zio-default-async-30] DEBUG a.f.a.t.b.t.TransitionExecutorImpl - Translating to SMT
2024-08-08T13:04:47,546 [zio-default-async-30] DEBUG a.f.a.t.b.SeqModelChecker - Step 0: Transition #0. Is it enabled?
2024-08-08T13:04:47,547 [zio-default-async-30] DEBUG a.f.a.t.b.SeqModelChecker - Step 0: Transition #0 is enabled
2024-08-08T13:04:47,547 [zio-default-async-30] INFO  a.f.a.t.b.t.TransitionExecutorImpl - Step 0: picking a transition out of 1 transition(s)
2024-08-08T13:04:47,548 [zio-default-async-30] DEBUG a.f.a.t.b.t.TransitionExecutorImpl - Step #1, transition #0
2024-08-08T13:04:47,548 [zio-default-async-30] DEBUG a.f.a.t.b.t.TransitionExecutorImpl - Translating to SMT
2024-08-08T13:04:47,549 [zio-default-async-30] DEBUG a.f.a.t.b.SeqModelChecker - Step 1: Transition #0. Is it enabled?
2024-08-08T13:04:47,549 [zio-default-async-30] INFO  a.f.a.t.b.SeqModelChecker - Step 1: Transition #0 is disabled
2024-08-08T13:04:47,549 [zio-default-async-30] DEBUG a.f.a.t.b.t.TransitionExecutorImpl - Step #1, transition #1
2024-08-08T13:04:47,549 [zio-default-async-30] DEBUG a.f.a.t.b.t.TransitionExecutorImpl - Translating to SMT
2024-08-08T13:04:47,552 [zio-default-async-30] DEBUG a.f.a.t.b.SeqModelChecker - Step 1: Transition #1. Is it enabled?
2024-08-08T13:04:47,552 [zio-default-async-30] INFO  a.f.a.t.b.SeqModelChecker - Step 1: Transition #1 is disabled
2024-08-08T13:04:47,553 [zio-default-async-30] DEBUG a.f.a.t.b.t.TransitionExecutorImpl - Step #1, transition #2
2024-08-08T13:04:47,553 [zio-default-async-30] DEBUG a.f.a.t.b.t.TransitionExecutorImpl - Translating to SMT
2024-08-08T13:04:47,587 [zio-default-async-30] DEBUG a.f.a.t.b.SeqModelChecker - Step 1: Transition #2. Is it enabled?
2024-08-08T13:04:47,590 [zio-default-async-30] DEBUG a.f.a.t.b.SeqModelChecker - Step 1: Transition #2 is enabled
2024-08-08T13:04:47,590 [zio-default-async-30] DEBUG a.f.a.t.b.t.TransitionExecutorImpl - Step #1, transition #3
2024-08-08T13:04:47,590 [zio-default-async-30] DEBUG a.f.a.t.b.t.TransitionExecutorImpl - Translating to SMT
2024-08-08T13:04:47,597 [zio-default-async-30] DEBUG a.f.a.t.b.SeqModelChecker - Step 1: Transition #3. Is it enabled?
2024-08-08T13:04:47,598 [zio-default-async-30] INFO  a.f.a.t.b.SeqModelChecker - Step 1: Transition #3 is disabled
2024-08-08T13:04:47,598 [zio-default-async-30] INFO  a.f.a.t.b.t.TransitionExecutorImpl - Step 1: picking a transition out of 1 transition(s)
2024-08-08T13:04:47,599 [zio-default-async-30] DEBUG a.f.a.t.b.t.TransitionExecutorImpl - Step #2, transition #0
2024-08-08T13:04:47,599 [zio-default-async-30] DEBUG a.f.a.t.b.t.TransitionExecutorImpl - Translating to SMT
2024-08-08T13:04:47,601 [zio-default-async-30] DEBUG a.f.a.t.b.SeqModelChecker - Step 2: Transition #0. Is it enabled?
2024-08-08T13:04:47,602 [zio-default-async-30] DEBUG a.f.a.t.b.SeqModelChecker - Step 2: Transition #0 is enabled
2024-08-08T13:04:47,602 [zio-default-async-30] DEBUG a.f.a.t.b.t.TransitionExecutorImpl - Step #2, transition #1
2024-08-08T13:04:47,602 [zio-default-async-30] DEBUG a.f.a.t.b.t.TransitionExecutorImpl - Translating to SMT
2024-08-08T13:04:47,605 [zio-default-async-30] DEBUG a.f.a.t.b.SeqModelChecker - Step 2: Transition #1. Is it enabled?
2024-08-08T13:04:47,606 [zio-default-async-30] DEBUG a.f.a.t.b.SeqModelChecker - Step 2: Transition #1 is enabled
2024-08-08T13:04:47,607 [zio-default-async-30] DEBUG a.f.a.t.b.t.TransitionExecutorImpl - Step #2, transition #2
2024-08-08T13:04:47,607 [zio-default-async-30] DEBUG a.f.a.t.b.t.TransitionExecutorImpl - Translating to SMT
2024-08-08T13:04:47,614 [zio-default-async-13] DEBUG a.f.a.t.b.SeqModelChecker - Step 1: Transition #2. Is it enabled?
2024-08-08T13:04:47,627 [zio-default-async-13] DEBUG a.f.a.t.b.SeqModelChecker - Step 1: Transition #2 is enabled
2024-08-08T13:04:47,628 [zio-default-async-13] DEBUG a.f.a.t.b.t.TransitionExecutorImpl - Step #1, transition #3
2024-08-08T13:04:47,628 [zio-default-async-13] DEBUG a.f.a.t.b.t.TransitionExecutorImpl - Translating to SMT
2024-08-08T13:04:47,628 [zio-default-async-30] DEBUG a.f.a.t.b.SeqModelChecker - Step 2: Transition #2. Is it enabled?
2024-08-08T13:04:47,630 [zio-default-async-30] INFO  a.f.a.t.b.SeqModelChecker - Step 2: Transition #2 is disabled
2024-08-08T13:04:47,631 [zio-default-async-30] DEBUG a.f.a.t.b.t.TransitionExecutorImpl - Step #2, transition #3
2024-08-08T13:04:47,631 [zio-default-async-30] DEBUG a.f.a.t.b.t.TransitionExecutorImpl - Translating to SMT
2024-08-08T13:04:47,637 [zio-default-async-30] DEBUG a.f.a.t.b.SeqModelChecker - Step 2: Transition #3. Is it enabled?
2024-08-08T13:04:47,637 [zio-default-async-30] INFO  a.f.a.t.b.SeqModelChecker - Step 2: Transition #3 is disabled
2024-08-08T13:04:47,638 [zio-default-async-30] INFO  a.f.a.t.b.t.TransitionExecutorImpl - Step 2: picking a transition out of 2 transition(s)
2024-08-08T13:04:47,644 [zio-default-async-30] DEBUG a.f.a.t.b.t.TransitionExecutorImpl - Step #3, transition #0
2024-08-08T13:04:47,644 [zio-default-async-30] DEBUG a.f.a.t.b.t.TransitionExecutorImpl - Translating to SMT
2024-08-08T13:04:47,646 [zio-default-async-30] DEBUG a.f.a.t.b.SeqModelChecker - Step 3: Transition #0. Is it enabled?
2024-08-08T13:04:47,646 [zio-default-async-30] INFO  a.f.a.t.b.SeqModelChecker - Step 3: Transition #0 is disabled
2024-08-08T13:04:47,647 [zio-default-async-30] DEBUG a.f.a.t.b.t.TransitionExecutorImpl - Step #3, transition #1
2024-08-08T13:04:47,647 [zio-default-async-30] DEBUG a.f.a.t.b.t.TransitionExecutorImpl - Translating to SMT
2024-08-08T13:04:47,648 [zio-default-async-30] DEBUG a.f.a.t.b.SeqModelChecker - Step 3: Transition #1. Is it enabled?
2024-08-08T13:04:47,649 [zio-default-async-30] INFO  a.f.a.t.b.SeqModelChecker - Step 3: Transition #1 is disabled
2024-08-08T13:04:47,649 [zio-default-async-30] DEBUG a.f.a.t.b.t.TransitionExecutorImpl - Step #3, transition #2
2024-08-08T13:04:47,649 [zio-default-async-30] DEBUG a.f.a.t.b.t.TransitionExecutorImpl - Translating to SMT
2024-08-08T13:04:47,672 [zio-default-async-30] DEBUG a.f.a.t.b.SeqModelChecker - Step 3: Transition #2. Is it enabled?
2024-08-08T13:04:47,675 [zio-default-async-30] DEBUG a.f.a.t.b.SeqModelChecker - Step 3: Transition #2 is enabled
2024-08-08T13:04:47,676 [zio-default-async-30] DEBUG a.f.a.t.b.t.TransitionExecutorImpl - Step #3, transition #3
2024-08-08T13:04:47,676 [zio-default-async-30] DEBUG a.f.a.t.b.t.TransitionExecutorImpl - Translating to SMT
2024-08-08T13:04:47,699 [zio-default-async-30] DEBUG a.f.a.t.b.SeqModelChecker - Step 3: Transition #3. Is it enabled?
2024-08-08T13:04:47,701 [zio-default-async-30] DEBUG a.f.a.t.b.SeqModelChecker - Step 3: Transition #3 is enabled
2024-08-08T13:04:47,703 [zio-default-async-30] INFO  a.f.a.t.b.t.TransitionExecutorImpl - Step 3: picking a transition out of 2 transition(s)
2024-08-08T13:04:47,712 [zio-default-async-30] DEBUG a.f.a.t.b.s.Z3SolverContext - Disposing Z3 solver context 4
2024-08-08T13:04:47,719 [zio-default-async-30] INFO  a.f.a.t.b.p.BoundedCheckerPassImpl - The outcome is: NoError
2024-08-08T13:04:47,719 [zio-default-async-30] DEBUG a.f.a.i.p.PassChainExecutor$ - PASS #13: BoundedChecker [OK]
